<?xml version="1.0" encoding="UTF-8"?>
<testsuite xmlns:xsi="http://www.w3.org/2001/XMLSchema-instance" xsi:noNamespaceSchemaLocation="https://maven.apache.org/surefire/maven-surefire-plugin/xsd/surefire-test-report-3.0.xsd" version="3.0" name="TestSuite" time="10.878" tests="2" errors="0" skipped="0" failures="0">
  <properties>
    <property name="java.specification.version" value="22"/>
    <property name="webdriver.chrome.driver" value="C:\Users\Dell\.cache\selenium\chromedriver\win64\133.0.6943.141\chromedriver.exe"/>
    <property name="sun.cpu.isalist" value="amd64"/>
    <property name="sun.jnu.encoding" value="Cp1252"/>
    <property name="java.class.path" value="D:\Fraud detection website\tomcat\apache-tomcat-10.1.24\webapps\FraudDetectionSystem\target\test-classes;D:\Fraud detection website\tomcat\apache-tomcat-10.1.24\webapps\FraudDetectionSystem\target\classes;C:\Users\Dell\.m2\repository\org\eclipse\angus\angus-mail\2.0.1\angus-mail-2.0.1.jar;C:\Users\Dell\.m2\repository\jakarta\activation\jakarta.activation-api\2.1.1\jakarta.activation-api-2.1.1.jar;C:\Users\Dell\.m2\repository\jakarta\mail\jakarta.mail-api\2.1.1\jakarta.mail-api-2.1.1.jar;C:\Users\Dell\.m2\repository\org\eclipse\angus\angus-activation\2.0.1\angus-activation-2.0.1.jar;C:\Users\Dell\.m2\repository\jakarta\servlet\jakarta.servlet-api\5.0.0\jakarta.servlet-api-5.0.0.jar;C:\Users\Dell\.m2\repository\org\mindrot\jbcrypt\0.4\jbcrypt-0.4.jar;C:\Users\Dell\.m2\repository\com\mysql\mysql-connector-j\9.1.0\mysql-connector-j-9.1.0.jar;C:\Users\Dell\.m2\repository\com\google\code\gson\gson\2.8.9\gson-2.8.9.jar;C:\Users\Dell\.m2\repository\org\jfree\jfreechart\1.5.3\jfreechart-1.5.3.jar;C:\Users\Dell\.m2\repository\com\itextpdf\kernel\7.2.5\kernel-7.2.5.jar;C:\Users\Dell\.m2\repository\com\itextpdf\io\7.2.5\io-7.2.5.jar;C:\Users\Dell\.m2\repository\com\itextpdf\commons\7.2.5\commons-7.2.5.jar;C:\Users\Dell\.m2\repository\org\bouncycastle\bcpkix-jdk15on\1.70\bcpkix-jdk15on-1.70.jar;C:\Users\Dell\.m2\repository\org\bouncycastle\bcutil-jdk15on\1.70\bcutil-jdk15on-1.70.jar;C:\Users\Dell\.m2\repository\org\bouncycastle\bcprov-jdk15on\1.70\bcprov-jdk15on-1.70.jar;C:\Users\Dell\.m2\repository\com\itextpdf\itextpdf\5.5.13.2\itextpdf-5.5.13.2.jar;C:\Users\Dell\.m2\repository\org\json\json\20210307\json-20210307.jar;C:\Users\Dell\.m2\repository\com\google\cloud\google-cloud-speech\4.36.0\google-cloud-speech-4.36.0.jar;C:\Users\Dell\.m2\repository\com\google\api\grpc\proto-google-cloud-speech-v1p1beta1\2.36.0\proto-google-cloud-speech-v1p1beta1-2.36.0.jar;C:\Users\Dell\.m2\repository\com\google\api\grpc\proto-google-cloud-speech-v2\4.36.0\proto-google-cloud-speech-v2-4.36.0.jar;C:\Users\Dell\.m2\repository\com\google\api\grpc\proto-google-iam-v1\1.32.1\proto-google-iam-v1-1.32.1.jar;C:\Users\Dell\.m2\repository\com\google\api\grpc\proto-google-cloud-speech-v1beta1\2.36.0\proto-google-cloud-speech-v1beta1-2.36.0.jar;C:\Users\Dell\.m2\repository\com\google\api\grpc\proto-google-cloud-speech-v1\4.36.0\proto-google-cloud-speech-v1-4.36.0.jar;C:\Users\Dell\.m2\repository\com\google\api\api-common\2.29.1\api-common-2.29.1.jar;C:\Users\Dell\.m2\repository\com\google\auto\value\auto-value-annotations\1.10.4\auto-value-annotations-1.10.4.jar;C:\Users\Dell\.m2\repository\com\google\code\findbugs\jsr305\3.0.2\jsr305-3.0.2.jar;C:\Users\Dell\.m2\repository\javax\annotation\javax.annotation-api\1.3.2\javax.annotation-api-1.3.2.jar;C:\Users\Dell\.m2\repository\com\google\errorprone\error_prone_annotations\2.26.1\error_prone_annotations-2.26.1.jar;C:\Users\Dell\.m2\repository\com\google\j2objc\j2objc-annotations\3.0.0\j2objc-annotations-3.0.0.jar;C:\Users\Dell\.m2\repository\com\google\guava\guava\33.1.0-jre\guava-33.1.0-jre.jar;C:\Users\Dell\.m2\repository\com\google\guava\failureaccess\1.0.2\failureaccess-1.0.2.jar;C:\Users\Dell\.m2\repository\com\google\guava\listenablefuture\9999.0-empty-to-avoid-conflict-with-guava\listenablefuture-9999.0-empty-to-avoid-conflict-with-guava.jar;C:\Users\Dell\.m2\repository\org\checkerframework\checker-qual\3.42.0\checker-qual-3.42.0.jar;C:\Users\Dell\.m2\repository\io\grpc\grpc-api\1.62.2\grpc-api-1.62.2.jar;C:\Users\Dell\.m2\repository\io\grpc\grpc-stub\1.62.2\grpc-stub-1.62.2.jar;C:\Users\Dell\.m2\repository\io\grpc\grpc-protobuf\1.62.2\grpc-protobuf-1.62.2.jar;C:\Users\Dell\.m2\repository\io\grpc\grpc-protobuf-lite\1.62.2\grpc-protobuf-lite-1.62.2.jar;C:\Users\Dell\.m2\repository\com\google\api\grpc\proto-google-common-protos\2.37.1\proto-google-common-protos-2.37.1.jar;C:\Users\Dell\.m2\repository\com\google\api\gax\2.46.1\gax-2.46.1.jar;C:\Users\Dell\.m2\repository\com\google\auth\google-auth-library-credentials\1.23.0\google-auth-library-credentials-1.23.0.jar;C:\Users\Dell\.m2\repository\io\opencensus\opencensus-api\0.31.1\opencensus-api-0.31.1.jar;C:\Users\Dell\.m2\repository\io\grpc\grpc-context\1.62.2\grpc-context-1.62.2.jar;C:\Users\Dell\.m2\repository\com\google\auth\google-auth-library-oauth2-http\1.23.0\google-auth-library-oauth2-http-1.23.0.jar;C:\Users\Dell\.m2\repository\io\opentelemetry\opentelemetry-api\1.36.0\opentelemetry-api-1.36.0.jar;C:\Users\Dell\.m2\repository\io\opentelemetry\opentelemetry-context\1.36.0\opentelemetry-context-1.36.0.jar;C:\Users\Dell\.m2\repository\com\google\api\gax-grpc\2.46.1\gax-grpc-2.46.1.jar;C:\Users\Dell\.m2\repository\io\grpc\grpc-inprocess\1.62.2\grpc-inprocess-1.62.2.jar;C:\Users\Dell\.m2\repository\io\grpc\grpc-core\1.62.2\grpc-core-1.62.2.jar;C:\Users\Dell\.m2\repository\com\google\android\annotations\4.1.1.4\annotations-4.1.1.4.jar;C:\Users\Dell\.m2\repository\org\codehaus\mojo\animal-sniffer-annotations\1.23\animal-sniffer-annotations-1.23.jar;C:\Users\Dell\.m2\repository\io\grpc\grpc-alts\1.62.2\grpc-alts-1.62.2.jar;C:\Users\Dell\.m2\repository\io\grpc\grpc-grpclb\1.62.2\grpc-grpclb-1.62.2.jar;C:\Users\Dell\.m2\repository\org\conscrypt\conscrypt-openjdk-uber\2.5.2\conscrypt-openjdk-uber-2.5.2.jar;C:\Users\Dell\.m2\repository\io\grpc\grpc-auth\1.62.2\grpc-auth-1.62.2.jar;C:\Users\Dell\.m2\repository\io\grpc\grpc-netty-shaded\1.62.2\grpc-netty-shaded-1.62.2.jar;C:\Users\Dell\.m2\repository\io\grpc\grpc-util\1.62.2\grpc-util-1.62.2.jar;C:\Users\Dell\.m2\repository\io\perfmark\perfmark-api\0.27.0\perfmark-api-0.27.0.jar;C:\Users\Dell\.m2\repository\io\grpc\grpc-googleapis\1.62.2\grpc-googleapis-1.62.2.jar;C:\Users\Dell\.m2\repository\io\grpc\grpc-xds\1.62.2\grpc-xds-1.62.2.jar;C:\Users\Dell\.m2\repository\io\opencensus\opencensus-proto\0.2.0\opencensus-proto-0.2.0.jar;C:\Users\Dell\.m2\repository\io\grpc\grpc-services\1.62.2\grpc-services-1.62.2.jar;C:\Users\Dell\.m2\repository\com\google\re2j\re2j\1.7\re2j-1.7.jar;C:\Users\Dell\.m2\repository\com\google\api\gax-httpjson\2.46.1\gax-httpjson-2.46.1.jar;C:\Users\Dell\.m2\repository\com\google\http-client\google-http-client\1.44.1\google-http-client-1.44.1.jar;C:\Users\Dell\.m2\repository\org\apache\httpcomponents\httpclient\4.5.14\httpclient-4.5.14.jar;C:\Users\Dell\.m2\repository\commons-codec\commons-codec\1.16.1\commons-codec-1.16.1.jar;C:\Users\Dell\.m2\repository\org\apache\httpcomponents\httpcore\4.4.16\httpcore-4.4.16.jar;C:\Users\Dell\.m2\repository\io\opencensus\opencensus-contrib-http-util\0.31.1\opencensus-contrib-http-util-0.31.1.jar;C:\Users\Dell\.m2\repository\com\google\http-client\google-http-client-gson\1.44.1\google-http-client-gson-1.44.1.jar;C:\Users\Dell\.m2\repository\com\google\protobuf\protobuf-java-util\3.25.2\protobuf-java-util-3.25.2.jar;C:\Users\Dell\.m2\repository\org\threeten\threetenbp\1.6.8\threetenbp-1.6.8.jar;C:\Users\Dell\.m2\repository\com\google\protobuf\protobuf-java\3.25.1\protobuf-java-3.25.1.jar;C:\Users\Dell\.m2\repository\ch\qos\logback\logback-classic\1.4.14\logback-classic-1.4.14.jar;C:\Users\Dell\.m2\repository\ch\qos\logback\logback-core\1.4.14\logback-core-1.4.14.jar;C:\Users\Dell\.m2\repository\org\slf4j\slf4j-api\2.0.9\slf4j-api-2.0.9.jar;C:\Users\Dell\.m2\repository\org\seleniumhq\selenium\selenium-java\4.14.1\selenium-java-4.14.1.jar;C:\Users\Dell\.m2\repository\org\seleniumhq\selenium\selenium-api\4.14.1\selenium-api-4.14.1.jar;C:\Users\Dell\.m2\repository\org\seleniumhq\selenium\selenium-chrome-driver\4.14.1\selenium-chrome-driver-4.14.1.jar;C:\Users\Dell\.m2\repository\com\google\auto\service\auto-service-annotations\1.1.1\auto-service-annotations-1.1.1.jar;C:\Users\Dell\.m2\repository\org\seleniumhq\selenium\selenium-chromium-driver\4.14.1\selenium-chromium-driver-4.14.1.jar;C:\Users\Dell\.m2\repository\org\seleniumhq\selenium\selenium-json\4.14.1\selenium-json-4.14.1.jar;C:\Users\Dell\.m2\repository\org\seleniumhq\selenium\selenium-manager\4.14.1\selenium-manager-4.14.1.jar;C:\Users\Dell\.m2\repository\org\seleniumhq\selenium\selenium-devtools-v116\4.14.1\selenium-devtools-v116-4.14.1.jar;C:\Users\Dell\.m2\repository\org\seleniumhq\selenium\selenium-devtools-v117\4.14.1\selenium-devtools-v117-4.14.1.jar;C:\Users\Dell\.m2\repository\org\seleniumhq\selenium\selenium-devtools-v118\4.14.1\selenium-devtools-v118-4.14.1.jar;C:\Users\Dell\.m2\repository\org\seleniumhq\selenium\selenium-devtools-v85\4.14.1\selenium-devtools-v85-4.14.1.jar;C:\Users\Dell\.m2\repository\org\seleniumhq\selenium\selenium-edge-driver\4.14.1\selenium-edge-driver-4.14.1.jar;C:\Users\Dell\.m2\repository\org\seleniumhq\selenium\selenium-firefox-driver\4.14.1\selenium-firefox-driver-4.14.1.jar;C:\Users\Dell\.m2\repository\org\seleniumhq\selenium\selenium-http\4.14.1\selenium-http-4.14.1.jar;C:\Users\Dell\.m2\repository\dev\failsafe\failsafe\3.3.2\failsafe-3.3.2.jar;C:\Users\Dell\.m2\repository\org\seleniumhq\selenium\selenium-ie-driver\4.14.1\selenium-ie-driver-4.14.1.jar;C:\Users\Dell\.m2\repository\org\seleniumhq\selenium\selenium-remote-driver\4.14.1\selenium-remote-driver-4.14.1.jar;C:\Users\Dell\.m2\repository\io\opentelemetry\opentelemetry-exporter-logging\1.28.0\opentelemetry-exporter-logging-1.28.0.jar;C:\Users\Dell\.m2\repository\io\opentelemetry\opentelemetry-sdk-metrics\1.28.0\opentelemetry-sdk-metrics-1.28.0.jar;C:\Users\Dell\.m2\repository\io\opentelemetry\opentelemetry-extension-incubator\1.28.0-alpha\opentelemetry-extension-incubator-1.28.0-alpha.jar;C:\Users\Dell\.m2\repository\io\opentelemetry\opentelemetry-sdk-logs\1.28.0\opentelemetry-sdk-logs-1.28.0.jar;C:\Users\Dell\.m2\repository\io\opentelemetry\opentelemetry-sdk-common\1.28.0\opentelemetry-sdk-common-1.28.0.jar;C:\Users\Dell\.m2\repository\io\opentelemetry\opentelemetry-sdk-extension-autoconfigure-spi\1.28.0\opentelemetry-sdk-extension-autoconfigure-spi-1.28.0.jar;C:\Users\Dell\.m2\repository\io\opentelemetry\opentelemetry-sdk-extension-autoconfigure\1.28.0\opentelemetry-sdk-extension-autoconfigure-1.28.0.jar;C:\Users\Dell\.m2\repository\io\opentelemetry\opentelemetry-api-events\1.28.0-alpha\opentelemetry-api-events-1.28.0-alpha.jar;C:\Users\Dell\.m2\repository\io\opentelemetry\opentelemetry-sdk-trace\1.28.0\opentelemetry-sdk-trace-1.28.0.jar;C:\Users\Dell\.m2\repository\io\opentelemetry\opentelemetry-sdk\1.28.0\opentelemetry-sdk-1.28.0.jar;C:\Users\Dell\.m2\repository\io\opentelemetry\opentelemetry-semconv\1.28.0-alpha\opentelemetry-semconv-1.28.0-alpha.jar;C:\Users\Dell\.m2\repository\net\bytebuddy\byte-buddy\1.14.5\byte-buddy-1.14.5.jar;C:\Users\Dell\.m2\repository\org\seleniumhq\selenium\selenium-os\4.14.1\selenium-os-4.14.1.jar;C:\Users\Dell\.m2\repository\org\apache\commons\commons-exec\1.3\commons-exec-1.3.jar;C:\Users\Dell\.m2\repository\org\seleniumhq\selenium\selenium-safari-driver\4.14.1\selenium-safari-driver-4.14.1.jar;C:\Users\Dell\.m2\repository\org\seleniumhq\selenium\selenium-support\4.14.1\selenium-support-4.14.1.jar;C:\Users\Dell\.m2\repository\org\testng\testng\7.7.1\testng-7.7.1.jar;C:\Users\Dell\.m2\repository\com\beust\jcommander\1.82\jcommander-1.82.jar;C:\Users\Dell\.m2\repository\org\webjars\jquery\3.6.1\jquery-3.6.1.jar;C:\Users\Dell\.m2\repository\junit\junit\4.13.2\junit-4.13.2.jar;C:\Users\Dell\.m2\repository\org\hamcrest\hamcrest-core\1.3\hamcrest-core-1.3.jar;C:\Users\Dell\.m2\repository\io\github\bonigarcia\webdrivermanager\5.8.0\webdrivermanager-5.8.0.jar;C:\Users\Dell\.m2\repository\com\github\docker-java\docker-java\3.3.6\docker-java-3.3.6.jar;C:\Users\Dell\.m2\repository\com\github\docker-java\docker-java-core\3.3.6\docker-java-core-3.3.6.jar;C:\Users\Dell\.m2\repository\com\github\docker-java\docker-java-api\3.3.6\docker-java-api-3.3.6.jar;C:\Users\Dell\.m2\repository\com\fasterxml\jackson\core\jackson-annotations\2.10.3\jackson-annotations-2.10.3.jar;C:\Users\Dell\.m2\repository\com\fasterxml\jackson\core\jackson-databind\2.10.3\jackson-databind-2.10.3.jar;C:\Users\Dell\.m2\repository\com\fasterxml\jackson\core\jackson-core\2.10.3\jackson-core-2.10.3.jar;C:\Users\Dell\.m2\repository\org\bouncycastle\bcpkix-jdk18on\1.76\bcpkix-jdk18on-1.76.jar;C:\Users\Dell\.m2\repository\org\bouncycastle\bcprov-jdk18on\1.76\bcprov-jdk18on-1.76.jar;C:\Users\Dell\.m2\repository\org\bouncycastle\bcutil-jdk18on\1.76\bcutil-jdk18on-1.76.jar;C:\Users\Dell\.m2\repository\org\slf4j\jcl-over-slf4j\1.7.30\jcl-over-slf4j-1.7.30.jar;C:\Users\Dell\.m2\repository\com\github\docker-java\docker-java-transport-httpclient5\3.3.6\docker-java-transport-httpclient5-3.3.6.jar;C:\Users\Dell\.m2\repository\com\github\docker-java\docker-java-transport\3.3.6\docker-java-transport-3.3.6.jar;C:\Users\Dell\.m2\repository\net\java\dev\jna\jna\5.13.0\jna-5.13.0.jar;C:\Users\Dell\.m2\repository\org\brotli\dec\0.1.2\dec-0.1.2.jar;C:\Users\Dell\.m2\repository\org\apache\commons\commons-lang3\3.14.0\commons-lang3-3.14.0.jar;C:\Users\Dell\.m2\repository\org\apache\commons\commons-compress\1.26.1\commons-compress-1.26.1.jar;C:\Users\Dell\.m2\repository\commons-io\commons-io\2.15.1\commons-io-2.15.1.jar;C:\Users\Dell\.m2\repository\org\apache\httpcomponents\client5\httpclient5\5.2.1\httpclient5-5.2.1.jar;C:\Users\Dell\.m2\repository\org\apache\httpcomponents\core5\httpcore5\5.2\httpcore5-5.2.jar;C:\Users\Dell\.m2\repository\org\apache\httpcomponents\core5\httpcore5-h2\5.2\httpcore5-h2-5.2.jar;"/>
    <property name="java.vm.vendor" value="Oracle Corporation"/>
    <property name="sun.arch.data.model" value="64"/>
    <property name="user.variant" value=""/>
    <property name="java.vendor.url" value="https://java.oracle.com/"/>
    <property name="user.timezone" value="Asia/Calcutta"/>
    <property name="os.name" value="Windows 11"/>
    <property name="java.vm.specification.version" value="22"/>
    <property name="sun.java.launcher" value="SUN_STANDARD"/>
    <property name="user.country" value="US"/>
    <property name="sun.boot.library.path" value="C:\Program Files\Java\jdk-22\bin"/>
    <property name="sun.java.command" value="C:\Users\Dell\AppData\Local\Temp\surefire4764823376148808725\surefirebooter-20250305015121952_3.jar C:\Users\Dell\AppData\Local\Temp\surefire4764823376148808725 2025-03-05T01-51-21_692-jvmRun1 surefire-20250305015121952_1tmp surefire_0-20250305015121952_2tmp"/>
    <property name="jdk.debug" value="release"/>
    <property name="surefire.test.class.path" value="D:\Fraud detection website\tomcat\apache-tomcat-10.1.24\webapps\FraudDetectionSystem\target\test-classes;D:\Fraud detection website\tomcat\apache-tomcat-10.1.24\webapps\FraudDetectionSystem\target\classes;C:\Users\Dell\.m2\repository\org\eclipse\angus\angus-mail\2.0.1\angus-mail-2.0.1.jar;C:\Users\Dell\.m2\repository\jakarta\activation\jakarta.activation-api\2.1.1\jakarta.activation-api-2.1.1.jar;C:\Users\Dell\.m2\repository\jakarta\mail\jakarta.mail-api\2.1.1\jakarta.mail-api-2.1.1.jar;C:\Users\Dell\.m2\repository\org\eclipse\angus\angus-activation\2.0.1\angus-activation-2.0.1.jar;C:\Users\Dell\.m2\repository\jakarta\servlet\jakarta.servlet-api\5.0.0\jakarta.servlet-api-5.0.0.jar;C:\Users\Dell\.m2\repository\org\mindrot\jbcrypt\0.4\jbcrypt-0.4.jar;C:\Users\Dell\.m2\repository\com\mysql\mysql-connector-j\9.1.0\mysql-connector-j-9.1.0.jar;C:\Users\Dell\.m2\repository\com\google\code\gson\gson\2.8.9\gson-2.8.9.jar;C:\Users\Dell\.m2\repository\org\jfree\jfreechart\1.5.3\jfreechart-1.5.3.jar;C:\Users\Dell\.m2\repository\com\itextpdf\kernel\7.2.5\kernel-7.2.5.jar;C:\Users\Dell\.m2\repository\com\itextpdf\io\7.2.5\io-7.2.5.jar;C:\Users\Dell\.m2\repository\com\itextpdf\commons\7.2.5\commons-7.2.5.jar;C:\Users\Dell\.m2\repository\org\bouncycastle\bcpkix-jdk15on\1.70\bcpkix-jdk15on-1.70.jar;C:\Users\Dell\.m2\repository\org\bouncycastle\bcutil-jdk15on\1.70\bcutil-jdk15on-1.70.jar;C:\Users\Dell\.m2\repository\org\bouncycastle\bcprov-jdk15on\1.70\bcprov-jdk15on-1.70.jar;C:\Users\Dell\.m2\repository\com\itextpdf\itextpdf\5.5.13.2\itextpdf-5.5.13.2.jar;C:\Users\Dell\.m2\repository\org\json\json\20210307\json-20210307.jar;C:\Users\Dell\.m2\repository\com\google\cloud\google-cloud-speech\4.36.0\google-cloud-speech-4.36.0.jar;C:\Users\Dell\.m2\repository\com\google\api\grpc\proto-google-cloud-speech-v1p1beta1\2.36.0\proto-google-cloud-speech-v1p1beta1-2.36.0.jar;C:\Users\Dell\.m2\repository\com\google\api\grpc\proto-google-cloud-speech-v2\4.36.0\proto-google-cloud-speech-v2-4.36.0.jar;C:\Users\Dell\.m2\repository\com\google\api\grpc\proto-google-iam-v1\1.32.1\proto-google-iam-v1-1.32.1.jar;C:\Users\Dell\.m2\repository\com\google\api\grpc\proto-google-cloud-speech-v1beta1\2.36.0\proto-google-cloud-speech-v1beta1-2.36.0.jar;C:\Users\Dell\.m2\repository\com\google\api\grpc\proto-google-cloud-speech-v1\4.36.0\proto-google-cloud-speech-v1-4.36.0.jar;C:\Users\Dell\.m2\repository\com\google\api\api-common\2.29.1\api-common-2.29.1.jar;C:\Users\Dell\.m2\repository\com\google\auto\value\auto-value-annotations\1.10.4\auto-value-annotations-1.10.4.jar;C:\Users\Dell\.m2\repository\com\google\code\findbugs\jsr305\3.0.2\jsr305-3.0.2.jar;C:\Users\Dell\.m2\repository\javax\annotation\javax.annotation-api\1.3.2\javax.annotation-api-1.3.2.jar;C:\Users\Dell\.m2\repository\com\google\errorprone\error_prone_annotations\2.26.1\error_prone_annotations-2.26.1.jar;C:\Users\Dell\.m2\repository\com\google\j2objc\j2objc-annotations\3.0.0\j2objc-annotations-3.0.0.jar;C:\Users\Dell\.m2\repository\com\google\guava\guava\33.1.0-jre\guava-33.1.0-jre.jar;C:\Users\Dell\.m2\repository\com\google\guava\failureaccess\1.0.2\failureaccess-1.0.2.jar;C:\Users\Dell\.m2\repository\com\google\guava\listenablefuture\9999.0-empty-to-avoid-conflict-with-guava\listenablefuture-9999.0-empty-to-avoid-conflict-with-guava.jar;C:\Users\Dell\.m2\repository\org\checkerframework\checker-qual\3.42.0\checker-qual-3.42.0.jar;C:\Users\Dell\.m2\repository\io\grpc\grpc-api\1.62.2\grpc-api-1.62.2.jar;C:\Users\Dell\.m2\repository\io\grpc\grpc-stub\1.62.2\grpc-stub-1.62.2.jar;C:\Users\Dell\.m2\repository\io\grpc\grpc-protobuf\1.62.2\grpc-protobuf-1.62.2.jar;C:\Users\Dell\.m2\repository\io\grpc\grpc-protobuf-lite\1.62.2\grpc-protobuf-lite-1.62.2.jar;C:\Users\Dell\.m2\repository\com\google\api\grpc\proto-google-common-protos\2.37.1\proto-google-common-protos-2.37.1.jar;C:\Users\Dell\.m2\repository\com\google\api\gax\2.46.1\gax-2.46.1.jar;C:\Users\Dell\.m2\repository\com\google\auth\google-auth-library-credentials\1.23.0\google-auth-library-credentials-1.23.0.jar;C:\Users\Dell\.m2\repository\io\opencensus\opencensus-api\0.31.1\opencensus-api-0.31.1.jar;C:\Users\Dell\.m2\repository\io\grpc\grpc-context\1.62.2\grpc-context-1.62.2.jar;C:\Users\Dell\.m2\repository\com\google\auth\google-auth-library-oauth2-http\1.23.0\google-auth-library-oauth2-http-1.23.0.jar;C:\Users\Dell\.m2\repository\io\opentelemetry\opentelemetry-api\1.36.0\opentelemetry-api-1.36.0.jar;C:\Users\Dell\.m2\repository\io\opentelemetry\opentelemetry-context\1.36.0\opentelemetry-context-1.36.0.jar;C:\Users\Dell\.m2\repository\com\google\api\gax-grpc\2.46.1\gax-grpc-2.46.1.jar;C:\Users\Dell\.m2\repository\io\grpc\grpc-inprocess\1.62.2\grpc-inprocess-1.62.2.jar;C:\Users\Dell\.m2\repository\io\grpc\grpc-core\1.62.2\grpc-core-1.62.2.jar;C:\Users\Dell\.m2\repository\com\google\android\annotations\4.1.1.4\annotations-4.1.1.4.jar;C:\Users\Dell\.m2\repository\org\codehaus\mojo\animal-sniffer-annotations\1.23\animal-sniffer-annotations-1.23.jar;C:\Users\Dell\.m2\repository\io\grpc\grpc-alts\1.62.2\grpc-alts-1.62.2.jar;C:\Users\Dell\.m2\repository\io\grpc\grpc-grpclb\1.62.2\grpc-grpclb-1.62.2.jar;C:\Users\Dell\.m2\repository\org\conscrypt\conscrypt-openjdk-uber\2.5.2\conscrypt-openjdk-uber-2.5.2.jar;C:\Users\Dell\.m2\repository\io\grpc\grpc-auth\1.62.2\grpc-auth-1.62.2.jar;C:\Users\Dell\.m2\repository\io\grpc\grpc-netty-shaded\1.62.2\grpc-netty-shaded-1.62.2.jar;C:\Users\Dell\.m2\repository\io\grpc\grpc-util\1.62.2\grpc-util-1.62.2.jar;C:\Users\Dell\.m2\repository\io\perfmark\perfmark-api\0.27.0\perfmark-api-0.27.0.jar;C:\Users\Dell\.m2\repository\io\grpc\grpc-googleapis\1.62.2\grpc-googleapis-1.62.2.jar;C:\Users\Dell\.m2\repository\io\grpc\grpc-xds\1.62.2\grpc-xds-1.62.2.jar;C:\Users\Dell\.m2\repository\io\opencensus\opencensus-proto\0.2.0\opencensus-proto-0.2.0.jar;C:\Users\Dell\.m2\repository\io\grpc\grpc-services\1.62.2\grpc-services-1.62.2.jar;C:\Users\Dell\.m2\repository\com\google\re2j\re2j\1.7\re2j-1.7.jar;C:\Users\Dell\.m2\repository\com\google\api\gax-httpjson\2.46.1\gax-httpjson-2.46.1.jar;C:\Users\Dell\.m2\repository\com\google\http-client\google-http-client\1.44.1\google-http-client-1.44.1.jar;C:\Users\Dell\.m2\repository\org\apache\httpcomponents\httpclient\4.5.14\httpclient-4.5.14.jar;C:\Users\Dell\.m2\repository\commons-codec\commons-codec\1.16.1\commons-codec-1.16.1.jar;C:\Users\Dell\.m2\repository\org\apache\httpcomponents\httpcore\4.4.16\httpcore-4.4.16.jar;C:\Users\Dell\.m2\repository\io\opencensus\opencensus-contrib-http-util\0.31.1\opencensus-contrib-http-util-0.31.1.jar;C:\Users\Dell\.m2\repository\com\google\http-client\google-http-client-gson\1.44.1\google-http-client-gson-1.44.1.jar;C:\Users\Dell\.m2\repository\com\google\protobuf\protobuf-java-util\3.25.2\protobuf-java-util-3.25.2.jar;C:\Users\Dell\.m2\repository\org\threeten\threetenbp\1.6.8\threetenbp-1.6.8.jar;C:\Users\Dell\.m2\repository\com\google\protobuf\protobuf-java\3.25.1\protobuf-java-3.25.1.jar;C:\Users\Dell\.m2\repository\ch\qos\logback\logback-classic\1.4.14\logback-classic-1.4.14.jar;C:\Users\Dell\.m2\repository\ch\qos\logback\logback-core\1.4.14\logback-core-1.4.14.jar;C:\Users\Dell\.m2\repository\org\slf4j\slf4j-api\2.0.9\slf4j-api-2.0.9.jar;C:\Users\Dell\.m2\repository\org\seleniumhq\selenium\selenium-java\4.14.1\selenium-java-4.14.1.jar;C:\Users\Dell\.m2\repository\org\seleniumhq\selenium\selenium-api\4.14.1\selenium-api-4.14.1.jar;C:\Users\Dell\.m2\repository\org\seleniumhq\selenium\selenium-chrome-driver\4.14.1\selenium-chrome-driver-4.14.1.jar;C:\Users\Dell\.m2\repository\com\google\auto\service\auto-service-annotations\1.1.1\auto-service-annotations-1.1.1.jar;C:\Users\Dell\.m2\repository\org\seleniumhq\selenium\selenium-chromium-driver\4.14.1\selenium-chromium-driver-4.14.1.jar;C:\Users\Dell\.m2\repository\org\seleniumhq\selenium\selenium-json\4.14.1\selenium-json-4.14.1.jar;C:\Users\Dell\.m2\repository\org\seleniumhq\selenium\selenium-manager\4.14.1\selenium-manager-4.14.1.jar;C:\Users\Dell\.m2\repository\org\seleniumhq\selenium\selenium-devtools-v116\4.14.1\selenium-devtools-v116-4.14.1.jar;C:\Users\Dell\.m2\repository\org\seleniumhq\selenium\selenium-devtools-v117\4.14.1\selenium-devtools-v117-4.14.1.jar;C:\Users\Dell\.m2\repository\org\seleniumhq\selenium\selenium-devtools-v118\4.14.1\selenium-devtools-v118-4.14.1.jar;C:\Users\Dell\.m2\repository\org\seleniumhq\selenium\selenium-devtools-v85\4.14.1\selenium-devtools-v85-4.14.1.jar;C:\Users\Dell\.m2\repository\org\seleniumhq\selenium\selenium-edge-driver\4.14.1\selenium-edge-driver-4.14.1.jar;C:\Users\Dell\.m2\repository\org\seleniumhq\selenium\selenium-firefox-driver\4.14.1\selenium-firefox-driver-4.14.1.jar;C:\Users\Dell\.m2\repository\org\seleniumhq\selenium\selenium-http\4.14.1\selenium-http-4.14.1.jar;C:\Users\Dell\.m2\repository\dev\failsafe\failsafe\3.3.2\failsafe-3.3.2.jar;C:\Users\Dell\.m2\repository\org\seleniumhq\selenium\selenium-ie-driver\4.14.1\selenium-ie-driver-4.14.1.jar;C:\Users\Dell\.m2\repository\org\seleniumhq\selenium\selenium-remote-driver\4.14.1\selenium-remote-driver-4.14.1.jar;C:\Users\Dell\.m2\repository\io\opentelemetry\opentelemetry-exporter-logging\1.28.0\opentelemetry-exporter-logging-1.28.0.jar;C:\Users\Dell\.m2\repository\io\opentelemetry\opentelemetry-sdk-metrics\1.28.0\opentelemetry-sdk-metrics-1.28.0.jar;C:\Users\Dell\.m2\repository\io\opentelemetry\opentelemetry-extension-incubator\1.28.0-alpha\opentelemetry-extension-incubator-1.28.0-alpha.jar;C:\Users\Dell\.m2\repository\io\opentelemetry\opentelemetry-sdk-logs\1.28.0\opentelemetry-sdk-logs-1.28.0.jar;C:\Users\Dell\.m2\repository\io\opentelemetry\opentelemetry-sdk-common\1.28.0\opentelemetry-sdk-common-1.28.0.jar;C:\Users\Dell\.m2\repository\io\opentelemetry\opentelemetry-sdk-extension-autoconfigure-spi\1.28.0\opentelemetry-sdk-extension-autoconfigure-spi-1.28.0.jar;C:\Users\Dell\.m2\repository\io\opentelemetry\opentelemetry-sdk-extension-autoconfigure\1.28.0\opentelemetry-sdk-extension-autoconfigure-1.28.0.jar;C:\Users\Dell\.m2\repository\io\opentelemetry\opentelemetry-api-events\1.28.0-alpha\opentelemetry-api-events-1.28.0-alpha.jar;C:\Users\Dell\.m2\repository\io\opentelemetry\opentelemetry-sdk-trace\1.28.0\opentelemetry-sdk-trace-1.28.0.jar;C:\Users\Dell\.m2\repository\io\opentelemetry\opentelemetry-sdk\1.28.0\opentelemetry-sdk-1.28.0.jar;C:\Users\Dell\.m2\repository\io\opentelemetry\opentelemetry-semconv\1.28.0-alpha\opentelemetry-semconv-1.28.0-alpha.jar;C:\Users\Dell\.m2\repository\net\bytebuddy\byte-buddy\1.14.5\byte-buddy-1.14.5.jar;C:\Users\Dell\.m2\repository\org\seleniumhq\selenium\selenium-os\4.14.1\selenium-os-4.14.1.jar;C:\Users\Dell\.m2\repository\org\apache\commons\commons-exec\1.3\commons-exec-1.3.jar;C:\Users\Dell\.m2\repository\org\seleniumhq\selenium\selenium-safari-driver\4.14.1\selenium-safari-driver-4.14.1.jar;C:\Users\Dell\.m2\repository\org\seleniumhq\selenium\selenium-support\4.14.1\selenium-support-4.14.1.jar;C:\Users\Dell\.m2\repository\org\testng\testng\7.7.1\testng-7.7.1.jar;C:\Users\Dell\.m2\repository\com\beust\jcommander\1.82\jcommander-1.82.jar;C:\Users\Dell\.m2\repository\org\webjars\jquery\3.6.1\jquery-3.6.1.jar;C:\Users\Dell\.m2\repository\junit\junit\4.13.2\junit-4.13.2.jar;C:\Users\Dell\.m2\repository\org\hamcrest\hamcrest-core\1.3\hamcrest-core-1.3.jar;C:\Users\Dell\.m2\repository\io\github\bonigarcia\webdrivermanager\5.8.0\webdrivermanager-5.8.0.jar;C:\Users\Dell\.m2\repository\com\github\docker-java\docker-java\3.3.6\docker-java-3.3.6.jar;C:\Users\Dell\.m2\repository\com\github\docker-java\docker-java-core\3.3.6\docker-java-core-3.3.6.jar;C:\Users\Dell\.m2\repository\com\github\docker-java\docker-java-api\3.3.6\docker-java-api-3.3.6.jar;C:\Users\Dell\.m2\repository\com\fasterxml\jackson\core\jackson-annotations\2.10.3\jackson-annotations-2.10.3.jar;C:\Users\Dell\.m2\repository\com\fasterxml\jackson\core\jackson-databind\2.10.3\jackson-databind-2.10.3.jar;C:\Users\Dell\.m2\repository\com\fasterxml\jackson\core\jackson-core\2.10.3\jackson-core-2.10.3.jar;C:\Users\Dell\.m2\repository\org\bouncycastle\bcpkix-jdk18on\1.76\bcpkix-jdk18on-1.76.jar;C:\Users\Dell\.m2\repository\org\bouncycastle\bcprov-jdk18on\1.76\bcprov-jdk18on-1.76.jar;C:\Users\Dell\.m2\repository\org\bouncycastle\bcutil-jdk18on\1.76\bcutil-jdk18on-1.76.jar;C:\Users\Dell\.m2\repository\org\slf4j\jcl-over-slf4j\1.7.30\jcl-over-slf4j-1.7.30.jar;C:\Users\Dell\.m2\repository\com\github\docker-java\docker-java-transport-httpclient5\3.3.6\docker-java-transport-httpclient5-3.3.6.jar;C:\Users\Dell\.m2\repository\com\github\docker-java\docker-java-transport\3.3.6\docker-java-transport-3.3.6.jar;C:\Users\Dell\.m2\repository\net\java\dev\jna\jna\5.13.0\jna-5.13.0.jar;C:\Users\Dell\.m2\repository\org\brotli\dec\0.1.2\dec-0.1.2.jar;C:\Users\Dell\.m2\repository\org\apache\commons\commons-lang3\3.14.0\commons-lang3-3.14.0.jar;C:\Users\Dell\.m2\repository\org\apache\commons\commons-compress\1.26.1\commons-compress-1.26.1.jar;C:\Users\Dell\.m2\repository\commons-io\commons-io\2.15.1\commons-io-2.15.1.jar;C:\Users\Dell\.m2\repository\org\apache\httpcomponents\client5\httpclient5\5.2.1\httpclient5-5.2.1.jar;C:\Users\Dell\.m2\repository\org\apache\httpcomponents\core5\httpcore5\5.2\httpcore5-5.2.jar;C:\Users\Dell\.m2\repository\org\apache\httpcomponents\core5\httpcore5-h2\5.2\httpcore5-h2-5.2.jar;"/>
    <property name="sun.cpu.endian" value="little"/>
    <property name="user.home" value="C:\Users\Dell"/>
    <property name="user.language" value="en"/>
    <property name="java.specification.vendor" value="Oracle Corporation"/>
    <property name="java.version.date" value="2024-04-16"/>
    <property name="java.home" value="C:\Program Files\Java\jdk-22"/>
    <property name="file.separator" value="\"/>
    <property name="basedir" value="D:\Fraud detection website\tomcat\apache-tomcat-10.1.24\webapps\FraudDetectionSystem"/>
    <property name="java.vm.compressedOopsMode" value="Zero based"/>
    <property name="line.separator" value="&#10;"/>
    <property name="java.vm.specification.vendor" value="Oracle Corporation"/>
    <property name="java.specification.name" value="Java Platform API Specification"/>
    <property name="surefire.real.class.path" value="C:\Users\Dell\AppData\Local\Temp\surefire4764823376148808725\surefirebooter-20250305015121952_3.jar"/>
    <property name="user.script" value=""/>
    <property name="sun.management.compiler" value="HotSpot 64-Bit Tiered Compilers"/>
    <property name="java.runtime.version" value="22.0.1+8-16"/>
    <property name="user.name" value="Dell"/>
    <property name="stdout.encoding" value="Cp1252"/>
    <property name="path.separator" value=";"/>
    <property name="os.version" value="10.0"/>
    <property name="java.runtime.name" value="Java(TM) SE Runtime Environment"/>
    <property name="file.encoding" value="UTF-8"/>
    <property name="java.vm.name" value="Java HotSpot(TM) 64-Bit Server VM"/>
    <property name="localRepository" value="C:\Users\Dell\.m2\repository"/>
    <property name="java.vendor.url.bug" value="https://bugreport.java.com/bugreport/"/>
    <property name="java.io.tmpdir" value="C:\Users\Dell\AppData\Local\Temp\"/>
    <property name="java.version" value="22.0.1"/>
    <property name="user.dir" value="D:\Fraud detection website\tomcat\apache-tomcat-10.1.24\webapps\FraudDetectionSystem"/>
    <property name="os.arch" value="amd64"/>
    <property name="java.vm.specification.name" value="Java Virtual Machine Specification"/>
    <property name="sun.os.patch.level" value=""/>
    <property name="native.encoding" value="Cp1252"/>
    <property name="java.library.path" value="C:\Program Files\Java\jdk-22\bin;C:\Windows\Sun\Java\bin;C:\Windows\system32;C:\Windows;C:/Program Files/Java/jdk-22/bin/server;C:/Program Files/Java/jdk-22/bin;C:\Program Files\Common Files\Oracle\Java\javapath;C:\Program Files (x86)\Common Files\Oracle\Java\java8path;C:\Program Files (x86)\Common Files\Oracle\Java\javapath;D:\oracle\product\10.2.0\db_2\bin;D:\oracle\product\10.2.0\db_1\bin;C:\Windows\system32;C:\Windows;C:\Windows\System32\Wbem;C:\Windows\System32\WindowsPowerShell\v1.0\;C:\Windows\System32\OpenSSH\;C:\ProgramData\chocolatey\bin;C:\Program Files\dotnet\;C:\Program Files\nodejs\;C:\ProgramData\chocolatey\lib\maven\apache-maven-3.9.9\bin;C:\ProgramData\chocolatey\lib\maven\bin;;C:\Program Files\Docker\Docker\resources\bin;C:\Users\Dell\AppData\Local\Programs\Python\Python312\Scripts\;C:\Users\Dell\AppData\Local\Programs\Python\Python312\;C:\Users\Dell\AppData\Local\Microsoft\WindowsApps;C:\Users\Dell\AppData\Local\Programs\Microsoft VS Code\bin;C:\Users\Dell\AppData\Roaming\npm;C:\Users\Dell\AppData\Roaming\Microsoft\Windows\Start Menu\Programs\Eclipse;;."/>
    <property name="java.vm.info" value="mixed mode, sharing"/>
    <property name="stderr.encoding" value="Cp1252"/>
    <property name="java.vendor" value="Oracle Corporation"/>
    <property name="java.vm.version" value="22.0.1+8-16"/>
    <property name="sun.io.unicode.encoding" value="UnicodeLittle"/>
    <property name="java.class.version" value="66.0"/>
  </properties>
  <testcase name="testUserLogin[sujalja396@gmail.com, 12345678, Citizen Safe](1)" classname="com.fraud.test.UserModuleTesting" time="4.32">
    <system-out><![CDATA[01:51:23.053 [main] DEBUG org.testng.TestNG -- suiteXmlPath: "D:\Fraud detection website\tomcat\apache-tomcat-10.1.24\webapps\FraudDetectionSystem\src\test\resources\testng.xml"
01:51:23.493 [main] DEBUG io.github.bonigarcia.wdm.WebDriverManager -- Using WebDriverManager 5.8.0
01:51:23.966 [main] DEBUG io.github.bonigarcia.wdm.cache.ResolutionCache -- Removing resolution chrome=133 from cache (expired on Tue Mar 04 01:03:01 IST 2025)
01:51:23.993 [main] DEBUG org.apache.hc.client5.http.impl.classic.InternalHttpClient -- ex-0000000001 preparing request execution
01:51:24.009 [main] DEBUG org.apache.hc.client5.http.impl.classic.ProtocolExec -- ex-0000000001 target auth state: UNCHALLENGED
01:51:24.011 [main] DEBUG org.apache.hc.client5.http.impl.classic.ProtocolExec -- ex-0000000001 proxy auth state: UNCHALLENGED
01:51:24.011 [main] DEBUG org.apache.hc.client5.http.impl.classic.ConnectExec -- ex-0000000001 acquiring connection with route {s}->https://raw.githubusercontent.com:443
01:51:24.012 [main] DEBUG org.apache.hc.client5.http.impl.classic.InternalHttpClient -- ex-0000000001 acquiring endpoint (3 MINUTES)
01:51:24.014 [main] DEBUG org.apache.hc.client5.http.impl.io.PoolingHttpClientConnectionManager -- ex-0000000001 endpoint lease request (3 MINUTES) [route: {s}->https://raw.githubusercontent.com:443][total available: 0; route allocated: 0 of 5; total allocated: 0 of 25]
01:51:24.022 [main] DEBUG org.apache.hc.client5.http.impl.io.PoolingHttpClientConnectionManager -- ex-0000000001 endpoint leased [route: {s}->https://raw.githubusercontent.com:443][total available: 0; route allocated: 1 of 5; total allocated: 1 of 25]
01:51:24.038 [main] DEBUG org.apache.hc.client5.http.impl.io.PoolingHttpClientConnectionManager -- ex-0000000001 acquired ep-0000000001
01:51:24.038 [main] DEBUG org.apache.hc.client5.http.impl.classic.InternalHttpClient -- ex-0000000001 acquired endpoint ep-0000000001
01:51:24.038 [main] DEBUG org.apache.hc.client5.http.impl.classic.ConnectExec -- ex-0000000001 opening connection {s}->https://raw.githubusercontent.com:443
01:51:24.039 [main] DEBUG org.apache.hc.client5.http.impl.classic.InternalHttpClient -- ep-0000000001 connecting endpoint (null)
01:51:24.041 [main] DEBUG org.apache.hc.client5.http.impl.io.PoolingHttpClientConnectionManager -- ep-0000000001 connecting endpoint to https://raw.githubusercontent.com:443 (30 SECONDS)
01:51:24.041 [main] DEBUG org.apache.hc.client5.http.impl.io.DefaultHttpClientConnectionOperator -- raw.githubusercontent.com resolving remote address
01:51:24.068 [main] DEBUG org.apache.hc.client5.http.impl.io.DefaultHttpClientConnectionOperator -- raw.githubusercontent.com resolved to [raw.githubusercontent.com/185.199.110.133, raw.githubusercontent.com/185.199.109.133, raw.githubusercontent.com/185.199.108.133, raw.githubusercontent.com/185.199.111.133, raw.githubusercontent.com/2606:50c0:8002:0:0:0:0:154, raw.githubusercontent.com/2606:50c0:8001:0:0:0:0:154, raw.githubusercontent.com/2606:50c0:8000:0:0:0:0:154, raw.githubusercontent.com/2606:50c0:8003:0:0:0:0:154]
01:51:24.079 [main] DEBUG org.apache.hc.client5.http.impl.io.DefaultHttpClientConnectionOperator -- raw.githubusercontent.com:443 connecting null->raw.githubusercontent.com/185.199.110.133:443 (30 SECONDS)
01:51:24.079 [main] DEBUG org.apache.hc.client5.http.ssl.SSLConnectionSocketFactory -- Connecting socket to raw.githubusercontent.com/185.199.110.133:443 with timeout 30 SECONDS
01:51:24.154 [main] DEBUG org.apache.hc.client5.http.ssl.SSLConnectionSocketFactory -- Enabled protocols: [TLSv1.3, TLSv1.2]
01:51:24.154 [main] DEBUG org.apache.hc.client5.http.ssl.SSLConnectionSocketFactory -- Enabled cipher suites: [TLS_AES_256_GCM_SHA384, TLS_AES_128_GCM_SHA256, TLS_CHACHA20_POLY1305_SHA256, TLS_ECDHE_ECDSA_WITH_AES_256_GCM_SHA384, TLS_ECDHE_ECDSA_WITH_AES_128_GCM_SHA256, TLS_ECDHE_ECDSA_WITH_CHACHA20_POLY1305_SHA256, TLS_ECDHE_RSA_WITH_AES_256_GCM_SHA384, TLS_ECDHE_RSA_WITH_CHACHA20_POLY1305_SHA256, TLS_ECDHE_RSA_WITH_AES_128_GCM_SHA256, TLS_DHE_RSA_WITH_AES_256_GCM_SHA384, TLS_DHE_RSA_WITH_CHACHA20_POLY1305_SHA256, TLS_DHE_DSS_WITH_AES_256_GCM_SHA384, TLS_DHE_RSA_WITH_AES_128_GCM_SHA256, TLS_DHE_DSS_WITH_AES_128_GCM_SHA256, TLS_ECDHE_ECDSA_WITH_AES_256_CBC_SHA384, TLS_ECDHE_RSA_WITH_AES_256_CBC_SHA384, TLS_ECDHE_ECDSA_WITH_AES_128_CBC_SHA256, TLS_ECDHE_RSA_WITH_AES_128_CBC_SHA256, TLS_DHE_RSA_WITH_AES_256_CBC_SHA256, TLS_DHE_DSS_WITH_AES_256_CBC_SHA256, TLS_DHE_RSA_WITH_AES_128_CBC_SHA256, TLS_DHE_DSS_WITH_AES_128_CBC_SHA256, TLS_ECDHE_ECDSA_WITH_AES_256_CBC_SHA, TLS_ECDHE_RSA_WITH_AES_256_CBC_SHA, TLS_ECDHE_ECDSA_WITH_AES_128_CBC_SHA, TLS_ECDHE_RSA_WITH_AES_128_CBC_SHA, TLS_DHE_RSA_WITH_AES_256_CBC_SHA, TLS_DHE_DSS_WITH_AES_256_CBC_SHA, TLS_DHE_RSA_WITH_AES_128_CBC_SHA, TLS_DHE_DSS_WITH_AES_128_CBC_SHA, TLS_RSA_WITH_AES_256_GCM_SHA384, TLS_RSA_WITH_AES_128_GCM_SHA256, TLS_RSA_WITH_AES_256_CBC_SHA256, TLS_RSA_WITH_AES_128_CBC_SHA256, TLS_RSA_WITH_AES_256_CBC_SHA, TLS_RSA_WITH_AES_128_CBC_SHA, TLS_EMPTY_RENEGOTIATION_INFO_SCSV]
01:51:24.154 [main] DEBUG org.apache.hc.client5.http.ssl.SSLConnectionSocketFactory -- Starting handshake (null)
01:51:24.345 [main] DEBUG org.apache.hc.client5.http.ssl.SSLConnectionSocketFactory -- Secure session established
01:51:24.346 [main] DEBUG org.apache.hc.client5.http.ssl.SSLConnectionSocketFactory --  negotiated protocol: TLSv1.3
01:51:24.346 [main] DEBUG org.apache.hc.client5.http.ssl.SSLConnectionSocketFactory --  negotiated cipher suite: TLS_AES_128_GCM_SHA256
01:51:24.346 [main] DEBUG org.apache.hc.client5.http.ssl.SSLConnectionSocketFactory --  peer principal: CN=*.github.io, O="GitHub, Inc.", L=San Francisco, ST=California, C=US
01:51:24.349 [main] DEBUG org.apache.hc.client5.http.ssl.SSLConnectionSocketFactory --  peer alternative names: [*.github.io, github.io, githubusercontent.com, www.github.com, *.github.com, *.githubusercontent.com, github.com]
01:51:24.349 [main] DEBUG org.apache.hc.client5.http.ssl.SSLConnectionSocketFactory --  issuer principal: CN=DigiCert Global G2 TLS RSA SHA256 2020 CA1, O=DigiCert Inc, C=US
01:51:24.350 [main] DEBUG org.apache.hc.client5.http.impl.io.DefaultManagedHttpClientConnection -- http-outgoing-0 set socket timeout to 3 MINUTES
01:51:24.350 [main] DEBUG org.apache.hc.client5.http.impl.io.DefaultHttpClientConnectionOperator -- raw.githubusercontent.com:443 connected null->raw.githubusercontent.com/185.199.110.133:443 as http-outgoing-0
01:51:24.351 [main] DEBUG org.apache.hc.client5.http.impl.io.PoolingHttpClientConnectionManager -- ep-0000000001 connected http-outgoing-0
01:51:24.351 [main] DEBUG org.apache.hc.client5.http.impl.classic.InternalHttpClient -- ep-0000000001 endpoint connected
01:51:24.352 [main] DEBUG org.apache.hc.client5.http.impl.classic.MainClientExec -- ex-0000000001 executing GET /bonigarcia/webdrivermanager/master/src/main/resources/commands.properties HTTP/1.1
01:51:24.353 [main] DEBUG org.apache.hc.client5.http.protocol.RequestAddCookies -- ex-0000000001 Cookie spec selected: strict
01:51:24.362 [main] DEBUG org.apache.hc.client5.http.impl.classic.InternalHttpClient -- ep-0000000001 start execution ex-0000000001
01:51:24.362 [main] DEBUG org.apache.hc.client5.http.impl.io.PoolingHttpClientConnectionManager -- ep-0000000001 executing exchange ex-0000000001 over http-outgoing-0
01:51:24.363 [main] DEBUG org.apache.hc.client5.http.headers -- http-outgoing-0 >> GET /bonigarcia/webdrivermanager/master/src/main/resources/commands.properties HTTP/1.1
01:51:24.363 [main] DEBUG org.apache.hc.client5.http.headers -- http-outgoing-0 >> user-agent: Apache-HttpClient/5.0
01:51:24.363 [main] DEBUG org.apache.hc.client5.http.headers -- http-outgoing-0 >> accept-encoding: gzip, deflate, br
01:51:24.363 [main] DEBUG org.apache.hc.client5.http.headers -- http-outgoing-0 >> cache-control: max-age=0
01:51:24.363 [main] DEBUG org.apache.hc.client5.http.headers -- http-outgoing-0 >> connection: keep-alive
01:51:24.363 [main] DEBUG org.apache.hc.client5.http.headers -- http-outgoing-0 >> Host: raw.githubusercontent.com
01:51:24.363 [main] DEBUG org.apache.hc.client5.http.wire -- http-outgoing-0 >> "GET /bonigarcia/webdrivermanager/master/src/main/resources/commands.properties HTTP/1.1[\r][\n]"
01:51:24.363 [main] DEBUG org.apache.hc.client5.http.wire -- http-outgoing-0 >> "user-agent: Apache-HttpClient/5.0[\r][\n]"
01:51:24.363 [main] DEBUG org.apache.hc.client5.http.wire -- http-outgoing-0 >> "accept-encoding: gzip, deflate, br[\r][\n]"
01:51:24.363 [main] DEBUG org.apache.hc.client5.http.wire -- http-outgoing-0 >> "cache-control: max-age=0[\r][\n]"
01:51:24.363 [main] DEBUG org.apache.hc.client5.http.wire -- http-outgoing-0 >> "connection: keep-alive[\r][\n]"
01:51:24.364 [main] DEBUG org.apache.hc.client5.http.wire -- http-outgoing-0 >> "Host: raw.githubusercontent.com[\r][\n]"
01:51:24.365 [main] DEBUG org.apache.hc.client5.http.wire -- http-outgoing-0 >> "[\r][\n]"
01:51:24.373 [main] DEBUG org.apache.hc.client5.http.wire -- http-outgoing-0 << "HTTP/1.1 200 OK[\r][\n]"
01:51:24.374 [main] DEBUG org.apache.hc.client5.http.wire -- http-outgoing-0 << "Connection: keep-alive[\r][\n]"
01:51:24.374 [main] DEBUG org.apache.hc.client5.http.wire -- http-outgoing-0 << "Content-Length: 946[\r][\n]"
01:51:24.374 [main] DEBUG org.apache.hc.client5.http.wire -- http-outgoing-0 << "Cache-Control: max-age=300[\r][\n]"
01:51:24.374 [main] DEBUG org.apache.hc.client5.http.wire -- http-outgoing-0 << "Content-Security-Policy: default-src 'none'; style-src 'unsafe-inline'; sandbox[\r][\n]"
01:51:24.374 [main] DEBUG org.apache.hc.client5.http.wire -- http-outgoing-0 << "Content-Type: text/plain; charset=utf-8[\r][\n]"
01:51:24.374 [main] DEBUG org.apache.hc.client5.http.wire -- http-outgoing-0 << "ETag: W/"dc0c32cea2dfa86f6cf10513cf8a64e1e8817484a415b658b4eecd962d4deaee"[\r][\n]"
01:51:24.374 [main] DEBUG org.apache.hc.client5.http.wire -- http-outgoing-0 << "Strict-Transport-Security: max-age=31536000[\r][\n]"
01:51:24.374 [main] DEBUG org.apache.hc.client5.http.wire -- http-outgoing-0 << "X-Content-Type-Options: nosniff[\r][\n]"
01:51:24.374 [main] DEBUG org.apache.hc.client5.http.wire -- http-outgoing-0 << "X-Frame-Options: deny[\r][\n]"
01:51:24.374 [main] DEBUG org.apache.hc.client5.http.wire -- http-outgoing-0 << "X-XSS-Protection: 1; mode=block[\r][\n]"
01:51:24.374 [main] DEBUG org.apache.hc.client5.http.wire -- http-outgoing-0 << "X-GitHub-Request-Id: 2341:1EF5CF:140C53:32B1F2:67C4C731[\r][\n]"
01:51:24.374 [main] DEBUG org.apache.hc.client5.http.wire -- http-outgoing-0 << "Content-Encoding: gzip[\r][\n]"
01:51:24.374 [main] DEBUG org.apache.hc.client5.http.wire -- http-outgoing-0 << "Accept-Ranges: bytes[\r][\n]"
01:51:24.374 [main] DEBUG org.apache.hc.client5.http.wire -- http-outgoing-0 << "Date: Tue, 04 Mar 2025 20:21:04 GMT[\r][\n]"
01:51:24.374 [main] DEBUG org.apache.hc.client5.http.wire -- http-outgoing-0 << "Via: 1.1 varnish[\r][\n]"
01:51:24.375 [main] DEBUG org.apache.hc.client5.http.wire -- http-outgoing-0 << "X-Served-By: cache-bom4733-BOM[\r][\n]"
01:51:24.375 [main] DEBUG org.apache.hc.client5.http.wire -- http-outgoing-0 << "X-Cache: HIT[\r][\n]"
01:51:24.375 [main] DEBUG org.apache.hc.client5.http.wire -- http-outgoing-0 << "X-Cache-Hits: 5[\r][\n]"
01:51:24.375 [main] DEBUG org.apache.hc.client5.http.wire -- http-outgoing-0 << "X-Timer: S1741119664.176583,VS0,VE0[\r][\n]"
01:51:24.375 [main] DEBUG org.apache.hc.client5.http.wire -- http-outgoing-0 << "Vary: Authorization,Accept-Encoding,Origin[\r][\n]"
01:51:24.375 [main] DEBUG org.apache.hc.client5.http.wire -- http-outgoing-0 << "Access-Control-Allow-Origin: *[\r][\n]"
01:51:24.375 [main] DEBUG org.apache.hc.client5.http.wire -- http-outgoing-0 << "Cross-Origin-Resource-Policy: cross-origin[\r][\n]"
01:51:24.375 [main] DEBUG org.apache.hc.client5.http.wire -- http-outgoing-0 << "X-Fastly-Request-ID: 59833a9be73df726f43821eb988cbf3aea40f02b[\r][\n]"
01:51:24.375 [main] DEBUG org.apache.hc.client5.http.wire -- http-outgoing-0 << "Expires: Tue, 04 Mar 2025 20:26:04 GMT[\r][\n]"
01:51:24.375 [main] DEBUG org.apache.hc.client5.http.wire -- http-outgoing-0 << "Source-Age: 240[\r][\n]"
01:51:24.376 [main] DEBUG org.apache.hc.client5.http.wire -- http-outgoing-0 << "[\r][\n]"
01:51:24.380 [main] DEBUG org.apache.hc.client5.http.headers -- http-outgoing-0 << HTTP/1.1 200 OK
01:51:24.380 [main] DEBUG org.apache.hc.client5.http.headers -- http-outgoing-0 << Connection: keep-alive
01:51:24.380 [main] DEBUG org.apache.hc.client5.http.headers -- http-outgoing-0 << Content-Length: 946
01:51:24.380 [main] DEBUG org.apache.hc.client5.http.headers -- http-outgoing-0 << Cache-Control: max-age=300
01:51:24.380 [main] DEBUG org.apache.hc.client5.http.headers -- http-outgoing-0 << Content-Security-Policy: default-src 'none'; style-src 'unsafe-inline'; sandbox
01:51:24.380 [main] DEBUG org.apache.hc.client5.http.headers -- http-outgoing-0 << Content-Type: text/plain; charset=utf-8
01:51:24.380 [main] DEBUG org.apache.hc.client5.http.headers -- http-outgoing-0 << ETag: W/"dc0c32cea2dfa86f6cf10513cf8a64e1e8817484a415b658b4eecd962d4deaee"
01:51:24.380 [main] DEBUG org.apache.hc.client5.http.headers -- http-outgoing-0 << Strict-Transport-Security: max-age=31536000
01:51:24.380 [main] DEBUG org.apache.hc.client5.http.headers -- http-outgoing-0 << X-Content-Type-Options: nosniff
01:51:24.380 [main] DEBUG org.apache.hc.client5.http.headers -- http-outgoing-0 << X-Frame-Options: deny
01:51:24.381 [main] DEBUG org.apache.hc.client5.http.headers -- http-outgoing-0 << X-XSS-Protection: 1; mode=block
01:51:24.381 [main] DEBUG org.apache.hc.client5.http.headers -- http-outgoing-0 << X-GitHub-Request-Id: 2341:1EF5CF:140C53:32B1F2:67C4C731
01:51:24.381 [main] DEBUG org.apache.hc.client5.http.headers -- http-outgoing-0 << Content-Encoding: gzip
01:51:24.381 [main] DEBUG org.apache.hc.client5.http.headers -- http-outgoing-0 << Accept-Ranges: bytes
01:51:24.381 [main] DEBUG org.apache.hc.client5.http.headers -- http-outgoing-0 << Date: Tue, 04 Mar 2025 20:21:04 GMT
01:51:24.381 [main] DEBUG org.apache.hc.client5.http.headers -- http-outgoing-0 << Via: 1.1 varnish
01:51:24.381 [main] DEBUG org.apache.hc.client5.http.headers -- http-outgoing-0 << X-Served-By: cache-bom4733-BOM
01:51:24.381 [main] DEBUG org.apache.hc.client5.http.headers -- http-outgoing-0 << X-Cache: HIT
01:51:24.381 [main] DEBUG org.apache.hc.client5.http.headers -- http-outgoing-0 << X-Cache-Hits: 5
01:51:24.381 [main] DEBUG org.apache.hc.client5.http.headers -- http-outgoing-0 << X-Timer: S1741119664.176583,VS0,VE0
01:51:24.381 [main] DEBUG org.apache.hc.client5.http.headers -- http-outgoing-0 << Vary: Authorization,Accept-Encoding,Origin
01:51:24.381 [main] DEBUG org.apache.hc.client5.http.headers -- http-outgoing-0 << Access-Control-Allow-Origin: *
01:51:24.381 [main] DEBUG org.apache.hc.client5.http.headers -- http-outgoing-0 << Cross-Origin-Resource-Policy: cross-origin
01:51:24.382 [main] DEBUG org.apache.hc.client5.http.headers -- http-outgoing-0 << X-Fastly-Request-ID: 59833a9be73df726f43821eb988cbf3aea40f02b
01:51:24.382 [main] DEBUG org.apache.hc.client5.http.headers -- http-outgoing-0 << Expires: Tue, 04 Mar 2025 20:26:04 GMT
01:51:24.382 [main] DEBUG org.apache.hc.client5.http.headers -- http-outgoing-0 << Source-Age: 240
01:51:24.386 [main] DEBUG org.apache.hc.client5.http.impl.classic.MainClientExec -- ex-0000000001 connection can be kept alive for 3 MINUTES
01:51:24.400 [main] DEBUG org.apache.hc.client5.http.wire -- http-outgoing-0 << "[0x1f][0xffffff8b][0x8][0x0][0x0][0x0][0x0][0x0][0x0][0x3][0xffffffb5]X[0xffffffd1]n[0xffffffda]0[0x14]}[0xffffffe7]+,[0xffffffba]J [0x11][0xffffffb2][0x1][0xffffffeb][0xffffffaa]Jy[0xffffffa0][0x19]e[0xffffffd5][0xffffffa8]`[0xffffffd0]v[0xffffff9b][0xffffffe4][0x17][0xffffff93]8`)[0xffffff89]Q[0xffffff9c]@[0xffffffb7][0xffffffa9][0xfffffffb][0xfffffff6]9NB[0xffffffe3]$[0xc]H[0xffffffe0][0xffffffad][0xffffff8e][0xffffff8f][0xffffffef]97[0xffffffdc]s}[0xffffffd3][0xb][0xffffffa0]S[0xffffffc7]A[0xffffffae][0xffffffc9][0xffffff80][0xffffff89]|4G[0xc][0xffffffd7].[0xffffffc0][0xffffffe3][0xffffff92]0`[0x11][0x1b][0x3][0xffffff83][0xffffffba]>".[0x3][0xfffffffe]2\[0xffffffc4]P[0xffffff9f][0xffffff82]9[0x6][0xfffffff8][0x5][0x1b][0xffffff81][0xffffff8f]M@\[0xffffffb1][0xffffffcd][0xffffff96][0xffffffd8][0xffffffb6][0xffffffc3][0x5][0xfffffff5]L[0xffffffec][0xffffff85] [0x13][0xfffffffb][0xffffffd8][0xfffffff0][0xffffffc5][0xffffffe6][0x1a]{[0xffffff8c]P[0xffffffbe]g[0x1][0xffffffcc][0xffffffff]^x[0x18][0xffffffbb]`[0xffffffee][0xffffffd1][\r][0xffffffe3][0x1b][0xffffff9c][0xffffffb2][0xffffffa1]/=[0xffffffea][0xffffffe0][0x16][0xffffffb8]#[0x1e][0xffffffb6][0xffffffe8]K[0xb][0xffffff8c]W[0xffffffd8]C-00[0x17][0xfffffffc][0xffffffa9][0xffffffd8]%[0xffffff81][0xffffffd3][0xc][0xffffffe3][0xffffff9b][0xffffffc4][0xffffffb2][0xffffffb0][0xffffff87]][0x1f][0xffffffd0][0x10][0xffffffe3][0x13]w[0x1][0xffffffd8]/[0xffffffe6]c[0xffffff87][0xffffff81][0xffffffc6]w[0xffffffe2][0xffffff9a]<j[0xb][0xffffff8c][0xffffff88][0x1b][0xfffffff0]0[0xf][0xffffffc8][0x0][0xffffffe3]Y[0xffffffb3][0xffffffc6]9"[0xffffff8a]Z[0xffffff9c]F[0xffffffdb][0x10][0xffffffcb][0xfffffff6]&:[0xffffffd0]~[0xffffffff]A3[0x1c][0xffffffb3][0xffffffcd][0xffffffb3][0x2][0xffffffaa][0xe]6[0xe]1[0xffffffc4]+[0x11][0xffffffaf]a[0xffffffb3][0xffffffe4]|[0xffffffc0]E[0xe][0xffffffd6][0xffffffea][0xffffff97][0xffffff93][0xffffffe9]x8[0xffffffed]?[0xffffffdc][0xffffffdd][0xffffff8f][0x6][0xffffffb3][0x1b][0xffffffa8]Ax[0x9][0xffffffe1][0xffffff90][0xffffffd2][0xffffff85][0xffffff8d]![0xffffff8c]( [0xffffffec][0xffffffaf]V61[0xffffffb8]4[0xffffffea]B[0x18][0x13][0xfffffff1][0xffffffc8]u[0xffffffb0][0xffffffc0]>x[0xffffff8e][0xffffffdf][0xffffff85][0xffffffba]Fv[0xffffffb0][O[0xffffffa7][0xffffff84][0xffffff9e][0xffffffc6][0xffffff8f][0xffffffeb][0xffffffab][0xffffffe6]9Eu[0xf][0x14]5[0x1a][0xffffffeb][0xfffffffd]Q[0x7f]2[0xfffffff9][0xffffffdc][0x7f][0xffffffec][0xffffff9f]SOO[0xffffff9b][0xe][0xffffff86][0xffffffe0][0xffffffdb][0xffffffd3]`[0xfffffffa][0x13]|[0xfffffff9][0xffffffaa]?[0xffffffc1][0x19][0xffffffb5][0xfffffffc][\r][0xfffffff2]p[0xffffffc2][0x16][0xffffff93][0xffffffdd][0xffffff8e]n12D[0xffffffbc][0xffffffa4][0x16]w[0xffffffc6][0xfffffffc][0xffffffa8][0xffffffad][0xffffffe8][0xffffff86]c[0xffffffc2]z[0x16][0xffffffa9]*[0xffffffb1]I@c[0xffffff88]}[0xffffffe5][0xffffff9e][0x17][0x1a][0xffffffa8][0xffffffbf][0xfffffffb][0xffffff83][0xffffffdd][0xfffffff5]M:[0xffffffcd][0xffffffd7][0xc]e:[0xffffffbd]Tv[0xffffffcd]v[0xffffff9c][0xffffffda][0xffffffbd]k[0xffffffd1][0xfffffff6][0xffffffc4][0xffffffa3]f`[0xfffffff8][0xffffffcf]{$][0x1d].)W[0xe][0xffffffe7][0xffffffd4][0xfffffff5][0xffffffa9][0xffffff9c][0xffffffae]SH[0xffffffca]j[0xffffffb2]C[0xffffffbf][0xffffff87].V[0x3][0xffffffe6][0xffffffa9]s[0xffffffe2][0xffffffaa][0xb][0xffffffc1][0xffffffa1]D[0xfffffffb]@Qv[0xfffffffc][0xffffffee][0xfffffff1][0xffffffc1][0xffffff8e][0xffffffb6][0xb][0xffffff9f]=[0xffffffe0] C[0xfffffff0][0xffffffa4]T35J([0xffffffee]1m[0xffffffb4]Z[0xffffffa9]:[0xffffffef][0xffffff9d][0xffffffbc]I1[0xffffff95][0xffffffb7][0xffffffa0][0xfffffff1]L[0x6][0xffffffa4][0xffffffa3][0xfffffff3][0xffffffce][0x14]7[0xffffffbd]-[0xffffff91][0x15][0xffffffad]O[0xffffffd3][0xffffff9b][0x1e][0xffffffe8]ob[0xffffffdb](![0xffffff81]0[0xffffff89][0xffffffbe][0xffffffcf]k9[0x15][0xffffff95];[0xffffffd2][0xffffffe9][0xffffffa4]tS[0xffffffbe][0xffffffaf][0xffffffcb][0xffffffc6][0xffffff8f]I[0xffffffb2]d[0xfffffff5][0xffffffd0][0xfffffffa]z[0xffffffe0][0xffffff85][0x17]G[0xffffffb6][0xffffffac]s[0xffffffe1]{[0xffffff95][0xfffffffc][0x16]1[0xffffffff][0xfffffffd] [0xffffffa5]w[0xffffff90][0xffffffbf]rB[0xffffff8e][0xffffffe8]E[0xffffffb2][0xffffffc1][0xffffff8e][0xffffffd7][0xffffff90][0x13][0xffffff91]wT[0xffffffbc][0x3][0xffffff94][0xfffffff5].pGKar[0xffffffa0]B[0xffffffe7][0xffffffc4][0xffffffbf]O[0xffffff91]g[0xffffffd2][0xffffffb1][0xffffffb8]M[0xffffffc2]Y`[0x1b][0x13][0xfffffff3]E5[0xffffff83][0xffffffc8][0xffffffa5]I[0xc][0xffffff8f]2^C[0x10][0xffffff86]4[0xffffff99][0xffffffdb][0xffffffc9]a[0xffffff82]n_[0xffffff99][0xffffffca][0xffffff9a][0xffffffca][0xffffffd8][0xffffffe5][0xffffff8c]r[0xffffffba];[0xffffffaf][0xffffffca]72[0xffffffc1][0xfffffff5][0xffffffbf][0xffffffbb]R[0xe]Y[0xffffffd2]&[0xffffffaf]Y[0xffffffc6]tr[0xffffffa9][0xffffffdc][0xe][0xffffffb2][0xffffff8c][0xffffffac][0xffffffa8][0xffffffa4]_[0x12][0xffffffe3]V[0xffffff97]U[0xffffff93][0xffffff85][0xffffffe5]=[0xffffffe4]$[0x1c]J[0x8]([0xffffffb8][0xffffff96][0xffffffd2][0xffffffe7]:[0xffffffda]N[0xffffffb8][0xffffff8c]/t[0xffffffd6]6[0x1d][0xffffffe1][0xffffff9c]"[0xffffff83][0xffffffc9][0x8] ]Jb[0x0][0xffffffdf][0xffffffb2][0xffffff88]Q[0xfffffffb]x[0xffffffbf][0x15][0xffffffcd][0xffffff81][0xfffffffc][0xffffff8d]-<[0xffffffe4]0[0x8][0x5][0x5][0xffffff84]Q[0xffffffec]}[0xffffffd5][0xffffff9c]QP[0xffffffc5]][0xffffffa7]QPe[0x16][0xffffff8e]ym[0x14][0xffffffb8][0x6][0xffffffc7][0x1e]K[0xffffffdd][0xffffffab][0xffffff90]|E[0xffffffea][0xffffffd2]7R[0xffffffc4]+[0xffffffd1][0x1e]d[0xfffffff0][0xc][0xffffffff][0x11][0xffffffa3][0xffffffb0]<[0xffffff9d][0xffffff9f][0xffffff88][0xffffffbf][0xfffffff4][0xffffffc8][0xffffffbb]-[0xffffffba]H[0xffffffc8][[0xffffffc9][0xffffff95]Qq][0xfffffff6]-[0xffffff94]S[0xffffff91][0xffffff91][0xffffff91][0xffffffef]j[0xffffffe2]yA3[0xffffff93][0xfffffff0][0x1d]-[0xb][0xffffffcb][0xffffffe0][\n]"
01:51:24.400 [main] DEBUG org.apache.hc.client5.http.wire -- http-outgoing-0 << "[0xffffffbb][0xffffff98][0x10]Z[0xffffffd4][0xffffffbc][0xffffffc6][0xffffffd9]`[0xffffffc9]7>[0x9][0x1c]yf[0xffffffe7][0xf]N[0xffffffd3][0xffffffba][0xffffff92][0xfffffff0][0x15]>^%-[0xffffff95]'[0xffffffea]S[0xb]:[0xffffffb4][0xffffffa7][0x15]5[0xffffff96]Sk)=]l[0xffffff85]T[0xfffffffe][0xffffffd4][0xffffff95][0xfffffff4]T[0xffffff9b]-[0xffffffce]$[0xffffffaa]t;[0xffffffac][0xffffffa4]'/([0xffffffdf][0x12][0xffffff92]-%[0xfffffffe]7[0xffffffdf][0xffffffae]/[0xfffffff0][0xffffffd4]in[0xffffff87][0xffffffe3][0xf]u[0xfffffff3][0xffffff94][0x7][0xffffff9c][0xffffffea]i[0x5][0xffffffe0]<[0xffffffba][0xffffffb0]#%[0xffffffaf][0xffffffae][0xffffffa8])[0xffffffe9][0x5]Q/[0xffffffc0][0xc]Y[0xffffffc8]#[0xffffffdb][0xfffffff0]L,[0xffffff8b][0xffffff83]G[0xffffffd0][0xffffffa2][0xffffffd0][0xffffffd1]N*[0xfffffff0]?l[0x1d]d@[0xffffffbe][0x15][0x0][0x0]"
01:51:24.402 [main] DEBUG org.apache.hc.client5.http.impl.classic.InternalHttpClient -- ep-0000000001 releasing valid endpoint
01:51:24.402 [main] DEBUG org.apache.hc.client5.http.impl.io.PoolingHttpClientConnectionManager -- ep-0000000001 releasing endpoint
01:51:24.402 [main] DEBUG org.apache.hc.client5.http.impl.io.PoolingHttpClientConnectionManager -- ep-0000000001 connection http-outgoing-0 can be kept alive for 3 MINUTES
01:51:24.403 [main] DEBUG org.apache.hc.client5.http.impl.io.PoolingHttpClientConnectionManager -- ep-0000000001 connection released [route: {s}->https://raw.githubusercontent.com:443][total available: 1; route allocated: 1 of 5; total allocated: 1 of 25]
01:51:24.403 [main] DEBUG io.github.bonigarcia.wdm.versions.VersionDetector -- Detecting chrome version using online commands.properties
01:51:24.409 [main] DEBUG io.github.bonigarcia.wdm.versions.Shell -- Running command on the shell: [cmd.exe, /C, wmic, datafile, where, name="%PROGRAMFILES:\=\\%\\Google\\Chrome\\Application\\chrome.exe", get, Version, /value]
01:51:24.653 [main] DEBUG io.github.bonigarcia.wdm.versions.Shell -- Result: Version=133.0.6943.142
01:51:24.655 [main] DEBUG io.github.bonigarcia.wdm.cache.ResolutionCache -- Removing resolution chrome133=133.0.6943.141 from cache (expired on Tue Mar 04 05:18:57 IST 2025)
01:51:24.658 [main] DEBUG org.apache.hc.client5.http.impl.classic.InternalHttpClient -- ex-0000000002 preparing request execution
01:51:24.659 [main] DEBUG org.apache.hc.client5.http.impl.classic.ProtocolExec -- ex-0000000002 target auth state: UNCHALLENGED
01:51:24.659 [main] DEBUG org.apache.hc.client5.http.impl.classic.ProtocolExec -- ex-0000000002 proxy auth state: UNCHALLENGED
01:51:24.659 [main] DEBUG org.apache.hc.client5.http.impl.classic.ConnectExec -- ex-0000000002 acquiring connection with route {s}->https://googlechromelabs.github.io:443
01:51:24.659 [main] DEBUG org.apache.hc.client5.http.impl.classic.InternalHttpClient -- ex-0000000002 acquiring endpoint (3 MINUTES)
01:51:24.659 [main] DEBUG org.apache.hc.client5.http.impl.io.PoolingHttpClientConnectionManager -- ex-0000000002 endpoint lease request (3 MINUTES) [route: {s}->https://googlechromelabs.github.io:443][total available: 1; route allocated: 0 of 5; total allocated: 1 of 25]
01:51:24.659 [main] DEBUG org.apache.hc.client5.http.impl.io.PoolingHttpClientConnectionManager -- ex-0000000002 endpoint leased [route: {s}->https://googlechromelabs.github.io:443][total available: 1; route allocated: 1 of 5; total allocated: 2 of 25]
01:51:24.659 [main] DEBUG org.apache.hc.client5.http.impl.io.PoolingHttpClientConnectionManager -- ex-0000000002 acquired ep-0000000002
01:51:24.660 [main] DEBUG org.apache.hc.client5.http.impl.classic.InternalHttpClient -- ex-0000000002 acquired endpoint ep-0000000002
01:51:24.660 [main] DEBUG org.apache.hc.client5.http.impl.classic.ConnectExec -- ex-0000000002 opening connection {s}->https://googlechromelabs.github.io:443
01:51:24.660 [main] DEBUG org.apache.hc.client5.http.impl.classic.InternalHttpClient -- ep-0000000002 connecting endpoint (null)
01:51:24.660 [main] DEBUG org.apache.hc.client5.http.impl.io.PoolingHttpClientConnectionManager -- ep-0000000002 connecting endpoint to https://googlechromelabs.github.io:443 (30 SECONDS)
01:51:24.660 [main] DEBUG org.apache.hc.client5.http.impl.io.DefaultHttpClientConnectionOperator -- googlechromelabs.github.io resolving remote address
01:51:24.680 [main] DEBUG org.apache.hc.client5.http.impl.io.DefaultHttpClientConnectionOperator -- googlechromelabs.github.io resolved to [googlechromelabs.github.io/185.199.111.153, googlechromelabs.github.io/185.199.109.153, googlechromelabs.github.io/185.199.110.153, googlechromelabs.github.io/185.199.108.153, googlechromelabs.github.io/2606:50c0:8001:0:0:0:0:153, googlechromelabs.github.io/2606:50c0:8003:0:0:0:0:153, googlechromelabs.github.io/2606:50c0:8002:0:0:0:0:153, googlechromelabs.github.io/2606:50c0:8000:0:0:0:0:153]
01:51:24.680 [main] DEBUG org.apache.hc.client5.http.impl.io.DefaultHttpClientConnectionOperator -- googlechromelabs.github.io:443 connecting null->googlechromelabs.github.io/185.199.111.153:443 (30 SECONDS)
01:51:24.682 [main] DEBUG org.apache.hc.client5.http.ssl.SSLConnectionSocketFactory -- Connecting socket to googlechromelabs.github.io/185.199.111.153:443 with timeout 30 SECONDS
01:51:24.711 [main] DEBUG org.apache.hc.client5.http.ssl.SSLConnectionSocketFactory -- Enabled protocols: [TLSv1.3, TLSv1.2]
01:51:24.712 [main] DEBUG org.apache.hc.client5.http.ssl.SSLConnectionSocketFactory -- Enabled cipher suites: [TLS_AES_256_GCM_SHA384, TLS_AES_128_GCM_SHA256, TLS_CHACHA20_POLY1305_SHA256, TLS_ECDHE_ECDSA_WITH_AES_256_GCM_SHA384, TLS_ECDHE_ECDSA_WITH_AES_128_GCM_SHA256, TLS_ECDHE_ECDSA_WITH_CHACHA20_POLY1305_SHA256, TLS_ECDHE_RSA_WITH_AES_256_GCM_SHA384, TLS_ECDHE_RSA_WITH_CHACHA20_POLY1305_SHA256, TLS_ECDHE_RSA_WITH_AES_128_GCM_SHA256, TLS_DHE_RSA_WITH_AES_256_GCM_SHA384, TLS_DHE_RSA_WITH_CHACHA20_POLY1305_SHA256, TLS_DHE_DSS_WITH_AES_256_GCM_SHA384, TLS_DHE_RSA_WITH_AES_128_GCM_SHA256, TLS_DHE_DSS_WITH_AES_128_GCM_SHA256, TLS_ECDHE_ECDSA_WITH_AES_256_CBC_SHA384, TLS_ECDHE_RSA_WITH_AES_256_CBC_SHA384, TLS_ECDHE_ECDSA_WITH_AES_128_CBC_SHA256, TLS_ECDHE_RSA_WITH_AES_128_CBC_SHA256, TLS_DHE_RSA_WITH_AES_256_CBC_SHA256, TLS_DHE_DSS_WITH_AES_256_CBC_SHA256, TLS_DHE_RSA_WITH_AES_128_CBC_SHA256, TLS_DHE_DSS_WITH_AES_128_CBC_SHA256, TLS_ECDHE_ECDSA_WITH_AES_256_CBC_SHA, TLS_ECDHE_RSA_WITH_AES_256_CBC_SHA, TLS_ECDHE_ECDSA_WITH_AES_128_CBC_SHA, TLS_ECDHE_RSA_WITH_AES_128_CBC_SHA, TLS_DHE_RSA_WITH_AES_256_CBC_SHA, TLS_DHE_DSS_WITH_AES_256_CBC_SHA, TLS_DHE_RSA_WITH_AES_128_CBC_SHA, TLS_DHE_DSS_WITH_AES_128_CBC_SHA, TLS_RSA_WITH_AES_256_GCM_SHA384, TLS_RSA_WITH_AES_128_GCM_SHA256, TLS_RSA_WITH_AES_256_CBC_SHA256, TLS_RSA_WITH_AES_128_CBC_SHA256, TLS_RSA_WITH_AES_256_CBC_SHA, TLS_RSA_WITH_AES_128_CBC_SHA, TLS_EMPTY_RENEGOTIATION_INFO_SCSV]
01:51:24.712 [main] DEBUG org.apache.hc.client5.http.ssl.SSLConnectionSocketFactory -- Starting handshake (null)
01:51:24.751 [main] DEBUG org.apache.hc.client5.http.ssl.SSLConnectionSocketFactory -- Secure session established
01:51:24.751 [main] DEBUG org.apache.hc.client5.http.ssl.SSLConnectionSocketFactory --  negotiated protocol: TLSv1.3
01:51:24.751 [main] DEBUG org.apache.hc.client5.http.ssl.SSLConnectionSocketFactory --  negotiated cipher suite: TLS_AES_128_GCM_SHA256
01:51:24.751 [main] DEBUG org.apache.hc.client5.http.ssl.SSLConnectionSocketFactory --  peer principal: CN=*.github.io, O="GitHub, Inc.", L=San Francisco, ST=California, C=US
01:51:24.752 [main] DEBUG org.apache.hc.client5.http.ssl.SSLConnectionSocketFactory --  peer alternative names: [*.github.io, github.io, githubusercontent.com, www.github.com, *.github.com, *.githubusercontent.com, github.com]
01:51:24.752 [main] DEBUG org.apache.hc.client5.http.ssl.SSLConnectionSocketFactory --  issuer principal: CN=DigiCert Global G2 TLS RSA SHA256 2020 CA1, O=DigiCert Inc, C=US
01:51:24.752 [main] DEBUG org.apache.hc.client5.http.impl.io.DefaultManagedHttpClientConnection -- http-outgoing-1 set socket timeout to 3 MINUTES
01:51:24.752 [main] DEBUG org.apache.hc.client5.http.impl.io.DefaultHttpClientConnectionOperator -- googlechromelabs.github.io:443 connected null->googlechromelabs.github.io/185.199.111.153:443 as http-outgoing-1
01:51:24.752 [main] DEBUG org.apache.hc.client5.http.impl.io.PoolingHttpClientConnectionManager -- ep-0000000002 connected http-outgoing-1
01:51:24.752 [main] DEBUG org.apache.hc.client5.http.impl.classic.InternalHttpClient -- ep-0000000002 endpoint connected
01:51:24.752 [main] DEBUG org.apache.hc.client5.http.impl.classic.MainClientExec -- ex-0000000002 executing GET /chrome-for-testing/known-good-versions-with-downloads.json HTTP/1.1
01:51:24.752 [main] DEBUG org.apache.hc.client5.http.protocol.RequestAddCookies -- ex-0000000002 Cookie spec selected: strict
01:51:24.752 [main] DEBUG org.apache.hc.client5.http.impl.classic.InternalHttpClient -- ep-0000000002 start execution ex-0000000002
01:51:24.752 [main] DEBUG org.apache.hc.client5.http.impl.io.PoolingHttpClientConnectionManager -- ep-0000000002 executing exchange ex-0000000002 over http-outgoing-1
01:51:24.753 [main] DEBUG org.apache.hc.client5.http.headers -- http-outgoing-1 >> GET /chrome-for-testing/known-good-versions-with-downloads.json HTTP/1.1
01:51:24.753 [main] DEBUG org.apache.hc.client5.http.headers -- http-outgoing-1 >> user-agent: Apache-HttpClient/5.0
01:51:24.753 [main] DEBUG org.apache.hc.client5.http.headers -- http-outgoing-1 >> accept-encoding: gzip, deflate, br
01:51:24.753 [main] DEBUG org.apache.hc.client5.http.headers -- http-outgoing-1 >> cache-control: max-age=0
01:51:24.753 [main] DEBUG org.apache.hc.client5.http.headers -- http-outgoing-1 >> connection: keep-alive
01:51:24.753 [main] DEBUG org.apache.hc.client5.http.headers -- http-outgoing-1 >> Host: googlechromelabs.github.io
01:51:24.753 [main] DEBUG org.apache.hc.client5.http.wire -- http-outgoing-1 >> "GET /chrome-for-testing/known-good-versions-with-downloads.json HTTP/1.1[\r][\n]"
01:51:24.753 [main] DEBUG org.apache.hc.client5.http.wire -- http-outgoing-1 >> "user-agent: Apache-HttpClient/5.0[\r][\n]"
01:51:24.753 [main] DEBUG org.apache.hc.client5.http.wire -- http-outgoing-1 >> "accept-encoding: gzip, deflate, br[\r][\n]"
01:51:24.753 [main] DEBUG org.apache.hc.client5.http.wire -- http-outgoing-1 >> "cache-control: max-age=0[\r][\n]"
01:51:24.753 [main] DEBUG org.apache.hc.client5.http.wire -- http-outgoing-1 >> "connection: keep-alive[\r][\n]"
01:51:24.753 [main] DEBUG org.apache.hc.client5.http.wire -- http-outgoing-1 >> "Host: googlechromelabs.github.io[\r][\n]"
01:51:24.753 [main] DEBUG org.apache.hc.client5.http.wire -- http-outgoing-1 >> "[\r][\n]"
01:51:24.781 [main] DEBUG org.apache.hc.client5.http.wire -- http-outgoing-1 << "HTTP/1.1 200 OK[\r][\n]"
01:51:24.781 [main] DEBUG org.apache.hc.client5.http.wire -- http-outgoing-1 << "Connection: keep-alive[\r][\n]"
01:51:24.781 [main] DEBUG org.apache.hc.client5.http.wire -- http-outgoing-1 << "Content-Length: 81291[\r][\n]"
01:51:24.781 [main] DEBUG org.apache.hc.client5.http.wire -- http-outgoing-1 << "Server: GitHub.com[\r][\n]"
01:51:24.781 [main] DEBUG org.apache.hc.client5.http.wire -- http-outgoing-1 << "Content-Type: application/json; charset=utf-8[\r][\n]"
01:51:24.781 [main] DEBUG org.apache.hc.client5.http.wire -- http-outgoing-1 << "permissions-policy: interest-cohort=()[\r][\n]"
01:51:24.781 [main] DEBUG org.apache.hc.client5.http.wire -- http-outgoing-1 << "x-origin-cache: HIT[\r][\n]"
01:51:24.781 [main] DEBUG org.apache.hc.client5.http.wire -- http-outgoing-1 << "Last-Modified: Tue, 04 Mar 2025 20:10:05 GMT[\r][\n]"
01:51:24.781 [main] DEBUG org.apache.hc.client5.http.wire -- http-outgoing-1 << "Access-Control-Allow-Origin: *[\r][\n]"
01:51:24.781 [main] DEBUG org.apache.hc.client5.http.wire -- http-outgoing-1 << "Strict-Transport-Security: max-age=31556952[\r][\n]"
01:51:24.781 [main] DEBUG org.apache.hc.client5.http.wire -- http-outgoing-1 << "ETag: W/"67c75e1d-270b53"[\r][\n]"
01:51:24.781 [main] DEBUG org.apache.hc.client5.http.wire -- http-outgoing-1 << "expires: Tue, 04 Mar 2025 20:22:53 GMT[\r][\n]"
01:51:24.781 [main] DEBUG org.apache.hc.client5.http.wire -- http-outgoing-1 << "Cache-Control: max-age=600[\r][\n]"
01:51:24.781 [main] DEBUG org.apache.hc.client5.http.wire -- http-outgoing-1 << "Content-Encoding: gzip[\r][\n]"
01:51:24.781 [main] DEBUG org.apache.hc.client5.http.wire -- http-outgoing-1 << "x-proxy-cache: HIT[\r][\n]"
01:51:24.782 [main] DEBUG org.apache.hc.client5.http.wire -- http-outgoing-1 << "X-GitHub-Request-Id: B28B:3BE058:706A5:7F9B0:67C75ED5[\r][\n]"
01:51:24.782 [main] DEBUG org.apache.hc.client5.http.wire -- http-outgoing-1 << "Accept-Ranges: bytes[\r][\n]"
01:51:24.782 [main] DEBUG org.apache.hc.client5.http.wire -- http-outgoing-1 << "Date: Tue, 04 Mar 2025 20:21:04 GMT[\r][\n]"
01:51:24.782 [main] DEBUG org.apache.hc.client5.http.wire -- http-outgoing-1 << "Via: 1.1 varnish[\r][\n]"
01:51:24.782 [main] DEBUG org.apache.hc.client5.http.wire -- http-outgoing-1 << "Age: 438[\r][\n]"
01:51:24.782 [main] DEBUG org.apache.hc.client5.http.wire -- http-outgoing-1 << "X-Served-By: cache-hyd1100034-HYD[\r][\n]"
01:51:24.782 [main] DEBUG org.apache.hc.client5.http.wire -- http-outgoing-1 << "X-Cache: HIT[\r][\n]"
01:51:24.782 [main] DEBUG org.apache.hc.client5.http.wire -- http-outgoing-1 << "X-Cache-Hits: 12[\r][\n]"
01:51:24.782 [main] DEBUG org.apache.hc.client5.http.wire -- http-outgoing-1 << "X-Timer: S1741119665.576772,VS0,VE0[\r][\n]"
01:51:24.782 [main] DEBUG org.apache.hc.client5.http.wire -- http-outgoing-1 << "Vary: Accept-Encoding[\r][\n]"
01:51:24.782 [main] DEBUG org.apache.hc.client5.http.wire -- http-outgoing-1 << "X-Fastly-Request-ID: 744f52510a8cba527fd834ae0d5c6406c6782036[\r][\n]"
01:51:24.782 [main] DEBUG org.apache.hc.client5.http.wire -- http-outgoing-1 << "[\r][\n]"
01:51:24.782 [main] DEBUG org.apache.hc.client5.http.headers -- http-outgoing-1 << HTTP/1.1 200 OK
01:51:24.782 [main] DEBUG org.apache.hc.client5.http.headers -- http-outgoing-1 << Connection: keep-alive
01:51:24.782 [main] DEBUG org.apache.hc.client5.http.headers -- http-outgoing-1 << Content-Length: 81291
01:51:24.782 [main] DEBUG org.apache.hc.client5.http.headers -- http-outgoing-1 << Server: GitHub.com
01:51:24.782 [main] DEBUG org.apache.hc.client5.http.headers -- http-outgoing-1 << Content-Type: application/json; charset=utf-8
01:51:24.782 [main] DEBUG org.apache.hc.client5.http.headers -- http-outgoing-1 << permissions-policy: interest-cohort=()
01:51:24.783 [main] DEBUG org.apache.hc.client5.http.headers -- http-outgoing-1 << x-origin-cache: HIT
01:51:24.783 [main] DEBUG org.apache.hc.client5.http.headers -- http-outgoing-1 << Last-Modified: Tue, 04 Mar 2025 20:10:05 GMT
01:51:24.783 [main] DEBUG org.apache.hc.client5.http.headers -- http-outgoing-1 << Access-Control-Allow-Origin: *
01:51:24.783 [main] DEBUG org.apache.hc.client5.http.headers -- http-outgoing-1 << Strict-Transport-Security: max-age=31556952
01:51:24.783 [main] DEBUG org.apache.hc.client5.http.headers -- http-outgoing-1 << ETag: W/"67c75e1d-270b53"
01:51:24.783 [main] DEBUG org.apache.hc.client5.http.headers -- http-outgoing-1 << expires: Tue, 04 Mar 2025 20:22:53 GMT
01:51:24.783 [main] DEBUG org.apache.hc.client5.http.headers -- http-outgoing-1 << Cache-Control: max-age=600
01:51:24.783 [main] DEBUG org.apache.hc.client5.http.headers -- http-outgoing-1 << Content-Encoding: gzip
01:51:24.783 [main] DEBUG org.apache.hc.client5.http.headers -- http-outgoing-1 << x-proxy-cache: HIT
01:51:24.783 [main] DEBUG org.apache.hc.client5.http.headers -- http-outgoing-1 << X-GitHub-Request-Id: B28B:3BE058:706A5:7F9B0:67C75ED5
01:51:24.783 [main] DEBUG org.apache.hc.client5.http.headers -- http-outgoing-1 << Accept-Ranges: bytes
01:51:24.783 [main] DEBUG org.apache.hc.client5.http.headers -- http-outgoing-1 << Date: Tue, 04 Mar 2025 20:21:04 GMT
01:51:24.783 [main] DEBUG org.apache.hc.client5.http.headers -- http-outgoing-1 << Via: 1.1 varnish
01:51:24.783 [main] DEBUG org.apache.hc.client5.http.headers -- http-outgoing-1 << Age: 438
01:51:24.783 [main] DEBUG org.apache.hc.client5.http.headers -- http-outgoing-1 << X-Served-By: cache-hyd1100034-HYD
01:51:24.783 [main] DEBUG org.apache.hc.client5.http.headers -- http-outgoing-1 << X-Cache: HIT
01:51:24.783 [main] DEBUG org.apache.hc.client5.http.headers -- http-outgoing-1 << X-Cache-Hits: 12
01:51:24.783 [main] DEBUG org.apache.hc.client5.http.headers -- http-outgoing-1 << X-Timer: S1741119665.576772,VS0,VE0
01:51:24.783 [main] DEBUG org.apache.hc.client5.http.headers -- http-outgoing-1 << Vary: Accept-Encoding
01:51:24.783 [main] DEBUG org.apache.hc.client5.http.headers -- http-outgoing-1 << X-Fastly-Request-ID: 744f52510a8cba527fd834ae0d5c6406c6782036
01:51:24.783 [main] DEBUG org.apache.hc.client5.http.impl.classic.MainClientExec -- ex-0000000002 connection can be kept alive for 3 MINUTES
01:51:24.789 [main] DEBUG org.apache.hc.client5.http.wire -- http-outgoing-1 << "[0x1f][0xffffff8b][0x8][0x0][0x0][0x0][0x0][0x0][0x0][0x3][0xffffffcc][0xffffffbd][0xffffffdd][0xffffff8e],Iv^[0xfffffff9].}[0xffffffad].[0xffffff86][0xffffffdb][0xffffff9f][0xffffff9b][0xfffffff1]9t5[0xffffff83][0xffffffb9][0xffffffe8]!{[0xffffffc8][0x6][0xffffff9a]l[0xffffffa2][0xffffff9b][0xffffff92][0x6]#[0xffffffe8][0xffffffdd]'22[0xffffffcf][0xffffffc9],[0xffffffdb]_[0x1c]U[0xfffffff8]i[0xffffffec][0xfffffff5]A[0x10][0x4][0xffffff8a][0xffffff9d][0xffffffe5]Fbaa[0xffffff95][0xffffff87][0xffffffed][0xffffffed][0xffffffff][0xfffffff3]w[0xffffffff][0xfffffff9][0xffffffa7][0x7f][0xfffffffb][0xffffffe3][0xffffffdf][0xfffffffe][0xfffffff3][0xf][0xffffffff][0xfffffff6][0x1f][0xffffffbf][0xfffffffb][0xffffffc7][0xffffffdf][0xffffff95][[0xffffffe9][0xffffffbf][0xffffffbf][0xffffffd5][0xffffffdf][0xffffffdf][0xffffffda][0x7f][0xffffffbd][0xffffffdd][0xfffffffe][0xffffffb1][0xffffff96][0x7f][0xffffffbc][0xffffff9d][0xffffffbf][0xffffffd4]y[0xfffffffb]?~[0xfffffff7]_~[0xfffffff7][0xffffffdf][0xffffffff][0xfffffff8][0xffffffd7][0xffffffbf][0xfffffffd][0xffffffe9]/[0xffffffff][0xfffffffe][0xffffffb7][0xffffffdf][0xfffffffd][0xffffffe3][0xffffffff][0xfffffff9]?[0xffffffbf][0xfffffffd][0x17][0xfffffff7][0xffffffbf]8[0xffffff8e][0xfffffffa][0xffffffcb][0xffffffed][0xffffff97]>[0xffffffce][0xfffffff2][0xffffffcb][0xffffffed][0xfffffffe][0xffffff9f][0xfffffffa][0xffffffeb][0x1f][0xffffffff][0xfffffffb][0xffffff9f][0xffffffbe][0xffffffff]w[0xffffffca][0xffffffd1]z[0xffffffbf][0xffffffff][0x7f][0xfffffffe][0xfffffff3]_[0xfffffffe][0xffffffc7][0xffffffbf][0xffffffff][0xfffffff9]/[0x7f][0xfffffff8][0xffffffe7][0xfffffffb][0xffffffdf][0xfffffffe][0xffffffcf][0xffffffdf][0xfffffffd][0xffffffd3][0xffffffbf][0xfffffffe][0xfffffff5]/[0xffffffff][0xfffffff6][0xffffffc7][0xffffffc7]?[0xffffffe5]?[0xfffffffe][0xfffffffc][0xffffff87][0xffffffff][0xfffffffc][0x7f][0xfffffffe][0xfffffff2][0xffffffd7][0x7f][0xffffffbb][0xffffffff][0xffffff87][0xffffffff][0xfffffffc][0xffffffa7][0x7f][0xffffffff]o[0xffffffff][0xffffffef]h[0xfffffff7][0xffffffff][0xfffffff0][0x7f][0xfffffffb][0xffffffeb][0xffffff9f][0xffffffef][0xffffffff][0xfffffff5][0xffffffbf][0xfffffffe][0xffffffe7][0x7f][0xfffffffe][0xffffffc7][0xffffffdf][0xfffffffe][0xfffffff1][0x1f][0xfffffffe][0xffffffe1]o[0xffffffff][0xfffffff9][0xffffff97][0xffffffbf][0xfffffffe][0xffffffe1]_[0xfffffffe][0xfffffff8][0xffffffcb][0xffffffbf][0xfffffffc][0xffffffe5]/[0xffffffff][0xfffffff2][0xffffffe7]?[0xfffffffe][0xffffffe1]?[0xfffffffe][0xfffffff4][0xffffffb7]_[0xfffffffe][0xffffffe9]/[0xffffffff][0xfffffff6][0xf][0xffffffef][0xffffffff][0xffffff90][0xffffffdf][0xffffffdf][0xffffffff][0xfffffff8][0xfffffff7][0xffffffff]y?[0xfffffffc][0xffffff9f][0xfffffffe][0xfffffffd]_~[0xffffffff][0x1f][0xffffffff][0xffffffed][0xffffffff][0xfffffffe][0xfffffff3][0xffffff9f][0xfffffffe][0xffffffe9][0x1f][0xffffffbe][0xffffff9e][0xffffffe7][0x1f]>[0xfffffffe][0xffffffa9][0xffffffdf][0xfffffffe][0xffffffe3][0x1f][0xffffffff][0xffffffe5]/[0xffffffff][0xffffffdf][0xffffff9f][0xfffffffe][0xffffffe3]w[0xffffffff][0xffffffeb][0xffffffbf][0xfffffffc][0xffffffea][0xfffffff9][0xffffffff][0xfffffff6][0xffffff87][0x7f][0xfffffffa][0xfffffffd][0x1f][0xfffffffe][0xfffffffa]o[0x7f][0xfffffff7][0x13]|[0xffffffff][0xffffffe7]~[0xfffffffb][0xffffff83][0xffffffef][0xffffffff][0x1f][0xffffffcf]N[0xfffffff1][0xfffffff7][0xffffffff][0xffffffdf][0xffffffc2][0xffffffc7]?[0xfffffff5][0xffffffeb][0x9][0xffffff9e][0xfffffffc]o[0xffffffe1][0x7f][0xfffffffc][0xffffffe9][0xffffffdf]k[0xfffffff9];?[0xfffffffd][0xfffffff1][0xffffffcf][0xfffffffc][0xfffffff6][0x1f]~[0xfffffffc][0x17]O[0xffffff9e][0xfffffffc]w[0xffffffff][0xffffff9f][0xfffffffb][0xfffffff1][0xffffffcf][0xfffffffc][0xfffffff2][0xffffffe4]o[0xffffffff]3[0xffffffff]_[0xffffffff][0xffffffeb][0xffffffed][0xffffffe1][0x12][0xffffffe1][0xffffffda][0xffffffcd][0x18][0xffffffae][0x1d][0xffffff87][0xfffffff8]~[0x4][0xffffff9e][0xffffffe2][0xffffff8f]CP[0x18][0xffffffdf][0x1f]Oq[0xfffffffc][0xfffffffe][0xffffffe8]WA[0x1e][0xffffffd5][0xc][0xffffffe4]Qq[0xffffff90][0xffffffef]G[0xffffffe0]A[0xfffffffe]8[0x4][0x5][0xfffffff2][0xfffffffd][0xfffffff1][0x14][0xffffffc8][0xffffffef][0xffffff8f][0xfffffffe][0xffffff8d] [0xffffffb7][0xffffffc7]_[0xffffffad]![0xffffffa2]b[0xffffff94][0xffffffb1][0xffffffd2]9[0xfffffffe]<[0xf][0xffffff85][0xfffffff1][0xffffff97][0x13]`[0x14]ogH[0xffffff86][0xfffffff8][0xffffffcb][0xffffffd3][0xffffff93][0x19][0xfffffffe][0xfffffff5][0xffffff93]_A[0xfffffff8][0xffffffbc]M[0xffffff81][0xfffffff0][0xffffffac][0xfffffffd]`[0x10]~[0xffffff9c][0x7]E[0xfffffff8][0xfffffffd][0x4],[0xffffffc2][0xffffff9f]g [0x10]~[0x7f]:[0xffffff81][0xfffffff0][0xfffffff7]'[0xffffffbf][0xffffff86][0xfffffff0]R[0x8][0xfffffff7][0xffffffd6]([0xffffff84][0x17][0xffffff8e][0xfffffff0]2@x[0xffffffa1][0x8]/[0xc][0xffffffe1]u[0x1][0xffffffe1][0xffffffe3][0xffffffa6][0x10][0xffffff9e]uB[0x8][0xffffffbf][0xffffff9d][0xffffff87]E[0xfffffff8]q[0x2][0x18][0xffffffe1][0xffffffef]g@[0x10]~<[0x1d]A[0xfffffff8][0xffffffdb][0xffffff93]_C[0xfffffff8][0xfffffff8]%[0xfffffffe];[0xffffffdd]:[0xffffffc6][0xffffff8d]B[0xfffffff8]~[0x1e][0x18][0xffffffe1][0xffffffb7][0x13][0xffffffd0][0x8][0x7f];[0x3][0xffffff83][0xfffffff0][0xffffffdb][0xffffffd3][0x19][0xffffff84]?[0xffffff9e][0xfffffffc][0x1a][0xffffffc2]UXx[0xffffff9d][0xffffff83][\n]"
01:51:24.790 [main] DEBUG org.apache.hc.client5.http.wire -- http-outgoing-1 << "[0xffffff89][0xffffffb7][0xfffffff3][0xffffffc0][0x8]W[0x3][0xb]W[0xffffffd4][0xffffffc2][0x15][0xffffffb3]p[0xffffffbd]b[0xffffffe1][0x1e][0x11][0xffffffae][0xffffffb7]:+[0xffffff85]p[0xffffffc7][0x11][0xffffffee][0x6][0x8]w[0x14][0xffffffe1][0xffffff8e]![0xffffffdc][0xffffffaf] ,[0xffffffde]H[0xffffffd4][0xffffffa3][0x0]/[0xffffff87]?[0xffffffcf][0x3]#l[0xfffffff0]F[0xffffffe2]@[0xffffffdf]H[0x1c][0xffffffd8][0x1b][0xffffff89][0xffffffe3][0xffffffca][0x1b][0xffffff89]r[0xfffffffb][0xffffffa5]E[0xffffff84][0xffffffe7]m@[0x8][0xffffffbf][0xffffff9d][0xffffff87]E[0xfffffff8]q[0x2][0x18][0xffffffe1][0xffffffef]g@[0x10]~<[0x1d]A[0xfffffff8][0xffffffdb][0xffffff93]_CX[0xffffffdc][0xffffff97][0xffffffa8][0xffffffa5]q[0x8][0xffffff83][0xfffffff7]%[0xffffffbe][0xffffff9c][0xffffff80]F[0x18][0xffffffba]/[0xfffffff1][0xffffffe5][0xffffffe9][0xc][0xffffffc2][0xffffffaf][0xffffffdd][0xffffff97][0xfffffff8][0xfffffff8][0xffffffa3]&[0x10][0xffffffae][0xffffffb7][0xffffff83]z#[0xfffffff1]v[0x1e][0x18][0xffffffe1]f[0xffffff80]pC[0x11]n[0x18][0xffffffc2][0xffffffed][\n]"
01:51:24.790 [main] DEBUG org.apache.hc.client5.http.wire -- http-outgoing-1 << "[0xffffffc2][0xffffffaa][0xffffff85][9[0xffffffa8]_[0xffffffe7][\n]"
01:51:24.790 [main] DEBUG org.apache.hc.client5.http.wire -- http-outgoing-1 << "[0xffffffde][0xffffffc2][0xffffffc5][0xffffffa0][0xffffff85][0xb][0xffffffda][0xffffffc2][0x5]k[0xffffffe1]r[0xffffffa5][0xffffff85][0xffffffab][\n]"
01:51:24.790 [main] DEBUG org.apache.hc.client5.http.wire -- http-outgoing-1 << "[0xffffff89][0xffffffd6]V[0xffffff81][0x10][0xffffffae]xHT[0xffffff83][0xffffff90][0xffffffa8]hHT,$[0xffffffea][0xffffff95][0xffffff90][0xffffffa8][0xffffffe2][0xffffffbd]pm[0xfffffff3][0xffffffa4][0xffffffde]HT[0xfffffffc][0xffffffbd]p5x/\[0xffffffd1][0xfffffff7][0xffffffc2][0x15]{/\[0xffffffaf][0xffffffbc][0x17][0xffffffae][0xffffffaa][0xffffff85][0xfffffffb]q[0xffffffc3][0x10][0xffffffc6][[0xffffffb8][0x1a][0xffffffb4][0xfffffff0][0xfffffff7]30[0x8]c-[0xfffffffc][0xffffffed][0xffffffc9][0xffffffaf]![0xffffffac]~[0xffffffda][0xffffffe8][0xfffffffd][0xffffffa4][0xfffffffe]u[0xffffffae][0xffffffe2]?mT[0xffffff83][0xffffff9f]6*[0xfffffffa][0xffffffd3]F[0xffffffc5]~[0xffffffda][0xffffffa8]W~[0xffffffda][0xffffffb8][0xffffffff]Q1C[0xffffffb8][0xffffffe0][0x8][0x17][0x3][0xffffff84][0xb][0xffffff8a]p[0xffffffc1][0x10].W[0x10][0xe][0xffffffd7]|`[0xffffff84][0xffffffe1]k>[0xffffff8f][0x13][0xfffffff0][0x8][0xffffff83][0xffffffd7]|[0x1e]O[0xffffffa7][0x10]~[0xfffffffd][0xffffff9a][0xffffffcf][0xfffffffd][0xffffff8f][0xffffff86][0x19][0xffffffc2][0x3]Gx[0x18] <P[0xffffff84][0x7][0xffffff86][0xfffffff0][0xffffffb8][0xffffff82][0xfffffff0][0xffffffe1][0xffffffc6][0xfffffff0][0xffffffc1]C|8P|[0xffffffb0][0x18][0x1f][0x1c][0xffffffc7][0xffffffc7]%[0xffffff90][0xffffff8b][0x1b][0xffffffc8][0xffffff85][0x7][0xffffffb9]8[0xffffff80]\X[0xffffff90][0xb][0x7]r[0xffffffb9][0x4]r[0x1c][0xffffffce][0xffffff87]A[0xffffffe6][0xffffff86][0xfffffff3][0xffffffbf][0x1e][0xffffff81][0x7][0xffffff99][0x19][0xffffffce][0xffffffff][0xfffffffa]x[\n]"
01:51:24.790 [main] DEBUG org.apache.hc.client5.http.wire -- http-outgoing-1 << "[0xffffffe4][0xffffff97][0xffffff86][0xfffffff3][0xffffffbf][0xffffffff]Us[0x3][0xffffffb9][0xfffffff1] 7[0x7][0xffffff90][0x1b][0xb]r[0xffffffe3]@n[0xffffff97]@^n/[0xffffff8c][0x17][0xffffffff][0xffffffc6][0xfffffff8]~[0x4][0x1e][0xffffffe4][0xffffff8f]CP /[0xffffffee][0xffffffa5][0xfffffff1][0xffffffba][0xfffffff4][0xffffffd6][0xfffffff8][0xffffffa8]n/[0xffffffdd][0xffffffee]'[0xffffffc2]Q~;[0x3][0xffffffcf][0xfffffff2][0xffffffb7]SP0[0xffffffbf]=[0xffffff9f][0xffffffa2][0xfffffff9][0xffffffe3][0xffffffd9][0xffffffbf][0x11][0xffffffe7][0xfffffffe][0xfffffffe]gb\[0xffffffbf][0xffffff9e][0xffffffb7][0xffffff91][0x7f]![0xffffffe8][0xfffffff3]<[0x14][0xffffffca]_N[0xffffff80][0xffffff81][0xffffffbc][0xffffff9d]![0x19][0xffffffe3]/OO[0xffffff86][0xfffffff8][0xffffffd7]O~[0x9][0xffffffe1]&[0xffffffc6][0xfffffff5][0xffffffeb]Yg[0xfffffffe][0xffffffb5][0xffffffcc][0xffffffcf][0xfffffff3][0xffffffb0][0x8]7t\[0x7f];[0x3][0xffffff82]p[0x3][0xffffffc6][0xfffffff5][0x7f][0xfffffffd][0xffffffe4][0xffffffd7][0x10]>[0x14][0xffffffc2][0xffffffbd][0xffffffe5]'[0xffffffc5][0xffffffe7]y`[0xffffff84][0xf][0x3][0xffffff84][0xf][0x14][0xffffffe1][0x3]C[0xfffffff8][0xffffffb8][0xffffff82][0xffffffb0][0xffffffba]Y|[0xfffffff6]uR[0x8][0xffffff83]7[0xffffff8b][0xffffffbf][0xffffff9c][0xffffff80]F[0x18][0xffffffba]Y[0xfffffffc][0xffffffe5][0xffffffe9][0xc][0xffffffc2][0xffffffaf][0xffffffdd],[0xfffffffe][0xfffffff8]#u[0xffffffb3][0xfffffff8][0x1c]-[0x7f][0xffffff81][0xffffffe0][0xffffffe7]y`[0xffffff84][0xffffffd1][0xffffff9b][0xffffffc5][0xffffffdb][0x19][0x18][0xffffff84][0xffffff81][0xffffff9b][0xffffffc5][0xffffffbf]~[0xfffffff2]k[0x8]7[0xffffff89][0xfffffff0][0xffffffca][0xffffffdf]8[0xfffffff1]y[0x1e][0x18][0xffffffe1]f[0xffffff80]pC[0x11]n[0x18][0xffffffc2][0xffffffed][\n]"
01:51:24.790 [main] DEBUG org.apache.hc.client5.http.wire -- http-outgoing-1 << "[0xffffffc2][0xffffffa7]@x[0xffffff96][0xffffff82][0xffffff85][0xffffffc4][0xffffff89]#|[0x1a] |[0xffffffa2][0x8][0xffffff9f][0x18][0xffffffc2][0xffffffe7][0x15][0xffffff84][0xffffffd5]K[0xffffffb5]9;fa[0xfffffffc][0xffffffa5]Z3x[0xffffffa9][0xffffffd6][0xffffffd0][0xffffff97]j[\r]{[0xffffffa9][0xffffffd6][0xffffffae][0xffffffbc]T[0xffffffeb][0xffffffea][0xffffffa5][0xffffffda]*[0x7][0xffffff85]p[0xffffffc7]_[0xffffffaa]u[0xffffff83][0xffffff97]j[0x1d]}[0xffffffa9][0xffffffd6][0xffffffb1][0xffffff97]j[0xfffffffd][0xffffffca]K[0xffffffb5][0xffffffae]^[0xffffffaa][0xffffffad]V[0xffffffa8][0xffffff97]j[0x1d][0x7f][0xffffffa9][0xffffffd6][\r]^[0xffffffaa]u[0xfffffff4][0xffffffa5]Z[0xffffffc7]^[0xffffffaa][0xfffffff5]+/[0xffffffd5][0xffffffee][0x7f][0x14]G[0xffffff94]X[0xffffff84][0xffffffb1][0x11][0xffffffa5]/'[0xffffffe0][0x11]FF[0xffffff94][0xffffffbe]<[0xffffff9d]B[0xfffffff8][0xffffff95][0x11][0xffffffa5][0xffffff8f]?*[\n]"
01:51:24.790 [main] DEBUG org.apache.hc.client5.http.wire -- http-outgoing-1 << "[0xffffffe1]{WS[0x8][0x17][0x1c][0xffffffe1]b[0xffffff80]pA[0x11].[0x18][0xffffffc2][0xffffffe5][\n]"
01:51:24.790 [main] DEBUG org.apache.hc.client5.http.wire -- http-outgoing-1 << "[0xffffffc2][0xffffffe2][0xffffffbd]p[0xffffffbb][0xffffffdd]J[0xfffffffe][0xfffffff6][0xffffffb5][0xffffffcf][0xfffffff3][0xffffffc0][0x8][0x1b][0xffffffbc][0x17][0xffffffee][0xffffffe8]{[0xffffffe1][0xffffff8e][0xffffffbd][0x17][0xffffffee]W[0xffffffde][0xb][0xfffffff7][0xffffffae][0x10][0xffffffee][0xffffffc0][0xffffffc6][0xffffff89][0xffffffcf][0xfffffff3][0xffffffc0][0x8]w[0x3][0xffffff84];[0xffffff8a]p[0xffffffc7][0x10][0xffffffee]W[0x10][0x16][0xffffff9f][0xfffffff7][0xffffffba]#[0xffffff8c][0xffffffdd]T[0xffffffeb][0xffffffe0][0xffffffe7][0xffffffbd][0xffffffbe][0xffffff9c][0xffffff80]F[0x18][0xfffffffa][0xffffffbc][0xffffffd7][0xffffff97][0xffffffa7]3[0x8][0xffffffbf][0xfffffff6]y[0xffffffaf][0xffffff8f]?[0x12]?m[0xffffffb4][0xffffffdb][0xffffffe0],[0xffffff8c][0xffffffff][0xffffffb4][0xffffffd1][\r]~[0xffffffda][0xffffffe8][0xffffffe8]O[0x1b][0x1d][0xfffffffb]i[0xffffffa3]_[0xfffffff9]i[0xffffffa3][0xffffff8b][0x1d][0xffffff98]w[0xffffff84][0xffffff81][0xf][0xffffffcb]|[0xffffff9e][0x7]F[0x18][0xffffffdd][0xffffff81][0xffffffb9][0xffffff9d][0xffffff81]A[0x18][0xffffffd8][0xffffff81][0xfffffff9][0xffffffeb]'[0xffffffbf][0xffffff86][0xffffffb0][0xfffffff8]u[0xffffffae][0xffffffdd][0xffffffce][0xffffff93][0xffffffba]/[0xffffffdc][0xfffffff1]_[0xffffffe7][0xffffffba][0xffffffc1][0xffffffaf]s[0x1d][0xfffffffd]u[0xffffffae]c[0xffffffbf][0xffffffce][0xfffffff5]+[0xffffffbf][0xffffffce][\r][0xfffffff1][0xffffffd3]FC[0xffffffbe][0xffffffca][0xfffffff1]y[0x1e][0x16][0xffffffe1]a[0xfffffff0][0xffffffd3][0xffffffc6]@[0x7f][0xffffffda][0x18][0xffffffd8]O[0x1b][0xffffffe3][0xffffffca]O[0x1b]C[0xffffffdc][0x17]n[0xffffffc7][0xffffffa8][0xffffffd4]K[0xffffffb5][0xffffff81][0xffffffdf][0x17][0x1e][0x6][0xfffffff7][0xffffff85][0x7]z_x`[0xfffffff7][0xffffff85][0xffffffc7][0xffffff95][0xfffffffb][0xffffffc2][0xfffffff7]?jf[0x8]c[0x1f][0xffffff96][0xfffffff9]r[0x2][0x1e]a[0xffffffe4][0xffffffc3]2_[0xffffff9e]N![0xfffffffc][0xffffffca][0xffffff87]e>[0xfffffffe]H[0xfffffffd][0xffffffb4]q[0xffffffac]A[0xffffffb5][0xfffffff0][0xffffffc0][0x7f][0xffffffda][0x18][0x6]?m[0xc][0xfffffff4][0xffffffa7][0xffffff8d][0xffffff81][0xfffffffd][0xffffffb4]1~[0xfffffff8][0xffffffd3][0xffffffc6][0x7f][0xfffffff9][0xffffff80][0xfffffff0][0xffffff9f][0xffffffff][0xfffffffa][0xffffffa7];[0xffffffc8][0x4][0xffffff8a][0xffffffef]Ov[0x0][0xfffffff2][0xffffffe3]$8[0xffffff96]_[0xffffffce][0x1][0xffffffc1][0xfffffff9]q[0x2][0xc][0xffffffd1][0xffffffcf][0xffffffe7][0xffffffff]o][0xffffffdb][0xffffff85]k[0xffffffcb][0x0]>+[0xfffffffe]y[0x1e][0xffffffd8][0xffffffb5][0xffffffdd][0xffffffc0][0xffffffb5]=@[0xffffff9d][0xffffff89]s[0xffffffc7]\[0xffffffdb][0xffffff9d]\[0x1b]Qd\[0xffffffab][0xffffff80]d\[0x1b][0xffffffb1][0xffffffcc]w[0xffffffed][0xe]g[0xffffffb6]kwD_p[0xffffffad][0xfffffffa][0xffffffa5][0xffffffad][0x1e][0x13]s-[0xfffffffe]K[0xffffffdb]0[0xfffffff8][0xffffffa5]m[0xffffffa0][0xffffffbf][0xffffffb4][\r][0xffffffec][0xffffff97][0xffffffb6][0xfffffff1][0xffffffc3]_[0xffffffda][0xffffffb2]][0x1b]Qd\[0xffffffab][0xffffff80]d\[0x1b][0xffffffb1][0xffffffcc]w[0xffffffed][0xe]g[0xffffffb6]kwD_p[0xffffffad][0xfffffffa]I[0xffffffb8][0xfffffff6][0xffffff8a][0xfffffffd][0x18][0xffffff81][0xffffffff]$<[0xc]~[0x12][0x1e][0xffffffe8]O[0xffffffc2][0x3][0xfffffffb]Ix[0xfffffffc][0xfffffff0]'[0xffffffe1]l[0xffffffd7]F[0x14][0x19][0xffffffd7]* [0x19][0xffffffd7]F,[0xfffffff3]][0xffffffbb][0xffffffc3][0xffffff99][0xffffffed][0xffffffda][0x1d][0xffffffd1][0x17]\[0xffffffab][0xffffffee].[0xffffffd4][0xffffffd1][0xffffffa9][0x15]%[0x3][0xffffffbf][0xffffffbb]0[0xc][0xffffffee].[0xc][0xfffffff4][0xffffffee][0xffffffc2][0xffffffc0][0xffffffee].[0xffffff8c][0x1f][0xffffffde]][0xffffffc8]vmD[0xffffff91]q[0xffffffad][0x2][0xffffff92]qm[0xffffffc4]2[0xffffffdf][0xffffffb5];[0xffffff9c][0xffffffd9][0xffffffae][0xffffffdd][0x11][0xfffffffd][0xffffffed][0xffffffae]=[0xffffffc5][0x8]|[0xffffffab][0xffffffe7]AM[0xffffffae][0xffffff9d][0xfffffff8][0x8][0xfffffffc]i0[0x2][0x7f][0xffffffa2]#[0xfffffff0]'6[0x2][0x7f][0xfffffffe]p[0x4]>[0xffffffd9][0xffffffb5][0x2]E[0xffffffc4][0xffffffb5][0x12]H[0xffffffc4][0xffffffb5][0x2][0xffffffcb]t[0xffffffd7][0x6]8[0xffffff93]][0x1b][0x10]}[0xffffffc1][0xffffffb5][0xffffffea]Bc[0xffffffbd][0xffffff97]2[0xffffffe5]Z[0xfffffffc]B[0xffffffe3]ip[0xffffffa1][0xfffffff1]D/4[0xffffff9e][0xffffffd8][0xffffff85][0xffffffc6][0xfffffff3][0xffffff87][0x17][0x1a][0xffffffb3]][0x1b]Qd\[0xffffffab][0xffffff80]d\[0x1b][0xffffffb1][0xffffffcc]w[0xffffffed][0xe]g[0xffffffb6]kwD_p[0xffffffad][0xffffffba]y[[0xffffffe7]A][<[0xfffffff1][0xffffff9b][0xffffffb7][0xffffffa7][0xffffffc1][0xffffffcd][0xffffffdb][0x13][0xffffffbd]y{b7o[0xffffffcf][0x1f][0xffffffde][0xffffffbc][0xffffffcd]vmD[0xffffff91]q[0xffffffad][0x2][0xffffff92]qm[0xffffffc4]2[0xffffffdf][0xffffffb5];[0xffffff9c][0xffffffd9][0xffffffae][0xffffffdd][0x11]}[0xffffffc1][0xffffffb5][0xffffffea]~m][0xffffffc0][0xffffffb7][0xffffff82]>[0xffffffcf][0x3][0xffffffbb][0xffffffd6][0xffffffe0]~[0xffffffed][0x19]/2f[0xffffffe2][0xffffff8c][0xffffffdd][0xffffffaf]=[0xfffffff7][0xffffffcb][0xffffff8b][0xffffffa8]kM[0xffffffee][0xffffffd7]J [0x19][0xffffffd7][0x1a][0xffffffdc][0xffffffaf][\r]pf[0xffffffbb][0xfffffff6][0xfffffffa][0xfffffffd][0xffffffda][0xfffffffb][0xffffff9f]63[0xffffffd7][0xffffffc2][0xffffffe3]8[0xffffff8f][0x13][0xfffffff0][0xffffffae][0x5][0xffffffc7]q[0x1e]O[0xffffffa7]\[0xfffffffb][0xffffff83]q[0xffffff9c]|[0xffffffd7][0xffffffee](R[0xffffffae][0xffffff8d]@R[0xffffffae][0xffffffdd][0xffffffb1]$\[0xffffffdb]`[0xffffffd7][0xffffffb6][0xffffffab][0xffffffae]U[0xffffffcb][0xffffff98][0xffffffda][0xffffffc2][0xffffffd6]C[0xffffff9f][0xfffffff8]2[0xffffffa6][0xffffffd3]`[0x19][0xffffffd3][0xffffff89].c:[0xffffffb1]eL[0xffffffe7][0xf][0xffffff97]1e[0xffffffbb]6[0xffffffa2][0xffffffc8][0xffffffb8]V[0x1][0xffffffc9][0xffffffb8]6b[0xffffff99][0xffffffef][0xffffffda][0x1d][0xffffffce]l[0xffffffd7][0xffffffee][0xffffff88][0xffffffbe][0xffffffe0]Z5[0xffffffcb][0xffffffd0][0xb][0xfffffff6]5[0xffffff89][0x13][0xffffff9f]e8[\r]f[0x19][0xffffffce]xi<[0x13]gl[0xffffff96][0xffffffe1][0xffffffdc]/[0xffffff8a][0xffffffa3][0xffffffae]5[0xffffff99]e[0xffffff90]@2[0xffffffae]5[0xffffff98]e[0x8]pf[0xffffffbb][0xfffffff6][0xfffffffa],[0xffffffc3]T[0xfffffff7][0x10]F[0xffffffc3]>[0x1]8[0xfffffff1]{[0x8][0xffffffd3][0xffffffe0][0x1e][0xffffffc2][0xffffff8c]?[0xfffffff8]&[0xffffffe2]<[0xffffffb1]{[0x8]s[0xffffffff][0xffffff91][0xffffff97]t[0xffffffad]@[0x11]q[0xffffffad][0x4][0x12]q[0xffffffad][0xffffffc0]2[0xffffffdd][0xffffffb5][0x1][0xffffffce]d[0xffffffd7][0x6]D_pmW[0xffffffae]][0xffffffa5]Q[0xffffffae][0xffffffed][0xffffffb8]k[0xffffffbb][0xffffff81]k{[0xffffff80]:[0x13][0xffffffe7][0xffffff8e][0xffffffb9][0xffffffb6];[0xffffffb9]6[0xffffffa2][0xffffffc8][0xffffffb8]V[0x1][0xffffffc9][0xffffffb8]6b[0xffffff99][0xffffffef][0xffffffda][0x1d][0xffffffce]l[0xffffffd7][0xffffffee][0xffffff88][0xffffffbe][0xffffffe0]Z57v[0xffffffde][0xffffffff][0xffffff89][0xffffff94]k[0xfffffff1][0xffffffb9][0xffffffb1]i076[0xffffffe3][0xffffff80]N&[0xffffffce][0xffffffd8][0xffffffdc][0xffffffd8][0xffffffdc][0xffffff87]rP[0xffffffd7][0xffffff9a][0xffffffcc][0xffffff8d]I [0x19][0xffffffd7][0x1a][0xffffffcc][0xffffff8d][0x5]8[0xffffffb3]]{}nl[0xffffffdd]~[0xffffffa9][0xffffffc1][0xffffffb5][0xfffffff3][0xfffffffe][0x7f]![0xffffffd7][0xffffffbe][0xffffff9d][0xffffff87]u[0xffffffed][0xffffffe3][0x4][0xffffffb0]k[0xffffffbf][0xffffff9f][0x1]q[0xffffffed][0xffffffe3][0xffffffe9][0xffffff88]k[0xffffffbf]=[0xffffffd9][0xffffffc2][0xffffffb5][0x2]E[0xffffffc4][0xffffffb5][0x12]H[0xffffffc4][0xffffffb5][0x2][0xffffffcb]t[0xffffffd7][0x6]8[0xffffff93]][0x1b][0x10]}[0xffffffc9][0xffffffb5][0xffffff87][0xffffff9b]l[0xf][0xffffffde][0xffffffb6][0xffffff87][0xffffff83]n[0xf][0xffffffd6][0xffffffb7][0x7]'[0xffffffdc][0xffffffc3][0xffffffca][0xffffffb8][0xffffff81]GJ[0xffffffb9][0xffffff82]J[0xffffffca][0xffffffb9][0xffffff81]MB[0xffffffba][0x7]m[0xffffffdd][0xffffffe3]'[0xffffffb4][0xfffffffb]xM[0xffffffeb][0xffffffa4][0xffffffdd][0x2]_[0xffffffb6]}?[0x2][0xffffffaf][0xffffffdd][0x2]^[0xffffffb7]}[0x7f]<[0xffffffa5][0xffffffdd][0xffffffe2]s[0xffffffe1]V[0xfffffff1]HiWPIi7[0xffffffb0]Ih[0xffffffb7][0xffffffa0][0xffffff97]n#[0xffffffa7]/i[0xffffffb7][0xf]3[0xffffffed][0xfffffff6][0xffffff81]k[0xfffffff7]~[0x4]^[0xffffffbb][0x1f][0xffffff87][0xffffffa0][0xffffffb4]{[0x7f]<[0xffffffa5][0xffffffdd][0xfffffff7]G[0xffffffbb]h7[0xfffffff0]HiWPIi7[0xffffffb0]Ihw#4_[0xffffffbb][0x1b][0xffffffa7]/i[0xfffffff7][0xffffffec]f[0xffffffda]=;[0xffffffae][0xffffffdd][0xfffffffb][0x11]x[0xffffffed]~[0x1c][0xffffff82][0xffffffd2][0xffffffee][0xfffffffd][0xfffffff1][0xffffff94]v[0xffffffdf][0x1f][0xffffffed][0xffffffa2][0xffffffdd][0xffffffc0]#[0xffffffa5]]A%[0xffffffa5][0xffffffdd][0xffffffc0]&[0xffffffa1][0xffffffdd][0xffffff8d][0xffffffd0]|[0xffffffed]n[0xffffff9c][0xffffffbe][0xffffffa4][0xffffffdd][0x15]/-[0xffffffb0][0xffffffda]][0xfffffff0][0xffffffad][0xffffff85][0xfffffff7]#[0xfffffff0][0xffffffda][0xfffffffd]8[0x4][0xffffffa5][0xffffffdd][0x5]]\[0xfffffff8][0xfffffffe]h[0x17][0xffffffed][0x6][0x1e])[0xffffffed][\n]"
01:51:24.791 [main] DEBUG org.apache.hc.client5.http.wire -- http-outgoing-1 << "*)[0xffffffed][0x6]6[0x9][0xffffffed].[0xfffffff4][0xfffffff6]B[0xffffffe4][0xfffffff4]5[0xffffffed]N7[0xffffffed]N^[0xffffffbb][0xffffffd3]A[0xffffffbb][0xffffff93][0xffffffd5][0xffffffee][0xffffffe4][0xffffffb4];[0xffffffad][0xffffffb4][0xffffffbb][0xfffffff3][0xffffff88]i7R[0xffffff89]iwg[0x13][0xffffffd1][0xffffffee][0xffffffa4][0xffffffb5];[0xffffffaf]k[0xfffffff7][0xffffffb8][0x15]3[0xffffffef][0xffffffde]O[0xffffff84][0xffffff8b][0xfffffff7][0xffffffed][0xc][0xffffffbc]y[0xffffffbf][0xffffff9d][0xffffff82]R[0xffffffef][0xffffffdb][0xfffffff3])[0xfffffff7]~<[0xffffffdb]E[0xffffffbe][0x11]J[0xffffffca][0xffffffbe][\n]"
01:51:24.791 [main] DEBUG org.apache.hc.client5.http.wire -- http-outgoing-1 << "MJ[0xffffffbf][0x11]P[0xffffffc2][0xffffffbf];[0xffffffa6][0xfffffff9][0x2][0xffffffde]a}[0xffffffcd][0xffffffc0][0xffffffa7][0xffffffdb][0xb][0xffffff87][0xfffffffb][0xffffff89]x[0x3][0xffffffdf][0xffffffcf]``[0xffffffe0][0xffffff8f]S`[0x6]>[0xffffffb9][0xffffff97][0xe][0x1f][0xffffffcf][0xffffffb6]1p[0xffffff80][0x12]3[0xffffffb0]@[0x13]3p[0x0][0x14]1[0xfffffff0]I[0xffffffbf]y[0xffffffd8]a[0xfffffffd]-[0x6][0x1e][0xffffffef][0x7f][0xffffffac][0xffffffb6]/[0xffffffcc][0xffffffb3][0xffffffe6][0xfffffffb][0xfffffff7][0xfffffff3]<[0xffffff94]}[0xffffffbf][0xffffff9c][0x0]s[0xffffffef]v[0xffffff86]d[0xfffffff3]~yz[0xffffffb2]w[0x7f][0xfffffffd]d[0xffffffd8][0xffffffba]OQLv[0xffffffee][0xf][0xffffff80]L6[0xffffffee]S,[0x13]}[0xfffffffb][0x4][0xffffffce]4[0xffffffdb]>A[0xfffffff4][0x5][0xffffffd7][0xffffffaa][0xffffffcd][0xffffffe4][0xffffffab][0xffffff8e]B[0xffffffb9][0x16][0xffffffdc]L[0xfffffffe][0xffffffe5][0x4][0xffffffb4]k[0xffffffa1][0xffffffcd][0xffffffe4]_[0xffffff9e][0xffffffce][0xffffffb8][0xffffffd6]c3[0xfffffff9]S[0x14][0x19][0xffffffd7][0x1a]l&[0x7f][0xffffff8a]e[0xffffffbe]k[0xffffffb1][0xffffffcd][0xffffffe4]O[0x10]}[0xffffffc1][0xffffffb5]M[0xffffffb9]v[0xfffffff4][0xfffffffc][0xffffffcd][0xffffffe4][0xffffff9f][0xffffffe7][0xffffff81]][0xffffffdb][0xc]\[0xffffffdb][0x2][0xffffffd4][0xffffff99]87[0xffffffcc][0xffffffb5][0xffffffcd][0xffffffc9][0xffffffb5][0x11]E[0xffffffc6][0xffffffb5][\n]"
01:51:24.791 [main] DEBUG org.apache.hc.client5.http.wire -- http-outgoing-1 << "H[0xffffffc6][0xffffffb5][0x11][0xffffffcb]|[0xffffffd7][0xffffffee]pf[0xffffffbb]vG[0xfffffff4][0x5][0xffffffd7]v[0xffffffe5][0xffffffda]u`[0xffffffae][0xffffffed][0xffffffb8]k[0xffffffbb][0xffffff81]k{[0xffffff80]:[0x13][0xffffffe7][0xffffff8e][0xffffffb9][0xffffffb6];[0xffffffb9]6[0xffffffa2][0xffffffc8][0xffffffb8]V[0x1][0xffffffc9][0xffffffb8]6b[0xffffff99][0xffffffef][0xffffffda][0x1d][0xffffffce]l[0xffffffd7][0xffffffee][0xffffff88][0xffffffbe][0xffffffe0][0xffffffda][0x11]][0xffffffdb]o[0xffffffb7][0xffffff81][0xffffffb9]v[0xffffffe0][0xffffffae][0x1d][0x6][0xffffffae][0x1d][0x1][0xffffffea]L[0xffffff9c][0x7][0xffffffe6][0xffffffda][0xffffffe1][0xffffffe4][0xffffffda][0xffffff88]"[0xffffffe3]Z[0x5]$[0xffffffe3][0xffffffda][0xffffff88]e[0xffffffbe]kw8[0xffffffb3]][0xffffffbb]#[0xfffffffa][0xffffff82]k[0xffffffc5]W [0xffffffee][0xffffffae]][0xffffffd8][0xfffffffb]Z[0xfffffff0]+[0x10]_N@[0xffffffbb][0x16][0xfffffffa][\n]"
01:51:24.791 [main] DEBUG org.apache.hc.client5.http.wire -- http-outgoing-1 << "[0xffffffc4][0xffffff97][0xffffffa7]3[0xffffffae][0xfffffff5][0xfffffff8][\n]"
01:51:24.791 [main] DEBUG org.apache.hc.client5.http.wire -- http-outgoing-1 << "[0xffffffc4]S[0x14][0x19][0xffffffd7][0x1a]|[0x5][0xffffffe2])[0xffffff96][0xfffffff9][0xffffffae][0xffffffc5][0xffffffbe][0x2][0xfffffff1][0x4][0xffffffd1][0x17]\;[0xffffff95]k[0xffffff8f]#[0xffffffff]+[0x10][0xffffff9f][0xffffffe7][0xffffff81]];[\r]\;[0x3][0xffffffd4][0xffffff99]8O[0xffffffcc][0xffffffb5][0xffffffd3][0xffffffc9][0xffffffb5][0x11]E[0xffffffc6][0xffffffb5][\n]"
01:51:24.791 [main] DEBUG org.apache.hc.client5.http.wire -- http-outgoing-1 << "H[0xffffffc6][0xffffffb5][0x11][0xffffffcb]|[0xffffffd7][0xffffffee]pf[0xffffffbb]vG[0xfffffff4][0x5][0xffffffd7][0xffffff8a][0xffffffcd][0xffffffe4]w[0xffffffd7][0x2]_7[0xfffffffb]<[0xf][0xffffffec]Zt3[0xfffffff9]v[0x6][0xffffffc6][0xffffffb5][0xffffffc0]f[0xfffffff2]_?[0xffffffd9][0xffffffc3][0xffffffb5][0xfffffff8]f[0xfffffff2][0x1f][0x0][0xffffffc9][0xffffffb8][0x16][0xffffffdd]L[0xfffffffe][0x4][0xffffffce]l[0xffffffd7]^[0xffffffd9]L[0xfffffffe][0xfffffff8][0xffffffd3]y[0xffffffbb])[0xffffffd7][0xffffff96][\n]"
01:51:24.792 [main] DEBUG org.apache.hc.client5.http.wire -- http-outgoing-1 << "[0xffffffb9][0xfffffff6]q[0x1e][0xffffffd4][0xffffffb5][0xffffffef]'`][0xfffffffb]y[0x6][0xffffffc2][0xffffffb5][0xffffffef]O'\[0xfffffffb][0xfffffffd][0xffffffc9][0xe][0xffffffae]U([0x12][0xffffffae][0xffffffd5]@[0x12][0xffffffae]UXf[0xffffffbb]6[0xffffffc2][0xffffff99][0xffffffeb][0xffffffda][0xffffff88][0xffffffe8][0xb][0xffffffae][0x15][0xffffffb3][0xc][0xfffffffd]V+[0xfffffff4][0xe][0xffffffe1]q[0x1e][0xffffffd8][0xffffffb5][0xfffffffc],[0xffffffc3][0xffffffe7][0x19][0x18][0xffffffd7]R[0xffffffb3][0xc][0xffffffdf][0xffffff9f][0xffffffec][0xffffffe1]Z[0xffffff8f]Y[0x6][\r]$[0xffffffe3]Z~[0xffffff96]![0xffffffc2][0xffffff99][0xffffffed][0xffffffda][0xffffffcb][0xffffffb3][0xc][0xfffffff3]V[0xffffff94]k[0xffffffdb]8)[0xffffffd7][0x16][0xffffffdc][0xffffffb5][0xffffffc5][0xffffffc0][0xffffffb5]%@[0xffffff9d][0xffffff89]s[0xffffffc1]\[[0xffffff9c]\[0x1b]Qd\[0xffffffab][0xffffff80]d\[0x1b][0xffffffb1][0xffffffcc]w[0xffffffed][0xe]g[0xffffffb6]kwD_pm[0xfffffffd]%l[0xffffffa9][0xffffffe9][0xffffffb7]U0[0xffffffd7][0xffffffde][0xffffffcf][0x3][0xffffffbb][0xfffffff6][0xffffffed][0x4][0xffffffb4]k[0xffffffbf][0xffffff9d][0xffffff81]q[0xffffffed][0xffffffdb][0xffffffd3][0x19][0xffffffd7]~<[0xffffffd9][0xffffffc3][0xffffffb5][0x11]E[0xffffffc6][0xffffffb5][\n]"
01:51:24.792 [main] DEBUG org.apache.hc.client5.http.wire -- http-outgoing-1 << "H[0xffffffc6][0xffffffb5][0x11][0xffffffcb]|[0xffffffd7][0xffffffee]pf[0xffffffbb]vG[0xfffffff4][0x5][0xffffffd7][0xffffff8a][0xffffffb9][0xffffffb1]~[0x1c][0x15]s-=7[0xfffffff6]~[0x2][0xffffffda][0xffffffb5][0xffffffe4][0xffffffdc][0xffffffd8][0xfffffffb][0xffffffd3][0x19][0xffffffd7][0x1a][0xffffffcd][0xffffff8d])[0x14][0x19][0xffffffd7][0xffffffba][0xffffffcc][0xffffff8d]),[0xfffffff3]][0xffffffcb][0xffffffce][0xffffff8d]ED_p[0xffffffad][0xffffff98][0x1b][0xffffffeb]G[0xffffffeb][0xffffff93]r-=7[0xfffffff6]~[0x2][0xffffffda][0xffffffb5][0xffffffe4][0xffffffdc][0xffffffd8][0xfffffffb][0xffffffd3][0x19][0xffffffd7][0x1a][0xffffffcd][0xffffff8d])[0x14][0x19][0xffffffd7][0xffffffba][0xffffffcc][0xffffff8d]),[0xfffffff3]][0xffffffcb][0xffffffce][0xffffff8d]ED_p[0xffffffed]P[0xffffffae]=[0x1b][0xffffffd6][0xffffffb5][0x3]w[0xffffffed]0p[0xffffffed][0x8]Pg[0xffffffe2]<0[0xffffffd7][0xe]'[0xffffffd7]F[0x14][0x19][0xffffffd7]* [0x19][0xffffffd7]F,[0xfffffff3]][0xffffffbb][0xffffffc3][0xffffff99][0xffffffed][0xffffffda][0x1d][0xffffffd1][0x17]\[0xffffffab][0xffffffe6][0xffffffc6][0xffffffca]qb[0xffffffae][0xffffffa5][0xffffffe7][0xffffffc6][0xffffffde]O@[0xffffffbb][0xffffff96][0xffffff9c][0x1b]{[0x7f]:[0xffffffe3]Z[0xffffffa3][0xffffffb9]1[0xffffff85]"[0xffffffe3]Z[0xffffff97][0xffffffb9]1[0xffffff85]e[0xffffffbe]k[0xffffffd9][0xffffffb9][0xffffffb1][0xffffff88][0xffffffe8][0xb][0xffffffae]Usc[0xffffffa5][0xffffffdd][0xffffffb0]w[0x8][0xfffffff4][0xffffffdc][0xffffffd8][0xfffffffb][0x9]h[0xffffffd7][0xffffff92]sc[0xffffffef]Og\k47[0xffffffa6]Pd\[0xffffffeb]27[0xffffffa6][0xffffffb0][0xffffffcc]w-;7[0x16][0x11]}[0xffffffc9][0xffffffb5][0xfffffff1][0x1e][0x2][0xffffffeb]Z[0xfffffffa][0x1e][0xffffffc2]4[0xffffffb8][0xffffff87]0[0xffffffc3][0xf][0xffffffbe][0xffffffb9]8S[0xfffffff7][0x10][0xffffffa6][0xffffffd3]=[0xffffff84][0xffffff88]"[0xffffffe5]Z[0xffffff97]{[0x8][0x11]K[0xffffffc2][0xffffffb5][0xffffffec]=[0xffffff84][0x1d][0xffffffd1][0x17]\[0xffffffab]ft[0xffffffcb]yb[0xffffffb3][0xc][0xfffffff4][0xffffff8c][0xffffffee][0xfffffffb][0x9]h[0xffffffd7][0xffffff92]3[0xffffffba][0xffffffef]Og\k4[0xffffffa3][0xffffffab]Pd\[0xffffffeb]2[0xffffffa3][0xffffffab][0xffffffb0][0xffffffcc]w-;[0xffffffa3][0x1b][0x11]}[0xffffffc9][0xffffffb5][0xffffffa2]kQ[0xffffffd7][0xffffffd2]][0xffffffbb][0xc][0xffffffba]v[0xffffff85][0xffffff80][0xffffffc8][0xffffffc5][0xffffff99][0xffffffea][0xffffffda][0xffffffe5][0xffffffd4][0xffffffb5][0x11]E[0xffffffca][0xffffffb5].][0x1b][0xffffffb1]$\[0xffffffcb]v[0xffffffed][0xffffff8e][0xffffffe8]ow[0xffffffed][0xffffffa1][0xfffffff6]![0xffffff94]u[0x1c][0xffffff90]k[0xf]|[0x1f][0xffffffc2]a[0xffffffb0][0xf][0xffffffe1][0xffffff88][0xffffff83][0xffffffe7][0xffffff89]8[0x1f][0xffffffd8]>[0xffffff84]c[0x1f]6']+PD\+[0xffffff81]D\+[0xffffffb0]Lwm[0xffffff80]3[0xffffffd9][0xffffffb5][0x1][0xffffffd1][0x17]\[0xffffffab]ft[0xffffffcb][0xffffff9a][0xffffff85]r->[0xffffffa3]{[0x18][0xffffffcc][0xffffffe8][0x1e]q[0x18]2[0x13]glF[0xfffffff7][0xffffffd8][0x7] Q[0xffffffd7][0xffffff9a][0xffffffcc][0xffffffe8]J [0x19][0xffffffd7][0x1a][0xffffffcc][0xffffffe8][0x6]8[0xffffffb3]]{}F[0xfffffff7]P[0xffffffb3][0xc][0xffffffb5][0xffffffdf]:[0xffffffe5]Z|[0xffffff96][0xffffffe1]0[0xffffff98]e8[0xffffffe2][0xffffffa5][0xfffffff1]L[0xffffff9c][0xffffffb1]Y[0xffffff86]c[0xffffffbf]([0xffffff8e][0xffffffba][0xffffffd6]d[0xffffff96]A[0x2][0xffffffc9][0xffffffb8][0xffffffd6]`[0xffffff96]![0xffffffc0][0xffffff99][0xffffffed][0xffffffda][0xffffffeb][0xffffffb3][0xc]o[0xffffffff]Ot[0xffffffed]9[0xffffffb1]w[0x8][0x3]w[0xffffffed]0p[0xffffffed][0x8]Pg[0xffffffe2]<0[0xffffffd7][0xe]'[0xffffffd7]F[0x14][0x19][0xffffffd7]* [0x19][0xffffffd7]F,[0xfffffff3]][0xffffffbb][0xffffffc3][0xffffff99][0xffffffed][0xffffffda][0x1d][0xffffffd1][0x17]\[0xffffffab]f[0x19][0xffffffda][0xffffffd1][0xffffffb0]w[0x8][0xfffffff8],[0xffffffc3]a0[0xffffffcb]p[0xffffffc4]K[0xffffffe3][0xffffff99]8c[0xffffffb3][0xc][0xffffffc7]~Q[0x1c]u[0xffffffad][0xffffffc9],[0xffffff83][0x4][0xffffff92]q[0xffffffad][0xffffffc1],C[0xffffff80]3[0xffffffdb][0xffffffb5][0xffffffd7]g[0x19][0xe]5[0xffffffcb][0xffffffd0]j[0xffffffc3][0xffffffba][0x16][0xffffff9f]e8[0xc]f[0x19][0xffffff8e]xi<[0x13]gl[0xffffff96][0xffffffe1][0xffffffd8]/[0xffffff8a][0xffffffa3][0xffffffae]5[0xffffff99]e[0xffffff90]@2[0xffffffae]5[0xffffff98]e[0x8]pf[0xffffffbb][0xfffffff6][0xfffffffa],CQ[0xffffffef]k[0xfffffffb]j[0xffffffd0]wt[0x1f][0xffffffe7]a][[0xc][0xffffffde][0xffffffd7][0xffffff96][0xfffffff8]b,[0x11][0xffffffe7][0xffffff82][0xffffffbd][0xffffffaf]-[0xfffffffb][0xffffffcb]0[0xffffffd2][0xffffffb5][0x2]E[0xffffffc4][0xffffffb5][0x12]H[0xffffffc4][0xffffffb5][0x2][0xffffffcb]t[0xffffffd7][0x6]8[0xffffff93]][0x1b][0x10]}[0xffffffc1][0xffffffb5][0xffffffea][0x1d][0xffffffc2][0xffffffb8]Q[0xffffffdf]v|[0xffffff9c][0x7]v[0xffffffad][0xffffffc1];[0xffffff84][0x12][0xffffffff]e-[0x13]g[0xffffffec][0x1d]B[0xffffffd9][0xffffffff][0x5][\r]u[0xffffffad][0xffffffc9];[0x4][0x9]$[0xffffffe3]Z[0xffffff83]w[0x8][0x1][0xffffffce]l[0xffffffd7]^[0x7f][0xffffff87]P[0xffffffd4];[0xffffff84]q`[0xffffffdf][0x1b]+[0xfffffff8];[0xffffff84]b[0xfffffff0][0xe][0xffffffa1][0xffffffc4][0x7f]Y[0xffffffcb][0xffffffc4][0x19]{[0xffffff87]P[0xfffffff6][0x7f]AC]k[0xfffffff2][0xe]A[0x2][0xffffffc9][0xffffffb8][0xffffffd6][0xffffffe0][0x1d]B[0xffffff80]3[0xffffffdb][0xffffffb5]?[0xfffffff1][0xe]A[0xffffffcd][0xffffffe8][0xffffff8e]v6[0xffffffca][0xffffffb5][0xfffffff8][0xffffff8c]n1[0xffffff98][0xffffffd1]-q[0x18]2[0x13]glF[0xffffffb7][0xffffffec][0x3][0xffffff90][0xffffffa8]kMft%[0xffffff90][0xffffff8c]k[\r]ft[0x3][0xffffff9c][0xffffffd9][0xffffffae][0xffffffbd]>[0xffffffa3][[0xffffffd5],[0xffffffc3][0xffffffd9]:[0xffffffe5][0xffffffda][0xffffff8a][0xffffffcf]2T[0xffffff83]Y[0xffffff86][0x1a]/[0xffffff8d]'[0xffffffe2]\[0xffffffb1]Y[0xffffff86][0xffffffba]_[0x14]']+PD\+[0xffffff81]D\+[0xffffffb0]Lwm[0xffffff80]3[0xffffffd9][0xffffffb5][0x1][0xffffffd1][0x17]\[0xffffffab]~[0x1b][0xffffff9b][0xffffffed][0xffffffa4][0xffffffde]!T[0xfffffffc][0xffffffb7][0xffffffb1]j[0xfffffff0][0xffffffdb]X[0xffffff8d]?Bd[0xffffffe2][0xffffff8c][0xfffffffd]6V[0xfffffff7][0x1f][0x1e]P[0xffffffd7][0xffffff9a][0xfffffffc]6&[0xffffff81]d\k[0xfffffff0][0xffffffdb]X[0xffffff80]3[0xffffffdb][0xffffffb5][0xffffffd7][0x7f][0x1b][0xffffffab][0xffffffea][0x1d][0xffffffc2][0xffffffaa][0xffffff95][0xffffffda][0xffffffa9]X[0xfffffff1]w[0x8][0xffffffd5][0xffffffe0][0x1d]B[0xffffff8d][0xffffffff][0xffffffb2][0xffffff96][0xffffff89]3[0xfffffff6][0xe][0xffffffa1][0xffffffee][0xffffffff][0xffffff82][0xffffff86][0xffffffba][0xffffffd6][0xffffffe4][0x1d][0xffffff82][0x4][0xffffff92]q[0xffffffad][0xffffffc1];[0xffffff84][0x0]g[0xffffffb6]k[0xffffffaf][0xffffffbf]Chj[0xfffffff7][0xffffffcc][0xffffffaa][0xffffffd8][0xffffffdc]X[0xffffffc3]w[0xffffffcf]4[0xffffff83][0xffffffdd]3-.[0xfffffff9]H[0xffffffc4][0xffffffb9]a[0xffffffbb]g[0xffffffda][0xffffffbe][0xffffffd8][0xffffff83]t[0xffffffad]@[0x11]q[0xffffffad][0x4][0x12]q[0xffffffad][0xffffffc0]2[0xffffffdd][0xffffffb5][0x1][0xffffffce]d[0xffffffd7][0x6]D_p[0xffffffed][0xffffffa1]\[0xffffffdb][0xe][0xffffffea][0x1b]8o[0xffffffe7][0xffffff81]]{[0x18][0xffffffb8][0xfffffff6][0x8]Pg[0xffffffe2]|`[0xffffffae]=[0xffffff9c]\[0x1b]Qd\[0xffffffab][0xffffff80]d\[0x1b][0xffffffb1][0xffffffcc]w[0xffffffed][0xe]g[0xffffffb6]kwD_p[0xffffffad][0xfffffffa]ml[0xfffffff5]J[0xffffffdd][0xffffffaf]m[0xfffffff8]oc[0xffffffcd][0xffffffe0][0xffffffb7][0xffffffb1][0x16][0x7f][0xffffff84][0xffffffc8][0xffffffc4][0x19][0xfffffffb]m[0xffffffac][0xffffffed]?<[0xffffffa0][0xffffffae]5[0xfffffff9]mL[0x2][0xffffffc9][0xffffffb8][0xffffffd6][0xffffffe0][0xffffffb7][0xffffffb1][0x0]g[0xffffffb6]k[0xffffffaf][0xffffffff]6[0xffffffd6][0xffffffaa]r[0xffffffed][0xffffff89][0xffffffed]Cx;[0xf][0xffffffec][0xffffffda]j[0xffffffe0][0xffffffda][0x1a][0xffffffa0][0xffffffce][0xffffffc4][0xffffffb9]b[0xffffffae][0xffffffad]N[0xffffffae][0xffffff8d](2[0xffffffae]U@2[0xffffffae][0xffffff8d]X[0xffffffe6][0xffffffbb]v[0xffffff87]3[0xffffffdb][0xffffffb5];[0xffffffa2]/[0xffffffb8][0xffffffb6])[0xffffffd7][0xffffffae][0xffffff86]um[0xffffffc3]][0xffffffdb][0xc]\[0xffffffdb][0x2][0xffffffd4][0xffffff99]87[0xffffffcc][0xffffffb5][0xffffffcd][0xffffffc9][0xffffffb5][0x11]E[0xffffffc6][0xffffffb5][\n]"
01:51:24.793 [main] DEBUG org.apache.hc.client5.http.wire -- http-outgoing-1 << "H[0xffffffc6][0xffffffb5][0x11][0xffffffcb]|[0xffffffd7][0xffffffee]pf[0xffffffbb]vG[0xfffffff4][0x5][0xffffffd7][0xffffff8a];_[0xffffffe3]V[0xb][0xfffffff6][0xffffffdb][0x18]~[0xffffffe7][0xffffffab][0x19][0xffffffdc][0xfffffff9]j[0xfffffff1]rM&[0xffffffce][0xffffffd8][0xffffff9d][0xffffffaf][0xffffffb6]_[0xffffffa8]A]kr[0xffffffe7]K[0x2][0xffffffc9][0xffffffb8][0xffffffd6][0xffffffe0][0xffffffce]W[0xffffff80]3[0xffffffdb][0xffffffb5][0xffffffd7][0xffffffef]|[0xffffffdd][0xffffffff][0xffffffb4][0xffffff98][0xffffffb9][0x16][0xfffffffe][0xffffffde][0xffffffd8][0xffffffe3][0x4][0xffffffbc]k[0xffffffc1][0xffffffef][0xffffff8d]=[0xffffff9e]N[0xffffffb9][0xffffffd6][0xffffffe7]{c[0x2]E[0xffffffca][0xffffffb5]&[0xffffffdf][0x1b][0x13]X[0x12][0xffffffae]E[0xffffffbf]7[0x16][0x10]}[0xffffffc9][0xffffffb5][0xffffffd5][0xffffffcc][0xffffffb5][0x15]wm5pmE][1[0xffffffd7]V'[0xffffffd7][0xffffffee](R[0xffffffae][0xffffff8d]@R[0xffffffae][0xffffffdd][0xffffffb1]$\[a[0xffffffd7][0xffffffd6][0xffffffeb][0xffffffae]mf[0xffffffae]m[0xffffffb8]k[0xffffff9b][0xffffff81]k[0x1b][0xffffffea][0xffffffda][0xffffff86][0xffffffb9][0xffffffb6]9[0xffffffb9]vG[0xffffff91]rm[0x4][0xffffff92]r[0xffffffed][0xffffff8e]%[0xffffffe1][0xffffffda][0x6][0xffffffbb][0xffffffb6]]w[0xffffffed][0xffffffe1]&[0xffffffdb][0xffffff83][0xffffffb7][0xffffffed][0xffffffe1][0xffffffa0][0xffffffdb][0xffffff83][0xfffffff5][0xffffffed][0xffffffc1][0x9][0xfffffff7][0xffffffb0]2n[0xffffffe0][0xffffff91]R[0xffffffae][0xffffffa0][0xffffff92]rn`[0xffffff93][0xffffff90][0xffffffee]A[[0xfffffff7][0xfffffff8][0x9][0xffffffed]V[0xffffffb7]w[0xffffffb7][0xffffff95][0x7f]y[[0x1d][0xffffffde][0xffffffde]V[0xfffffff6][0xfffffff5]m[0xffffffe5][0xffffffde][0xffffffdf]V[0xffffffab][0x17][0xffffffb8][0xffffff81]GJ[0xffffffbb][0xffffff82]JJ[0xffffffbb][0xffffff81]MB[0xffffffbb][0xffffff95]~[0xffffff89][[0x7f][0xffffffe2]-ns[0xffffffd3]n[0xffffffe3][0xffffffb5][0xffffffdb][0x1c][0xffffffb4][0xffffffdb]X[0xffffffed]6N[0xffffffbb][0xffffffcd]J[0xffffffbb][0xffffff81]GJ[0xffffffbb][0xffffff82]JJ[0xffffffbb][0xffffff81]MB[0xffffffbb][0xffffff8d][0xffffffd6]n[0xfffffffb][0x19][0xffffffed].7[0xffffffed].^[0xffffffbb][0xffffffcb]A[0xffffffbb][0xffffff8b][0xffffffd5][0xffffffee][0xffffffe2][0xffffffb4][0xffffffbb][0xffffffac][0xffffffb4][0xffffffbb][0xfffffff3][0xffffff88]i7R[0xffffff89]iwg[0x13][0xffffffd1][0xffffffee][0xffffffa2][0xffffffb5][0xffffffbb][0xffffffae]kw[0xffffffb8][0xffffffd5][0xffffffee][0xffffffe0]kw8[0xffffffd4][0xffffffee]`kwp[0xffffffb5];[0xffffffac]j7[0xfffffff0]HiWPIi7[0xffffffb0]Ihw[0xffffffd0][0xffffffb5];~[0xffffffa2]v[0xffffffa7][0xffffff9b]v'[0xffffffaf][0xffffffdd][0xffffffe9][0xffffffa0][0xffffffdd][0xffffffc9]jwr[0xffffffda][0xffffff9d]V[0xffffffda][\r]<R[0xffffffda][0x15]TR[0xffffffda][\r]l[0x12][0xffffffda][0xffffff9d][0xffffffb4]v[0xffffffe7]Ohw[\r]3[0xffffffed][0xffffffae][0xffffff81]k[0xfffffff7]~[0x4]^[0xffffffbb][0x1f][0xffffff87][0xffffffa0][0xffffffb4]{[0x7f]<[0xffffffa5][0xffffffdd][0xfffffff7]G[0xffffffbb]h7[0xfffffff0]HiWPIi7[0xffffffb0]Ihw#4_[0xffffffbb][0x1b][0xffffffa7][0xffffffbf]E[0xffffffbb][0xffffffe7][0xfffffffb][0xffffffdf][0xe]5[0xfffffff0][0xffffffbb]JK[0xffffffb7][0xffffffee][0xffffffe7]y([0xffffffe9]~9[0x1][0xffffffe6][0xffffffdc][0xffffffed][0xc][0xffffffc9][0xffffffca][0xfffffffd][0xfffffff2][0xfffffff4]d[0xffffffe3][0xfffffffe][0xfffffffa][0xffffffc9][0xffffffb0]p[0xffffff9f][0xffffffa2][0xffffff98][0xffffffec][0xffffffdb][0x1f][0x0][0xffffff99][0xffffffac][0xffffffdb][0xffffffa7]X&[0xffffffda][0xfffffff6][0x9][0xffffff9c]i[0xffffffb2]}[0xffffff82][0xffffffe8][0xb][0xffffffae][0x15][0x1f]@[0x1f][0xffffffc7][0x1],h[0xfffffffc]<[0xf][0xffffffec]Z[0xfffffff4][0x3][0xffffffe8][0xffffffdb][0x19][0x18][0xffffffd7][0x2][0x1f]@[0xffffffff][0xfffffff5][0xffffff93]=\[0xffffff8b][0x7f][0x0][0xfffffffd][0x7]@2[0xffffffae]E?[0xffffff80][0xfffffffe][0x4][0xffffffce]l[0xffffffd7][0xffffffee][0xffffff88][0xffffffbe][0xffffffe0][0xffffffda])[0xffffff96]+[0x1c][0xffffffad][0xffffffe4][0x7f]P[0xffffffe7][0xfffffff3]<[0xffffffb0]k'[0xffffffb9]\a;[0x3][0xffffffe3][0xffffffda][0xffffff99][0xffffffbf]\[0xffffffe1][0xffffffd7]O[0xfffffff6]pmD[0xffffff91]q[0xffffffad][0x2][0xffffff92]qm[0xffffffc4]2[0xffffffdf][0xffffffb5];[0xffffff9c][0xffffffd9][0xffffffae][0xffffffdd][0x11]}[0xffffffc1][0xffffffb5]K[0xffffffb9]v[0xffffff9c][0xfffffff9][0x1f]y[0xfffffff8]<[0xf][0xffffffec][0xffffffda]e[0xffffffe0][0xffffffda][0x15][0xffffffa0][0xffffffce][0xffffffc4]ya[0xffffffae]]N[0xffffffae][0xffffff8d](2[0xffffffae]U@2[0xffffffae][0xffffff8d]X[0xffffffe6][0xffffffbb]v[0xffffff87]3[0xffffffdb][0xffffffb5];[0xffffffa2][0xffffffbf][0xffffffdd][0xffffffb5]]|Pg[0xffffff94][0xffffffdb][0xffffffca][0xffffffff][0xffffff95][0xffffffec][0xfffffff3]<[0xffffffac]k;[0xfffffffa]A[0xffffff9d][0xffffffed][0xc][0xffffff88]k;[0xfffffff0]A[0xffffff9d]_?[0xffffffd9][0xffffffc2][0xffffffb5][0x2]E[0xffffffc4][0xffffffb5][0x12]H[0xffffffc4][0xffffffb5][0x2][0xffffffcb]t[0xffffffd7][0x6]8[0xffffff93]][0x1b][0x10]}[0xffffffc1][0xffffffb5][0xffffffe2]#[0xf][0xffffffa3][0x1c][0xffffff83]z_[0xffffffdb][0xffffffc1][0xffffff8f]<|9[0x1][0xffffffed]Z[0xffffffe8]#[0xf]_[0xffffff9e][0xffffffce][0xffffffb8][0xffffffd6][0xffffffe3]#[0xf]OQd\k[0xfffffff0][0xffffff91][0xffffff87][0xffffffa7]X[0xffffffe6][0xffffffbb][0x16][0xfffffffb][0xffffffc8][0xffffffc3][0x13]D_p[0xffffffad][0xfffffff8][0xffffffc8][0xffffffc3]([0xffffffe5]V)[0xffffffd7][0xffffff82][0x1f]y[0xfffffff8]r[0x2][0xffffffda][0xffffffb5][0xffffffd0]G[0x1e][0xffffffbe]<[0xffffff9d]q[0xffffffad][0xffffffc7]G[0x1e][0xffffff9e][0xffffffa2][0xffffffc8][0xffffffb8][0xffffffd6][0xffffffe0]#[0xf]O[0xffffffb1][0xffffffcc]w-[0xfffffff6][0xffffff91][0xffffff87]'[0xffffff88][0xffffffbe][0xffffffe0]Z[0xfffffff5][0xffffff91][0xffffff87]RoX[0xffffffd7][0xffffff82][0x1f]y[0xfffffff8]r[0x2][0xffffffda][0xffffffb5][0xffffffd0]G[0x1e][0xffffffbe]<[0xffffff9d]q[0xffffffad][0xffffffc7]G[0x1e][0xffffff9e][0xffffffa2][0xffffffc8][0xffffffb8][0xffffffd6][0xffffffe0]#[0xf]O[0xffffffb1][0xffffffcc]w-[0xfffffff6][0xffffff91][0xffffff87]'[0xffffff88][0xffffffbe][0xffffffe0][0xffffffda]S[0xffffffb9]v[0xffffff8e]N[0xffffffb9][0xfffffff6][0xffffffc4]]{[0x1a][0xffffffb8][0xfffffff6][0xc]Pg[0xffffffe2]|b[0xffffffae]=[0xffffff9d]\[0x1b]Qd\[0xffffffab][0xffffff80]d\[0x1b][0xffffffb1][0xffffffcc]w[0xffffffed][0xe]g[0xffffffb6]kwD_rm[0xffffffbc][0xffffff87][0xffffffc0][0xffffffba][0x16][0xffffffbe][0xffffff87][0xfffffff0]8[0x1][0xffffffef]Z[0xfffffff0][0x1e][0xffffffc2][0xffffffe3][0xffffffe9][0xffffff94]k}[0xffffffee]![0x8][0x14])[0xffffffd7][0xffffff9a][0xffffffdc]C[0x10]X[0x12][0xffffffae]E[0xffffffef]![0x4]D_p[0xffffffed][0x14]][[0xffffffcb][0xffffff89][0xffffffbd][0xffffffaf][0xffffff9d]x[0xffffffd7]N[0xffffff83][0xffffffae][0xffffff9d]! 2q[0xffffff9e]X[0xffffffd7]N[0xffffffa7][0xffffffae][0xffffff8d](2[0xffffffae]U@2[0xffffffae][0xffffff8d]X[0xffffffe6][0xffffffbb]v[0xffffff87]3[0xffffffdb][0xffffffb5];[0xffffffa2]/[0xffffffb8]v)[0xffffffd7][0xffffffb6][0xffffffb3]P[0xffffffae]][0xffffffb8]k[0xffffff97][0xffffff81]kW[0xffffff80]:[0x13][0xffffffe7][0xffffff85][0xffffffb9]v9[0xffffffb9]6[0xffffffa2][0xffffffc8][0xffffffb8]V[0x1][0xffffffc9][0xffffffb8]6b[0xffffff99][0xffffffef][0xffffffda][0x1d][0xffffffce]l[0xffffffd7][0xffffffee][0xffffff88][0xfffffffe]v[0xffffffd7][0xffffff8e][0xffffff9b]x[0xffffff87]POln[0xffffffec][0xffffffed]<[0xffffffac]k[0x1f]'[0xffffff80]][0xfffffffb][0xfffffffd][0xc][0xffffff88]k[0x1f]OG\[0xfffffffb][0xffffffed][0xffffffc9][0x16][0xffffffae][0x15]("[0xffffffae][0xffffff95]@"[0xffffffae][0x15]X[0xffffffa6][0xffffffbb]6[0xffffffc0][0xffffff99][0xffffffec][0xffffffda][0xffffff80][0xffffffe8][0xb][0xffffffae]U[0xfffffff7]k[[0xffffffc7][0xffffffba]v[0xffffffe0][0xfffffff7]k[0xffffff87][0xffffffc1][0xfffffffd][0xffffffda][0x11]/2f[0xffffffe2][0xffffff8c][0xffffffdd][0xffffffaf][0x1d][0xfffffffb][0xffffffe5]E[0xffffffd4][0xffffffb5]&[0xfffffff7]k%[0xffffff90][0xffffff8c]k[\r][0xffffffee][0xffffffd7][0x6]8[0xffffffb3]]{[0xfffffffd]~[0xffffffed]P[0xfffffff7]k[0xffffffdb]*[0xffffff98]k[0xfffffff1][0xfffffffb][0xffffffb5][0xffffffc3][0xffffffe0]~[0xffffffed][0xffffff88][0x17][0x19]3q[0xffffffc6][0xffffffee][0xffffffd7][0xffffff8e][0xfffffffd][0xfffffff2]"[0xffffffea]Z[0xffffff93][0xfffffffb][0xffffffb5][0x12]H[0xffffffc6][0xffffffb5][0x6][0xfffffff7]k[0x3][0xffffff9c][0xffffffd9][0xffffffae][0xffffffbd]~[0xffffffbf]v[0xffffffa8][0xfffffffb][0xffffffb5][0xfffffffd]V[0x7][0xffffffe5]Z[0xfffffffc]~[0xffffffed]0[0xffffffb8]_;[0xffffffe2]E[0xffffffc6]L[0xffffff9c][0xffffffb1][0xfffffffb][0xffffffb5]c[0xffffffbf][0xffffffbc][0xffffff88][0xffffffba][0xffffffd6][0xffffffe4]~[0xffffffad][0x4][0xffffff92]q[0xffffffad][0xffffffc1][0xfffffffd][0xffffffda][0x0]g[0xffffffb6]k[0xffffffaf][0xffffffdf][0xffffffaf][0x1d]j[0x7f]m[0xffffffbf]Mj[0x1f][0xffffffc2][0xffffffc0][0xfffffff7][0xffffffd7][0xe][0xffffff83][0xfffffffd][0xffffffb5]#.[\n]"
01:51:24.794 [main] DEBUG org.apache.hc.client5.http.wire -- http-outgoing-1 << "[0xffffffcd][0xffffffc4][0x19][0xffffffdb]_;[0xfffffff6][0xffffffe5][0xffffffa0][0xffffffa8]kM[0xfffffff6][0xffffffd7]J [0x19][0xffffffd7][0x1a][0xffffffec][0xffffffaf][\r]pf[0xffffffbb][0xfffffff6][0xfffffffa][0xfffffffe][0xffffffda]q*[0xffffffd7][0x1e]7j[0xffffffcf][0xffffffd7][0xffffffdb]y`[0xffffffd7][0xffffff9e][0x6][0xffffffae]=[0x3][0xffffffd4][0xffffff99]8[0xffffff9f][0xffffff98]kO'[0xffffffd7]F[0x14][0x19][0xffffffd7]* [0x19][0xffffffd7]F,[0xfffffff3]][0xffffffbb][0xffffffc3][0xffffff99][0xffffffed][0xffffffda][0x1d][0xffffffd1][0x17]\[0xffffffab][0xffffffee]|[0xfffffff5][0xffffffd2][0xffffffb1]w[0x8][0xfffffff8][0xffffff9d][0xffffffaf]ap[0xffffffe7]k[0xffffffc4][0xffffffcb]5[0xffffff99]8cw[0xffffffbe][0xffffffc6]~[0xffffffa1][0x6]u[0xffffffad][0xffffffc9][0xffffff9d]/[0x9]$[0xffffffe3]Z[0xffffff83];_[0x1][0xffffffce]l[0xffffffd7]^[0xffffffbf][0xfffffff3]u[0xffffffde][0xffffff94]k[0x1b][0xffffffb6][0xf][0xffffffe1][0xffffffed]<[0xffffffac]k[0x1f]'[0xffffff80]][0xfffffffb][0xfffffffd][0xc][0xffffff88]k[0x1f]OG\[0xfffffffb][0xffffffed][0xffffffc9][0x16][0xffffffae][0x15]("[0xffffffae][0xffffff95]@"[0xffffffae][0x15]X[0xffffffa6][0xffffffbb]6[0xffffffc0][0xffffff99][0xffffffec][0xffffffda][0xffffff80][0xffffffe8][0xb][0xffffffae]U[0xfffffffb]k{[0xffffffaf][0xffffffd4][0xffffffdc][0xffffffd8][0xffffff89][0xffffffef][0xffffffaf]=[\r][0xfffffff6][0xffffffd7][0xffffff9e]qQh&[0xffffffce][0xffffffd8][0xfffffffe][0xffffffda]s_[0xe][0xffffff8a][0xffffffba][0xffffffd6]d[0x7f][0xffffffad][0x4][0xffffff92]q[0xffffffad][0xffffffc1][0xfffffffe][0xffffffda][0x0]g[0xffffffb6]k[0xffffffaf][0xffffffef][0xffffffaf]=[0xffffff8b]r[0xffffffed]y[0xffffffa3]~[0x1b]{;[0xf][0xffffffec][0xffffffda]b[0xffffffe0][0xffffffda][0x12][0xffffffa0][0xffffffce][0xffffffc4][0xffffffb9]`[0xffffffae]-N[0xffffffae][0xffffff8d](2[0xffffffae]U@2[0xffffffae][0xffffff8d]X[0xffffffe6][0xffffffbb]v[0xffffff87]3[0xffffffdb][0xffffffb5];[0xffffffa2]/[0xffffffb8]V[0xffffffcd]2[0xfffffff4]9[0xffffffb0][0xffffffae][0xffffffc5]g[0x19]N[0xffffff83]Y[0xffffff86]3^[0x1a][0xffffffcf][0xffffffc4][0x19][0xffffff9b]e8[0xfffffff7][0xffffff8b][0xffffffe2][0xffffffa8]kMf[0x19]$[0xffffff90][0xffffff8c]k[\r]f[0x19][0x2][0xffffff9c][0xffffffd9][0xffffffae][0xffffffbd]>[0xffffffcb]p[0xffffffaa]Y[0xffffff86]Q[0xffffffda][0xffffff8d]r->[0xffffffcb]p[0x1a][0xffffffcc]2[0xffffff9c][0xfffffff1][0xffffffd2]x&[0xffffffce][0xffffffd8],[0xffffffc3][0xffffffb9]_[0x14]G]k2[0xffffffcb] [0xffffff81]d\k0[0xffffffcb][0x10][0xffffffe0][0xffffffcc]v[0xffffffed][0xfffffff5]Y[0xffffff86]S[0xffffffcd]2[0xffffff8c]:[0xffffffa9]}[0x8]'>[0xffffffcb]p[0x1a][0xffffffcc]2[0xffffff9c][0xfffffff1][0xffffffd2]x&[0xffffffce][0xffffffd8],[0xffffffc3][0xffffffb9]_[0x14]G]k2[0xffffffcb] [0xffffff81]d\k0[0xffffffcb][0x10][0xffffffe0][0xffffffcc]v[0xffffffed][0xfffffff5]Y[0xffffff86]S[0xffffffcd]2[0xffffff8c][0xffffffb3]S[0xfffffff7]kO|[0xffffff96][0xffffffe1]4[0xffffff98]e8[0xffffffe3][0xffffffa5][0xfffffff1]L[0xffffff9c][0xffffffb1]Y[0xffffff86]s[0xffffffbf]([0xffffff8e][0xffffffba][0xffffffd6]d[0xffffff96]A[0x2][0xffffffc9][0xffffffb8][0xffffffd6]`[0xffffff96]![0xffffffc0][0xffffff99][0xffffffed][0xffffffda][0xffffffeb][0xffffffb3][0xc][0xffffffe7])\{V[0xffffffce][0xffffffb5]'[0xffffffee][0xffffffda][0xffffffd3][0xffffffc0][0xffffffb5]g[0xffffff80]:[0x13][0xffffffe7][0x13]s[0xffffffed][0xffffffe9][0xffffffe4][0xffffffda][0xffffff88]"[0xffffffe3]Z[0x5]$[0xffffffe3][0xffffffda][0xffffff88]e[0xffffffbe]kw8[0xffffffb3]][0xffffffbb]#[0xfffffffa][0xffffff82]k[0xffffffd5][0xffffffae][0xfffffff0]s4j[0xffffff96][0xffffffe1][0xffffffc4]w[0xffffff85][0xffffff9f][0x6][0xffffffbb][0xffffffc2][0xffffffcf][0xffffffb8][0xffffff94]9[0x13]glW[0xfffffff8][0xffffffb9]/bF]k[0xffffffb2]+\[0x2][0xffffffc9][0xffffffb8][0xffffffd6]`Wx[0xffffff80]3[0xffffffdb][0xffffffb5][0xffffffd7]w[0xffffff85][0xffffff9f]jn[0xffffffec]<;[0xfffffff6][0xffffffdb][0x18]>7v[0x1a][0xffffffcc][0xffffff8d][0xffffff9d]q@'[0x13]gln[0xffffffec][0xffffffdc][0xffffff87]rP[0xffffffd7][0xffffff9a][0xffffffcc][0xffffff8d]I [0x19][0xffffffd7][0x1a][0xffffffcc][0xffffff8d][0x5]8[0xffffffb3]]{}nl[0xffffffde]~i[0xffffffd1][0xffffffb5][0x13][0xffffffbb]_[0xfffffffb]v[0x1e][0xffffffd6][0xffffffb5][0xffffff8f][0x13][0xffffffc0][0xffffffae][0xfffffffd]~[0x6][0xffffffc4][0xffffffb5][0xffffff8f][0xffffffa7]#[0xffffffae][0xfffffffd][0xfffffff6]d[0xb][0xffffffd7][\n]"
01:51:24.794 [main] DEBUG org.apache.hc.client5.http.wire -- http-outgoing-1 << "[0x14][0x11][0xffffffd7]J [0x11][0xffffffd7][\n]"
01:51:24.795 [main] DEBUG org.apache.hc.client5.http.wire -- http-outgoing-1 << ",[0xffffffd3]][0x1b][0xffffffe0]Lvm@[0xfffffff4][0x5][0xffffffd7][0xffffffaa][0xffffffb9][0xffffffb1]su[0xffffffcc][0xffffffb5][0xfffffff8][0xffffffdc][0xffffffd8]4[0xffffff98][0x1b][0xffffff9b]q@'[0x13]glnl[0xffffffee]C9[0xffffffa8]kM[0xffffffe6][0xffffffc6]$[0xffffff90][0xffffff8c]k[\r][0xffffffe6][0xffffffc6][0x2][0xffffff9c][0xffffffd9][0xffffffae][0xffffffbd]>76[0xffffffd5][0xffffffdc][0xffffffd8],[0xffffff93][0xfffffffa][0xffffff8e][0xffffffee][0xffffffc4][0xffffffe7][0xffffffc6][0xffffffa6][0xffffffc1][0xffffffdc][0xffffffd8][0xffffff8c][0x3]:[0xffffff99]8cscs[0x1f][0xffffffca]A]k27&[0xffffff81]d\k07[0x16][0xffffffe0][0xffffffcc]v[0xffffffed][0xfffffff5][0xffffffb9][0xffffffb1][0xffffffa9][0xffffffe6][0xffffffc6]f_[0xffffffd4][0xffffffee][0xffffff99][0xffffff89][0xffffffcf][0xffffff8d]M[0xffffff83][0xffffffb9][0xffffffb1][0x19][0x7]t2q[0xffffffc6][0xffffffe6][0xffffffc6][0xffffffe6]>[0xffffff94][0xffffff83][0xffffffba][0xffffffd6]dnL[0x2][0xffffffc9][0xffffffb8][0xffffffd6]`n,[0xffffffc0][0xffffff99][0xffffffed][0xffffffda][0xffffffeb]scS[0xffffffcd][0xffffff8d][0xffffffcd][0xffffffd5][0xffffffa8][0x19][0xffffffdd][0xffffff89][0xffffffcf][0xffffff8d]M[0xffffff83][0xffffffb9][0xffffffb1][0x19][0x7]t2q[0xffffffc6][0xffffffe6][0xffffffc6][0xffffffe6]>[0xffffff94][0xffffff83][0xffffffba][0xffffffd6]dnL[0x2][0xffffffc9][0xffffffb8][0xffffffd6]`n,[0xffffffc0][0xffffff99][0xffffffed][0xffffffda][0xffffffeb]scS[0xffffffcd][0xffffff8d][0xffffffad]rPsc[0x13][0xffffff9f][0x1b][0xffffff9b][0x6]sc3[0xe][0xffffffe8]d[0xffffffe2][0xffffff8c][0xffffffcd][0xffffff8d][0xffffffcd]}([0x7]u[0xffffffad][0xffffffc9][0xffffffdc][0xffffff98][0x4][0xffffff92]q[0xffffffad][0xffffffc1][0xffffffdc]X[0xffffff80]3[0xffffffdb][0xffffffb5][0xffffffd7][0xffffffe7][0xffffffc6][0xffffffa6][0xffffff9a][0x1b][[\r][0xffffffbb][0xfffffff3]5[0xfffffff1][0xffffffb9][0xffffffb1]i076[0xffffffe3][0xffffff80]N&[0xffffffce][0xffffffd8][0xffffffdc][0xffffffd8][0xffffffdc][0xffffff87]rP[0xffffffd7][0xffffff9a][0xffffffcc][0xffffff8d]I [0x19][0xffffffd7][0x1a][0xffffffcc][0xffffff8d][0x5]8[0xffffffb3]]{}nl[0xffffff9e][0xffffffca][0xffffffb5][0xffffffb3]Rsco[0xffffffe7][0xffffff81]]{[0x1a][0xffffffb8][0xfffffff6][0xc]Pg[0xffffffe2]|b[0xffffffae]=[0xffffff9d]\[0x1b]Qd\[0xffffffab][0xffffff80]d\[0x1b][0xffffffb1][0xffffffcc]w[0xffffffed][0xe]g[0xffffffb6]kwD_p[0xffffffad][0xffffff98][0x1b];o[0xffffffb7][0xffffff81][0xffffffdd][0xfffffff9][0xffffffc2][0xffffffe7][0xffffffc6][0xffffffa6][0xffffffc1][0xffffffdc][0xffffffd8][0xffffff8c][0x3]:[0xffffff99]8cscs[0x1f][0xffffffca]A]k27&[0xffffff81]d\k07[0x16][0xffffffe0][0xffffffcc]v[0xffffffed][0xfffffff5][0xffffffb9][0xffffffb1])[0xffffffe6][0xffffffc6][0xffffffce][[0xffffffe5][0xffffffee]|[0xffffffe1]sc[0xffffffd3]`nl[0xffffffc6][0x1][0xffffff9d]L[0xffffff9c][0xffffffb1][0xffffffb9][0xffffffb1][0xffffffb9][0xf][0xffffffe5][0xffffffa0][0xffffffae]5[0xffffff99][0x1b][0xffffff93]@2[0xffffffae]5[0xffffff98][0x1b][0xb]pf[0xffffffbb][0xfffffff6][0xfffffffa][0xffffffdc][0xffffffd8][0x12][0xffffffdf][0x1b];o[0x3][0xffffffdb][0x15][0xffffffbe][0xfffffff0][0xffffffef][0xffffff8d]-[0xffffff83][0xffffffef][0xffffff8d][0xffffffad][0xfffffff8]a[0xffffffa7]D[0xffffff9c][0x17][0xfffffff6][0xffffffbd][0xffffffb1][0xffffffb5][0x7f][0xffffffcc][0xffffff89]t[0xffffffad]@[0x11]q[0xffffffad][0x4][0x12]q[0xffffffad][0xffffffc0]2[0xffffffdd][0xffffffb5][0x1][0xffffffce]d[0xffffffd7][0x6]D_p[0xffffffad][0xffffff98]e8o[0xffffffab]`[0xffffffae][0xffffffc5]g[0x19][0xffffff96][0xffffffc1],[0xffffffc3][0xffffff8a][0xffffff97][0xffffffc6]3q[0xffffffc6]f[0x19][0xffffffd6]~Q[0x1c]u[0xffffffad][0xffffffc9],[0xffffff83][0x4][0xffffff92]q[0xffffffad][0xffffffc1],C[0xffffff80]3[0xffffffdb][0xffffffb5][0xffffffd7]g[0x19][0xffffff96][0xffffff98]e[0xffffffb8][0xffffffbb][0x16][0xffffffdb][0x15][0xffffffbe][0xfffffff0]Y[0xffffff86]e0[0xffffffcb][0xffffffb0][0xffffffe2][0xffffffa5][0xfffffff1]L[0xffffff9c][0xffffffb1]Y[0xffffff86][0xffffffb5]_[0x14]G]k2[0xffffffcb] [0xffffff81]d\k0[0xffffffcb][0x10][0xffffffe0][0xffffffcc]v[0xffffffed][0xfffffff5]Y[0xffffff86]%f[0x19][0xffffffce][0xffffffe3][0xffffffb8]5[0xffffffca][0xffffffb5][0xfffffff8],[0xffffffc3]2[0xffffff98]eX[0xfffffff1][0xffffffd2]x&[0xffffffce][0xffffffd8],[0xffffffc3][0xffffffda]/[0xffffff8a][0xffffffa3][0xffffffae]5[0xffffff99]e[0xffffff90]@2[0xffffffae]5[0xffffff98]e[0x8]pf[0xffffffbb][0xfffffff6][0xfffffffa],[0xffffffc3][0x12][0xffffffb3][0xc][0xffffffe7]Q[0xffffff8f]B[0xffffffb9][0x16][0xffffff9f]eX[0x6][0xffffffb3][0xc]+^[0x1a][0xffffffcf][0xffffffc4][0x19][0xffffff9b]eX[0xfffffffb]Eq[0xffffffd4][0xffffffb5]&[0xffffffb3][0xc][0x12]H[0xffffffc6][0xffffffb5][0x6][0xffffffb3][0xc][0x1][0xffffffce]l[0xffffffd7]^[0xffffff9f]eXb[0xffffff96][0xffffffe1]<F[0xffffffc3][0xffffffba][0x16][0xffffff9f]eX[0x6][0xffffffb3][0xc]+^[0x1a][0xffffffcf][0xffffffc4][0x19][0xffffff9b]eX[0xfffffffb]Eq[0xffffffd4][0xffffffb5]&[0xffffffb3][0xc][0x12]H[0xffffffc6][0xffffffb5][0x6][0xffffffb3][0xc][0x1][0xffffffce]l[0xffffffd7]^[0xffffff9f]eX[0xffffffa7]r[0xffffffed][0xffffff9a]X[0xffffffd7][0xffffff9e][0xffffffb8]kO[0x3][0xffffffd7][0xffffff9e][0x1][0xffffffea]L[0xffffff9c]O[0xffffffcc][0xffffffb5][0xffffffa7][0xffffff93]k#[0xffffff8a][0xffffff8c]k[0x15][0xffffff90][0xffffff8c]k#[0xffffff96][0xfffffff9][0xffffffae][0xffffffdd][0xffffffe1][0xffffffcc]v[0xffffffed][0xffffff8e][0xffffffe8]K[0xffffffae][0xffffffad]f[0xffffffae][0xffffffad][0xffffffb8]k[0xffffffab][0xffffff81]k+[0xffffffea][0xffffffda][0xffffff8a][0xffffffb9][0xffffffb6]:[0xffffffb9]vG[0xffffff91]rm[0x4][0xffffff92]r[0xffffffed][0xffffff8e]%[0xffffffe1][0xffffffda][\n]"
01:51:24.795 [main] DEBUG org.apache.hc.client5.http.wire -- http-outgoing-1 << "[0xffffffbb][0xffffffb6]^u[0xffffffad][0xffffff9a][0x1b]+[0x5][0xffffffdb][0xffffff87][0xffffffb0][0xfffffff0][0xffffffb9][0xffffffb1]e07[0xffffffb6][0xffffffe2][0xffffff80]N&[0xffffffce][0xffffffd8][0xffffffdc][0xffffffd8][0xffffffda][0xffffff87]rP[0xffffffd7][0xffffff9a][0xffffffcc][0xffffff8d]I [0x19][0xffffffd7][0x1a][0xffffffcc][0xffffff8d][0x5]8[0xffffffb3]]{}nl[0xffffffa9][0xffffffb9][0xffffffb1][0xffffffd2][0x1b]57[0xffffffb6][0xfffffff0][0xffffffb9][0xffffffb1]e07[0xffffffb6][0xffffffe2][0xffffff80]N&[0xffffffce][0xffffffd8][0xffffffdc][0xffffffd8][0xffffffda][0xffffff87]rP[0xffffffd7][0xffffff9a][0xffffffcc][0xffffff8d]I [0x19][0xffffffd7][0x1a][0xffffffcc][0xffffff8d][0x5]8[0xffffffb3]]{ynl[0xffffffdd][0xffffffd4][0xffffffdc]X[0xffffff99][0x15][0xffffffba]_[0xfffffffb]8[0xf][0xffffffea][0xffffffda][0xfffffff7][0x13][0xffffffb0][0xffffffae][0xfffffffd]<[0x3][0xffffffe1][0xffffffda][0xfffffff7][0xffffffa7][0x13][0xffffffae][0xfffffffd][0xfffffffe]d[0x7][0xffffffd7]*[0x14][0x9][0xffffffd7]j [0x9][0xffffffd7]*,[0xffffffb3]][0x1b][0xffffffe1][0xffffffcc]umD[0xfffffff4]%[0xffffffd7][0x16]3[0xffffffd7][0x16][0xffffffdc][0xffffffb5][0xffffffc5][0xffffffc0][0xffffffb5][0x5]um[0xffffffc1]\[[0xffffff9c]\[0xffffffbb][0xffffffa3]H[0xffffffb9]6[0x2]I[0xffffffb9]v[0xffffffc7][0xffffff92]pm[0xffffff81]][[0xffffffae][0xffffffba]V|[0xffffffdb][0xfffffff1][0xffffffac][0xffffffc7][0xffffff84][0xfffffff6]|=[0xffffffce][0x3][0xffffffbb][0xffffff96][0xffffffff][0xffffffb6][0xffffffe3][0xffffffe7][0x19][0x18][0xffffffd7]R[0xffffffdf]v[0xfffffffc][0xfffffffe]d[0xf][0xffffffd7]z|[0xffffffdb]Q[0x3][0xffffffc9][0xffffffb8][0xffffff96][0xffffffff][0xffffffb6]c[0xffffff84]3[0xffffffdb][0xffffffb5][0xffffff97][0xffffffbf][0xffffffed][0xffffffb8]nj[0x1f]B[0xffffffad]'[0xffffffb4][0xffffffbf][0xfffffff6]q[0x1e][0xffffffd8][0xffffffb5][0xfffffffc]>[0xffffff84][0xffffffcf]30[0xffffffae][0xffffffa5][0xfffffff6]!|[0x7f][0xffffffb2][0xffffff87]k=[0xfffffff6]!h [0x19][0xffffffd7][0xfffffff2][0xfffffffb][0x10]"[0xffffff9c][0xffffffd9][0xffffffae][0xffffffbd][0xffffffbc][0xf][0xffffffe1][0xffffffed]O[0xffffffe3];[0x4][0xffffffd6][0xffffffb5][0xfffffff4];[0xffffff84]b[0xfffffff0][0xe][0xffffffa1][0xffffff84][0x7f]Y[0xffffffcb][0xffffffc5][0xffffff99]z[0xffffff87]P[0xffffff9c][0xffffffde]!D[0x14])[0xffffffd7][0xffffffba][0xffffffbc]C[0xffffff88]X[0x12][0xffffffae]e[0xffffffdf]![0xffffffec][0xffffff88][0xffffffbe][0xffffffe0][0xffffffda][0xffffffaa]\;[0x16][0xffffffb4][0xffffffe7][0xffffffeb]q[0x1e][0xffffffd8][0xffffffb5][0xffffffd5][0xffffffc0][0xffffffb5]5@[0xffffff9d][0xffffff89]s[0xffffffc5]\[[0xffffff9d]\[0x1b]Qd\[0xffffffab][0xffffff80]d\[0x1b][0xffffffb1][0xffffffcc]w[0xffffffed][0xe]g[0xffffffb6]kwD_p[0xffffffad][0xffffffda]=S[0xffffffc1][0xffffffdf][0xffffffc6][0xffffffe8][0xffffffdd]3[0xffffffef]'[0xffffffa0]]K[0xffffffee][0xffffff9e]y[0x7f]:[0xffffffe3]Z[0xffffffa3][0xffffffdd]3[\n]"
01:51:24.796 [main] DEBUG org.apache.hc.client5.http.wire -- http-outgoing-1 << "E[0xffffffc6][0xffffffb5].[0xffffffbb]g[0x14][0xffffff96][0xfffffff9][0xffffffae]ew[0xffffffcf]DD_p[0xffffffad][0xffffffda]=S[0xffffffe7][0xffffffc2][0xffffffde]![0xffffffd0][0xffffffbb]g[0xffffffde]O@[0xffffffbb][0xffffff96][0xffffffdc]=[0xfffffff3][0xfffffffe]t[0xffffffc6][0xffffffb5]F[0xffffffbb]g[0x14][0xffffff8a][0xffffff8c]k]v[0xffffffcf](,[0xfffffff3]][0xffffffcb][0xffffffee][0xffffff9e][0xffffff89][0xffffff88][0xffffffbe][0xffffffe0]Z[0xffffffb5]{[0xffffffa6][0xffffffae][0x6][0xffffffcd][0xffffffe8]>[0xffffffce][0x3][0xffffffbb][0xffffff96][0xffffffdf]=[0xfffffff3]y[0x6][0xffffffc6][0xffffffb5][0xffffffd4][0xffffffee][0xffffff99][0xffffffef]O[0xfffffff6]p[0xffffffad][0xffffffc7][0xffffffee][0x19][\r]$[0xffffffe3]Z~[0xfffffff7]L[0xffffff84]3[0xffffffdb][0xffffffb5][0xffffff97]w[0xffffffcf][0xffffffac][0xffffffdb])\[0xffffffdb]n7hF[0xfffffff7]q[0x1e][0xffffffd8][0xffffffb5][0xffffffa7][0xffffff81]k[0xffffffcf][0x0]u&[0xffffffce]'[0xffffffe6][0xffffffda][0xffffffd3][0xffffffc9][0xffffffb5][0x11]E[0xffffffc6][0xffffffb5][\n]"
01:51:24.797 [main] DEBUG org.apache.hc.client5.http.wire -- http-outgoing-1 << "H[0xffffffc6][0xffffffb5][0x11][0xffffffcb]|[0xffffffd7][0xffffffee]pf[0xffffffbb]vG[0xfffffff4][0x5][0xffffffd7][0xffffffaa]}[0x8][0xffffffed]([0xffffff8d]r-[0xffffffbd][0xf][0xffffffe1][0xfffffffd][0x4][0xffffffb4]k[0xffffffc9]}[0x8][0xffffffef]Og\k[0xffffffb4][0xf]A[0xffffffa1][0xffffffc8][0xffffffb8][0xffffffd6]e[0x1f][0xffffff82][0xffffffc2]2[0xffffffdf][0xffffffb5][0xffffffec]>[0xffffff84][0xffffff88][0xffffffe8]ow[0xffffffed][0xffffffa1]ft[0xffffffdb]I[0xffffffed][0xffffffaf]}[0xffffff9c][0xffffff87]u[0xffffffed]a0[0xffffffa3]{[0xffffffc4]a[0xffffffc8]D[0xffffff9c][0xf]lF[0xfffffff7][0xffffffd8][0x7] I[0xffffffd7][\n]"
01:51:24.797 [main] DEBUG org.apache.hc.client5.http.wire -- http-outgoing-1 << "[0x14][0x11][0xffffffd7]J [0x11][0xffffffd7][\n]"
01:51:24.798 [main] DEBUG org.apache.hc.client5.http.wire -- http-outgoing-1 << ",[0xffffffd3]][0x1b][0xffffffe0]Lvm@[0xfffffff4][0x5][0xffffffd7][0xffffffaa][0xffffffb9][0xffffffb1]~;[0xffffffa9]{[0x8][0x7]>7v[0x18][0xffffffcc][0xffffff8d][0x1d]q@'[0x13]gln[0xffffffec][0xffffffd8][0xffffff87]rP[0xffffffd7][0xffffff9a][0xffffffcc][0xffffff8d]I [0x19][0xffffffd7][0x1a][0xffffffcc][0xffffff8d][0x5]8[0xffffffb3]]{}n[0xffffffec][0xfffffffe][0xffffffa7][0xfffffff1]~-[0xffffffeb]Z[0xfffffff8]~[0xffffffed][0xffffffe3][0x4][0xffffffbc]k[0xffffffc1][0xfffffffb][0xffffffb5][0xffffff8f][0xffffffa7]S[0xffffffae][0xfffffff5][0xffffffb9]_+P[0xffffffa4]\kr[0xffffffbf]V`I[0xffffffb8][0x16][0xffffffbd]_[0x1b][0x10]}[0xffffffc1][0xffffffb5]jF[0xffffffb7][0xffffffd7]A[0xffffffcd]2[0x1c][0xfffffff8][0xffffff8c][0xffffffee]a0[0xffffffa3]{[0xffffffc4]a[0xffffffc8]L[0xffffff9c][0xffffffb1][0x19][0xffffffdd]c[0x1f][0xffffff80]D]k2[0xffffffa3]+[0xffffff81]d\k0[0xffffffa3][0x1b][0xffffffe0][0xffffffcc]v[0xffffffed][0xfffffff5][0x19][0xffffffdd]C[0xffffffcd]2[0xfffffff4]uR[0xfffffff7][0x10][0xe]|[0xffffff96][0xffffffe1]0[0xffffff98]e8[0xffffffe2][0xffffffa5][0xfffffff1]L[0xffffff9c][0xffffffb1]Y[0xffffff86]c[0xffffffbf]([0xffffff8e][0xffffffba][0xffffffd6]d[0xffffff96]A[0x2][0xffffffc9][0xffffffb8][0xffffffd6]`[0xffffff96]![0xffffffc0][0xffffff99][0xffffffed][0xffffffda][0xffffffeb][0xffffffb3][0xc][0xffffff87][0xffffff9a]e[0x18][0xffffff95][0xfffffffa]f[0xfffffff9][0xffffffe3]<[0xffffffb0]k[\r]f[0x19][0xffffff8e]xi<[0x13]gl[0xffffff96][0xffffffe1][0xffffffd8]/[0xffffff8a][0xffffffa3][0xffffffae]5[0xffffff99]e[0xffffff90]@2[0xffffffae]5[0xffffff98]e[0x8]pf[0xffffffbb][0xfffffff6][0xfffffffa],[0xffffffc3][0xffffffa1]f[0x19]F/[0xffffff83]r->[0xffffffcb]p[0x18][0xffffffcc]2[0x1c][0xfffffff1][0xffffffd2]x&[0xffffffce][0xffffffd8],[0xffffffc3][0xffffffb1]_[0x14]G]k2[0xffffffcb] [0xffffff81]d\k0[0xffffffcb][0x10][0xffffffe0][0xffffffcc]v[0xffffffed][0xfffffff5]Y[0xffffff86][0xffffffb7][0xffffffff]'[0xffffffba][0xfffffff6][0x1c]X[0xffffffd7][0xffffff9e][0xffffffb8]kO[0x3][0xffffffd7][0xffffff9e][0x1][0xffffffea]L[0xffffff9c]O[0xffffffcc][0xffffffb5][0xffffffa7][0xffffff93]k#[0xffffff8a][0xffffff8c]k[0x15][0xffffff90][0xffffff8c]k#[0xffffff96][0xfffffff9][0xffffffae][0xffffffdd][0xffffffe1][0xffffffcc]v[0xffffffed][0xffffff8e][0xffffffe8][0xb][0xffffffae]U[0xffffffb3][0xc]ca[0xffffffbb]g[0xe]|[0xffffff96][0xffffffe1]0[0xffffff98]e8[0xffffffe2][0xffffffa5][0xfffffff1]L[0xffffff9c][0xffffffb1]Y[0xffffff86]c[0xffffffbf]([0xffffff8e][0xffffffba][0xffffffd6]d[0xffffff96]A[0x2][0xffffffc9][0xffffffb8][0xffffffd6]`[0xffffff96]![0xffffffc0][0xffffff99][0xffffffed][0xffffffda][0xffffffeb][0xffffffb3][0xc]E[0xffffffcd]2[0xffffff9c][0xffffffb7]B[0xfffffffd]6V[0xfffffff0]Y[0xffffff86]b0[0xffffffcb]P"
01:51:24.803 [main] DEBUG org.apache.hc.client5.http.wire -- http-outgoing-1 << "[0xffffffe2][0xffffffa5][0xfffffff1]D[0xffffff9c][0xb]6[0xffffffcb]P[0xfffffff6][0xffffff8b][0xffffffe2][0xffffffa4]k[0x5][0xffffff8a][0xffffff88]k%[0xffffff90][0xffffff88]k[0x5][0xffffff96][0xffffffe9][0xffffffae][\r]p&[0xffffffbb]6 [0xfffffffa][0xffffff82]k[0xffffffd5][0xffffff9d][0xffffffaf][0xfffffff3][0xffffffe8][0xffffffd4][0xffffffee][0xffffff99][0xffffff82][0xffffffdf][0xfffffff9]*[0x6]w[0xffffffbe]J[0xffffffbc]\[0xffffff93][0xffffff89]3v[0xffffffe7][0xffffffab][0xffffffec][0x17]jP[0xffffffd7][0xffffff9a][0xffffffdc][0xfffffff9][0xffffff92]@2[0xffffffae]5[0xffffffb8][0xfffffff3][0x15][0xffffffe0][0xffffffcc]v[0xffffffed][0xfffffff5];_E}[0xffffff97][0xffffff81]u-<[0xffffffcb]P[0xc][0xffffffbe][0xffffffcb]P[0xffffffe2][0x2][0xfffffffc]\[0xffffff9c][0xffffffa1]Y[0xffffff86][0xffffffb2]/[0xffffffbd][0xffffff87]]k1[0xffffffcb] [0xffffff81][0xffffffa4]\[0xffffff8b][0xffffffcf]2[0x4]8[0xfffffff3]]{u[0xffffff96][0xffffffa1]T[0xffffffd5][0xffffffb5][0xffffffad]S[0xffffffb3][0xc]o[0xffffffe7][0xffffff81]][[\r][0xffffffba][0xffffffb6][0xffffff86][0xffffff80][0xffffffc8][0xffffffc4][0xffffffb9]b][[0xffffff9d][0xffffffba]6[0xffffffa2][0xffffffc8][0xffffffb8]V[0x1][0xffffffc9][0xffffffb8]6b[0xffffff99][0xffffffef][0xffffffda][0x1d][0xffffffce]l[0xffffffd7][0xffffffee][0xffffff88][0xffffffbe][0xffffffe0][0xffffffda][0xffffffa6][0xffffffba]vL[0xffffffac]k[0x1b][0xffffffde][0xffffffb5][0xffffffcd][0xffffffa0]k[[0x8][0xffffff88]L[0xffffff9c][0x1b][0xffffffd6][0xffffffb5][0xffffffcd][0xffffffa9]k#[0xffffff8a][0xffffff8c]k[0x15][0xffffff90][0xffffff8c]k#[0xffffff96][0xfffffff9][0xffffffae][0xffffffdd][0xffffffe1][0xffffffcc]v[0xffffffed][0xffffff8e][0xffffffe8][0xb][0xffffffae]U[0xffffffb3][0xc][0xfffffff3]6:[0xffffffe5]Z|[0xffffff96][0xffffffa1][0x18][0xffffffcc]2[0xffffff94]xi<[0x13]gl[0xffffff96][0xffffffa1][0xffffffec][0x17][0xffffffc5]Q[0xffffffd7][0xffffff9a][0xffffffcc]2H [0x19][0xffffffd7][0x1a][0xffffffcc]2[0x4]8[0xffffffb3]]{}[0xffffff96][0xffffffa1][0xffffffa8]Y[0xffffff86]Y[0xffffffdb][0xffffffa2]\[0xffffff8b][0xffffffcf]2[0x14][0xffffff83]Y[0xffffff86][0x12]/[0xffffff8d]g[0xffffffe2][0xffffff8c][0xffffffcd]2[0xffffff94][0xfffffffd][0xffffffa2]8[0xffffffea]Z[0xffffff93]Y[0x6][0x9]$[0xffffffe3]Z[0xffffff83]Y[0xffffff86][0x0]g[0xffffffb6]k[0xffffffaf][0xffffffcf]2[0xffffff94]S[0xffffffb9]v[0x14][0xffffffcc][0xffffffb5]'[0xffffffee][0xffffffda][0xffffffd3][0xffffffc0][0xffffffb5]g[0xffffff80]:[0x13][0xffffffe7][0x13]s[0xffffffed][0xffffffe9][0xffffffe4][0xffffffda][0xffffff88]"[0xffffffe3]Z[0x5]$[0xffffffe3][0xffffffda][0xffffff88]e[0xffffffbe]kw8[0xffffffb3]][0xffffffbb]#[0xfffffffa][0xffffff82]k[0xffffffd5],[0xffffffc3][0xffffffe4][0xffffffbe]7V[0xfffffff0]Y[0xffffff86]b0[0xffffffcb]P[0xffffffe2][0xffffffa5][0xfffffff1]L[0xffffff9c][0xffffffb1]Y[0xffffff86][0xffffffb2]_[0x14]G]k2[0xffffffcb] [0xffffff81]d\k0[0xffffffcb][0x10][0xffffffe0][0xffffffcc]v[0xffffffed]O[0xffffffcc]2,[0xffffffe1][0xffffffda]U:[0xffffffb5][0xf][0xffffffe1][0xffffffed]<[0xffffffb0]k[0xffffff97][0xffffff81]kW[0xffffff80]:[0x13][0xffffffe7][0xffffff85][0xffffffb9]v9[0xffffffb9]6[0xffffffa2][0xffffffc8][0xffffffb8]V[0x1][0xffffffc9][0xffffffb8]6b[0xffffff99][0xffffffef][0xffffffda][0x1d][0xffffffce]l[0xffffffd7][0xffffffee][0xffffff88][0xfffffffe]v[0xffffffd7]V57[0xffffffb6][0xffffffda]l[0xffffff90]k+>7V[\r][0xffffffe6][0xffffffc6]j[0x1c][0xffffffd0]I[0xffffffc4][0xffffffb9]bscu[0x1f][0xffffffca]!]+PD\+[0xffffff81]D\+[0xffffffb0]Lwm[0xffffff80]3[0xffffffd9][0xffffffb5][0x1][0xffffffd1][0x17]\[0xffffffab][0xffffffbe][0xffffff81][0xffffffb3]N[0xffffffec][0x1d]B[0xffffffc5][0xffffffbf][0xffffff81]S[\r][0xffffffbe][0xffffff81]S[0xffffffe3][0xffffffc7]F2q[0xffffffc6][0xffffffbe][0xffffff81]S[0xfffffff7][0xf][0xffffff8c][0xffffffa0][0xffffffae]5[0xfffffff9][0x6][0xffffff8e][0x4][0xffffff92]q[0xffffffad][0xffffffc1]7p[0x2][0xffffff9c][0xffffffd9][0xffffffae][0xffffffbd][0xfffffffe][\r][0xffffff9c]*ft[0xffffffe7][0xffffffed]V[0xe][0xffffffca][0xffffffb5][0xfffffff8][0xffffff8c]n5[0xffffff98][0xffffffd1][0xffffffad]q[0x18]2[0x13]glF[0xffffffb7][0xffffffee][0x3][0xffffff90][0xffffffa8]kMft%[0xffffff90][0xffffff8c]k[\r]ft[0x3][0xffffff9c][0xffffffd9][0xffffffae][0xffffffbd]>[0xffffffa3][[0xffffffc5][0xffffffdc][0xffffffd8][0xffffffdd][0xffffffb5]\[0xffffffd7][0xffffffe2]sc[0xffffffd5]`n[0xffffffac][0xffffffc6][0x1][0xffffff9d]L[0xffffff9c][0xffffffb1][0xffffffb9][0xffffffb1][0xffffffba][0xf][0xffffffe5][0xffffffa0][0xffffffae]5[0xffffff99][0x1b][0xffffff93]@2[0xffffffae]5[0xffffff98][0x1b][0xb]pf[0xffffffbb][0xfffffff6][0xfffffffa][0xffffffdc]X[0x15][0xffffffdf][0xffffffc0][0xffffffb9][0xffffffbb]vR{[0xffffffbe]*[0xfffffffe][\r][0xffffff9c]j[0xfffffff0][\r][0xffffff9c][0x1a]?6[0xffffff92][0xffffff89]3[0xfffffff6][\r][0xffffff9c][0xffffffba][0x7f]`[0x4]u[0xffffffad][0xffffffc9]7p$[0xffffff90][0xffffff8c]k[\r][0xffffffbe][0xffffff81][0x13][0xffffffe0][0xffffffcc]v[0xffffffed][0xfffffff5]o[0xffffffe0]T176o[0xffffffe5]F[0xffffffdd]C[0xffffffa8][0xfffffff8][0xffffffdc]X5[0xffffff98][0x1b][0xffffffab]q@'[0x13]gln[0xffffffac][0xffffffee]C9[0xffffffa8]kM[0xffffffe6][0xffffffc6]$[0xffffff90][0xffffff8c]k[\r][0xffffffe6][0xffffffc6][0x2][0xffffff9c][0xffffffd9][0xffffffae][0xffffffbd]>7V[0xffffffc5][0xffffffdc][0xffffffd8][0xffffffbc][0xfffffff5][0xffffff8a]u->7V[\r][0xffffffe6][0xffffffc6]j[0x1c][0xffffffd0][0xffffffc9][0xffffffc4][0x19][0xffffff9b][0x1b][0xffffffab][0xfffffffb]P[0xe][0xffffffea]Z[0xffffff93][0xffffffb9]1[0x9]$[0xffffffe3]Z[0xffffff83][0xffffffb9][0xffffffb1][0x0]g[0xffffffb6]k[0xffffffaf][0xffffffcf][0xffffff8d][0xffffffd5]S[0xffffffb9]v[0x1e][0xffffffd8]oc'[0xffffffee][0xffffffda][0xffffffd3][0xffffffc0][0xffffffb5]g[0xffffff80]:[0x13][0xffffffe7][0x13]s[0xffffffed][0xffffffe9][0xffffffe4][0xffffffda][0xffffff88]"[0xffffffe3]Z[0x5]$[0xffffffe3][0xffffffda][0xffffff88]e[0xffffffbe]kw8[0xffffffb3]][0xffffffbb]#[0xfffffffa][0xffffff82]k[0xffffffc5][0xffffffdc][0xffffffd8]<[0xffffffca][0xffffff8d][0xffffffda]=S[0xfffffff1][0xffffffb9][0xffffffb1]j07V[0xffffffe3][0xffffff80]N&[0xffffffce][0xffffffd8][0xffffffdc]X[0xffffffdd][0xffffff87]rP[0xffffffd7][0xffffff9a][0xffffffcc][0xffffff8d]I [0x19][0xffffffd7][0x1a][0xffffffcc][0xffffff8d][0x5]8[0xffffffb3]]{}n[0xffffffec][0xfffffffe][0xffffffa7][0xffffffc5][0xffffffcc][0xffffffb5][0xfffffff0]N[0xffffffc5][0xffffffc7][0x9]x[0xffffffd7][0xffffff82];[0x15][0x1f]O[0xffffffa7]\[0xffffffeb][0xffffffb3]SQ[0xffffffa0]H[0xffffffb9][0xffffffd6]d[0xffffffa7][0xffffffa2][0xffffffc0][0xffffff92]p-[0xffffffba]S1 [0xfffffffa][0xffffff92]k[0xffffff9b][0xffffff99]k[0x1b][0xffffffee][0xffffffda]f[0xffffffe0][0xffffffda][0xffffff86][0xffffffba][0xffffffb6]a[0xffffffae]mN[0xffffffae][0xffffffdd]Q[0xffffffa4]\[0x1b][0xffffff81][0xffffffa4]\[0xffffffbb]cI[0xffffffb8][0xffffffb6][0xffffffc1][0xffffffae]m[0xffffffd7]][0xfffffffb]x7[0xffffffeb]$[0xffffffdb][0xffffffe3][0xffffffc0]m{?[0x2][0xffffffaf][0xffffffdb][0xffffff8f]CP[0xffffffbe][0xffffffbd]?[0xffffff9e][0x12][0xffffffee][0xfffffffb][0xffffffa3]][0xffffff8c][0x1b]x[0xffffffa4][0xffffff94]+[0xffffffa8][0xffffffa4][0xffffff9c][0x1b][0xffffffd8]$[0xffffffa4][0xffffffbb][0x11][0xffffff9a]o[0xffffffdd][0xffffff8d][0xffffffd3][0xffffff97][0xffffffb4][[0xffffffec][0xffffffde]'[0x18][0xffffffbc]P[0xffffffb0]x[0xffffffa3][0x0][0xffffffbf]R[0x0][0xffffffdf])x[0xffffffbd]T[0xffffffb0]y[0xffffffab]`[0xfffffff4]Z[0xffffffc1][0xffffffe2][0xffffffbd][0x2][0xfffffffe]b[0xffffffe1]'[0xffffffde],[0xffffffd4]n[0xffffffa6][0xffffffdd][0xffffffda]q[0xffffffed][0xffffffde][0xffffff8f][0xffffffc0]k[0xfffffff7][0xffffffe3][0x10][0xffffff94]v[0xffffffef][0xffffff8f][0xffffffa7][0xffffffb4][0xfffffffb][0xfffffffe]h[0x17][0xffffffed][0x6][0x1e])[0xffffffed][\n]"
01:51:24.803 [main] DEBUG org.apache.hc.client5.http.wire -- http-outgoing-1 << "*)[0xffffffed][0x6]6[0x9][0xffffffed]n[0xffffff84][0xffffffe6]kw[0xffffffe3][0xfffffff4]%[0xffffffed][0xffffffb6]i[0xffffffa6][0xffffffdd]6q[0xffffffed][0xffffffde][0xffffff8f][0xffffffc0]k[0xfffffff7][0xffffffe3][0x10][0xffffff94]v[0xffffffef][0xffffff8f][0xffffffa7][0xffffffb4][0xfffffffb][0xfffffffe]h[0x17][0xffffffed][0x6][0x1e])[0xffffffed][\n]"
01:51:24.804 [main] DEBUG org.apache.hc.client5.http.wire -- http-outgoing-1 << "*)[0xffffffed][0x6]6[0x9][0xffffffed]n[0xffffff84][0xffffffe6]kw[0xffffffe3][0xfffffff4]%[0xffffffed][0xe][0xffffffb7][0xffffff97][0xc][0xffffff83][0x7f][0xffffffc9]0[0x1c]^2[0xc][0xfffffff6]%[0xffffffc3][0xffffffe0]^2[0xc][0xffffffab][0xffffff97][0xc][0xffffff81]GJ[0xffffffbb][0xffffff82]JJ[0xffffffbb][0xffffff81]MB[0xffffffbb][0xffffff83]~[0xffffffc9]0~[0xffffffe2]%[0xffffffc3]t[0xffffffab][0xffffffdd][0xffffffc9][0xffffffd7][0xffffffee]t[0xffffffa8][0xffffffdd][0xffffffc9][0xffffffd6][0xffffffee][0xffffffe4]jwZ[0xffffffd5]n[0xffffffe0][0xffffff91][0xffffffd2][0xffffffae][0xffffffa0][0xffffff92][0xffffffd2]n`[0xffffff93][0xffffffd0][0xffffffee][0xffffffa4]kw[0xfffffffe]D[0xffffffed].[0xffffffb7][0xffffffda]]|[0xffffffed].[0xffffff87][0xffffffda]]l[0xffffffed].[0xffffffae]v[0xffffff97]U[0xffffffed][0x6][0x1e])[0xffffffed][\n]"
01:51:24.805 [main] DEBUG org.apache.hc.client5.http.wire -- http-outgoing-1 << "*)[0xffffffed][0x6]6[0x9][0xffffffed].[0xffffffba]v[0xffffffd7]O[0xffffffd4][0xffffffee][0xfffffff1][0xfffffff8][0x2][0xffffffaf][0xffffff93]w[0xffffffef]'[0xffffffc2][0xffffffc5][0xfffffffb]v[0x6][0xffffffde][0xffffffbc][0xffffffdf]NA[0xffffffa9][0xfffffff7][0xffffffed][0xfffffff9][0xffffff94]{?[0xffffff9e][0xffffffed]"[0xffffffdf][0x8]%e_[0xffffff85]&[0xffffffa5][0xffffffdf][0x8]([0xffffffe1][0xffffffdf][0x1d][0xffffffd3]|[0x1][0xffffffef][0xffffffb0][0xfffffffe][0x16][0x3][0xffffffcf][0xfffffff7]?[0x16][0xffffff9f]4[0xffffff9b][0xffffffc7]X[0xfffffff9][0xffffff9f][0xffffffea][0xfffffffd]<[0xf]e[0xffffffdf]/'[0xffffffc0][0xffffffdc][0xffffffbb][0xffffff9d]![0xffffffd9][0xffffffbc]_[0xffffff9e][0xffffff9e][0xffffffec][0xffffffdd]_?[0x19][0xffffffb6][0xffffffee]S[0x14][0xffffff93][0xffffff9d][0xfffffffb][0x3] [0xffffff93][0xffffff8d][0xfffffffb][0x14][0xffffffcb]D[0xffffffdf]>[0xffffff81]3[0xffffffcd][0xffffffb6]O[0x10][0xfffffffd][0xffffffed][0xffffffae]m[0xffffffe2][0xffffff93]f[0xfffffff3]X+[0x7f][0xffffff95][0xffffffd8][0xffffffe7]yX[0xffffffd7]6[0xfffffff4][0xffffff93]f[0xffffffdb][0x19][0x10][0xffffffd7]6[0xffffffe0][0xffffff93]f[0xffffffbf]~[0xffffffb2][0xffffff85]k[0x5][0xffffff8a][0xffffff88]k%[0xffffff90][0xffffff88]k[0x5][0xffffff96][0xffffffe9][0xffffffae][\r]p&[0xffffffbb]6 [0xfffffffa][0xffffff82]k[0xffffffc5]'[0xffffffcd]f[0xffffffa9][\r]s-[0xfffffff8]I[0xffffffb3]/'[0xffffffa0]][0xb]}[0xffffffd2][0xffffffec][0xffffffcb][0xffffffd3][0x19][0xffffffd7]z|[0xffffffd2][0xffffffec])[0xffffff8a][0xffffff8c]k[\r]>i[0xfffffff6][0x14][0xffffffcb]|[0xffffffd7]b[0xffffff9f]4{[0xffffff82][0xffffffe8][0xb][0xffffffae]U[0xffffff9f]4+[0x1d]X[0xffffffdb][0xfffffff8]y[0x1e][0xffffffd8][0xffffffb5][0xffffffe8]'[0xffffffcd][0xffffffb6]30[0xffffffae][0x5]>i[0xfffffff6][0xffffffeb]'{[0xffffffb8][0x16][0xffffffff][0xffffffa4][0xffffffd9][0xf][0xffffff80]d\[0xffffff8b]~[0xffffffd2][0xffffffec][0x9][0xffffff9c][0xffffffd9][0xffffffae][0xffffffbd][0xfffffff2]I[0xffffffb3][0xffffff8f]?U[0xffffff9f]4+[0xffffffe7][0xffffffaa][0xffffff94]k[0xffffffc1]O[0xffffff9a]}9[0x1][0xffffffed]Z[0xffffffe8][0xffffff93]f_[0xffffff9e][0xffffffce][0xffffffb8][0xffffffd6][0xffffffe3][0xffffff93]fOQd\k[0xfffffff0]I[0xffffffb3][0xffffffa7]X[0xffffffe6][0xffffffbb][0x16][0xfffffffb][0xffffffa4][0xffffffd9][0x13]D[0x7f][0xffffffbb]k[0xffffffbb]z_[{[0xffffffcb][0xffffffff][0xffffffcc][0xffffffce][0xffffffe7]yX[0xffffffd7]v[0xffffff83][0xfffffff7][0xffffffb5]=[0xffffffbe][0x18]K[0xffffffc4][0xffffffb9]c[0xffffffef]k[0xfffffffb][0xfffffffe]2[0xffffff8c]t[0xffffffad]@[0x11]q[0xffffffad][0x4][0x12]q[0xffffffad][0xffffffc0]2[0xffffffdd][0xffffffb5][0x1][0xffffffce]d[0xffffffd7][0x6]D_p[0xffffffad]z_[[0xffffffcf]Aum[0xffffffc7][0xffffffdf][0xffffffd7]v[0xffffff83][0xfffffff7][0xffffffb5]=[0xffffffbe][0x18][0xffffffcb][0xffffffc4][0x19]{_[0xffffffdb][0xfffffff7][0xffffff97]a[0xffffffa8]kM[0xffffffde][0xffffffd7]J [0x19][0xffffffd7][0x1a][0xffffffbc][0xffffffaf][\r]pf[0xffffffbb][0xfffffff6][0xfffffffa][0xfffffffb][0xffffffda]^[0xffffffc4]:[0xfffffff2]v[0xffffff9b][0xfffffff9]wn?[0xffffffcf][0x3][0xffffffbb][0xffffffb6][0xffffff90][0xffffffeb][0xffffffc8][0xffffffb7]30[0xffffffae]-[0xfffffff9][0xffffffeb][0xffffffc8][0x7f][0xfffffffd]d[0xf][0xffffffd7]F[0x14][0x19][0xffffffd7]* [0x19][0xffffffd7]F,[0xfffffff3]][0xffffffbb][0xffffffc3][0xffffff99][0xffffffed][0xffffffda][0x1d][0xffffffd1][0x17]\[0xffffffab][0xffffffde][0xffffffd7][0xffffffb6][0xffffffb2][0xffffffb0]w[0x8][0xfffffff8][0xfffffffb][0xffffffda]n[0xfffffff0][0xffffffbe][0xffffffb6][0xffffffc7][0x17]c[0xffffff99]8c[0xffffffef]k[0xfffffffb][0xfffffffe]2[0xc]u[0xffffffad][0xffffffc9][0xfffffffb]Z[0x9]$[0xffffffe3]Z[0xffffff83][0xfffffff7][0xffffffb5][0x1][0xffffffce]l[0xffffffd7][0xfffffffe][0xffffffc4][0xfffffffb][0xffffffda][0xffffffa6]\;n[0xffffffd8];[0xffffff84][0xffffff86][0xffffffbb][0xffffffb6][0x19][0xffffffb8][0xffffffb6][0x5][0xffffffa8]3qn[0xffffff98]k[0xffffff9b][0xffffff93]k#[0xffffff8a][0xffffff8c]k[0x15][0xffffff90][0xffffff8c]k#[0xffffff96][0xfffffff9][0xffffffae][0xffffffdd][0xffffffe1][0xffffffcc]v[0xffffffed][0xffffff8e][0xffffffe8][0xb][0xffffffae][0xffffffed][0xffffffca][0xffffffb5][0xffffff93]{_[0xffffffdb]q[0xffffffd7]v[0x3][0xffffffd7][0xfffffff6][0x0]u&[0xffffffce][0x1d]smwrmD[0xffffff91]q[0xffffffad][0x2][0xffffff92]qm[0xffffffc4]2[0xffffffdf][0xffffffb5];[0xffffff9c][0xffffffd9][0xffffffae][0xffffffdd][0x11]}[0xffffffc1][0xffffffb5]C|[0xffffffd2][0xffffffac][0x1f][0x7][0xfffffff6][0xffffffbe]vp[0xffffff9f]4[0xfffffffb]r[0x2][0xffffffda][0xffffffb5]#|;*[0x13][0xffffffe7][0xffffff91][0xffffffff]I[0xffffffb3]_?[0xffffffd9][0xffffffc3][0xffffffb5][0x11]E[0xffffffc6][0xffffffb5][\n]"
01:51:24.805 [main] DEBUG org.apache.hc.client5.http.wire -- http-outgoing-1 << "H[0xffffffc6][0xffffffb5][0x11][0xffffffcb]|[0xffffffd7][0xffffffee]pf[0xffffffbb]vG[0xfffffff4][0x5][0xffffffd7][0xffffff9e][0xffffffa2]k{[0xffffffbb][0xffffff9d][0xffffff94]kO[0xffffffbc]kO[0xffffff83][0xffffffae]=C@d[0xffffffe2]|b]{:umD[0xffffff91]q[0xffffffad][0x2][0xffffff92]qm[0xffffffc4]2[0xffffffdf][0xffffffb5];[0xffffff9c][0xffffffd9][0xffffffae][0xffffffdd][0x11]}[0xffffffc1][0xffffffb5]S[0xffffffb9][0xffffffb6][0xffffff97]F[0xffffffb9]v[0xffffffe2][0xffffffae][0xffffff9d][0x6][0xffffffae][0xffffff9d][0x1][0xffffffea]L[0xffffff9c]'[0xffffffe6][0xffffffda][0xffffffe9][0xffffffe4][0xffffffda][0xffffff88]"[0xffffffe3]Z[0x5]$[0xffffffe3][0xffffffda][0xffffff88]e[0xffffffbe]kw8[0xffffffb3]][0xffffffbb]#[0xfffffffa][0xffffff82]k[0xffffffd5][0xffffff9e][0xffffffaf][0xffffffde][0x1f][0xffffff9f]x@\[0xffffff8b][0xffffffef][0xfffffff9][0xffffffea][0x6]{[0xffffffbe]z\[0xffffffa8][0xffffff94][0xffffff89]3[0xffffffb6][0xffffffe7][0xffffffab][0xffffffef]K[0xffffff94]P[0xffffffd7][0xffffff9a][0xffffffec][0xfffffff9][0xffffff92]@2[0xffffffae]5[0xffffffd8][0xfffffff3][0x15][0xffffffe0][0xffffffcc]v[0xffffffed][0xfffffff5]=_C[0xffffffcd][0xffffff8d][0xfffffff5]qL[0xffffffc8][0xffffffb5][0x3][0xffffff9f][0x1b][0x1b][0x6]sc#[0xe][0xffffffe8]$[0xffffffe2]<[0xffffffb0][0xffffffb9][0xffffffb1][0xffffffb1][0xf][0xffffffe5][0xffffff90][0xffffffae][0x15]("[0xffffffae][0xffffff95]@"[0xffffffae][0x15]X[0xffffffa6][0xffffffbb]6[0xffffffc0][0xffffff99][0xffffffec][0xffffffda][0xffffff80][0xffffffe8][0xb][0xffffffae]Usc}t[0xffffffea][0x1e][0xffffffc2][0xffffffc0][0xffffffe7][0xffffffc6][0xffffff86][0xffffffc1][0xffffffdc][0xffffffd8][0xffffff88][0x3]:[0xffffff99]8cscc[0x1f][0xffffffca]A]k27&[0xffffff81]d\k07[0x16][0xffffffe0][0xffffffcc]v[0xffffffed][0xfffffff5][0xffffffb9][0xffffffb1][0xffffffa1][0xfffffff6]|[0xfffffff5]sP[0xffffffbb][0xffffffc2][0x7][0xffffffbe][0xffffffe7]k[0x18][0xffffffec][0xfffffff9][0x1a]q[0xffffffa1]R&[0xffffffce][0xffffffd8][0xffffff9e][0xffffffaf][0xffffffb1]/QB]k[0xffffffb2][0xffffffe7]K[0x2][0xffffffc9][0xffffffb8][0xffffffd6]`[0xffffffcf]W[0xffffff80]3[0xffffffdb][0xffffffb5][0xffffffd7][0xfffffff7]|[\r]5[0xffffffcb]0[0xffffffea][0xffffffa0][0xffffffe6][0xffffffc6][0x6]>[0xffffffcb]0[0xc]f[0x19]F[0xffffffbc]4[0xffffff9e][0xffffff89]36[0xffffffcb]0[0xfffffff6][0xffffff8b][0xffffffe2][0xffffffa8]kMf[0x19]$[0xffffff90][0xffffff8c]k[\r]f[0x19][0x2][0xffffff9c][0xffffffd9][0xffffffae][0xffffffbd]>[0xffffffcb]0[0xffffff86]p[0xffffffed]ytj[0x7f][0xffffffed][0xffffffdb]y`[0xffffffd7][0xe][0x3][0xffffffd7][0xffffff8e][0x0]u&[0xffffffce][0x3]s[0xffffffed]prmD[0xffffff91]q[0xffffffad][0x2][0xffffff92]qm[0xffffffc4]2[0xffffffdf][0xffffffb5];[0xffffff9c][0xffffffd9][0xffffffae][0xffffffdd][0x11]}[0xffffffc1][0xffffffb5]S[0xffffffb9][0xfffffff6][0xffffffc4][0xffffffee][0xffffffd7][0xffffffbe][0xffffff9d][0x7]v[0xffffffed]4p[0xffffffed][0xc]Pg[0xffffffe2]<1[0xffffffd7]N'[0xffffffd7]F[0x14][0x19][0xffffffd7]* [0x19][0xffffffd7]F,[0xfffffff3]][0xffffffbb][0xffffffc3][0xffffff99][0xffffffed][0xffffffda][0x1d][0xffffffd1][0x17]\[0xffffffab][0xffffffee]|[0xffffffcd][0xffffffdb][0xffffffc0][0xffffffee]![0xffffffe0]w[0xffffffbe][0xffffff86][0xffffffc1][0xffffff9d][0xffffffaf][0x11]/[0xffffffd7]d[0xffffffe2][0xffffff8c][0xffffffdd][0xfffffff9][0x1a][0xfffffffb][0xffffff85][0x1a][0xffffffd4][0xffffffb5]&w[0xffffffbe]$[0xffffff90][0xffffff8c]k[\r][0xffffffee]|[0x5]8[0xffffffb3]]{[0xfffffffd][0xffffffce][0xffffffd7][0xffffffa9][0xffffffee]|[0xffffffcd][0xffffffd2][0x1a][0xffffffe4][0xffffffda][0x13][0xffffffbf][0xfffffff3]u[0x1a][0xffffffdc][0xfffffff9]:[0xffffffe3][0xffffffe5][0xffffff9a]D[0xffffff9c]O[0xffffffec][0xffffffce][0xffffffd7][0xffffffb9]_[0xffffffa8]!]+PD\+[0xffffff81]D\+[0xffffffb0]Lwm[0xffffff80]3[0xffffffd9][0xffffffb5][0x1][0xffffffd1][0x17]\[0xffffffab][0xffffffee]|[0xffffffcd][0xffffffde][0xffffffa8]}[0x8]'~[0xffffffe7][0xffffffeb]4[0xffffffb8][0xfffffff3]u[0xffffffc6][0xffffffcb]5[0xffffff99]8cw[0xffffffbe][0xffffffce][0xfffffffd]B[\r][0xffffffea]Z[0xffffff93];_[0x12]H[0xffffffc6][0xffffffb5][0x6]w[0xffffffbe][0x2][0xffffff9c][0xffffffd9][0xffffffae][0xffffffbd]~[0xffffffe7][0xffffffeb]Tw[0xffffffbe][0xffffffe6]8[0xffffffa9];_'~[0xffffffe7][0xffffffeb]4[0xffffffb8][0xfffffff3]u[0xffffffc6][0xffffffcb]5[0xffffff99]8cw[0xffffffbe][0xffffffce][0xfffffffd]B[\r][0xffffffea]Z[0xffffff93];_[0x12]H[0xffffffc6][0xffffffb5][0x6]w[0xffffffbe][0x2][0xffffff9c][0xffffffd9][0xffffffae][0xffffffbd]~[0xffffffe7][0xffffffeb]T[0xffffffbb][0xffffffc2][0xffffffe7]Y[0xffffffa8]Y[0xffffff86][0x13][0xffffffdf][0x15]~[0x1a][0xffffffec][\n]"
01:51:24.806 [main] DEBUG org.apache.hc.client5.http.wire -- http-outgoing-1 << "?[0xffffffe3]R[0xffffffe6]L[0xffffff9c][0xffffffb1]][0xffffffe1][0xffffffe7][0xffffffbe][0xffffff88][0x19]u[0xffffffad][0xffffffc9][0xffffffae]p[0x9]$[0xffffffe3]Z[0xffffff83]][0xffffffe1][0x1][0xffffffce]l[0xffffffd7]^[0xffffffdf][0x15]~[0xffffffaa][0xfffffffb][0xffffffb5][0xfffffff3]|[0xffffff9c][0xe]q-~[0xffffffbf][0xfffffff6]4[0xffffffb8]_{[0xffffffc6][0xffffff8b][0xffffff8c][0xffffff99]8c[0xfffffff7]k[0xffffffcf][0xfffffffd][0xfffffff2]"[0xffffffea]Z[0xffffff93][0xfffffffb][0xffffffb5][0x12]H[0xffffffc6][0xffffffb5][0x6][0xfffffff7]k[0x3][0xffffff9c][0xffffffd9][0xffffffae][0xffffffbd]~[0xffffffbf][0xfffffff6]T[0xffffffbb][0xffffffc2][0xffffffe7][0xffffffb9][0xffffffb0]w[0x8][0xfffffff8][0xffffffae][0xfffffff0][0xffffffd3]`W[0xfffffff8][0x19][0xffffff97]2g[0xffffffe2][0xffffff8c][0xffffffed][\n]"
01:51:24.806 [main] DEBUG org.apache.hc.client5.http.wire -- http-outgoing-1 << "?[0xfffffff7]E[0xffffffcc][0xffffffa8]kMv[0xffffff85]K [0x19][0xffffffd7][0x1a][0xffffffec][\n]"
01:51:24.806 [main] DEBUG org.apache.hc.client5.http.wire -- http-outgoing-1 << "[0xf]pf[0xffffffbb][0xfffffff6][0xfffffffa][0xffffffae][0xfffffff0]S[0xffffffcd]2[0xffffffcc]u[0xffffffc3]~[0x1b][0xffffffc3]g[0x19]N[0xffffff83]Y[0xffffff86]3^[0x1a][0xffffffcf][0xffffffc4][0x19][0xffffff9b]e8[0xfffffff7][0xffffff8b][0xffffffe2][0xffffffa8]kMf[0x19]$[0xffffff90][0xffffff8c]k[\r]f[0x19][0x2][0xffffff9c][0xffffffd9][0xffffffae][0xffffffbd]>[0xffffffcb]p[0xffffffaa]][0xffffffe1][0xffffffab][0x1c][0xffffffd4],[0xffffffc3][0xffffff89][0xffffffef][\n]"
01:51:24.806 [main] DEBUG org.apache.hc.client5.http.wire -- http-outgoing-1 << "?[\r]v[0xffffff85][0xffffff9f]q)s&[0xffffffce][0xffffffd8][0xffffffae][0xfffffff0]s_[0xffffffc4][0xffffff8c][0xffffffba][0xffffffd6]dW[0xffffffb8][0x4][0xffffff92]q[0xffffffad][0xffffffc1][0xffffffae][0xfffffff0][0x0]g[0xffffffb6]k[0xffffffaf][0xffffffef][\n]"
01:51:24.806 [main] DEBUG org.apache.hc.client5.http.wire -- http-outgoing-1 << "?[0xffffffa7]rm[0xffffffc3]v*[0xffffffbe][0xffffff9d][0x7]v[0xffffffed]4p[0xffffffed][0xc]Pg[0xffffffe2]<1[0xffffffd7]N'[0xffffffd7]F[0x14][0x19][0xffffffd7]* [0x19][0xffffffd7]F,[0xfffffff3]][0xffffffbb][0xffffffc3][0xffffff99][0xffffffed][0xffffffda][0x1d][0xffffffd1][0x17]\[0xffffffab][0xffffffe6][0xffffffc6][0xffffffd6][0xffffffd9][0xffffffb1][0xffffffae][0xffffffc5][0xffffffe7][0xffffffc6]N[0xffffff83][0xffffffb9][0xffffffb1]3[0xe][0xffffffe8]d[0xffffffe2][0xffffff8c][0xffffffcd][0xffffff8d][0xffffff9d][0xfffffffb]P[0xe][0xffffffea]Z[0xffffff93][0xffffffb9]1[0x9]$[0xffffffe3]Z[0xffffff83][0xffffffb9][0xffffffb1][0x0]g[0xffffffb6]k[0xffffffaf][0xffffffcf][0xffffff8d]M57[0xffffffb6][0x16][0xfffffff6][0xffffffdb][0xffffffd8][0xffffffc4][0xffffffe7][0xffffffc6][0xffffffa6][0xffffffc1][0xffffffdc][0xffffffd8][0xffffff8c][0x3]:[0xffffff89]8Olnl[0xffffffee]C9[0xffffffa4]k[0x5][0xffffff8a][0xffffff88]k%[0xffffff90][0xffffff88]k[0x5][0xffffff96][0xffffffe9][0xffffffae][\r]p&[0xffffffbb]6 [0xfffffffa][0xffffff82]k[0xffffffc5][0xffffffdc][0xffffffd8][0xffffffba][0xffffffd5]Y([0xffffffd7][0xffffffe2]sc[0xffffffd3]`nl[0xffffffc6][0x1][0xffffff9d]L[0xffffff9c][0xffffffb1][0xffffffb9][0xffffffb1][0xffffffb9][0xf][0xffffffe5][0xffffffa0][0xffffffae]5[0xffffff99][0x1b][0xffffff93]@2[0xffffffae]5[0xffffff98][0x1b][0xb]pf[0xffffffbb][0xfffffff6][0xfffffffa][0xffffffdc][0xffffffd8][0x14]sc[0xffffffeb]6[0x1a][0xffffffb5][0xffffffbf]v[0xffffffe2]sc[0xffffffd3]`nl[0xffffffc6][0x1][0xffffff9d]L[0xffffff9c][0xffffffb1][0xffffffb9][0xffffffb1][0xffffffb9][0xf][0xffffffe5][0xffffffa0][0xffffffae]5[0xffffff99][0x1b][0xffffff93]@2[0xffffffae]5[0xffffff98][0x1b][0xb]pf[0xffffffbb][0xfffffff6][0xfffffffa][0xffffffdc][0xffffffd8][0x12]sc[0xffffffab][0xfffffff4][0xffffffd5] [0xffffffd7].|nl[0x19][0xffffffcc][0xffffff8d][0xffffffad]8[0xffffffa0][0xffffff93][0xffffff88][0xfffffff3][0xffffffc2][0xffffffe6][0xffffffc6][0xffffffd6]>[0xffffff94]C[0xffffffba]V[0xffffffa0][0xffffff88][0xffffffb8]V[0x2][0xffffff89][0xffffffb8]V`[0xffffff99][0xffffffee][0xffffffda][0x0]g[0xffffffb2]k[0x3][0xffffffa2]/[0xffffffb9][0xffffffb6][0xffffff9a][0xffffffb9][0xffffffb6][0xffffffe2][0xffffffae][0xffffffad][0x6][0xffffffae][0xffffffad][0xffffffa8]k+[0xffffffe6][0xffffffda][0xffffffea][0xffffffe4][0xffffffda][0x1d]E[0xffffffca][0xffffffb5][0x11]H[0xffffffca][0xffffffb5];[0xffffff96][0xffffff84]k+[0xffffffec][0xffffffda]z[0xffffffdd][0xffffffb5][0xffffff8f][0xfffffffb]]N[0xffffffb2]=&n[0xffffffdb][0xfffffffb][0x11]x[0xffffffdd]~[0x1c][0xffffff82][0xfffffff2][0xffffffed][0xfffffffd][0xfffffff1][0xffffff94]p[0xffffffdf][0x1f][0xffffffed]b[0xffffffdc][0xffffffc0]#[0xffffffa5]\A%[0xffffffe5][0xffffffdc][0xffffffc0]&![0xffffffdd][0xffffff8d][0xffffffd0]|[0xffffffeb]n[0xffffff9c][0xffffffbe][0xffffffa4][0xffffffdd][0xffffffc7][0xffffffff].[0xffffff9c][0xffffffb4]{[0xffffffff][0xffffffdf]#[0xffffffad][0xffffffdd][0xfffffffb][0x11]x[0xffffffed]~[0x1c][0xffffff82][0xffffffd2][0xffffffee][0xfffffffd][0xfffffff1][0xffffff94]v[0xffffffdf][0x1f][0xffffffed][0xffffffa2][0xffffffdd][0xffffffc0]#[0xffffffa5]]A%[0xffffffa5][0xffffffdd][0xffffffc0]&[0xffffffa1][0xffffffdd][0xffffff8d][0xffffffd0]|[0xffffffed]n[0xffffff9c][0xffffffbe][0xffffffa4][0xffffffdd][0xffffffde][0xffffffcc][0xffffffb4][0xffffffdb][0x1b][0xffffffae][0xffffffdd][0xfffffffb][0x11]x[0xffffffed]~[0x1c][0xffffff82][0xffffffd2][0xffffffee][0xfffffffd][0xfffffff1][0xffffff94]v[0xffffffdf][0x1f][0xffffffed][0xffffffa2][0xffffffdd][0xffffffc0]#[0xffffffa5]]A%[0xffffffa5][0xffffffdd][0xffffffc0]&[0xffffffa1][0xffffffdd][0xffffff8d][0xffffffd0]|[0xffffffed]n[0xffffff9c][0xffffffbe][0xffffffa4][0xffffffdd][0xffffffd3][0xffffffed][0xffffffd7][0xffffffb3][0xffffff93][0xffffffff][0xfffffff9][0xffffffec]~[0x4]^[0xffffffbb][0x1f][0xffffff87][0xffffffa0][0xffffffb4]{r[0xffffffbf][0xffffffa0][0xffffff9d]V?[0xffffffa1][0x5][0x1e])[0xffffffed][\n]"
01:51:24.807 [main] DEBUG org.apache.hc.client5.http.wire -- http-outgoing-1 << "*)[0xffffffed][0x6]6[0x9][0xffffffed][0xffffff9e][0xfffffff4][0xffffffcf]h[0xffffffe7][0xffffffeb][0xffffffbf][0xffffffa3][0xffffffad][0xfffffff7][0xffffffbf][0x15][0xffffffbb][0x13]V%[0xffffffe6][0x1e]>[0xffffffcf]CI[0xfffffff7][0xffffffcb][0x9]0[0xffffffe7]ngHV[0xffffffee][0xffffff97][0xffffffa7]'[0x1b][0xfffffff7][0xffffffd7]O[0xffffff86][0xffffff85][0xfffffffb][0x14][0xffffffc5]d[0xffffffdf][0xfffffffe][0x0][0xffffffc8]d[0xffffffdd]>[0xffffffc5]2[0xffffffd1][0xffffffb6]O[0xffffffe0]L[0xffffff93][0xffffffed][0x13]D_p[0xffffffad][0xffffff98][0xffffffe7]][0xffffffad][0xffffff8d][0xfffffffc][0xffffffb9][0xffffff87][0xffffffcf][0xfffffff3][0xffffffc0][0xffffffae]E[0xffffffe7]y[0xffffffb7]30[0xffffffae][0x5][0xffffffe6]y[0x7f][0xfffffffd]d[0xf][0xffffffd7][0xffffffe2][0xfffffff3][0xffffffbc]?[0x0][0xffffff92]q-:[0xffffffcf][0xfffffffb][0x4][0xffffffce]l[0xffffffd7][0xffffffee][0xffffff88][0xfffffffe]V[0xffffffd7][0xffffff8e][0xffffffdb]M[0xffffffcc][0xfffffff3][0xffffffae][0xffffffd6]K[0xfffffffe][0xffffffee][0xffffff84][0xffffffcf][0xfffffff3][0xffffff90][0xffffffae][0xfffffffd]8[0x1][0xffffffea][0xffffffda]/g[0x0]\[0xfffffffb][0xfffffff1]t[0xffffffc0][0xffffffb5][0xffffff9f]O6p[0xffffffad]D[0x11]p[0xffffffed][0x13] [0x1][0xffffffd7]J,[0xffffff93]]+[0xffffffe0]Lu[0xffffffad]@[0xfffffff4][0x5][0xffffffd7][0xffffffaa]y[0xffffffde][0xffffffd6][0x1f][0xffffffaf]s[0x11][0xffffffd7][0xffffff82][0xfffffff3][0xffffffbc]_N@[0xffffffbb][0x16][0xffffff9a][0xffffffe7][0xfffffffd][0xfffffff2]t[0xffffffc6][0xffffffb5][0x1e][0xfffffff3][0xffffffbc]OQd\k0[0xffffffcf][0xfffffffb][0x14][0xffffffcb]|[0xffffffd7]b[0xfffffff3][0xffffffbc]O[0x10]}[0xffffffc1][0xffffffb5]j[0xffffff9e][0xffffffb7][\r][0xffffffae]k[0xffffffc1]y[0xffffffde]/'[0xffffffa0]][0xb][0xffffffcd][0xfffffff3]~y:[0xffffffe3]Z[0xffffff8f]y[0xffffffde][0xffffffa7](2[0xffffffae]5[0xffffff98][0xffffffe7]}[0xffffff8a]e[0xffffffbe]k[0xffffffb1]y[0xffffffde]'[0xffffff88][0xffffffbe][0xffffffe0]Z5[0xffffffcf][0xffffffdb][0xffffffce][0xffffff9e][0xffffffff][\r][0xffffff87][0xffffffcf][0xfffffff3][0xffffffc0][0xffffffae]E[0xffffffe7]y[0xffffffb7]30[0xffffffae][0x5][0xffffffe6]y[0x7f][0xfffffffd]d[0xf][0xffffffd7][0xffffffe2][0xfffffff3][0xffffffbc]?[0x0][0xffffff92]q-:[0xffffffcf][0xfffffffb][0x4][0xffffffce]l[0xffffffd7]^[0xffffff99][0xffffffe7][0xfffffffd][0xfffffff8]S[0xfffffff1][0x1d][0xffffffc8][0xffffffd5]Vg[0xffffffee]![0xffffffbc][0xffffff9f][0x7]v-[0xfffffffa][0x1d][0xffffffc8][0xffffffed][0xc][0xffffff8c]k[0xffffff81][0xffffffef]@[0xfffffffe][0xfffffffa][0xffffffc9][0x1e][0xffffffae][0xffffffc5][0xffffffbf][0x3][0xfffffff9][0x3] [0x19][0xffffffd7][0xffffffa2][0xffffffdf][0xffffff81]|[0x2]g[0xffffffb6]k[0xffffffaf]|[0x7][0xfffffff2][0xffffffe3]O[0xffffffc5]w W/[0xffffff8b][0xffffffb9][0xffffff87][0xfffffff0]~[0x1e][0xffffffd8][0xffffffb5][0xffffffe8]w [0xffffffb7]30[0xffffffae][0x5][0xffffffbe][0x3][0xfffffff9][0xffffffeb]'{[0xffffffb8][0x16][0xffffffff][0xe][0xffffffe4][0xf][0xffffff80]d\[0xffffff8b]~[0x7][0xfffffff2][0x9][0xffffff9c][0xffffffd9][0xffffffae][0xffffffbd][0xfffffff2][0x1d][0xffffffc8][0xffffff8f]?U[0xfffffff7]k[0xfffffffb][0xffffff9c][0x7][0xffffffe5]Z[0xfffffff8]~[0xffffffed][0xffffffc7][0x9]h[0xffffffd7][0xffffff82][0xfffffff7]k?[0xffffff9e][0xffffffce][0xffffffb8][0xffffffd6][0xffffffe7]~[0xffffffad]D[0xffffff91]q[0xffffffad][0xffffffc9][0xfffffffd]Z[0xffffff89]e[0xffffffbe]k[0xffffffd1][0xfffffffb][0xffffffb5][0x2][0xffffffd1][0x17]\;[0xffffff85]k[0xffffffc7]1*[0xffffffe5][0xffffffda][0xffffff89][0xffffffbb]v[0x1a][0xffffffb8]v[0x6][0xffffffa8]3q[0xffffff9e][0xffffff98]k[0xffffffa7][0xffffff93]k#[0xffffff8a][0xffffff8c]k[0x15][0xffffff90][0xffffff8c]k#[0xffffff96][0xfffffff9][0xffffffae][0xffffffdd][0xffffffe1][0xffffffcc]v[0xffffffed][0xffffff8e][0xffffffe8]ow[0xffffffed][0xffffffa1]\;[0xffffffcb]l[0xffffff90]k[0xf][0xffffffdc][0xffffffb5][0xffffff87][0xffffff81]k[0xffffff8f][0x8]u"[0xffffffce][0x7][0xffffffe6][0xffffffda]c[0x7][0xffffff99]t[0xffffffad]@[0x11]q[0xffffffad][0x4][0x12]q[0xffffffad][0xffffffc0]2[0xffffffdd][0xffffffb5][0x1][0xffffffce]d[0xffffffd7][0x6]D_rm3s-[0xffffffb6][0xffffff8f][0xffffffe6][0xffffffcb][0x9]x[0xffffffd7]"[0xffffffdb]h[0xffffffbe]<[0xffffff9d]r[0xffffffad][0xffffffc3].[0xffffff9a][0xffffffa7](R[0xffffffae][0xffffffc5]7[0xffffffd1]<[0xffffffc5][0xffffff92]p-[0xffffffb4][0xffffff87][0xffffffe6][0x9][0xffffffa2][0xffffffbf][0xffffffdd][0xffffffb5][0xffffffe5][0xfffffff6]K[0xffffff89][0xffffffae]][0xffffff85][0xffffffba][0xffffff87][0xfffffff0]v[0x1e][0xffffffd6][0xffffffb5][0xffffff8f][0x13][0xffffffc0][0xffffffae][0xfffffffd]~[0x6][0xffffffc4][0xffffffb5][0xffffff8f][0xffffffa7]#[0xffffffae][0xfffffffd][0xfffffff6]d[0xb][0xffffffd7][\n]"
01:51:24.807 [main] DEBUG org.apache.hc.client5.http.wire -- http-outgoing-1 << "[0x14][0x11][0xffffffd7]J [0x11][0xffffffd7][\n]"
01:51:24.808 [main] DEBUG org.apache.hc.client5.http.wire -- http-outgoing-1 << ",[0xffffffd3]][0x1b][0xffffffe0]Lvm@[0xfffffff4][0x5][0xffffffd7][0xffffffaa]Y[0xffffff86][0xffffffd5]Nj[0xffffff96][0xffffffa1][0xffffffe0][0xffffffb3][0xc][0xffffffc5]`[0xffffff96][0xffffffa1][0xffffffc4]K[0xffffffe3][0xffffff99]8c[0xffffffb3][0xc]e[0xffffffbf]([0xffffff8e][0xffffffba][0xffffffd6]d[0xffffff96]A[0x2][0xffffffc9][0xffffffb8][0xffffffd6]`[0xffffff96]![0xffffffc0][0xffffff99][0xffffffed][0xffffffda][0xffffffeb][0xffffffb3][0xc]E[0xffffffcd]2[0xffffffac]Y[0xffffffa8]Y[0xffffff86][0xffffff82][0xffffffcf]2[0x14][0xffffff83]Y[0xffffff86][0x12]/[0xffffff8d]g[0xffffffe2][0xffffff8c][0xffffffcd]2[0xffffff94][0xfffffffd][0xffffffa2]8[0xffffffea]Z[0xffffff93]Y[0x6][0x9]$[0xffffffe3]Z[0xffffff83]Y[0xffffff86][0x0]g[0xffffffb6]k[0xffffffaf][0xffffffcf]2[0xffffff94]8[0xffffffcb]Pn[0xffffffb7][0xffffffdb][0xffffffa2][0xfffffff6]![0x14]|[0xffffff96][0xffffffa1][0x18][0xffffffcc]2[0xffffff94]xi<[0x13]gl[0xffffff96][0xffffffa1][0xffffffec][0x17][0xffffffc5]Q[0xffffffd7][0xffffff9a][0xffffffcc]2H [0x19][0xffffffd7][0x1a][0xffffffcc]2[0x4]8[0xffffffb3]]{}[0xffffff96][0xffffffa1][0xc][0xffffffe5][0xffffffda]Q'[0xffffffe5][0xffffffda][0xffffff81][0xffffffbb]v[0x18][0xffffffb8]v[0x4][0xffffffa8]3q[0x1e][0xffffff98]k[0xffffff87][0xffffff93]k#[0xffffff8a][0xffffff8c]k[0x15][0xffffff90][0xffffff8c]k#[0xffffff96][0xfffffff9][0xffffffae][0xffffffdd][0xffffffe1][0xffffffcc]v[0xffffffed][0xffffff8e][0xffffffe8][0xb][0xffffffae][0xffffff8d][0xffffffb3][0xc]o[0xffffffae][0xffffff9d][0xffffffd4][0xffffffdc]X[0xffffffc1]g[0x19][0xffffff8a][0xffffffc1],C[0xffffff89][0xffffff97][0xffffffc6]3q[0xffffffc6]f[0x19][0xffffffca]~Q[0x1c]u[0xffffffad][0xffffffc9],[0xffffff83][0x4][0xffffff92]q[0xffffffad][0xffffffc1],C[0xffffff80]3[0xffffffdb][0xffffffb5][0xffffffd7]g[0x19]J[0xffffffbc]_{w[0xffffffed][0xffffffc9][0xffffffbd][0xffffffaf][0xffffffc5][0xffffffef][0xffffffd7][0x16][0xffffff83][0xfffffffb][0xffffffb5]%^d[0xffffffcc][0xffffffc4][0x19][0xffffffbb]_[[0xfffffff6][0xffffffcb][0xffffff8b][0xffffffa8]kM[0xffffffee][0xffffffd7]J [0x19][0xffffffd7][0x1a][0xffffffdc][0xffffffaf][\r]pf[0xffffffbb][0xfffffff6][0xfffffffa][0xfffffffd][0xffffffda][0xffffffb2][0xffffffa4]k[0xffffffb1][0x19][0xffffffdd][0xffffffb7][0xfffffff3][0xffffffc0][0xffffffae]][0x6][0xffffffae]][0x1][0xffffffea]L[0xffffff9c][0x17][0xffffffe6][0xffffffda][0xffffffe5][0xffffffe4][0xffffffda][0xffffff88]"[0xffffffe3]Z[0x5]$[0xffffffe3][0xffffffda][0xffffff88]e[0xffffffbe]kw8[0xffffffb3]][0xffffffbb]#[0xfffffffa][0xffffffdb]][[0xffffffdb]/5[0xffffffb8][0xfffffff6]Xg[0xffffff83]\[0xfffffffb]v[0x1e][0xffffffd6][0xffffffb5][0xffffff8f][0x13][0xffffffc0][0xffffffae][0xfffffffd]~[0x6][0xffffffc4][0xffffffb5][0xffffff8f][0xffffffa7]#[0xffffffae][0xfffffffd][0xfffffff6]d[0xb][0xffffffd7][\n]"
01:51:24.808 [main] DEBUG org.apache.hc.client5.http.wire -- http-outgoing-1 << "[0x14][0x11][0xffffffd7]J [0x11][0xffffffd7][\n]"
01:51:24.808 [main] DEBUG org.apache.hc.client5.http.wire -- http-outgoing-1 << ",[0xffffffd3]][0x1b][0xffffffe0]Lvm@[0xfffffff4][0x5][0xffffffd7][0xffffffaa][0xffffffdf][0xffffffc6]J?[0x7][0xffffffe5]Z[0xfffffffc][0xffffffb7][0xffffffb1]j[0xfffffff0][0xffffffdb]X[0xffffff8d]?Bd[0xffffffe2][0xffffff8c][0xfffffffd]6V[0xfffffff7][0x1f][0x1e]P[0xffffffd7][0xffffff9a][0xfffffffc]6&[0xffffff81]d\k[0xfffffff0][0xffffffdb]X[0xffffff80]3[0xffffffdb][0xffffffb5][0xffffffd7][0x7f][0x1b][0xffffffab]K[0xffffffb8][0xffffffb6][0xfffffff6][0x1b][0xffffffb5]{[0xffffffe6][0xffffffed]<[0xffffffb0]k[0xffffff97]@;[0x1b][0xffffffea][0x15][0xffffffa0][0xffffffce][0xffffffc4]ya[0xffffffae]]N[0xffffffae][0xffffff8d](2[0xffffffae]U@2[0xffffffae][0xffffff8d]X[0xffffffe6][0xffffffbb]v[0xffffff87]3[0xffffffdb][0xffffffb5];[0xffffffa2][0xffffffbf][0xffffffdd][0xffffffb5]-~[0xffffffdb][0xfffffff1][0xffffffee][0xffffffda]1[0xffffffa8][0xfffffff7][0xffffffb5][\r][0xffffffff][0xffffffb6]c3[0xfffffff8][0xffffffb6]c[0xffffff8b][0x1f][0xffffffd1]K[0xffffffc4][0xffffffb9]a[0xffffffdf]vl[0xfffffffb][0xffffff87][0xfffffff3]H[0xffffffd7][\n]"
01:51:24.808 [main] DEBUG org.apache.hc.client5.http.wire -- http-outgoing-1 << "[0x14][0x11][0xffffffd7]J [0x11][0xffffffd7][\n]"
01:51:24.808 [main] DEBUG org.apache.hc.client5.http.wire -- http-outgoing-1 << ",[0xffffffd3]][0x1b][0xffffffe0]Lvm@[0xfffffff4][0x5][0xffffffd7][0xffffffc6]o;[0xffffffde]]{[0x1e][0xffffffd4][0xffffff8c]n[0xffffffc3][0xffffffbf][0xffffffed][0xffffffd8][0xc][0xffffffbe][0xffffffed][0xffffffd8][0xffffffe2]G[0xfffffff4]2q[0xffffffc6][0xffffffbe][0xffffffed][0xffffffd8][0xfffffff6][0xf][0xffffffe7][0xffffffa1][0xffffffae]5[0xfffffff9][0xffffffb6][0xffffffa3][0x4][0xffffff92]q[0xffffffad][0xffffffc1][0xffffffb7][0x1d][0x3][0xffffff9c][0xffffffd9][0xffffffae][0xffffffbd][0xfffffffe]m[0xffffffc7][0x16][0xfffffff7]![0xffffffbc][0xffffffb9][0xffffffb6]S[0xffffffb3][0xc][\r][0xffffffdf][0xffffff87][0xffffffd0][0xc][0xfffffff6]![0xffffffb4]8x[0xffffff9e][0xffffff89]3[0xffffffb6][0xf][0xffffffa1][0xffffffed][0xffffffc3][0xffffffe6][0xffffffa8]kM[0xfffffff6]!H [0x19][0xffffffd7][0x1a][0xffffffec]C[0x8]pf[0xffffffbb][0xfffffff6][0xfffffffa]>[0xffffff84][0xffffffa6]ft[0xffffffeb][0x1c][0xffffffd4][0xffffff9e][0xffffffaf][0xffffff86][0xffffffcf][0xffffffe8]6[0xffffff83][0x19][0xffffffdd][0x16][0xffffff87]!3q[0xffffffc6]ft[0xffffffdb]>[0x0][0xffffff89][0xffffffba][0xffffffd6]dFW[0x2][0xffffffc9][0xffffffb8][0xffffffd6]`F7[0xffffffc0][0xffffff99][0xffffffed][0xffffffda][0xffffffeb]3[0xffffffba]-~o[0xffffffac][0xffffffdc][0xffffffdd]][0xffffffa9][0xffffffb9][0xffffffb1][0xffffff86][0x7f]o[0xffffffac][0x19]|o[0xffffffac][0xffffffc5][0xf];e[0xffffffe2][0xffffff8c]}o[0xffffffac][0xffffffed][0x1f]sB]k[0xfffffff2][0xffffffbd]1[0x9]$[0xffffffe3]Z[0xffffff83][0xffffffef][0xffffff8d][0x5]8[0xffffffb3]]{[0xfffffffd]{c[0xfffffff7]?[0x1d]f[0xffffffae][0x1d][0xffffffb8]k[0xffffff87][0xffffff81]k[0x7][0xffffffea][0xffffffda][0xffffff81][0xffffffb9]v8[0xffffffb9]vG[0xffffff91]rm[0x4][0xffffff92]r[0xffffffed][0xffffff8e]%[0xffffffe1][0xffffffda][0x1][0xffffffbb]v\w[0xffffffed]2s[0xffffffed][0xffffffc2]][0xffffffbb][0xc]\[0xffffffbb]P[0xffffffd7].[0xffffffcc][0xffffffb5][0xffffffcb][0xffffffc9][0xffffffb5];[0xffffff8a][0xffffff94]k#[0xffffff90][0xffffff94]kw,[0x9][0xffffffd7].[0xffffffd8][0xffffffb5][0xffffffeb][0xffffffba]k[0xffffffcb]a&[0xffffffdb]r[0xffffffe0][0xffffffb6][0xffffffbd][0x1f][0xffffff81][0xffffffd7][0xffffffed][0xffffffc7]!([0xffffffdf][0xffffffde][0x1f]O[0x9][0xfffffff7][0xfffffffd][0xffffffd1].[0xffffffc6][\r]<R[0xffffffca][0x15]TR[0xffffffce][\r]l[0x12][0xffffffd2][0xffffffdd][0x8][0xffffffcd][0xffffffb7][0xffffffee][0xffffffc6][0xffffffe9]K[0xffffffda][0xffffffed]n[0xffffff8d][0xffffffdb][0xfffffff9][0xffffffc8][0xffffffed][0xe][0xffffff95][0xffffffdb][0xffffffd9][0xffffffcc][0xffffffed]\[0xffffffe7]v[0xffffffab][0xffffffd0][\r]<R[0xffffffda][0x15]TR[0xffffffda][\r]l[0x12][0xffffffda][0xffffffed]t[0xffffffec][0xfffffff6][0xffffff9f][0xffffffa8][0xffffffdd][0xffffffe3][0xffffffd6][0xffffffcd][0xffffffbc]{?[0x11].[0xffffffde][0xffffffb7]3[0xfffffff0][0xffffffe6][0xfffffffd]v[\n]"
01:51:24.809 [main] DEBUG org.apache.hc.client5.http.wire -- http-outgoing-1 << "J[0xffffffbd]o[0xffffffcf][0xffffffa7][0xffffffdc][0xfffffffb][0xfffffff1]l[0x17][0xfffffff9]F()[0xfffffffb]*4)[0xfffffffd]F@[0x9][0xffffffff][0xffffffee][0xffffff98][0xffffffe6][0xb]x[0xffffff87][0xfffffff5]7[0x18][0xffffffb8][0xffffffdc][0xffffffde][0xffffffff]X[0xffffffed]Nh[0xffffffeb]H[0xffffffdf][0xffffff9d][0xfffffff0][0xffffffe5]<[0xffffff90]}[0xffffffbf][0xffffff9e][0xffffff80]r[0xffffffef]~[0xffffff86]\[0xfffffff3]~}z[0xffffffae]w[0xffffffb7]'[0xffffffb3][0xffffffd6]}[0xffffff8e]b[0xffffffae]s[0x7f][0x4]d[0xffffffae]q[0xffffff9f]c[0xffffff99][0xffffffe7][0xffffffdb]gpf[0xffffffd9][0xfffffff6][0x19][0xffffffa2]/[0xffffffb8]V[0xffffffed][0xffffffba][0xffffffed]}[0xffffffa5][0xffffffef]N[0xfffffff8]r[0x1e][0xffffffd8][0xffffffb5][0xffffffe4][0xffffffae][0xffffffdb][0xfffffffd][0xc][0xffffff8c]k[0xfffffff3]w[0xffffffdd]nO[0xfffffff6]p-[0xffffffbd][0xffffffeb][0xfffffff6]G@2[0xffffffae]%w[0xffffffdd]>[0xffffff83]3[0xffffffdb][0xffffffb5][0x17]v[0xffffffdd]~[0xfffffffb][0xffffffd3][0xffffffa5]\;o[0xffffffe9]s[0xf]_[0xffffffce][0x3][0xffffffbb]v[0x19][0xffffffb8]v[0x5][0xffffffa8]3q^[0xffffff98]k[0xffffff97][0xffffff93]k#[0xffffff8a][0xffffff8c]k[0x15][0xffffff90][0xffffff8c]k#[0xffffff96][0xfffffff9][0xffffffae][0xffffffdd][0xffffffe1][0xffffffcc]v[0xffffffed][0xffffff8e][0xffffffe8]owm[0xffffffbf][0x9][0xffffffd7][0xffffff8e]c[0xffffffa4][0xffffffef]N[0xfffffff8]r[0x1e][0xffffffd6][0xffffffb5][0xffffff8f][0x13][0xffffffc0][0xffffffae][0xfffffffd]~[0x6][0xffffffc4][0xffffffb5][0xffffff8f][0xffffffa7]#[0xffffffae][0xfffffffd][0xfffffff6]d[0xb][0xffffffd7][\n]"
01:51:24.809 [main] DEBUG org.apache.hc.client5.http.wire -- http-outgoing-1 << "[0x14][0x11][0xffffffd7]J [0x11][0xffffffd7][\n]"
01:51:24.809 [main] DEBUG org.apache.hc.client5.http.wire -- http-outgoing-1 << ",[0xffffffd3]][0x1b][0xffffffe0]Lvm@[0xfffffff4][0x5][0xffffffd7][0xffffffaa]=5[0xffffffa3][0xffffffb6][0xfffffff4][0xffffff9d]`_[0xffffffce][0x3][0xffffffbb][0xffffff96][0xffffffdc]S[0xffffffb3][0xffffff9f][0xffffff81]qm[0xfffffffe][0xffffff9e][0xffffff9a][0xffffffed][0xffffffc9][0x1e][0xffffffae][0xffffffa5][0xfffffff7][0xffffffd4][0xfffffffc][0x8]H[0xffffffc6][0xffffffb5][0xffffffe4][0xffffff9e][0xffffff9a]gpf[0xffffffbb][0xfffffff6][0xffffffc2][0xffffff9e][0xffffff9a][0xffffffcf]?-f[0xffffffae]-[0xffffffb8]k[0xffffff8b][0xffffff81]k[0xb][0xffffffea][0xffffffda][0xffffff82][0xffffffb9][0xffffffb6]8[0xffffffb9]vG[0xffffff91]rm[0x4][0xffffff92]r[0xffffffed][0xffffff8e]%[0xffffffe1][0xffffffda][0x2][0xffffffbb][0xffffffb6]\u[0xffffffad][0xffffffda][0xffffff9d]0[0xffffffe6]L[0xffffffdf][0x9][0xfffffff6][0xffffffe5]<[0xffffffb0]k[0xffffffc9][0xffffffdd][0x9][0xfffffffb][0x19][0x18][0xffffffd7][0xffffffe6][0xffffffef]N[0xffffffd8][0xffffff9e][0xffffffec][0xffffffe1]Zzw[0xffffffc2][0xffffff8f][0xffffff80]d\K[0xffffffee]Nx[0x6]g[0xffffffb6]k/[0xffffffec]N[0xfffffff8][0xfffffff6][0xffffffa7][0xffffffea][0xfffffffb][0xffffffe6][0xffffffe7][0xffffffad]7[0xffffffca][0xffffffb5][0xffffffdc][0xfffffff7][0xffffffcd][0xffffffbf][0xffffff9e][0xffffff80]v-[0xfffffff3]}[0xfffffff3][0xffffffaf]Og\k[0xfffffff1]}[0xfffffff3][0xffffffe7](2[0xffffffae][0xffffffe5][0xffffffbf]o[0xfffffffe][0x1c][0xffffffcb]|[0xffffffd7]R[0xffffffdf]7[0x7f][0xffffff86][0xffffffe8]ow[0xffffffed]P[0xffffffef]k[0xffffffe7][0xffffffb1]([0xffffffd7][0xe][0xfffffffc]}[0xffffffed]0x_;[0xffffffe2][0xffffff8b][0xffffffb1]D[0xffffff9c][0x7][0xfffffff6][0xffffffbe]v[0xffffffec]/[0xffffffc3]H[0xffffffd7][\n]"
01:51:24.809 [main] DEBUG org.apache.hc.client5.http.wire -- http-outgoing-1 << "[0x14][0x11][0xffffffd7]J [0x11][0xffffffd7][\n]"
01:51:24.809 [main] DEBUG org.apache.hc.client5.http.wire -- http-outgoing-1 << ",[0xffffffd3]][0x1b][0xffffffe0]Lvm@[0xfffffff4][0x5][0xffffffd7][0x16][0xfffffff1][0xffffffbe]v[0xfffffff6]A[0xffffffbd]Cx;[0xf][0xffffffec][0xffffffda][0xffffffc2][0xffffffbf][0xffffffaf][0xfffffffd]~[0x6][0xffffffc6][0xffffffb5][0xffffff85]z_[0xfffffffb][0xffffffed][0xffffffc9][0x1e][0xffffffae][0xffffff8d](2[0xffffffae]U@2[0xffffffae][0xffffff8d]X[0xffffffe6][0xffffffbb]v[0xffffff87]3[0xffffffdb][0xffffffb5];[0xffffffa2]/[0xffffffb8]V[0xffffffbd][0xffffffaf]][0xffffffed]F[0xfffffffd]66[0xfffffff0][0xfffffff7][0xffffffb5][0xffffffc3][0xffffffe0]}[0xffffffed][0xffffff88]/[0xffffffc6]2q[0xffffffc6][0xffffffde][0xffffffd7][0xffffff8e][0xfffffffd]e[0x18][0xffffffea]Z[0xffffff93][0xfffffff7][0xffffffb5][0x12]H[0xffffffc6][0xffffffb5][0x6][0xffffffef]k[0x3][0xffffff9c][0xffffffd9][0xffffffae][0xffffffbd][0xfffffffe][0xffffffbe]v[0xffffffa8][0x19][0xffffffdd]u[0xffffffe6][0xffffffef]H[0xfffffff8]r[0x1e][0xffffffd8][0xffffffb5][0x6]3[0xffffffba]#[0xe]Cf[0xffffffe2][0xffffff8c][0xffffffcd][0xffffffe8][0xffffff8e]}[0x0][0x12]u[0xffffffad][0xffffffc9][0xffffff8c][0xffffffae][0x4][0xffffff92]q[0xffffffad][0xffffffc1][0xffffff8c]n[0xffffff80]3[0xffffffdb][0xffffffb5][0xffffffd7]gt[0xffffff87][0xfffffffa]ml[0xffffffcd][0xffffffe3]F[0xffffffb9][0x16][0xffffffff]ml[0x18][0xfffffffc]66[0xffffffe2][0xffffff8f][0x10][0xffffff99]8c[0xffffffbf][0xffffff8d][0xffffff8d][0xfffffffd][0xffffff87][0x7][0xffffffd4][0xffffffb5]&[0xffffffbf][0xffffff8d]I [0x19][0xffffffd7][0x1a][0xfffffffc]6[0x16][0xffffffe0][0xffffffcc]v[0xffffffed]O[0xfffffffc]6[0xffffffa6][0xfffffff6]![0xffffffac][0xfffffff9]8[0x1d][0xffffffe2]Z|[0x1f][0xffffffc2]0[0xffffffd8][0xffffff87]0[0xffffffe2][0xffffffe0]y&[0xffffffce][0xffffffd8]>[0xffffff84][0xffffffb1][0xf][0xffffff9b][0xffffffa3][0xffffffae]5[0xffffffd9][0xffffff87] [0xffffff81]d\k[0xffffffb0][0xf]![0xffffffc0][0xffffff99][0xffffffed][0xffffffda][0xffffffeb][0xfffffffb][0x10][0xffffff86][0xffffffda][0xffffff87][0xffffffb0][0xffffffd6][0xffffff81][0xffffffbd]C[0xffffffc0][0xfffffff7]![0xc][0xffffff83]}[0x8]#[0xe][0xffffff9e]g[0xffffffe2][0xffffff8c][0xffffffed]C[0x18][0xfffffffb][0xffffffb0]9[0xffffffea]Z[0xffffff93]}[0x8][0x12]H[0xffffffc6][0xffffffb5][0x6][0xfffffffb][0x10][0x2][0xffffff9c][0xffffffd9][0xffffffae][0xffffffbd][0xffffffbe][0xf][0xffffffe1][0xffffffbc]I[0xffffffd7][0xffffff9e][0xffffffd4][0xffffff9e][0xffffffaf][0xffffffb7][0xfffffff3][0xffffffb0][0xffffffae]}[0xffffff9c][0x0]v[0xffffffed][0xfffffff7]3 [0xffffffae]}<[0x1d]q[0xffffffed][0xffffffb7]'[[0xffffffb8]V[0xffffffa0][0xffffff88][0xffffffb8]V[0x2][0xffffff89][0xffffffb8]V`[0xffffff99][0xffffffee][0xffffffda][0x0]g[0xffffffb2]k[0x3][0xffffffa2]/[0xffffffb8]V[0xffffffdc][0xffffffaf]=nG[0xffffffa7][0xfffffff6]|[0xffffff9d][0xfffffff8][0xfffffffd][0xffffffda][0xffffffd3][0xffffffe0]~[0xffffffed][0x19]/2f[0xffffffe2][0xffffff8c][0xffffffdd][0xffffffaf]=[0xfffffff7][0xffffffcb][0xffffff8b][0xffffffa8]kM[0xffffffee][0xffffffd7]J [0x19][0xffffffd7][0x1a][0xffffffdc][0xffffffaf][\r]pf[0xffffffbb][0xfffffff6][0xfffffffa][0xfffffffd][0xffffffda][0xffffffb3]([0xffffffd7][0xfffffff6]I[0xffffffed][\n]"
01:51:24.810 [main] DEBUG org.apache.hc.client5.http.wire -- http-outgoing-1 << "[0x7f];[0xf][0xffffffec][0xffffffda]b[0xffffffe0][0xffffffda][0x12][0xffffffa0][0xffffffce][0xffffffc4][0xffffffb9]`[0xffffffae]-N[0xffffffae][0xffffff8d](2[0xffffffae]U@2[0xffffffae][0xffffff8d]X[0xffffffe6][0xffffffbb]v[0xffffff87]3[0xffffffdb][0xffffffb5];[0xffffffa2]/[0xffffffb8][0xffffffb6]*[0xffffffd7][0xffffff9e][0xffffffd8][0xffffffae][0xfffffff0][0xffffffb7][0xfffffff3][0xffffffc0][0xffffffae][0xffffffad][0x6][0xffffffae][0xffffffad][0x1][0xffffffea]L[0xffffff9c]+[0xffffffe6][0xffffffda][0xffffffea][0xffffffe4][0xffffffda][0xffffff88]"[0xffffffe3]Z[0x5]$[0xffffffe3][0xffffffda][0xffffff88]e[0xffffffbe]kw8[0xffffffb3]][0xffffffbb]#[0xfffffffa][0xffffff82]k[0xffffffc5],[0xffffffc3]q4[0xffffffee]}->[0xffffffcb]p[0x1a][0xffffffcc]2[0xffffff9c][0xfffffff1][0xffffffd2]x&[0xffffffce][0xffffffd8],[0xffffffc3][0xffffffb9]_[0x14]G]k2[0xffffffcb] [0xffffff81]d\k0[0xffffffcb][0x10][0xffffffe0][0xffffffcc]v[0xffffffed][0xfffffff5]Y[0xffffff86]S[0xffffffdc][0xffffffaf][0xffffffbd][0xffffffff][0xfffffff7][0xe]jF[0xfffffff7][0xffffffc4][0xffffffef][0xffffffd7][0xffffff9e][0x6][0xfffffff7]k[0xffffffcf]x[0xffffff91]1[0x13]g[0xffffffec]~[0xffffffed][0xffffffb9]_^D]kr[0xffffffbf]V[0x2][0xffffffc9][0xffffffb8][0xffffffd6][0xffffffe0]~m[0xffffff80]3[0xffffffdb][0xffffffb5][0xffffffd7][0xffffffef][0xffffffd7][0xffffff9e][0xffffffe2]~[0xffffffed]Q[0xfffffffa][0xffffffd1]([0xffffffd7][0xffffffe2][0xfffffff7]kO[0xffffff83][0xfffffffb][0xffffffb5]g[0xffffffbc][0xffffffc8][0xffffff98][0xffffff89]3v[0xffffffbf][0xfffffff6][0xffffffdc]//[0xffffffa2][0xffffffae]5[0xffffffb9]_+[0xffffff81]d\kp[0xffffffbf]6[0xffffffc0][0xffffff99][0xffffffed][0xffffffda][0xffffffeb][0xfffffff7]kOq[0xffffffbf][0xfffffff6]([0xffffffe7][0xffffffd1])[0xffffffd7][0xffffffe2][0xfffffff7]kO[0xffffff83][0xfffffffb][0xffffffb5]g[0xffffffbc][0xffffffc8][0xffffff98][0xffffff89]3v[0xffffffbf][0xfffffff6][0xffffffdc]//[0xffffffa2][0xffffffae]5[0xffffffb9]_+[0xffffff81]d\kp[0xffffffbf]6[0xffffffc0][0xffffff99][0xffffffed][0xffffffda][0xffffffeb][0xfffffff7]k[0xffffffe7]M[0xffffffb8][0xffffffb6][0xffffffde]:[0xfffffff5][0xffffffbd][0xffffffb1][0xffffffb7][0xfffffff3][0xffffffb0][0xffffffae]}[0xffffff9c][0x0]v[0xffffffed][0xfffffff7]3 [0xffffffae]}<[0x1d]q[0xffffffed][0xffffffb7]'[[0xffffffb8]V[0xffffffa0][0xffffff88][0xffffffb8]V[0x2][0xffffff89][0xffffffb8]V`[0xffffff99][0xffffffee][0xffffffda][0x0]g[0xffffffb2]k[0x3][0xffffffa2]/[0xffffffb8]V[0xffffffdd][0xffffffaf][0xffffffad][0xffffffb7]E[0xffffffdd][0xffffffaf][0xffffff9d][0xfffffff8][0xfffffffd][0xffffffda]ip[0xffffffbf]v[0xffffffc6][0xffffff8b][0xffffff8c][0xffffff99]8c[0xfffffff7]k[0xffffffe7]~y[0x11]u[0xffffffad][0xffffffc9][0xfffffffd]Z[0x9]$[0xffffffe3]Z[0xffffff83][0xfffffffb][0xffffffb5][0x1][0xffffffce]l[0xffffffd7]^[0xffffffbf]_;[0xffffffd5][0xfffffffd][0xffffffda]z[0xc][0xffffffcc][0xffffffb5][0xfffffff8][0xfffffffd][0xffffffda]ip[0xffffffbf]v[0xffffffc6][0xffffff8b][0xffffff8c][0xffffff99]8c[0xfffffff7]k[0xffffffe7]~y[0x11]u[0xffffffad][0xffffffc9][0xfffffffd]Z[0x9]$[0xffffffe3]Z[0xffffff83][0xfffffffb][0xffffffb5][0x1][0xffffffce]l[0xffffffd7]^[0xffffffbf]_;[0xffffff9b]rm[0x19][0xffffffd4]>[0xffffff84][0xffffffb7][0xfffffff3][0xffffffc0][0xffffffae]m[0x6][0xffffffae]m[0x1][0xffffffea]L[0xffffff9c][0x1b][0xffffffe6][0xffffffda][0xffffffe6][0xffffffe4][0xffffffda][0xffffff88]"[0xffffffe3]Z[0x5]$[0xffffffe3][0xffffffda][0xffffff88]e[0xffffffbe]kw8[0xffffffb3]][0xffffffbb]#[0xfffffffa][0xffffff82]k[0xffffffc5][0xfffffffe][0xffffffda][0xffffffa3][0xffffffce][0xffffff89][0xffffffb9][0x16][0xffffffdf]_;[\r][0xfffffff6][0xffffffd7][0xffffffce][0xffffffb8](4[0x13]gl[0x7f][0xffffffed][0xffffffdc][0xffffff97][0xffffff83][0xffffffa2][0xffffffae]5[0xffffffd9]_+[0xffffff81]d\k[0xffffffb0][0xffffffbf]6[0xffffffc0][0xffffff99][0xffffffed][0xffffffda][0xffffffeb][0xfffffffb]k[0xffffffa7][0xffffffba]_[0xffffffdb][0xe][0xffffffec]~[0xffffffed][0xffffffc4][0xffffffef][0xffffffd7]N[0xffffff83][0xfffffffb][0xffffffb5]3^d[0xffffffcc][0xffffffc4][0x19][0xffffffbb]_;[0xfffffff7][0xffffffcb][0xffffff8b][0xffffffa8]kM[0xffffffee][0xffffffd7]J [0x19][0xffffffd7][0x1a][0xffffffdc][0xffffffaf][\r]pf[0xffffffbb][0xfffffff6][0xfffffffa][0xfffffffd][0xffffffda]9[0xffffffe3][0xfffffff7][0xffffffc6][0xffffff8e][0xffffffd6][0x1f][0xffffffa7]C\;[0xffffffe9][0xffffffef][0xffffff8d]=N@[0xffffffbb]v[0xffffff86][0xf];e[0xffffffe2]<[0xffffffa9][0xffffffef][0xffffff8d]}{[0xffffffb2][0xffffff87]k#[0xffffff8a][0xffffff8c]k[0x15][0xffffff90][0xffffff8c]k#[0xffffff96][0xfffffff9][0xffffffae][0xffffffdd][0xffffffe1][0xffffffcc]v[0xffffffed][0xffffff8e][0xffffffe8][0xb][0xffffffae]U[0xfffffff7]k[0xffffffdb][0xffffffc9][0xfffffffd]6[0xffffff86][0xffffffdf][0xffffffaf][0xffffff9d][0x6][0xfffffff7]kg[0xffffffbc][0xffffffc8][0xffffff98][0xffffff89]3v[0xffffffbf]v[0xffffffee][0xffffff97][0x17]Q[0xffffffd7][0xffffff9a][0xffffffdc][0xffffffaf][0xffffff95]@2[0xffffffae]5[0xffffffb8]_[0x1b][0xffffffe0][0xffffffcc]v[0xffffffed]O[0xffffffdc][0xffffffaf]][0xffffffbf]T3[0xffffffd7]V[0xffffffdc][0xffffffb5][0xffffffd5][0xffffffc0][0xffffffb5][0x15]um[0xffffffc5]\[[0xffffff9d]\[0xffffffbb][0xffffffa3]H[0xffffffb9]6[0x2]I[0xffffffb9]v[0xffffffc7][0xffffff92]pm[0xffffff85]][/[0xffffffba]v[0xffffffa9][0xfffffffb][0xffffffb5][0xffffffbd]b[0xffffffef]k[0x17]~[0xffffffbf]v[0x19][0xffffffdc][0xffffffaf]][0xfffffff1]"c"[0xffffffce][0xb][0xffffffbb]_[0xffffffbb][0xfffffff6][0xffffffcb][0xffffff8b][0xffffffa4]k[0x5][0xffffff8a][0xffffff88]k%[0xffffff90][0xffffff88]k[0x5][0xffffff96][0xffffffe9][0xffffffae][\r]p&[0xffffffbb]6 [0xfffffffa][0xffffff82]k[0xffffffd5][0xfffffffd][0xffffffda]q`[0xfffffff7][0x10][0x16]~[0xffffffbf]v[0x19][0xffffffdc][0xffffffaf]][0xfffffff1]"c&[0xffffffce][0xffffffd8][0xfffffffd][0xffffffda][0xffffffb5]_^D]kr[0xffffffbf]V[0x2][0xffffffc9][0xffffffb8][0xffffffd6][0xffffffe0]~m[0xffffff80]3[0xffffffdb][0xffffffb5][0xffffffd7][0xffffffef][0xffffffd7].[0xffffffb5][0xffffffbf]v[0xfffffff4][0xffffff83][0xffffffda][0xffffffa9][0xffffffb8][0xfffffff0][0xfffffffd][0xffffffb5][0xffffffcb]`[0x7f][0xffffffed][0xffffff8a][0xffffff8b]B3q[0xffffffc6][0xfffffff6][0xffffffd7][0xffffffae]}9([0xffffffea]Z[0xffffff93][0xfffffffd][0xffffffb5][0x12]H[0xffffffc6][0xffffffb5][0x6][0xfffffffb]k[0x3][0xffffff9c][0xffffffd9][0xffffffae][0xffffffbd][0xffffffbe][0xffffffbf]v[0xffffffa9]Y[0xffffff86][0xffffffd1][0xffffffcf][0xffffff83]r->[0xffffffcb][0xffffffb0][0xc]f[0x19]V[0xffffffbc]4[0xffffff9e][0xffffff89]36[0xffffffcb][0xffffffb0][0xfffffff6][0xffffff8b][0xffffffe2][0xffffffa8]kMf[0x19]$[0xffffff90][0xffffff8c]k[\r]f[0x19][0x2][0xffffff9c][0xffffffd9][0xffffffae][0xffffffbd]>[0xffffffcb][0xffffffb0][0xffffffd4][0xffffffae][0xfffffff0]1[0xffffffb0]=_[0xb][0xffffffdf][0x15][0xffffffbe][0xc]v[0xffffff85][0xffffffaf][0xffffffb8][0xffffff94]9[0x13]glW[0xfffffff8][0xffffffda][0x17]1[0xffffffa3][0xffffffae]5[0xffffffd9][0x15].[0xffffff81]d\k[0xffffffb0]+<[0xffffffc0][0xffffff99][0xffffffed][0xffffffda][0xffffffeb][0xffffffbb][0xffffffc2][0xffffff97][0xffffff9a][0x1b][0x1b]c`[0xffffffbf][0xffffff8d][0xffffffe1]sc[0xffffffcb]`nl[0xffffffc5][0x1][0xffffff9d]L[0xffffff9c][0xffffffb1][0xffffffb9][0xffffffb1][0xffffffb5][0xf][0xffffffe5][0xffffffa0][0xffffffae]5[0xffffff99][0x1b][0xffffff93]@2[0xffffffae]5[0xffffff98][0x1b][0xb]pf[0xffffffbb][0xfffffff6][0xfffffffa][0xffffffdc][0xffffffd8]Rsc[0xffffffe3]l[0xffffffd4][0xffffffb7][0x1d][0x17]>7[0xffffffb6][0xc][0xffffffe6][0xffffffc6]V[0x1c][0xffffffd0][0xffffffc9][0xffffffc4][0x19][0xffffff9b][0x1b][[0xfffffffb]P[0xe][0xffffffea]Z[0xffffff93][0xffffffb9]1[0x9]$[0xffffffe3]Z[0xffffff83][0xffffffb9][0xffffffb1][0x0]g[0xffffffb6]k[0xffffffaf][0xffffffcf][0xffffff8d]-[0xfffffff5]][0xffffff86][0xffffffb1]n[0xffffffd4][0xfffffffe][0xffffffda][0xffffff85][0x7f][0xffffff97]a[0x19]|[0xffffff97]a[0xffffffc5][0x5][0xfffffff8][0xffffff99]8c[0xffffffdf]eX[0xfffffffb][0xffffffd2]{[0xffffffd4][0xffffffb5]&[0xffffffdf]e[0xffffff90]@2[0xffffffae]5[0xfffffff8].C[0xffffff80]3[0xffffffdb][0xffffffb5][0xffffffbf][0xffffffe1][0xffffffbb][0xc][0xffffffdf]@[0xfffffffd][0xfffffffd][0xffffffbf][0xfffffffe][0xfffffff1][0xf][0xffffffff][0xfffffffc][0xffffffe7]?[0xfffffffe][0xffffffed]o[0xffffffbf][0xffffffff][0xffffffdb][0xffffffbf][0xfffffffe][0xfffffff1][0xffffffcf][0x7f]&[0xffffff88][0xffffffdd][0xffffff8e][0xffffffe0][0xffffff80][0xffffffee]~$[0xffffff9c]au [0x8][0xffffffe6][0xfffffffd]([0x18][0xffffffd5][0xffffffe2] [0xffffffff][0xffffffdb][0xffffff94]Pc[0xffffff91]g[0xffffffc5][0xffffffd6][0xffffffd8]-|,r[0x19][0xffffff8c]E[0xffffffae]8[0x7f][0xffffff96][0x9]86[0x16][0xffffffb9][0xfffffff6][0xffffff99]34%L[0xffffffc6]"%[0xffffff90]LJ[0x18][0xffffff8c]E[0x6]8[0xffffffb3]S[0xffffffe2]7[0xffffff8c]Eb)![0xffffffe4][0xffffffc9][0xffffffa6][0xffffff84]t)[0xffffff9b][0x12]B[0xffffffad]\J[0x4][0xffffffd3]R)[0x11][0xffffffc4]{)%[0xffffffe2]6[0x1b]6%[0xffffffe0]m6[0xffffff8f][0x13][0xfffffff0])[0x1]n[0xffffffb3]y<[0xffffff9d]J[0x9][0xffffff9f]m6[0x2]E*%L[0xffffffb6][0xffffffd9][0x8],[0xffffff89][0xffffff94]@[0xffffffb7][0xffffffd9][0x4]D[0xffffffbd]R"[0xffffffc8][0xffffff93]N[0x9][0xffffffe1]R:%[0xffffff82]Z[0xffffffc9][0xffffff94](.)Q[0xfffffffe][0xe])[0xffffffd1][0xffffffcd]R[0xffffffa2][0xffffffe3])[0xffffffd1][\r]R[0xffffffa2][0xffffffa3])[0xffffffd1][0xffffffb1][0xffffff94][0xffffffe8]N)[0xffffffb1][0xffffffa3]H[0xffffffa5]D[0x4][0xffffff92]J[0xffffff89][0x1d]K"%:[0xffffff9c][0x12][0xffffffdd]8%[0xffffff82]<[0xffffffe9][0xffffff94][0x10].[0xffffffa5]S"[0xffffffa8][0xffffff95]L[0xffffff89][0xffffffee][0xffffff92][0x12][0xfffffffd][0xffffffef][0xffffff90][0x12][0xffffff8f]]8N-qL<&[0xffffffee]G[0xffffffe0]k[0xffffffe2][0xffffffe3][0x10]TN[0xffffffdc][0x1f]O[0xfffffff5][0xffffffc4][0xfffffffb][0xffffffa3]][0xffffff82]"[0xfffffff0]H[0x15][0xffffff85][0xffffffa0][0xffffff92]J[0xffffff8a][0xffffffc0]&[0xffffffd1][0x14][0x1b][0xffffffa1][0xfffffff9]Q[0xffffffb1]q[0xffffffea]U[0x15]Q[0xffffffa3]tV([0xffffffab][0xffffffd2]][0x11]%K[0xffffff86][0xffffffc5][0xffffffee]\[0xffffffae],v[0x5]_J[0xffffff8b][0xffffffe2][0xffffff96][0x16][0xffffff85]O[0xffffff8b][0xffffffe2][0xffffff90][0x16][0xffffff85]M[0xffffff8b][0xffffffc2][0xffffffa5]E[0xffffffb1]J[0xffffff8b][0xffffffc0]#[0xffffff95][0x16][0xffffff82]J*-[0x2][0xffffff9b]DZ[0x14]:-[0xffffff8a]sZD[0xffffff8d][0xffffffd2]i[0xffffffa1][0xffffffac]J[0xffffffa7]E[0xffffff94],[0xffffff99][0x16][0xffffffbb]s[0xffffffb9][0xffffffb4][0xffffffd8][0x15]|)-[0xffffffaa][0xffffffdb]/ [0xffffff95][0xffffffff][0x9][0xffffffa4]:[0xfffffffc][0x6]R[0xffffffd9][0x1f]A*[0xfffffff7]+H[0xffffffb5][0xfffffffa][0x19]$[0xfffffff0]H[0xffffffa5][0xffffff85][0xffffffa0][0xffffff92]J[0xffffff8b][0xffffffc0]&[0xffffff91][0x16][0xffffff95][0xfffffffe])[0xffffffa4]:[0xffffffff][0x16][0x12]5J[0xffffffa7][0xffffff85][0xffffffb2]*[0xffffff9d][0x16]Q[0xffffffb2]dZ[0xffffffec][0xffffffce][0xffffffe5][0xffffffd2]bW[0xfffffff0][0xffffffa5][0xffffffb4][0xffffffe8][0xffffffc3],-[0xfffffffa][0xffffffc0][0xffffffd3][0xffffffe2]~[0x4]>->[0xe]A[0xffffffa5][0xffffffc5][0xfffffffd][0xfffffff1]TZ[0xffffffbc]?[0xffffffda]%-[0x2][0xffffff8f]TZ[0x8]*[0xffffffa9][0xffffffb4][0x8]l[0x12]i[0xffffffb1][0x11][0xffffff9a][0xffffff9f][0x16][0x1b][0xffffffa7]^i[0x11]5J[0xffffffa7][0xffffff85][0xffffffb2]*[0xffffff9d][0x16]Q[0xffffffb2]dZ[0xffffffec][0xffffffce][0xffffffe5][0xffffffd2]bW[0xfffffff0][0xffffffa5][0xffffffb4][0x18]n# [0xffffff83][0xffffff9f][0x1][0x19][0xe]C [0xffffff83][0xffffff9d][0x2][0x19][0xffffffdc][0x18][0xffffffc8][0xffffffb0][0xffffff9a][0x3][0x9]<Ri![0xffffffa8][0xffffffa4][0xffffffd2]"[0xffffffb0]I[0xffffffa4][0xffffffc5][0xffffffa0]gA[0xffffff86][0xfffffff3]0H[0xffffffd4]([0xffffff9d][0x16][0xffffffca][0xffffffaa]tZD[0xffffffc9][0xffffff92]i[0xffffffb1];[0xffffff97]K[0xffffff8b]][0xffffffc1][0xffffff97][0xffffffd2][0xffffffe2][0xfffffff1]9[0x2][0xffffffa7][0xffffffb4]8[0xf]<-[0xffffffee]G[0xffffffe0][0xffffffd3][0xffffffe2][0xffffffe3][0x10]TZ[0xffffffdc][0x1f]O[0xffffffa5][0xffffffc5][0xfffffffb][0xffffffa3]][0xffffffd2]"[0xfffffff0]H[0xffffffa5][0xffffff85][0xffffffa0][0xffffff92]J[0xffffff8b][0xffffffc0]&[0xffffff91][0x16][0x1b][0xffffffa1][0xfffffff9]i[0xffffffb1]q[0xffffffea][0xffffff95][0x16]Q[0xffffffa3]tZ([0xffffffab][0xffffffd2]i[0x11]%K[0xffffffa6][0xffffffc5][0xffffffee]\.-v[0x5]_J[0xffffff8b][0xffffffe3][0xffffffb6][0xffffffcc][0xffffffda][0xffffffe2]~"<.[0xffffffde][0xffffffce][0xffffffc0][0xffffffd7][0xffffffc5][0xffffffb7]SPy[0xfffffff1][0xfffffff6]|[0xffffffaa]/>[0xffffff9e][0xffffffed][0x12][0x18][0x11]J[0xffffffaa]0[0x14][0xffffff9a]TbD@[0xffffff89][0xffffffc6][0xffffffd8]1[0xffffffcd][0xffffff8f][0xffffff8c][0x1d]V[0xffffffaf][0xffffffca][0x10]B[0xffffffa5]3C[0xfffffffa][0xffffff95][0xffffffee][0xc][0xffffffa1][24[0xffffff82]}[0xffffffb9][0xffffffd2][0x8]2~%5[0xffffff8e][0xffffffb7][0x7f][0xffffffca]q[0xffffffbb][0xffffffa9]m[0xffffff9b]k[0xffffffae][0xfffffff4][0xffffffd0][0xfffffff8]<[0xf][0xffffff95][0x19]_N[0xffffff80]E[0xffffffc6]v[0xffffff86][0xffffffe4][0xffffffc4][0xfffffff8][0xfffffff2][0xfffffff4][0xffffffe4][0xffffffc0][0xfffffff8][0xfffffff5][0xffffff93][0xffffffe1][0xffffffbc]x[0xffffff8a]br\[0xfffffffc][0x0][0xffffffc8][0xffffffe4][0xffffffb4]x[0xffffff8a]ebX<[0xffffff81]3-+[0xffffff9e] j[0x11][0x15][0xffffffcf][0xffffffe5][0x9]%[0xffffffc5][0xffffff8f]\[\n]"
01:51:24.813 [main] DEBUG org.apache.hc.client5.http.wire -- http-outgoing-1 << "[0x5][0xffffffc5]s[0xffffffb5][0x2]9[0xfffffff1][0xffffffcc][0xffffffb4][0xffffffe9]1[0xfffffff1]L[0xffffffbc][0x17]R[0xffffffe2][0x10])1[0xffffff8f]3[0xffffffff][0xffffffdb]v[0xffffff9f][0xffffffe7][0xffffff81]S[0xffffffe2]0H[0xffffff89]#[0xfffffff2][0xffffff9e][0x8][0xfffffff8][0xffffff81][0xffffffa5][0xffffffc4][0xffffffe1][0xffffff94][0x12][0x11]E&%[0x14][0xffffff90]LJD,[0xfffffff3]Sb[0xffffff87]3;%vD[0xffffff9d]RB[0xffffffc8][0xffffff93]M[0x9][0xffffffe9]R6%[0xffffff84]Z[0xffffffb9][0xffffff94][0x8][0xffffffa6][0xffffffa5]R"[0xffffff88][0xfffffff7]BJ[0x14][0xffffff95][0x12]}[0xffffffe5][0x7f][0xffffffba][0xfffffff1][0xfffffff3]<pJ[0x14][0xffffff83][0xffffff94]([0xffffff91][0xfffffff7]D[0xffffffc0][0xb][0xffffff96][0x12][0xffffffc5])%"[0xffffff8a]LJ( [0xffffff99][0xffffff94][0xffffff88]X[0xffffffe6][0xffffffa7][0xffffffc4][0xe]gvJ[0xffffffec][0xffffff88]:[0xffffffa5][0xffffff84][0xffffff90]'[0xffffff9b][0x12][0xffffffd2][0xffffffa5]lJ[0x8][0xffffffb5]r)[0x11]LK[0xffffffa5]D[0x10][0xffffffef][0xffffff85][0xffffff94][0xffffffa8]*%[0xffffffce][0xffffff99][0x7f][0xffffff93][0xffffffe2][0xfffffff3]<pJT[0xffffff83][0xffffff94][0xffffffa8][0xffffff91][0xfffffff7]D[0xffffffc0]+[0xffffff96][0x12][0xffffffd5])%"[0xffffff8a]LJ( [0xffffff99][0xffffff94][0xffffff88]X[0xffffffe6][0xffffffa7][0xffffffc4][0xe]gvJ[0xffffffec][0xffffff88]:[0xffffffa5][0xffffff84][0xffffff90]'[0xffffff9b][0x12][0xffffffd2][0xffffffa5]lJ[0x8][0xffffffb5]r)[0x11]LK[0xffffffa5]D[0x10][0xffffffef][0xffffffa5][0xffffff94][0xffffffa8]f)Q[0xfffffff1][0xffffff94][0xffffffa8][0x6])Q[0xffffffd1][0xffffff94][0xffffffa8]XJT[0xffffffa7][0xffffff94][0xffffffd8]Q[0xffffffa4]R"[0x2]I[0xffffffa5][0xffffffc4][0xffffff8e]%[0xffffff91][0x12][0x15]N[0xffffff89]j[0xffffff9c][0x12]A[0xffffff9e]tJ[0x8][0xffffff97][0xffffffd2])[0x11][0xffffffd4]J[0xffffffa6]DuI[0xffffff89][0xfffffffa][0xffffffd3])[0xffffffd1][0xffffffc4][[0xffffff89]Uz[0xffffffa5]R[0xffffffa2][0xffffffe1]o%[0xffffff9a][0xffffffc1][[0xffffff89][0x16][0xffffffd3]9[0x11][0xfffffff0][0xffffff86][0xffffffbd][0xffffff95]hNo%"[0xffffff8a]LJ( [0xffffff99][0xffffff94][0xffffff88]X[0xffffffe6][0xffffffa7][0xffffffc4][0xe]gvJ[0xffffffec][0xffffff88]:[0xffffffa5][0xffffff84][0xffffff90]'[0xffffff9b][0x12][0xffffffd2][0xffffffa5]lJ[0x8][0xffffffb5]r)[0x11]LK[0xffffffa5]D[0x10][0xffffffef][0xffffff85][0xffffff94][0xffffffe8]*%Z;[0xffffffa8][0xffffff94][0xffffffe8]xJt[0xffffff83][0xffffff94][0xffffffe8][0xffffff91][0xfffffff7]D[0xffffffc0];[0xffffff96][0x12][0xffffffdd])%"[0xffffff8a]LJ( [0xffffff99][0xffffff94][0xffffff88]X[0xffffffe6][0xffffffa7][0xffffffc4][0xe]gvJ[0xffffffec][0xffffff88]:[0xffffffa5][0xffffff84][0xffffff90]'[0xffffff9b][0x12][0xffffffd2][0xffffffa5]lJ[0x8][0xffffffb5]r)[0x11]LK[0xffffffa5]D[0x10][0xffffffef][0xffffffa5][0xffffff94](f)[0xffffff81][0xffffffed][0xffffffca][0xfffffffc]r[0x2]>%[0xffffff90]M[0xffffff99]_[0xffffff9e]N[0xffffffa5][0xffffff84][0xffffffc3][0xffffff9e][0xffffffcc][0xffffffa7](R)[0xffffff81]o[0xffffffc9]|[0xffffff8a]%[0xffffff91][0x12][0xffffffd0][0xffffff8e][0xffffffcc]'[0xffffff88]z[0xffffffa5][0xffffff84][0xffffffcb][0xffffff86][0xffffffcc][0x1f][0xffffffb9][0xffffff94]N[0x9][0xffffff87][0xfffffffd][0xffffff98][0xffffffcf]L[0xffffffcb][0xffffffa5][0xffffffc4]Ol[0xffffffc7][0xfffffffc][0xfffffff8]g[0xc][0xfffffff5]Vb[0xffffffb6][0xffffff93]J[0xffffff89][0xffffff81][0xffffffbf][0xffffff95][0x18][0x6]o%FL[0xffffffe7]D[0xffffffc0][0x7][0xfffffff6]Vb8[0xffffffbd][0xffffff95][0xffffff88](2)[0xffffffa1][0xffffff80]dR"b[0xffffff99][0xffffff9f][0x12];[0xffffff9c][0xffffffd9])[0xffffffb1]#[0xffffffea][0xffffff94][0x12]B[0xffffff9e]lJH[0xffffff97][0xffffffb2])![0xffffffd4][0xffffffca][0xffffffa5]D0-[0xffffff95][0x12]A[0xffffffbc][0x17]R[0xffffffe2]T)[0xffffffb1][0xe][0xffffffec][0xffffffad][0xffffffc4][0xffffff89][0xffffffa7][0xffffffc4]i[0xffffff90][0x12]g[0xffffffe4]=[0x11][0xfffffff0][0x13]K[0xffffff89][0xffffffd3])%"[0xffffff8a]LJ( [0xffffff99][0xffffff94][0xffffff88]X[0xffffffe6][0xffffffa7][0xffffffc4][0xe]gvJ[0xffffffec][0xffffff88]:[0xffffffa5][0xffffff84][0xffffff90]'[0xffffff9b][0x12][0xffffffd2][0xffffffa5]lJ[0x8][0xffffffb5]r)[0x11]LK[0xffffffa5]D[0x10][0xffffffef][0xffffff85][0xffffff94][0xffffff98]2%[0x6][0xffffffb6][0xffffffed]r[0xffffffe2])1[\r]RbF[0xffffffde][0x13][0x1][0xffffff9f]XJL[0xffffffa7][0xffffff94][0xffffff88](2)[0xffffffa1][0xffffff80]dR"b[0xffffff99][0xffffff9f][0x12];[0xffffff9c][0xffffffd9])[0xffffffb1]#[0xffffffea][0xffffff94][0x12]B[0xffffff9e]lJH[0xffffff97][0xffffffb2])![0xffffffd4][0xffffffca][0xffffffa5]D0-[0xffffff95][0x12]A[0xffffffbc][0x17]Rb[0xffffffc5][0xffffff94]([0xffffffb7][0x1b][0xfffffff7]Vb[0xffffffe1])[0xffffffb1][0xc]RbE[0xffffffde][0x13][0x1]_XJ,[0xffffffa7][0xffffff94]"
01:51:24.824 [main] DEBUG org.apache.hc.client5.http.wire -- http-outgoing-1 << "[0xffffff88](2)[0xffffffa1][0xffffff80]dR"b[0xffffff99][0xffffff9f][0x12];[0xffffff9c][0xffffffd9])[0xffffffb1]#[0xffffffea][0xffffff94][0x12]B[0xffffff9e]lJH[0xffffff97][0xffffffb2])![0xffffffd4][0xffffffca][0xffffffa5]D0-[0xffffff95][0x12]A[0xffffffbc][0xffffffaf][0xffffffa7][0xffffffc4]q[0xffffffa8][0xffffff94]([0xffffff95][0xffffffda]+[0xfffffff1]v[0x1e]6%[0x1e]'[0xffffff80]S[0xffffffe2][0xfffffffb][0x19][0xffffff90][0xffffff94]x<[0x1d]I[0xffffff89]oO[0xffffffb6]H[0x9][0xffffff81]"[0xffffff92][0x12][0x12]H$%[0x4][0xffffff96][0xffffffe9])[0x11][0xffffffe0]LN[0xffffff89][0xffffff80][0xffffffa8]QJ(y[0xffffffa2])[0xffffffa1]][0xffffff8a][0xffffffa6][0xffffff84]R+[0xffffff96][0x12][0xffffffd1][0xffffffb4]PJD[0xfffffff1]^H[0x9][0xffffffb1]W[0xffffffa2][0xffffffdc][0xffffffd6][0xffffffad]Q)[0xffffff81][0xffffffef][0xffffff95]8[0xc][0xfffffff6]J[0x1c]b[0xfffffff8]9[0x11]pl[0xffffffaf][0xffffffc4][0x11][0xffffffc6][0xffffff9b][0xffffffc9][0xffffff94]0[0xffffffd9]+![0xffffff81]dR[0xffffffc2]`[0xffffffaf]D[0xffffff80]3;%[0xffffff8c][0xfffffff7]J(y[0xffffffb2])[0xffffffe1][0xffffffb7]WB[0xffffffa9][0xffffff95]K[0x9][0xffffff97][0xffffffbd][0x12]Q[0xffffffbc][0x17]RB[0xc][0xffffff83][0xffffff96][0xffffffa3][0xffffffac]N[0xffffffa5][0x4]>[0xc]z[0x18][0xc][0xffffff83][0x1e]bb)[0x11]pl[0x18][0xfffffff4][0x8]3IdJ[0xffffff98][0xc][0xffffff83]J [0xffffff99][0xffffff94]0[0x18][0x6][\r]pf[0xffffffa7][0xffffff84][0xfffffff1]0[0xffffffa8][0xffffff92]'[0xffffff9b][0x12]~[0xffffffc3][0xffffffa0]J[0xffffffad]\J[0xffffffb8][0xc][0xffffff83]F[0xfffffff1]^H[0x9]uW[0xffffffa2][0xffffff8c]I}[0x19][0xfffffff4][0xffffffc0][0xffffffef]J[0x1c][0x6]w%[0xe][0xfffffff1][0xffffff83]^"[0xffffffe0][0xffffffd8]][0xffffff89]#[0xfffffffc]dG[0xffffffa6][0xffffff84][0xffffffc9]][0x9][0x9]$[0xffffff93][0x12][0x6]w%[0x2][0xffffff9c][0xffffffd9])a|WB[0xffffffc9][0xffffff93]M[0x9][0xffffffbf][0xffffffbb][0x12]J[0xffffffad]\J[0xffffffb8][0xffffffdc][0xffffff95][0xffffff88][0xffffffe2]}=%[0xffffffca]M[0xffffffa5][0xffffffc4][0xffffffba]Qw%[0xffffffde][0xffffffce][0xffffffc3][0xffffffa6]D[0xffffffb9])[0xfffffffc]sy[0xffffffff]~[0x6]$%[0xffffffca][0xffffff8d]J[0xffffff89]oO[0xffffffb6]H[0x9][0xffffff81]"[0xffffff92][0x12][0x12]H$%[0x4][0xffffff96][0xffffffe9])[0x11][0xffffffe0]LN[0xffffff89][0xffffff80][0xffffffa8]QJ(y[0xffffffa2])[0xffffffa1]][0xffffff8a][0xffffffa6][0xffffff84]R+[0xffffff96][0x12][0xffffffd1][0xffffffb4]PJD[0xfffffff1]^H[0x9][0xfffffff1][0xffffff91][0xfffffff1]Rk[0xffffffb9]Q)[0xffffff81][0x7f]d[0xffffffbc][0x18]|d[0xffffffbc][0xffffff88]/[0xffffffe1]&[0x2][0xffffff8e]}d[0xffffffbc][0xffffff84]o[0xffffffdd][0xffffff92])a[0xfffffff2][0xffffff91]q[0x9]$[0xffffff93][0x12][0x6][0x1f][0x19][0xf]pf[0xffffffa7][0xffffff84][0xfffffff1]G[0xffffffc6][0xffffff95]<[0xffffffd9][0xffffff94][0xfffffff0][0xfffffffb][0xffffffc8][0xffffffb8]R+[0xffffff97][0x12].[0x1f][0x19][0xffffff8f][0xffffffe2][0xffffffbd][0xffffff90][0x12][0xffffffe2]#[0xffffffe3][0xfffffff7][0xffffff94][0xffffffc0]>[0xffffffe7]U[0xfffffff0][0xffffff8f][0xffffff8c][0x17][0xffffff83][0xffffff8f][0xffffff8c][0x17][0xfffffff1]%[0xffffffdc]D[0xffffffc0][0xffffffb1][0xffffff8f][0xffffff8c][0xffffff97][0xfffffff0][0xffffffad][2%L>2.[0xffffff81]dR[0xffffffc2][0xffffffe0]#[0xffffffe3][0x1][0xffffffce][0xffffffec][0xffffff94]0[0xfffffffe][0xffffffc8][0xffffffb8][0xffffff92]'[0xffffff9b][0x12]~[0x1f][0x19]Wj[0xffffffe5]R[0xffffffc2][0xffffffe5]#[0xffffffe3]Q[0xffffffbc][0x17]RBMp[0xffffffd4]:[0xffffffb1][0xffffffb7][0x12][0xfffffff8][0x4]G1[0xffffff98][0xffffffe0]([0xffffffe2][0xffffff9a]q"[0xffffffe0][0xffffffd8][0x4]G[0x9][0x17][0xffffff89][0xffffffc9][0xffffff94]0[0xffffff99][0xffffffe0][0xffffff90]@2)a0[0xffffffc1][0x11][0xffffffe0][0xffffffcc]N[0x9][0xffffffe3][0x9][0xe]%O6%[0xfffffffc]&8[0xffffff94]Z[0xffffffb9][0xffffff94]p[0xffffff99][0xffffffe0][0xffffff88][0xffffffe2][0xffffffbd][0xffffff90][0x12][0xffffffe2][0xffffffcb][0xffffffa0][0xffffffa5][0xffffffb6]J}[0xffffff83][0xffffffa3][0xffffffe0]_[0x6]-[0x6]_[0x6]-[0xffffffe2][0xfffffff3]u[0xffffff89][0xffffff80]c_[0x6]-[0xffffffe1][0x3]udJ[0xffffff98]|[0x19]T[0x2][0xffffffc9][0xffffffa4][0xffffff84][0xffffffc1][0xffffff97]A[0x3][0xffffff9c][0xffffffd9])a[0xfffffffc]eP%O6%[0xfffffffc][0xffffffbe][0xc][0xffffffaa][0xffffffd4][0xffffffca][0xffffffa5][0xffffff84][0xffffffcb][0xffffff97]A[0xffffffa3]x/[0xffffffa4][0xffffff84][0xfffffff8][0xffffff9c]W[0xffffffa9]}Q[0x13][0x1c][0x5][0xffffffff][0xffffff9c]W1[0xfffffff8][0xffffff9c]W[0x11][0xffffffdf][0xffffff9c]I[0x4][0x1c][0xfffffffb][0xffffff9c]W[0x9]_[0xffffff95]!S[0xffffffc2][0xffffffe4]s^[0x12]H&%[0xc]>[0xffffffe7][0x15][0xffffffe0][0xffffffcc]N[0x9][0xffffffe3][0xffffffcf]y)y[0xffffffb2])[0xffffffe1][0xfffffff7]9/[0xffffffa5]V.%\>[0xffffffe7][0x15][0xffffffc5]{!%[0xffffffc4][0xffffffe7][0xffffffbc]J[0xffffffbb]uj[0xffffffaf]D[0xffffffc1]?[0xffffffe7]U[0xc]>[0xffffffe7]U[0xffffffc4]7g[0x12][0x1][0xffffffc7]>[0xffffffe7]U[0xffffffc2]We[0xffffffc8][0xffffff94]0[0xfffffff9][0xffffff9c][0xffffff97][0x4][0xffffff92]I[0x9][0xffffff83][0xffffffcf]y[0x5]8[0xffffffb3]S[0xffffffc2][0xfffffff8]s^J[0xffffff9e]lJ[0xfffffff8]}[0xffffffce]K[0xffffffa9][0xffffff95]K[0x9][0xffffff97][0xffffffcf]yE[0xfffffff1]^H[0x9][0xfffffff1]9[0xffffffaf][0xffffffd2][0xffffffca][0xffffffd9][0xffffffa8][0xffffff94][0xffffffc0]?[0xffffffe7]U[0xc]>[0xffffffe7]U[0xffffffc4]7g[0x12][0x1][0xffffffc7]>[0xffffffe7]U[0xffffffc2]We[0xffffffc8][0xffffff94]0[0xfffffff9][0xffffff9c][0xffffff97][0x4][0xffffff92]I[0x9][0xffffff83][0xffffffcf]y[0x5]8[0xffffffb3]S[0xffffffc2][0xfffffff8]s^J[0xffffff9e]lJ[0xfffffff8]}[0xffffffce]K[0xffffffa9][0xffffff95]K[0x9][0xffffff97][0xffffffcf]yE[0xfffffff1]^J[0xffffff89][0xffffffb8][0xffffffed][0xffffff92]M[0x9]x[0xffffffdb][0xffffffe5][0xffffffe3][0x4]|J[0xffffff80][0xffffffdb].[0x1f]O[0xffffffa7]R[0xffffffc2]g[0xffffffdb][0xffffffa5]@[0xffffff91]J[0x9][0xffffff93]m[0xffffff97][0x2]K"%[0xffffffd0]m[0xffffff97][0x1]Q[0xffffffaf][0xffffff94][0xfffffff0][0xffffffda]v[0xffffffa9]]J[0xffffffa7][0xffffff84][0xffffffcf][0xffffffb6][0xffffffcb]hZ.%~z[0xffffffdb]eQ[0xffffffdb].[0xffffffdb]y[0xffffffa3][0xffffffbe][0xc]Z[0xfffffff0]m[0xffffff97][0xffffffc5]`[0xffffffdb]e[0x11]+[0xffffffd9][0x12][0x1][0xffffffc7][0xffffffb6]][0xffffff96][0xffffffb0]t[0xffffff8d]L[0x9][0xffffff93]m[0xffffff97][0x12]H&%[0xc][0xffffffb6]][0x6]8[0xffffffb3]S[0xffffffc2]x[0xffffffdb][0xffffffa5][0xffffff92]'[0xffffff9b][0x12]~[0xffffffdb].[0xffffff95]Z[0xffffffb9][0xffffff94]p[0xffffffd9]v[0x19][0xffffffc5][0xfffffffb]zJT[0xffffffb5][0xffffffed][0xffffffb2]q[0xffffffdb].+[0xffffffbe][0xffffffed][0xffffffb2][0x1a]l[0xffffffbb][0xffffffac]b%[[0x1e][0xffffffe0][0x15][0xffffffdb]vY[0xffffffc3][0xffffffd2]50%[0x4][0xffffff8a]HJH [0xffffff91][0xffffff94][0x10]X[0xffffffa6][0xffffffa7]D[0xffffff80]39%[0x2][0xffffffa2]F)[0xffffffa1][0xffffffe4][0xffffff89][0xffffffa6][0xffffff84]v)[0xffffff9a][0x12]J[0xffffffad]XJD[0xffffffd3]B)[0x11][0xffffffc5]{!%[0xffffffd4][0xffffff8a][0xffffffaa]>[0x7]5[0xc]Z[0xfffffff1][0x15]U[0xffffffd5]`EU[0x15]{T[0x12][0x1][0xffffffc7]VT[0xffffffd5][0xffffffb0])[0xffffff85]L[0x9][0xffffff93][0x15]U[0x12]H&%[0xc]VT[0x5]8[0xffffffb3]S[0xffffffc2]xE[0xffffff95][0xffffff92]'[0xffffff9b][0x12]~+[0xffffffaa][0xffffff94]Z[0xffffffb9][0xffffff94]pYQ[0x15][0xffffffc5]{!%[0xffffffd4][0xffffff8a][0xffffffaa]q;[0xffffffb1][0xffffffb7][0x12][0xfffffff8][0xffffff8a][0xffffffaa]j[0xffffffb0][0xffffffa2][0xffffffaa][0xffffff8a]=*[0xffffff89][0xffffff80]c+[0xffffffaa]j[0xffffffd8][0xffffff94]B[0xffffffa6][0xffffff84][0xffffffc9][0xffffff8a]*[0x9]$[0xffffff93][0x12][0x6]+[0xffffffaa][0x2][0xffffff9c][0xffffffd9])a[0xffffffbc][0xffffffa2]J[0xffffffc9][0xffffff93]M[0x9][0xffffffbf][0x15]UJ[0xffffffad]\J[0xffffffb8][0xffffffac][0xffffffa8][0xffffff8a][0xffffffe2][0xffffffbd][0xffffff90][0x12]j[0xffffffaf][0xffffffc4][0xffffffe8][0xffffffd8][0xffffff8a][0xffffffaa][0xffffff8a][0xffffffef][0xffffff95][0xffffffa8][0x6]{%[0xffffffaa][0x18]~N[0x4][0x1c][0xffffffdb]+Q[0xffffffc3]x3[0xffffff99][0x12]&{%$[0xffffff90]LJ[0x18][0xffffffec][0xffffff95][0x8]pf[0xffffffa7][0xffffff84][0xfffffff1]^[0x9]%O6%[0xfffffffc][0xfffffff6]J([0xffffffb5]r)[0xffffffe1][0xffffffb2]W"[0xffffff8a][0xfffffff7]BJ[0xffffffa8][0xffffffbd][0x12]c[0xffffffb4]F[0xffffffa5][0x4][0xffffffbe]W[0xffffffa2][0x1a][0xffffffec][0xffffff95][0xffffffa8]b[0xfffffff8]9[0x11]pl[0xffffffaf]D[\r][0xffffffe3][0xffffffcd]dJ[0xffffff98][0xffffffec][0xffffff95][0xffffff90]@2)a[0xffffffb0]W"[0xffffffc0][0xffffff99][0xffffff9d][0x12][0xffffffc6]{%[0xffffff94]<[0xffffffd9][0xffffff94][0xfffffff0][0xffffffdb]+[0xffffffa1][0xffffffd4][0xffffffca][0xffffffa5][0xffffff84][0xffffffcb]^[0xffffff89]([0xffffffde][0xb])[0xffffffa1]&8[0xffffffce]cR[0xffffff9f][0xfffffff3][0xffffffaa][0xfffffff8][0x4]G5[0xffffff98][0xffffffe0][0xffffffa8][0xffffffe2][0xffffff9a]q"[0xffffffe0][0xffffffd8][0x4]G[\r][0x17][0xffffff89][0xffffffc9][0xffffff94]0[0xffffff99][0xffffffe0][0xffffff90]@2)a0[0xffffffc1][0x11][0xffffffe0][0xffffffcc]N[0x9][0xffffffe3][0x9][0xe]%O6%[0xfffffffc]&8[0xffffff94]Z[0xffffffb9][0xffffff94]p[0xffffff99][0xffffffe0][0xffffff88][0xffffffe2]}=%[0xffffff9a][0xffffff9a][0xffffffe0]8k[0x1f]PJ4|[0xffffff82][0xffffffa3][0x19]Lp4q[0xffffffcd]8[0xf][0xfffffff0][0xffffff86]Mp[0xffffffb4]p[0xffffff91][0x18]L[0x9][0xffffff81]"[0xffffff92][0x12][0x12]H$%[0x4][0xffffff96][0xffffffe9])[0x11][0xffffffe0]LN[0xffffff89][0xffffff80][0xffffffa8]QJ(y[0xffffffa2])[0xffffffa1]][0xffffff8a][0xffffffa6][0xffffff84]R+[0xffffff96][0x12][0xffffffd1][0xffffffb4]PJD[0xfffffff1]^H[0xffffff89]C[0xffffffa5][0xffffffc4][0xffffffd9][0xffffffa9]op[0xffffffbc][0xffffff9d][0x7]N[0xffffff89][0xffffffc3] %[0xffffff8e][0xffffffc8]{"[0xffffffe0][0x7][0xffffff96][0x12][0xffffff87]SJD[0x14][0xffffff99][0xffffff94]P@2)[0x11][0xffffffb1][0xffffffcc]O[0xffffff89][0x1d][0xffffffce][0xffffffec][0xffffff94][0xffffffd8][0x11]uJ[0x9]!O6%[0xffffffa4]K[0xffffffd9][0xffffff94][0x10]j[0xffffffe5]R"[0xffffff98][0xffffff96]J[0xffffff89] [0xffffffde][0xb])QTJ[0xffffffac][0xffffffbe][0xffffffa8][0xffffff94](xJ[0x14][0xffffff83][0xffffff94]([0xffffff91][0xfffffff7]D[0xffffffc0][0xb][0xffffff96][0x12][0xffffffc5])%"[0xffffff8a]LJ( [0xffffff99][0xffffff94][0xffffff88]X[0xffffffe6][0xffffffa7][0xffffffc4][0xe]gvJ[0xffffffec][0xffffff88]:[0xffffffa5][0xffffff84][0xffffff90]'[0xffffff9b][0x12][0xffffffd2][0xffffffa5]lJ[0x8][0xffffffb5]r)[0x11]LK[0xffffffa5]D[0x10][0xffffffef][0xffffff85][0xffffff94]P{%f[0xffffffe9][0xffffffd4]0h[0xffffffc3][0xfffffff7]J4[0xffffff83][0xffffffbd][0x12]M[0xc]?'[0x2][0xffffff8e][0xffffffed][0xffffff95]ha[0xffffffbc][0xffffff99]L[0x9][0xffffff93][0xffffffbd][0x12][0x12]H&%[0xc][0xfffffff6]J[0x4]8[0xffffffb3]S[0xffffffc2]x[0xffffffaf][0xffffff84][0xffffff92]'[0xffffff9b][0x12]~{%[0xffffff94]Z[0xffffffb9][0xffffff94]p[0xffffffd9]+[0x11][0xffffffc5]{!%[0xffffffd4]^[0xffffff89][0xffffffd9][0x1a][0xffffffb5]8[0xffffffbb][0xffffffe1]{%[0xffffff9a][0xffffffc1]^[0xffffff89]&[0xffffff86][0xffffff9f][0x13][0x1][0xffffffc7][0xfffffff6]J[0xffffffb4]0[0xffffffde]L[0xffffffa6][0xffffff84][0xffffffc9]^[0x9][0x9]$[0xffffff93][0x12][0x6]{%[0x2][0xffffff9c][0xffffffd9])a[0xffffffbc]WB[0xffffffc9][0xffffff93]M[0x9][0xffffffbf][0xffffffbd][0x12]J[0xffffffad]\J[0xffffffb8][0xffffffec][0xffffff95][0xffffff88][0xffffffe2][0xffffffbd][0xffffff90][0x12]][0xffffffa5][0xffffffc4][0xffffffa8][0xffffffd8][[0xffffff89][0xffffff8e][0xffffffa7]D7H[0xffffff89][0x1e]yO[0x4][0xffffffbc]c)[0xffffffd1][0xffffff9d]R"[0xffffffa2][0xffffffc8][0xffffffa4][0xffffff84][0x2][0xffffff92]I[0xffffff89][0xffffff88]e~J[0xffffffec]pf[0xffffffa7][0xffffffc4][0xffffff8e][0xffffffa8]SJ[0x8]y[0xffffffb2])!][0xffffffca][0xffffffa6][0xffffff84]P+[0xffffff97][0x12][0xffffffc1][0xffffffb4]TJ[0x4][0xfffffff1]^H[0x9][0xffffffb5][0xffffffa2]j[0xffffff9e]g[0xffffffa7]R[0x2]_Q[0xffffffd5][0xc]VT5[0xffffffb1]G%[0x11]plEU[0xb][0xffffff9b]R[0xffffffc8][0xffffff94]0YQ%[0xffffff81]dR[0xffffffc2]`EU[0xffffff80]3;%[0xffffff8c]WT)y[0xffffffb2])[0xffffffe1][0xffffffb7][0xffffffa2]J[0xffffffa9][0xffffff95]K[0x9][0xffffff97][0x15]UQ[0xffffffbc][0x17]RB[0xffffffad][0xffffffa8][0xffffff9a][0xffffffeb][0xffffffc0][0xffffffde]J[0xffffffe0]+[0xffffffaa][0xffffff9a][0xffffffc1][0xffffff8a][0xffffffaa]&[0xfffffff6][0xffffffa8]$[0x2][0xffffff8e][0xffffffad][0xffffffa8]jaS[\n]"
01:51:24.824 [main] DEBUG org.apache.hc.client5.http.wire -- http-outgoing-1 << "[0xffffff99][0x12]&+[0xffffffaa]$[0xffffff90]LJ[0x18][0xffffffac][0xffffffa8][\n]"
01:51:24.825 [main] DEBUG org.apache.hc.client5.http.wire -- http-outgoing-1 << "pf[0xffffffa7][0xffffff84][0xfffffff1][0xffffff8a]*%O6%[0xfffffffc]VT)[0xffffffb5]r)[0xffffffe1][0xffffffb2][0xffffffa2]*[0xffffff8a][0xfffffff7]BJL[0xffffff99][0x12][0xffffff8f]c")1[0xfffffff1][0xffffff94][0xffffff98][0x6])1#[0xffffffef][0xffffff89][0xffffff80]O,%[0xffffffa6]SJD[0x14][0xffffff99][0xffffff94]P@2)[0x11][0xffffffb1][0xffffffcc]O[0xffffff89][0x1d][0xffffffce][0xffffffec][0xffffff94][0xffffffd8][0x11]uJ[0x9]!O6%[0xffffffa4]K[0xffffffd9][0xffffff94][0x10]j[0xffffffe5]R"[0xffffff98][0xffffff96]J[0xffffff89] [0xffffffde][0xffffffd7]S[0xffffffa2][0xffffffab][0x15]U[0xffffffeb]v[0xffffffde][0xffffffa0][0xffffff94][0xffffffe8][0xfffffff8][0xffffff8a][0xffffffaa]n[0xffffffb0][0xffffffa2][0xffffffaa][0xffffff8b]=*y[0xffffff80]wlEU[0xf][0xffffff9b]R[0xffffffc0][0xffffff94][0x10](")![0xffffff81]DRB`[0xffffff99][0xffffff9e][0x12][0x1][0xffffffce][0xffffffe4][0xffffff94][0x8][0xffffff88][0x1a][0xffffffa5][0xffffff84][0xffffff92]'[0xffffff9a][0x12][0xffffffda][0xffffffa5]hJ([0xffffffb5]b)[0x11]M[0xb][0xffffffa5]D[0x14][0xffffffef][0xffffff85][0xffffff94]P{%V[0xffffffbd]Q[0xffffff9f][0xfffffff3][0xffffffea][0xfffffff8]^[0xffffff89]n[0xffffffb0]W[0xffffffa2][0xffffff8b][0xffffffe1][0xffffffe7]D[0xffffffc0][0xffffffb1][0xffffffbd][0x12]=[0xffffff8c]7[0xffffff93])a[0xffffffb2]WB[0x2][0xffffffc9][0xffffffa4][0xffffff84][0xffffffc1]^[0xffffff89][0x0]gvJ[0x18][0xffffffef][0xffffff95]P[0xfffffff2]dS[0xffffffc2]o[0xffffffaf][0xffffff84]R+[0xffffff97][0x12].{%[0xffffffa2]x/[0xffffffa4][0xffffff84][0x1a][0x6]][0xfffffff3][0xffffffa4][0xffffff86]A;>[0xc][0xffffffda][\r][0xffffff86]A[0xffffffbb][0xffffff98]XJ[0x4][0x1c][0x1b][0x6][0xffffffed]a&[0xffffff89]L[0x9][0xffffff93]aP[0x9]$[0xffffff93][0x12][0x6][0xffffffc3][0xffffffa0][0x1][0xffffffce][0xffffffec][0xffffff94]0[0x1e][0x6]U[0xfffffff2]dS[0xffffffc2]o[0x18]T[0xffffffa9][0xffffff95]K[0x9][0xffffff97]a[0xffffffd0]([0xffffffde][0xb])!&8[0xffffffea][0xffffffad][0xffffffdf][0xffffffb0][0xffffff94][0xffffffc0]'8[0xffffffba][0xffffffc1][0x4]G[0x17][0xffffffd7][0xffffff8c][0x13][0x1][0xffffffc7]&8z[0xffffffb8]HL[0xffffffa6][0xffffff84][0xffffffc9][0x4][0xffffff87][0x4][0xffffff92]I[0x9][0xffffff83][0x9][0xffffff8e][0x0]gvJ[0x18]Op(y[0xffffffb2])[0xffffffe1]7[0xffffffc1][0xffffffa1][0xffffffd4][0xffffffca][0xffffffa5][0xffffff84][0xffffffcb][0x4]G[0x14][0xffffffef][0xffffffa5][0xffffff94](f)Q[0xfffffff0][0xffffff94]([0x6])Q[0xffffffd0][0xffffff94](XJ[0x14][0xffffffa7][0xffffff94][0xffffffd8]Q[0xffffffa4]R"[0x2]I[0xffffffa5][0xffffffc4][0xffffff8e]%[0xffffff91][0x12][0x5]N[0xffffff89]b[0xffffff9c][0x12]A[0xffffff9e]tJ[0x8][0xffffff97][0xffffffd2])[0x11][0xffffffd4]J[0xffffffa6]DqI[0xffffff89][0xfffffff2][0xffffffb3])1[0xffffffd4][[0xffffff89]2[0x16][0xffffffb5]Wb[0xffffffe0]o%[0xffffff86][0xffffffc1][[0xffffff89]![0xffffffd2]9[0xf][0xfffffff0][0xffffff81][0xffffffbd][0xffffff95][0x18]![0xffffff8e][0xffffffc1][0xffffff94][0x10](")![0xffffff81]DRB`[0xffffff99][0xffffff9e][0x12][0x1][0xffffffce][0xffffffe4][0xffffff94][0x8][0xffffff88][0x1a][0xffffffa5][0xffffff84][0xffffff92]'[0xffffff9a][0x12][0xffffffda][0xffffffa5]hJ([0xffffffb5]b)[0x11]M[0xb][0xffffffa5]D[0x14][0xffffffef][0xffffff85][0xffffff94][0x10]{%j=[0xffffffb0]k[0xffffff97][0x3][0xffffffdf]+1[0xc][0xfffffff6]J[0xc]1[0xfffffffc][0xffffff9c][0x8]8[0xffffffb6]Wb[0xffffff84][0xfffffff1]f2%L[0xfffffff6]JH [0xffffff99][0xffffff94]0[0xffffffd8]+[0x11][0xffffffe0][0xffffffcc]N[0x9][0xffffffe3][0xffffffbd][0x12]J[0xffffff9e]lJ[0xfffffff8][0xffffffed][0xffffff95]Pj[0xffffffe5]R[0xffffffc2]e[0xffffffaf]D[0x14][0xffffffef][0xffffffa5][0xffffff94][0xffffff88]?p[0xffffffb0])[0x1][0xffffffff][0xffffffc0][0xfffffff1]8[0x1][0xffffff9f][0x12][0xffffffe0][0xf][0x1c][0xffffff8f][0xffffffa7]S)[0xffffffe1][0xfffffff3][0x3][0xffffff87]@[0xffffff91]J[0x9][0xffffff93][0x1f]8[0x4][0xffffff96]DJ[0xffffffa0]?p[0x4]D[0xffffffbd]R[0xffffffc2][0xffffffeb][0x7][0xe][0xffffffed]R:%|~[0xffffffe0][0xffffff88][0xffffffa6][0xffffffe5]R[0xffffffe2][0xffffffe7][0x7f][0xffffffe0]8[0x7f][0xffffff99]f)1[0xfffffff1][0xffffff94][0xffffff98][0x6])1[0xffffffd1][0xffffff94][0xffffff98]XJL[0xffffffa7][0xffffff94][0xffffffd8]Q[0xffffffa4]R"[0x2]I[0xffffffa5][0xffffffc4][0xffffff8e]%[0xffffff91][0x12][0x13]N[0xffffff89]i[0xffffff9c][0x12]A[0xffffff9e]tJ[0x8][0xffffff97][0xffffffd2])[0x11][0xffffffd4]J[0xffffffa6][0xffffffc4]tI[0xffffff89][0xfffffff9]wH[0xffffff89]c[0xffffff98][0xffffffb5][0xffffffc4]1[0xfffffff0][0xffffff98][0xffffffb8][0x1f][0xffffff81][0xffffffaf][0xffffff89][0xffffff8f]CP9q[0x7f]<[0xffffffd5][0x13][0xffffffef][0xffffff8f]v[0x9][0xffffff8a][0xffffffc0]#U[0x14][0xffffff82]J*)[0x2][0xffffff9b]DSl[0xffffff84][0xffffffe6]G[0xffffffc5][0xffffffc6][0xffffffa9]WUD[0xffffff8d][0xffffffd2]Y[0xffffffa1][0xffffffac]JwE[0xffffff94],[0x19][0x16][0xffffffbb]s[0xffffffb9][0xffffffb2][0xffffffd8][0x15]|)-[0xffffffda]i[0xffffff96][0x16][0xffffffed][0xffffffc4][0xffffffd3][0xffffffe2]~[0x4]>->[0xe]A[0xffffffa5][0xffffffc5][0xfffffffd][0xfffffff1]TZ[0xffffffbc]?[0xffffffda]%-[0x2][0xffffff8f]TZ[0x8]*[0xffffffa9][0xffffffb4][0x8]l[0x12]i[0xffffffb1][0x11][0xffffff9a][0xffffff9f][0x16][0x1b][0xffffffa7]^i[0x11]5J[0xffffffa7][0xffffff85][0xffffffb2]*[0xffffff9d][0x16]Q[0xffffffb2]dZ[0xffffffec][0xffffffce][0xffffffe5][0xffffffd2]bW[0xfffffff0][0xffffffa5][0xffffffb4][0xffffffe8]ni[0xffffffd1][0xfffffff9][0xffffffb4][0xffffffe8][0xe]i[0xffffffd1][0xffffffd9][0xffffffb4][0xffffffe8]\Zt[0xffffffab][0xffffffb4][0x8]<Ri![0xffffffa8][0xffffffa4][0xffffffd2]"[0xffffffb0]I[0xffffffa4]E[0xffffffa7][0xffffffd3][0xffffffa2];[0xffffffa7]E[0xffffffd4]([0xffffff9d][0x16][0xffffffca][0xffffffaa]tZD[0xffffffc9][0xffffff92]i[0xffffffb1];[0xffffff97]K[0xffffff8b]][0xffffffc1][0xffffff97][0xffffffd2]bv[0xffffffb3][0xffffffb4][0xffffff98][0x1d]O[0xffffff8b][0xfffffffb][0x11][0xfffffff8][0xffffffb4][0xfffffff8]8[0x4][0xffffff95][0x16][0xfffffff7][0xffffffc7]Si[0xfffffff1][0xfffffffe]h[0xffffff97][0xffffffb4][0x8]<Ri![0xffffffa8][0xffffffa4][0xffffffd2]"[0xffffffb0]I[0xffffffa4][0xffffffc5]Fh~Zl[0xffffff9c]z[0xffffffa5]E[0xffffffd4]([0xffffff9d][0x16][0xffffffca][0xffffffaa]tZD[0xffffffc9][0xffffff92]i[0xffffffb1];[0xffffff97]K[0xffffff8b]][0xffffffc1][0xffffff97][0xffffffd2][0xffffffe2][0xffffff98][0xffffffcd][0xffffffac]-[0xffffffee]'[0xffffffc2][0xffffffe3][0xffffffe2][0xffffffed][0xc]|]|;[0x5][0xffffff95][0x17]o[0xffffffcf][0xffffffa7][0xfffffffa][0xffffffe2][0xffffffe3][0xffffffd9].[0xffffff81][0x11][0xffffffa1][0xffffffa4][\n]"
01:51:24.825 [main] DEBUG org.apache.hc.client5.http.wire -- http-outgoing-1 << "C[0xffffffa1]I%F[0x4][0xffffff94]h[0xffffff8c][0x1d][0xffffffd3][0xfffffffc][0xffffffc8][0xffffffd8]a[0xfffffff5][0xffffffaa][0xc]!T:3[0xffffffa4]_[0xffffffe9][0xffffffce][0x10][0xffffffba]%C#[0xffffffd8][0xffffff97]+[0xffffff8d] [0xffffffe3]WR[0xffffffa3][0xffffffbc][0xffffffff]S[0xffffffc4]G[0xffffffcc]k=kM[0xf][0xffffff8d][0xffffffcf][0xfffffff3]P[0xffffff99][0xfffffff1][0xffffffe5][0x4]XdlgHN[0xffffff8c]/OO[0xe][0xffffff8c]_?[0x19][0xffffffce][0xffffff8b][0xffffffa7](&[0xffffffc7][0xffffffc5][0xf][0xffffff80]LN[0xffffff8b][0xffffffa7]X&[0xffffff86][0xffffffc5][0x13]8[0xffffffd3][0xffffffb2][0xffffffe2][0x9][0xffffffa2][0x16]Q[0xfffffff1]\[0xffffff9e]PR[0xfffffffc][0xffffffc8][0xffffffa5]PP<W+[0xffffff90][0x13][0xffffffcf]L[0xffffff9b][0x1e][0x13][0xffffffcf][0xffffffc4]{!%[0xffffff96]J[0xffffff89]u[0xffffffe4]/[0xffffffe6][0xfffffffe]<[0xf][0xffffff9c][0x12][0xffffffcb] %V[0xffffffe4]=[0x11][0xfffffff0][0xffffff85][0xffffffa5][0xffffffc4]rJ[0xffffff89][0xffffff88]"[0xffffff93][0x12][\n]"
01:51:24.826 [main] DEBUG org.apache.hc.client5.http.wire -- http-outgoing-1 << "H&%"[0xffffff96][0xfffffff9])[0xffffffb1][0xffffffc3][0xffffff99][0xffffff9d][0x12];[0xffffffa2]N)![0xffffffe4][0xffffffc9][0xffffffa6][0xffffff84]t)[0xffffff9b][0x12]B[0xffffffad]\J[0x4][0xffffffd3]R)[0x11][0xffffffc4][0xfffffffb]zJ[0xffffff9c]7[0xffffff91][0x12][0xffffffed][0xffffffa8]7(%[0xffffffde][0xffffffce][0xffffffc3][0xffffffa6][0xffffffc4][0xffffffe3][0x4]pJ|?[0x3][0xffffff92][0x12][0xffffff8f][0xffffffa7]#)[0xfffffff1][0xffffffed][0xffffffc9][0x16])!PDRB[0x2][0xffffff89][0xffffffa4][0xffffff84][0xffffffc0]2=%[0x2][0xffffff9c][0xffffffc9])[0x11][0x10]5J[0x9]%O4%[0xffffffb4]K[0xffffffd1][0xffffff94]Pj[0xffffffc5]R"[0xffffff9a][0x16]J[0xffffff89]([0xffffffde]K)Q[0xffffffcd]R[0xffffffa2][0xffffffe2])Q[\r]R[0xffffffa2][0xffffffa2])Q[0xffffffb1][0xffffff94][0xffffffa8]N)[0xffffffb1][0xffffffa3]H[0xffffffa5]D[0x4][0xffffff92]J[0xffffff89][0x1d]K"%*[0xffffff9c][0x12][0xffffffd5]8%[0xffffff82]<[0xffffffe9][0xffffff94][0x10].[0xffffffa5]S"[0xffffffa8][0xffffff95]L[0xffffff89][0xffffffea][0xffffff92][0x12][0xfffffff5][0xffffffef][0xffffff90][0x12]q[0xffffffe0][0xffffff83]M[0x9]l[0xffffffde][0xffffffe3][0xffffffcb][0x9][0xfffffff8][0xffffff94]@[0xffffffa6]=[0xffffffbe]<[0xffffff9d]J[0x9][0xffffff87]Y[0xffffff8f][0xffffffa7](R)[0xffffff81]Oz<[0xffffffc5][0xffffff92]H[0x9]h[0xffffffce][0xffffffe3][0x9][0xffffffa2]^)[0xffffffe1]2[0xffffffe5][0xfffffff1]#[0xffffff97][0xffffffd2])[0xffffffe1]0[0xffffffe3][0xfffffff1][0xffffffcc][0xffffffb4]\J[0xfffffffc][0xffffffc4][0xffffff84][0xffffffc7][0xffffffc7]?[0xffffffe3]P?p[0xffffffb4]3[0x7f][0xffffffbe][0xffffffe3][0xfffffff3]<pJ[0x1c][0x6]?p[0x1c][0xfffffff1]-\"[0xffffffe0][0x7][0xfffffff6][0x3][0xffffffc7][0xffffffe1][0xfffffff4][0x3]GD[0xffffff91]I[0x9][0x5]$[0xffffff93][0x12][0x11][0xffffffcb][0xfffffffc][0xffffff94][0xffffffd8][0xffffffe1][0xffffffcc]N[0xffffff89][0x1d]Q[0xffffffa7][0xffffff94][0x10][0xfffffff2]dSB[0xffffffba][0xffffff94]M[0x9][0xffffffa1]V.%[0xffffff82]i[0xffffffa9][0xffffff94][0x8][0xffffffe2][0xffffffbd][0xffffff90][0x12]E[0xffffffa5][0xffffffc4],[0xffffffd8][[0xffffff89][0xffffff82][0xffffffa7]D1H[0xffffff89][0x12]yO[0x4][0xffffffbc]`)Q[0xffffff9c]R"[0xffffffa2][0xffffffc8][0xffffffa4][0xffffff84][0x2][0xffffff92]I[0xffffff89][0xffffff88]e~J[0xffffffec]pf[0xffffffa7][0xffffffc4][0xffffff8e][0xffffffa8]SJ[0x8]y[0xffffffb2])!][0xffffffca][0xffffffa6][0xffffff84]P+[0xffffff97][0x12][0xffffffc1][0xffffffb4]TJ[0x4][0xfffffff1]^H[0xffffff89]*S[0xffffffe2][0xffffff9c]TJT<%[0xffffffaa]AJ[0xffffffd4][0xffffffc8]{"[0xffffffe0][0x15]K[0xffffff89][0xffffffea][0xffffff94][0x12][0x11]E&%[0x14][0xffffff90]LJD,[0xfffffff3]Sb[0xffffff87]3;%vD[0xffffff9d]RB[0xffffffc8][0xffffff93]M[0x9][0xffffffe9]R6%[0xffffff84]Z[0xffffffb9][0xffffff94][0x8][0xffffffa6][0xffffffa5]R"[0xffffff88][0xfffffff7]BJ4[0xffffff91][0x12][0xffffffbd][0xffffff8e]E[0xffffffa5]D[0xffffffc3]S[0xffffffa2][0x19][0xffffffa4]D[0xffffff8b][0xffffffbc]'[0x2][0xffffffde][0xffffffb0][0xffffff94]hN)[0x11]QdRB[0x1][0xffffffc9][0xffffffa4]D[0xffffffc4]2?%v8[0xffffffb3]SbG[0xffffffd4])%[0xffffff84]<[0xffffffd9][0xffffff94][0xffffff90].eSB[0xffffffa8][0xffffff95]K[0xffffff89]`Z*%[0xffffff82]x/[0xffffffa4]DW)[0xffffffd1][0xe]jE[0xffffffd5][0xffffffdb]y[0xffffffe0][0xffffff94][0xffffffe8][0x6])[0xffffffd1]#[0xffffffef][0xffffff89][0xffffff80]w,%[0xffffffba]SJD[0x14][0xffffff99][0xffffff94]P@2)[0x11][0xffffffb1][0xffffffcc]O[0xffffff89][0x1d][0xffffffce][0xffffffec][0xffffff94][0xffffffd8][0x11]uJ[0x9]!O6%[0xffffffa4]K[0xffffffd9][0xffffff94][0x10]j[0xffffffe5]R"[0xffffff98][0xffffff96]J[0xffffff89] [0xffffffde][0xb])1dJ[0xfffffff4]A[0xffffffa5][0xffffffc4][0xffffffc0]Sb[0x18][0xffffffa4][0xffffffc4][0xffffff88][0xffffffbc]'[0x2]>[0xffffffb0][0xffffff94][0x18]N)[0x11]QdRB[0x1][0xffffffc9][0xffffffa4]D[0xffffffc4]2?%v8[0xffffffb3]SbG[0xffffffd4])%[0xffffff84]<[0xffffffd9][0xffffff94][0xffffff90].eSB[0xffffffa8][0xffffff95]K[0xffffff89]`Z*%[0xffffff82]x/[0xffffffa4][0xffffffc4])Sbaw%N<%N[0xffffff83][0xffffff94]8#[0xffffffef][0xffffff89][0xffffff80][0xffffff9f]XJ[0xffffff9c]N)[0x11]QdRB[0x1][0xffffffc9][0xffffffa4]D[0xffffffc4]2?%v8[0xffffffb3]SbG[0xffffffd4])%[0xffffff84]<[0xffffffd9][0xffffff94][0xffffff90].eSB[0xffffffa8][0xffffff95]K[0xffffff89]`Z*%[0xffffff82]x/[0xffffffa4][0xffffff84][0xfffffffa][0x6]G[0xffffffef][0x1d][0xffffffbb]+[0xffffff81][0x7f][0xffffff83][0xffffffe3]4[0xfffffff8][0x6][0xffffffc7])[0x16][0xffffffc5]'[0x2][0xffffff8e]}[0xffffff83][0xffffffe3][0xc][0xffffffab][0xffffffe0][0xffffffc9][0xffffff94]0[0xfffffff9][0x6][0xffffff87][0x4][0xffffff92]I[0x9][0xffffff83]op[0x4]8[0xffffffb3]S[0xffffffc2][0xfffffff8][0x1b][0x1c]J[0xffffff9e]lJ[0xfffffff8]}[0xffffff83]C[0xffffffa9][0xffffff95]K[0x9][0xffffff97]opD[0xfffffff1]^H[0x9][0xfffffff5][\r][0xffffff8e]~[0xffffffde][0xffffffb0][0xffffffb7][0x12][0xfffffff8]78N[0xffffff83]op[0xffffff9c]bQ|"[0xffffffe0][0xffffffd8]78[0xffffffce][0xffffffb0][\n]"
01:51:24.826 [main] DEBUG org.apache.hc.client5.http.wire -- http-outgoing-1 << "[0xffffff9e]L[0x9][0xffffff93]opH [0xffffff99][0xffffff94]0[0xfffffff8][0x6]G[0xffffff80]3;%[0xffffff8c][0xffffffbf][0xffffffc1][0xffffffa1][0xffffffe4][0xffffffc9][0xffffffa6][0xffffff84][0xffffffdf]78[0xffffff94]Z[0xffffffb9][0xffffff94]p[0xfffffff9][0x6]G[0x14][0xffffffef][0xffffffa5][0xffffff94](f)Q[0xfffffff0][0xffffff94]([0x6])Q[0xffffffd0][0xffffff94](XJ[0x14][0xffffffa7][0xffffff94][0xffffffd8]Q[0xffffffa4]R"[0x2]I[0xffffffa5][0xffffffc4][0xffffff8e]%[0xffffff91][0x12][0x5]N[0xffffff89]b[0xffffff9c][0x12]A[0xffffff9e]tJ[0x8][0xffffff97][0xffffffd2])[0x11][0xffffffd4]J[0xffffffa6]DqI[0xffffff89][0xfffffff2][0xffffffb3])1[0xffffffd5][0xffffffe7][0xffffffbc][0xffffffc6]q[0xffffffa3]~[0xffffffe0][0xffffff98][0xfffffff8][0xffffffe7][0xffffffbc][0xffffffa6][0xffffffc1][0xffffffe7][0xffffffbc][0xffffffa6][0xfffffff8][0xffffffe6]L[0x1e][0xffffffe0][0x13][0xfffffffb][0xffffff9c][0xffffffd7][0xc]_[0xffffff95][0x1]SB[0xffffffa0][0xffffff88][0xffffffa4][0xffffff84][0x4][0x12]I[0x9][0xffffff81]ezJ[0x4]8[0xffffff93]S" j[0xffffff94][0x12]J[0xffffff9e]hJh[0xffffff97][0xffffffa2])[0xffffffa1][0xffffffd4][0xffffff8a][0xffffffa5]D4-[0xffffff94][0x12]Q[0xffffffbc][0x17]RB-[0xffffffce][0x1e]eRo%&[0xffffffbe]8{[0x1a],[0xffffffce][0xffffff9e]b[0xffffffbb]k"[0xffffffe0][0xffffffd8][0xffffffe2][0xffffffec][0x19][0xfffffff6][0xffffffb7][0xffffff92])a[0xffffffb2]8[[0x2][0xffffffc9][0xffffffa4][0xffffff84][0xffffffc1][0xffffffe2][0xffffffec][0x0]gvJ[0x18]/[0xffffffce]V[0xfffffff2]dS[0xffffffc2]oq[0xffffffb6]R+[0xffffff97][0x12].[0xffffff8b][0xffffffb3][0xffffffa3]x/[0xffffffa4]DQ)q6,%[\n]"
01:51:24.826 [main] DEBUG org.apache.hc.client5.http.wire -- http-outgoing-1 << "[0xffffff9e][0x12][0xffffffc5] %J[0xffffffe4]=[0x11][0xfffffff0][0xffffff82][0xffffffa5]DqJ[0xffffff89][0xffffff88]"[0xffffff93][0x12][\n]"
01:51:24.826 [main] DEBUG org.apache.hc.client5.http.wire -- http-outgoing-1 << "H&%"[0xffffff96][0xfffffff9])[0xffffffb1][0xffffffc3][0xffffff99][0xffffff9d][0x12];[0xffffffa2]N)![0xffffffe4][0xffffffc9][0xffffffa6][0xffffff84]t)[0xffffff9b][0x12]B[0xffffffad]\J[0x4][0xffffffd3]R)[0x11][0xffffffc4]{!%[0xffffffd4][0xffffffe2][0xffffffec][0xffffffb1][0xe],%[0xfffffff0][0xffffffc5][0xffffffd9][0xffffffd3]`q[0xfffffff6][0x14][0xffffffdb]][0x13][0x1][0xffffffc7][0x16]g[0xffffffcf][0xffffffb0][0xffffffbf][0xffffff95]L[0x9][0xffffff93][0xffffffc5][0xffffffd9][0x12]H&%[0xc][0x16]g[0x7]8[0xffffffb3]S[0xffffffc2]xq[0xffffffb6][0xffffff92]'[0xffffff9b][0x12]~[0xffffff8b][0xffffffb3][0xffffff95]Z[0xffffffb9][0xffffff94]pY[0xffffff9c][0x1d][0xffffffc5]{!%[0xffffffd4][0xffffffe2][0xffffffec][0xffffffb3][0xffffffde]:[0xffffff95][0x12][0xfffffff8][0xffffffe2][0xffffffec]i[0xffffffb0]8{[0xffffff8a][0xffffffed][0xffffffae][0xffffff89][0xffffff80]c[0xffffff8b][0xffffffb3]g[0xffffffd8][0xffffffdf]J[0xffffffa6][0xffffff84][0xffffffc9][0xffffffe2]l[0x9]$[0xffffff93][0x12][0x6][0xffffff8b][0xffffffb3][0x3][0xffffff9c][0xffffffd9])a[0xffffffbc]8[[0xffffffc9][0xffffff93]M[0x9][0xffffffbf][0xffffffc5][0xffffffd9]J[0xffffffad]\J[0xffffffb8],[0xffffffce][0xffffff8e][0xffffffe2][0xffffffbd][0xffffff90][0x12]jq[0xfffffff6][0xffffffd9][0x16]v[0xffffffed][0x12]_[0xffffff9c]=[\r][0x16]gO[0xffffffb1][0xffffffdd]5[0x11]plq[0xfffffff6][0xc][0xfffffffb][[0xffffffc9][0xffffff94]0Y[0xffffff9c]-[0xffffff81]dR[0xffffffc2]`qv[0xffffff80]3;%[0xffffff8c][0x17]g+y[0xffffffb2])[0xffffffe1][0xffffffb7]8[[0xffffffa9][0xffffff95]K[0x9][0xffffff97][0xffffffc5][0xffffffd9]Q[0xffffffbc][0x17]RB-[0xffffffce]>[0xffffffe7][0xffffffa2]>2>[0xfffffff1][0xffffffc5][0xffffffd9][0xffffffd3]`q[0xfffffff6][0x14][0xffffffdb]][0x13][0x1][0xffffffc7][0x16]g[0xffffffcf][0xffffffb0][0xffffffbf][0xffffff95]L[0x9][0xffffff93][0xffffffc5][0xffffffd9][0x12]H&%[0xc][0x16]g[0x7]8[0xffffffb3]S[0xffffffc2]xq[0xffffffb6][0xffffff92]'[0xffffff9b][0x12]~[0xffffff8b][0xffffffb3][0xffffff95]Z[0xffffffb9][0xffffff94]pY[0xffffff9c][0x1d][0xffffffc5]{!%[0xffffffd4][0xffffffe2][0xffffffec]y[0xffffffc3][0xffffffbe][0xffffffc1]1[0xfffffff1][0xffffffc5][0xffffffd9][0xffffffd3]`q[0xfffffff6][0x14][0xffffffdb]][0x13][0x1][0xffffffc7][0x16]g[0xffffffcf][0xffffffb0][0xffffffbf][0xffffff95]L[0x9][0xffffff93][0xffffffc5][0xffffffd9][0x12]H&%[0xc][0x16]g[0x7]8[0xffffffb3]S[0xffffffc2]xq[0xffffffb6][0xffffff92]'[0xffffff9b][0x12]~[0xffffff8b][0xffffffb3][0xffffff95]Z[0xffffffb9][0xffffff94]pY[0xffffff9c][0x1d][0xffffffc5]{!%[0xffffffd4][0xffffffe2][0xffffffec]Y[0xffffffb1][0xffffffc5][0xffffffd9][0x13]_[0xffffff9c]=[\r][0x16]gO[0xffffffb1][0xffffffdd]5[0x11]plq[0xfffffff6][0xc][0xfffffffb][[0xffffffc9][0xffffff94]0Y[0xffffff9c]-[0xffffff81]dR[0xffffffc2]`qv[0xffffff80]3;%[0xffffff8c][0x17]g+y[0xffffffb2])[0xffffffe1][0xffffffb7]8[[0xffffffa9][0xffffff95]K[0x9][0xffffff97][0xffffffc5][0xffffffd9]Q[0xffffffbc][0x17]RB-[0xffffffce][0xffffff9e][0xffffffdc]G[0xffffffc6]'[0xffffffbe]8{[0x1a],[0xffffffce][0xffffff9e]b[0xffffffbb]k"[0xffffffe0][0xffffffd8][0xffffffe2][0xffffffec][0x19][0xfffffff6][0xffffffb7][0xffffff92])a[0xffffffb2]8[[0x2][0xffffffc9][0xffffffa4][0xffffff84][0xffffffc1][0xffffffe2][0xffffffec][0x0]gvJ[0x18]/[0xffffffce]V[0xfffffff2]dS[0xffffffc2]oq[0xffffffb6]R+[0xffffff97][0x12].[0xffffff8b][0xffffffb3][0xffffffa3]x_O[0xffffff89][0xffffffa5][0xffffffb6]][0xffffffce]V[0xffffffa9][0xffffffb7][0x12][0xb][0xffffffdf]v[0xffffffb9][0xc][0xffffffb6]].[0xffffffb1][0xffffff92]-[0xf][0xfffffff0][0xffffff85]m[0xffffffbb]\a[0xffffffe9][0x1a][0xffffff98][0x12][0x2]E$%$[0xffffff90]HJ[0x8],[0xffffffd3]S"[0xffffffc0][0xffffff99][0xffffff9c][0x12][0x1]Q[0xffffffa3][0xffffff94]P[0xfffffff2]DSB[0xffffffbb][0x14]M[0x9][0xffffffa5]V,%[0xffffffa2]i[0xffffffa1][0xffffff94][0xffffff88][0xffffffe2][0xffffffbd][0xffffff90][0x12]E[0xffffffa6][0xffffffc4]:[0xffffffa8][0xffffff94](xJ[0x14][0xffffff83][0xffffff94]([0xffffff91][0xfffffff7]D[0xffffffc0][0xb][0xffffff96][0x12][0xffffffc5])%"[0xffffff8a]LJ( [0xffffff99][0xffffff94][0xffffff88]X[0xffffffe6][0xffffffa7][0xffffffc4][0xe]gvJ[0xffffffec][0xffffff88]:[0xffffffa5][0xffffff84][0xffffff90]'[0xffffff9b][0x12][0xffffffd2][0xffffffa5]lJ[0x8][0xffffffb5]r)[0x11]LK[0xffffffa5]D[0x10][0xffffffef][0xffffff85][0xffffff94]P+[0xffffffaa]f[0xffffff9f][0xffffffd4][0xf][0x1c][0xb]_Q[0xffffffb5][0xc]VT-[0xffffffb1]G%[0x11]plE[0xffffffd5][\n]"
01:51:24.826 [main] DEBUG org.apache.hc.client5.http.wire -- http-outgoing-1 << "[0xffffff9b]R[0xffffffc8][0xffffff94]0YQ%[0xffffff81]dR[0xffffffc2]`EU[0xffffff80]3;%[0xffffff8c]WT)y[0xffffffb2])[0xffffffe1][0xffffffb7][0xffffffa2]J[0xffffffa9][0xffffff95]K[0x9][0xffffff97][0x15]UQ[0xffffffbc][0x17]RB[0xffffffad][0xffffffa8][0xffffff9a][0xffffffeb][0xffffffa0]&8[0x16][0xffffffbe][0xffffffa2]j[0x19][0xffffffac][0xffffffa8]Zb[0xffffff8f]J"[0xffffffe0][0xffffffd8][0xffffff8a][0xffffffaa][0x15]6[0xffffffa5][0xffffff90])a[0xffffffb2][0xffffffa2]J[0x2][0xffffffc9][0xffffffa4][0xffffff84][0xffffffc1][0xffffff8a][0xffffffaa][0x0]gvJ[0x18][0xffffffaf][0xffffffa8]R[0xfffffff2]dS[0xffffffc2]oE[0xffffff95]R+[0xffffff97][0x12].+[0xffffffaa][0xffffffa2]x/[0xffffffa4][0xffffff84]ZQ[0xffffffb5][0xe]lq[0xfffffff6][0xffffffc2]WT-[0xffffff83][0x15]UK[0xffffffec]QI[0x4][0x1c][Q[0xffffffb5][0xffffffc2][0xffffffa6][0x14]2%LVTI [0xffffff99][0xffffff94]0XQ[0x15][0xffffffe0][0xffffffcc]N[0x9][0xffffffe3][0x15]UJ[0xffffff9e]lJ[0xfffffff8][0xffffffad][0xffffffa8]Rj[0xffffffe5]R[0xffffffc2]eEU[0x14][0xffffffef][0xffffffa5][0xffffff94](f)Q[0xfffffff0][0xffffff94]([0x6])Q[0xffffffd0][0xffffff94](XJ[0x14][0xffffffa7][0xffffff94][0xffffffd8]Q[0xffffffa4]R"[0x2]I[0xffffffa5][0xffffffc4][0xffffff8e]%[0xffffff91][0x12][0x5]N[0xffffff89]b[0xffffff9c][0x12]A[0xffffff9e]tJ[0x8][0xffffff97][0xffffffd2])[0x11][0xffffffd4]J[0xffffffa6]DqI[0xffffff89][0xfffffff2][0xffffffd3])[0xffffffa1][0xffffffb6]][0xffffffae]~[0xffffff9c]TJ[0xffffffe0][0xffffffdb].[0xffffff97][0xffffffc1][0xffffffb6][0xffffffcb]%V[0xffffffb2]%[0x2][0xffffff8e]m[0xffffffbb]\a[0xffffffe9][0x1a][0xffffff99][0x12]&[0xffffffdb].%[0xffffff90]LJ[0x18]l[0xffffffbb][0xc]pf[0xffffffa7][0xffffff84][0xfffffff1][0xffffffb6]K%O6%[0xfffffffc][0xffffffb6]]*[0xffffffb5]r)[0xffffffe1][0xffffffb2][0xffffffed]2[0xffffff8a][0xfffffff7]BJ[0xffffffa8]m[0xffffff97]k4l[0xffffff82][0x3][0xffffffdf]v[0xffffffb9][0xc][0xffffffb6]].[0xffffffb1][0xffffff92]-[0x11]pl[0xffffffdb][0xffffffe5][\n]"
01:51:24.827 [main] DEBUG org.apache.hc.client5.http.wire -- http-outgoing-1 << "K[0xffffffd7][0xffffffc8][0xffffff94]0[0xffffffd9]v)[0xffffff81]dR[0xffffffc2]`[0xffffffdb]e[0xffffff80]3;%[0xffffff8c][0xffffffb7]]*y[0xffffffb2])[0xffffffe1][0xffffffb7][0xffffffed]R[0xffffffa9][0xffffff95]K[0x9][0xffffff97]m[0xffffff97]Q[0xffffffbc][0x17]RB[0xffffffac][0xffffffa8]j[0xffffffb7][0xffffffe3][0xffffffd6][0xffffffa8][0xffffff94][0xffffffc0]WT-[0xffffff83][0x15]UK[0xffffffec]QI[0x4][0x1c][Q[0xffffffb5][0xffffffc2][0xffffffa6][0x14]2%LVTI [0xffffff99][0xffffff94]0XQ[0x15][0xffffffe0][0xffffffcc]N[0x9][0xffffffe3][0x15]UJ[0xffffff9e]lJ[0xfffffff8][0xffffffad][0xffffffa8]Rj[0xffffffe5]R[0xffffffc2]eEU[0x14][0xffffffef][0xffffffcb])QnbEU[0xffffffbb][0xffffffb5][0x2][0xfffffffd][0xffffffc0][0xfffffff1]8[0xf][0xffffff9a][0x12][0xffffffef]'`S[0xffffffe2][0xfffffff3][0xc]DJ[0xffffffbc]?[0xffffff9d]H[0xffffff89][0xffffffef]OvH[0x9][0xffffff85]"[0xffffff91][0x12][0x1a]H"%[0x14][0xffffff96][0xffffffd9])[0x11][0xffffffe1][0xffffffcc]M[0xffffff89][0xffffff88][0xffffffa8]OJHy[0xffffff92])[0xfffffff1][0xffffffc4][0xffffffa5]dJH[0xffffffb5]R)!L[0xffffffcb][0xffffffa4][0xffffff84][0x10][0xffffffef][0xffffff85][0xffffff94]8TJ[0xfffffff4][0x1][0xfffffffd][0xffffffc0][0xfffffff1]8[0xf][0xffffff9c][0x12][0xffffff87]AJ[0x1c][0xffffff91][0xfffffff7]D[0xffffffc0][0xf],%[0xe][0xffffffa7][0xffffff94][0xffffff88](2)[0xffffffa1][0xffffff80]dR"b[0xffffff99][0xffffff9f][0x12];[0xffffff9c][0xffffffd9])[0xffffffb1]#[0xffffffea][0xffffff94][0x12]B[0xffffff9e]lJH[0xffffff97][0xffffffb2])![0xffffffd4][0xffffffca][0xffffffa5]D0-[0xffffff95][0x12]A[0xffffffbc][0x17]R[0xffffffa2][0xffffffa8][0xffffff94][0x18][0x1d]ZQ[0xfffffff5]8[0xf][0xffffff9c][0x12][0xffffffc5] %J[0xffffffe4]=[0x11][0xfffffff0][0xffffff82][0xffffffa5]DqJ[0xffffff89][0xffffff88]"[0xffffff93][0x12][\n]"
01:51:24.827 [main] DEBUG org.apache.hc.client5.http.wire -- http-outgoing-1 << "H&%"[0xffffff96][0xfffffff9])[0xffffffb1][0xffffffc3][0xffffff99][0xffffff9d][0x12];[0xffffffa2]N)![0xffffffe4][0xffffffc9][0xffffffa6][0xffffff84]t)[0xffffff9b][0x12]B[0xffffffad]\J[0x4][0xffffffd3]R)[0x11][0xffffffc4]{!%[0xffffffc4][0xffffffb6][0xffffffcb]v;o7*%[0xffffffe8]m[0xffffff97][0xffffffef]'[0xffffffa0]S[0xffffff82][0xffffffdc]v[0xfffffff9][0xfffffffe]t&%[0xffffff8c][0xffffffb6]]*[0x14][0xffffff99][0xffffff94]p[0xffffffd9]v[0xffffffa9][0xffffffb0][0xffffffcc]O[0x9]v[0xffffffdb]eD[0xffffffd4])%[0xffffffcc][0xffffffb6]]]]><![CDATA[>q)[0xffffff9b][0x12]F[0xffffffdb].[0xffffff85]i[0xffffffa9][0xffffff94][0xfffffff8][0xfffffff9]m[0xffffff97][0xffffffe5]&[0xffffffb6]][0xffffffde]S[0xffffff82][0xffffff9a][0xffffffe0]x[0xffffff9c][0x7]N[0x9]~[0xffffffdb][0xffffffe5][0xffffffe7][0x19][0xffffff98][0xffffff94][0xffffffa0][0xffffffb6]]~[0x7f][0xffffffb2]GJxl[0xffffffbb][0xffffffd4]@2)[0xffffffc1]o[0xffffffbb][0xffffff8c]pf[0xffffffa7][0xffffff84][0xffffffef][0xffffffb6]K)O6%[0xffffffec][0xffffffb6]]J[0xffffffb5]r)a[0xffffffb2][0xffffffed]R[0xffffff88][0xfffffff7]BJ[0xffffff88][0xffffffbd][0x12][0xffffffed]6+[0xfffffff6][0x3][0x7][0xffffffbd]W[0xffffffe2][0xfffffffd][0x4]tJ[0xffffff90]{%[0xffffffde][0xffffff9f][0xffffffce][0xffffffa4][0xffffff84][0xffffffd1]^[0x9][0xffffff85]"[0xffffff93][0x12].{%[0x14][0xffffff96][0xfffffff9])[0xffffffc1][0xffffffee][0xffffff95][0xffffff88][0xffffff88]:[0xffffffa5][0xffffff84][0xffffffd9]^[0xffffff89]'.eS[0xffffffc2]h[0xffffffaf][0xffffff84]0-[0xffffff95][0x12]?[0xffffffbf]W[0xffffffa2][0xffffffdc][0xffffffc4]^[0xffffff89]{JL[0xffffffe8]#[0xffffffe3][0xffffff8f][0xfffffff3][0xffffffc0])[0xffffffc1][0xffffffef][0xffffff95][0xfffffff8]<[0x3][0xffffff93][0x12][0xffffffd4]^[0xffffff89][0xffffffef]O[0xfffffff6]H[0x9][0xffffff8f][0xffffffbd][0x12][0x1a]H&%[0xfffffff8][0xffffffbd][0x12][0x11][0xffffffce][0xffffffec][0xffffff94][0xfffffff0][0xffffffdd]+![0xffffffe5][0xffffffc9][0xffffffa6][0xffffff84][0xffffffdd]^[0x9][0xffffffa9]V.%L[0xfffffff6]J[0x8][0xfffffff1]^H[0xffffff89][0xffffffa9]Rb5[0xffffffec][0xffffffae][0xffffffc4][0xffffffc4]Sb[0x1a][0xffffffa4][0xffffffc4][0xffffff8c][0xffffffbc]'[0x2]>[0xffffffb1][0xffffff94][0xffffff98]N)[0x11]QdRB[0x1][0xffffffc9][0xffffffa4]D[0xffffffc4]2?%v8[0xffffffb3]SbG[0xffffffd4])%[0xffffff84]<[0xffffffd9][0xffffff94][0xffffff90].eSB[0xffffffa8][0xffffff95]K[0xffffff89]`Z*%[0xffffff82]x/[0xffffffa4][0xffffff84]\Q[0xffffffb5]V[0xffffffa3]R[0xffffff82]^Q[0xfffffff5]~[0x2]:%[0xffffffc8][0x15]U[0xffffffef]OgR[0xffffffc2]hE[0xffffff95]B[0xffffff91]I[0x9][0xffffff97][0x15]U[\n]"
01:51:24.827 [main] DEBUG org.apache.hc.client5.http.wire -- http-outgoing-1 << "[0xffffffcb][0xfffffffc][0xffffff94]`WTED[0xffffff9d]R[0xffffffc2]lE[0xffffffd5][0x13][0xffffff97][0xffffffb2])a[0xffffffb4][0xffffffa2]J[0xffffff98][0xffffff96]J[0xffffff89][0xffffffbf][0xffffffc3][0xffffff8a][0xffffffaa]C[0xffffffad][0xffffffa8]:n[0xffffffd8][0xf][0x1c][0x7][0xffffffbe][0xffffffa2][0xffffffea]0XQu[0xffffff88]=*y[0xffffff80][0x1f][0xffffffd8][0xffffff8a][0xffffffaa]#lJ[0x1]SB[0xffffffa0][0xffffff88][0xffffffa4][0xffffff84][0x4][0x12]I[0x9][0xffffff81]ezJ[0x4]8[0xffffff93]S" j[0xffffff94][0x12]J[0xffffff9e]hJh[0xffffff97][0xffffffa2])[0xffffffa1][0xffffffd4][0xffffff8a][0xffffffa5]D4-[0xffffff94][0x12]Q[0xffffffbc][0x17]RB[0xffffffad][0xffffffa8]:[0xe]l[0xffffffaf][0xffffffc4][0xffffff81][0xffffffaf][0xffffffa8]:[0xc]VT[0x1d]b[0xffffff8f]J"[0xffffffe0][0xffffffd8][0xffffff8a][0xffffffaa]#lJ!S[0xffffffc2]dE[0xffffff95][0x4][0xffffff92]I[0x9][0xffffff83][0x15]U[0x1][0xffffffce][0xffffffec][0xffffff94]0^Q[0xffffffa5][0xffffffe4][0xffffffc9][0xffffffa6][0xffffff84][0xffffffdf][0xffffff8a]*[0xffffffa5]V.%\VTE[0xfffffff1]^H[0xffffff89][0xffffffa2]R[0xffffffa2],[0xffffffea][0xffffffae][0xffffffc4][0xffffffdb]y[0xffffffe0][0xffffff94]([0x6])Q"[0xffffffef][0xffffff89][0xffffff80][0x17],%[0xffffff8a]SJD[0x14][0xffffff99][0xffffff94]P@2)[0x11][0xffffffb1][0xffffffcc]O[0xffffff89][0x1d][0xffffffce][0xffffffec][0xffffff94][0xffffffd8][0x11]uJ[0x9]!O6%[0xffffffa4]K[0xffffffd9][0xffffff94][0x10]j[0xffffffe5]R"[0xffffff98][0xffffff96]J[0xffffff89] [0xffffffde][0xb])[0xffffffa1][0xfffffff6]J[0x1c][0xffffffad]R[0xffffffdf][0xffffffe0]8[0xfffffff0][0xffffffbd][0x12][0xffffff87][0xffffffc1]^[0xffffff89]C[0xc]?'[0x2][0xffffff8e][0xffffffed][0xffffff95]8[0xffffffc2]x3[0xffffff99][0x12]&{%$[0xffffff90]LJ[0x18][0xffffffec][0xffffff95][0x8]pf[0xffffffa7][0xffffff84][0xfffffff1]^[0x9]%O6%[0xfffffffc][0xfffffff6]J([0xffffffb5]r)[0xffffffe1][0xffffffb2]W"[0xffffff8a][0xfffffff7]BJt[0xffffff95][0x12][0xfffffffd][0xffffff86][0xffffffdd][0xffffff95][0xffffffe8]xJt[0xffffff83][0xffffff94][0xffffffe8][0xffffff91][0xfffffff7]D[0xffffffc0];[0xffffff96][0x12][0xffffffdd])%"[0xffffff8a]LJ( [0xffffff99][0xffffff94][0xffffff88]X[0xffffffe6][0xffffffa7][0xffffffc4][0xe]gvJ[0xffffffec][0xffffff88]:[0xffffffa5][0xffffff84][0xffffff90]'[0xffffff9b][0x12][0xffffffd2][0xffffffa5]lJ[0x8][0xffffffb5]r)[0x11]LK[0xffffffa5]D[0x10][0xffffffef][0xffffff85][0xffffff94]P+[0xffffffaa][0xffffff8e]>[0x6][0xffffff95][0x12][0xfffffff8][0xffffff8a][0xffffffaa][0xffffffc3]`E[0xffffffd5]![0xfffffff6][0xffffffa8]$[0x2][0xffffff8e][0xffffffad][0xffffffa8]:[0xffffffc2][0xffffffa6][0x14]2%LVTI [0xffffff99][0xffffff94]0XQ[0x15][0xffffffe0][0xffffffcc]N[0x9][0xffffffe3][0x15]UJ[0xffffff9e]lJ[0xfffffff8][0xffffffad][0xffffffa8]Rj[0xffffffe5]R[0xffffffc2]eEU[0x14][0xffffffef][0xffffff85][0xffffff94]P+[0xffffffaa][0xffffff8e][0xffffffbe][\n]"
01:51:24.827 [main] DEBUG org.apache.hc.client5.http.wire -- http-outgoing-1 << "[0xffffff95][0x12][0xfffffff8][0xffffff8a][0xffffffaa][0xffffffc3]`E[0xffffffd5]![0xfffffff6][0xffffffa8]$[0x2][0xffffff8e][0xffffffad][0xffffffa8]:[0xffffffc2][0xffffffa6][0x14]2%LVTI [0xffffff99][0xffffff94]0XQ[0x15][0xffffffe0][0xffffffcc]N[0x9][0xffffffe3][0x15]UJ[0xffffff9e]lJ[0xfffffff8][0xffffffad][0xffffffa8]Rj[0xffffffe5]R[0xffffffc2]eEU[0x14][0xffffffef][0xffffff85][0xffffff94]P+[0xffffffaa][0xffffff8e]Q'[0xffffff95][0x12][0xfffffff8][0xffffff8a][0xffffffaa][0xffffffc3]`E[0xffffffd5]![0xfffffff6][0xffffffa8]$[0x2][0xffffff8e][0xffffffad][0xffffffa8]:[0xffffffc2][0xffffffa6][0x14]2%LVTI [0xffffff99][0xffffff94]0XQ[0x15][0xffffffe0][0xffffffcc]N[0x9][0xffffffe3][0x15]UJ[0xffffff9e]lJ[0xfffffff8][0xffffffad][0xffffffa8]Rj[0xffffffe5]R[0xffffffc2]eEU[0x14][0xffffffef][0xffffffeb])Q[0xffffffd4][0xffffff97]A[0xffffff8f]9[0xffffffa9][0xffffff94]([0xfffffff8][0xffffff97]A[0xffffff8b][0xffffffc1][0xffffff97]A[0xffffff8b][0xfffffff8]|][0x1e][0xffffffe0][0x5][0xfffffffb]2h[0x9][0x1f][0xffffffa8][0x3]SB[0xffffffa0][0xffffff88][0xffffffa4][0xffffff84][0x4][0x12]I[0x9][0xffffff81]ezJ[0x4]8[0xffffff93]S" j[0xffffff94][0x12]J[0xffffff9e]hJh[0xffffff97][0xffffffa2])[0xffffffa1][0xffffffd4][0xffffff8a][0xffffffa5]D4-[0xffffff94][0x12]Q[0xffffffbc][0x17]RBMp[0xffffffdc][0xffffffff][0xffffffc9][0xffffffd4][0xffffffb5][0xffffffcb][0xffffff82]Op[0x14][0xffffff83][0x9][0xffffff8e]"[0xffffffae][0x19]'[0x2][0xffffff8e]Mp[0xffffff94]p[0xffffff91][0xffffff98]L[0x9][0xffffff93][0x9][0xe][0x9]$[0xffffff93][0x12][0x6][0x13][0x1c][0x1][0xffffffce][0xffffffec][0xffffff94]0[0xffffff9e][0xffffffe0]P[0xfffffff2]dS[0xffffffc2]o[0xffffff82]C[0xffffffa9][0xffffff95]K[0x9][0xffffff97][0x9][0xffffff8e]([0xffffffde][0xb])[0xffffffa1]&8[0xffffffde]~[0xffffffe2][0xffffffa0]R[0x2][0xffffff9f][0xffffffe0]([0x6][0x13][0x1c]E\3N[0x4][0x1c][0xffffff9b][0xffffffe0]([0xffffffe1]"1[0xffffff99][0x12]&[0x13][0x1c][0x12]H&%[0xc]&8[0x2][0xffffff9c][0xffffffd9])a<[0xffffffc1][0xffffffa1][0xffffffe4][0xffffffc9][0xffffffa6][0xffffff84][0xffffffdf][0x4][0xffffff87]R+[0xffffff97][0x12].[0x13][0x1c]Q[0xffffffbc][0x17]RBMp[0xffffff94]s[0x1c]TJ[0xffffffe0][0x13][0x1c][0xffffffc5]`[0xffffff82][0xffffffa3][0xffffff88]k[0xffffffc6][0xffffff89][0xffffff80]c[0x13][0x1c]%\$&S[0xffffffc2]d[0xffffff82]C[0x2][0xffffffc9][0xffffffa4][0xffffff84][0xffffffc1][0x4]G[0xffffff80]3;%[0xffffff8c]'8[0xffffff94]<[0xffffffd9][0xffffff94][0xfffffff0][0xffffff9b][0xffffffe0]Pj[0xffffffe5]R[0xffffffc2]e[0xffffff82]#[0xffffff8a][0xfffffff7]RJ[0x14][0xffffffb3][0xffffff94](xJ[0x14][0xffffff83][0xffffff94](hJ[0x14],%[0xffffff8a]SJ[0xffffffec](R)[0x11][0xffffff81][0xffffffa4]Rb[0xffffffc7][0xffffff92]H[0xffffff89][0x2][0xffffffa7]D1N[0xffffff89] O:%[0xffffff84]K[0xffffffe9][0xffffff94][0x8]j%S[0xffffffa2][0xffffffb8][0xffffffa4]D[0xfffffff9][0xffffffe9][0xffffff94]8[0x7f][0xffffffa9]1%&[0xffffffb6]8[0xfffffffb][0xffffffed]<pJ[0xffffffbc][0xffffff9d][0xffffff80]N[0xffffff89]og`R[0xffffffe2][0xffffffed][0xffffffe9]LJ|<[0xffffffd9]#%"[0xffffff8a]LJ( [0xffffff99][0xffffff94][0xffffff88]X[0xffffffe6][0xffffffa7][0xffffffc4][0xe]gvJ[0xffffffec][0xffffff88]:[0xffffffa5][0xffffff84][0xffffff90]'[0xffffff9b][0x12][0xffffffd2][0xffffffa5]lJ[0x8][0xffffffb5]r)[0x11]LK[0xffffffa5]D[0x10][0xffffffef][0xffffff85][0xffffff94]P[0xffffffc3][0xffffffa0][0xffffffb5]t,%[0xfffffff0]a[0xffffffd0]b0[0xc]Z[0xffffffc4][0xffffffc4]R"[0xffffffe0][0xffffffd8]0h[0x9]3IdJ[0xffffff98][0xc][0xffffff83]J [0xffffff99][0xffffff94]0[0x18][0x6][\r]pf[0xffffffa7][0xffffff84][0xfffffff1]0[0xffffffa8][0xffffff92]'[0xffffff9b][0x12]~[0xffffffc3][0xffffffa0]J[0xffffffad]\J[0xffffffb8][0xc][0xffffff83]F[0xfffffff1]^H[0xffffff89][0xffffffa5]R[0xffffffa2][0x15]jE[0xffffffd5][0xffffffdb]y[0xffffffe0][0xffffff94]X[\n]"
01:51:24.827 [main] DEBUG org.apache.hc.client5.http.wire -- http-outgoing-1 << "[0xffffffff]d[0xffffffde]W[0xffffffe4]=[0x11][0xfffffff0][0xffffff85][0xffffffa5][0xffffffc4]rJ[0xffffff89][0xffffff88]"[0xffffff93][0x12][\n]"
01:51:24.828 [main] DEBUG org.apache.hc.client5.http.wire -- http-outgoing-1 << "H&%"[0xffffff96][0xfffffff9])[0xffffffb1][0xffffffc3][0xffffff99][0xffffff9d][0x12];[0xffffffa2]N)![0xffffffe4][0xffffffc9][0xffffffa6][0xffffff84]t)[0xffffff9b][0x12]B[0xffffffad]\J[0x4][0xffffffd3]R)[0x11][0xffffffc4][0xfffffffb]zJT[0xfffffff5][0xffffff91][0xfffffff1]zv*%*[0xfffffffe][0xffffff91][0xfffffff1]j[0xfffffff0][0xffffff91][0xfffffff1]*[0xffffffbe][0xffffff84][0xffffff9b][0x7]x[0xffffffc5]>2^[0xffffffc3][0xffffffb7]n[0xffffffc1][0xffffff94][0x10](")![0xffffff81]DRB`[0xffffff99][0xffffff9e][0x12][0x1][0xffffffce][0xffffffe4][0xffffff94][0x8][0xffffff88][0x1a][0xffffffa5][0xffffff84][0xffffff92]'[0xffffff9a][0x12][0xffffffda][0xffffffa5]hJ([0xffffffb5]b)[0x11]M[0xb][0xffffffa5]D[0x14][0xffffffef][0xffffff85][0xffffff94]P+[0xffffffaa][0xffffffea][0xffffffac][0xffffff95]J[0x9]|EU5XQU[0xffffffc5][0x1e][0xffffff95]D[0xffffffc0][0xffffffb1][0x15]U5lJ!S[0xffffffc2]dE[0xffffff95][0x4][0xffffff92]I[0x9][0xffffff83][0x15]U[0x1][0xffffffce][0xffffffec][0xffffff94]0^Q[0xffffffa5][0xffffffe4][0xffffffc9][0xffffffa6][0xffffff84][0xffffffdf][0xffffff8a]*[0xffffffa5]V.%\VTE[0xfffffff1]^H[0x9][0xffffffb5][0xffffffa2][0xffffffaa][0xffffffce][0x13]K[0x9]|EU5XQU[0xffffffc5][0x1e][0xffffff95]D[0xffffffc0][0xffffffb1][0x15]U5lJ!S[0xffffffc2]dE[0xffffff95][0x4][0xffffff92]I[0x9][0xffffff83][0x15]U[0x1][0xffffffce][0xffffffec][0xffffff94]0^Q[0xffffffa5][0xffffffe4][0xffffffc9][0xffffffa6][0xffffff84][0xffffffdf][0xffffff8a]*[0xffffffa5]V.%\VTE[0xfffffff1]^H[0x9][0xffffffb5][0xffffffa2][0xffffffaa][0xffffffdd]J[0xffffffa3]R[0x2]_QU[\r]VTU[0xffffffb1]G%[0x11]plEU[\r][0xffffff9b]R[0xffffffc8][0xffffff94]0YQ%[0xffffff81]dR[0xffffffc2]`EU[0xffffff80]3;%[0xffffff8c]WT)y[0xffffffb2])[0xffffffe1][0xffffffb7][0xffffffa2]J[0xffffffa9][0xffffff95]K[0x9][0xffffff97][0x15]UQ[0xffffffbc][0xffffff97]R"[0xe][0xffffff83][0xffffffb2])[0x1][0xf][0xffffff83]>N[0xffffffc0][0xffffffa7][0x4]8[0xc][0xfffffffa]x:[0xffffff95][0x12]>[0xffffffc3][0xffffffa0][0x2]E*%L[0xffffff86]A[0x5][0xffffff96]DJ[0xffffffa0][0xffffffc3][0xffffffa0][0x1]Q[0xffffffaf][0xffffff94][0xfffffff0][0x1a][0x6][0xffffffd5].[0xffffffa5]S[0xffffffc2]g[0x18]4[0xffffff9a][0xffffff96]K[0xffffff89][0xffffff9f][0x1e][0x6][0xffffffad]jEU+[0xffffffdc][0xf][0x1c][0xfffffff8][0xffffff8a][0xffffffaa]j[0xffffffb0][0xffffffa2][0xffffffaa][0xffffff8a]=*[0xffffff89][0xffffff80]c+[0xffffffaa]j[0xffffffd8][0xffffff94]B[0xffffffa6][0xffffff84][0xffffffc9][0xffffff8a]*[0x9]$[0xffffff93][0x12][0x6]+[0xffffffaa][0x2][0xffffff9c][0xffffffd9])a[0xffffffbc][0xffffffa2]J[0xffffffc9][0xffffff93]M[0x9][0xffffffbf][0x15]UJ[0xffffffad]\J[0xffffffb8][0xffffffac][0xffffffa8][0xffffff8a][0xffffffe2][0xffffffbd][0xffffff90][0x12][0xffffffa7][0xfffffffa][0xffffff81][0xffffffa3]c[0x1f][0x19][0x7f];[0xf][0xffffff9c][0x12][0xffffffa7]z)[0xffffff97][0xffffffcc][0xfffffffb][0x19][0xffffffdf][0xffffffc2]%[0x2]~b?p[0xffffff9c]N?pD[0x14][0xffffff99][0xffffff94]P@2)[0x11][0xffffffb1][0xffffffcc]O[0xffffff89][0x1d][0xffffffce][0xffffffec][0xffffff94][0xffffffd8][0x11]uJ[0x9]!O6%[0xffffffa4]K[0xffffffd9][0xffffff94][0x10]j[0xffffffe5]R"[0xffffff98][0xffffff96]J[0xffffff89] [0xffffffde][0xb])1[0xffffffd5][[0xffffff89][0xffffffb9]:[0xffffff95][0x12][0x13][0x7f]+1[\r][0xffffffde]J[0xffffffcc][0xffffff98][0xffffffce][0xffffff89][0xffffff80]O[0xffffffec][0xffffffad][0xffffffc4]tz+[0x11]QdRB[0x1][0xffffffc9][0xffffffa4]D[0xffffffc4]2?%v8[0xffffffb3]SbG[0xffffffd4])%[0xffffff84]<[0xffffffd9][0xffffff94][0xffffff90].eSB[0xffffffa8][0xffffff95]K[0xffffff89]`Z*%[0xffffff82]x/[0xffffffa4][0xffffff84]ZQ[0xffffffd5][0xffffffcb][0xffffff8d][0xfffffffa]2h[0xffffffc5]WTU[0xffffff83][0x15]UU[0xffffffec]QI[0x4][0x1c][QU[0xffffffc3][0xffffffa6][0x14]2%LVTI [0xffffff99][0xffffff94]0XQ[0x15][0xffffffe0][0xffffffcc]N[0x9][0xffffffe3][0x15]UJ[0xffffff9e]lJ[0xfffffff8][0xffffffad][0xffffffa8]Rj[0xffffffe5]R[0xffffffc2]eEU[0x14][0xffffffef][0xffffffa5][0xffffff94][0xffffff88]o%[0xffffffd8][0xffffff94][0xffffffa0][0xffffffdf]J,[0xffffff83][0xffffffb7][0x12]+[0xffffffa6]s*[0xffffffe0][0xffffffd4][[0xffffff89][0xffffffe5][0xfffffff4]V"[0xffffffa2]H[0xffffffa5][0xffffff84][0xffffffcb][[0xffffff89][0xffffff88]%[0xffffff91][0x12][0xffffffec][[0xffffff89][0x1d]Q[0xffffffaf][0xffffff94]0{+!]J[0xffffffa7][0xffffff84][0xffffffd1][[0xffffff89]`Z.%~[0xfffffffa][0xffffffad]D[0xffffffbb][0xffffffa9][0xffffffb7][0x12]}5(%[0xffffffde][0xffffffce][0xffffffc3][0xffffffa6][0xffffffc4][0xffffffe3][0x4]pJ|?[0x3][0xffffff92][0x12][0xffffff8f][0xffffffa7]#)[0xfffffff1][0xffffffed][0xffffffc9][0x16])!PDRB[0x2][0xffffff89][0xffffffa4][0xffffff84][0xffffffc0]2=%[0x2][0xffffff9c][0xffffffc9])[0x11][0x10]5J[0x9]%O4%[0xffffffb4]K[0xffffffd1][0xffffff94]Pj[0xffffffc5]R"[0xffffff9a][0x16]J[0xffffff89]([0xffffffde][0xb])[0xffffffa1][0x16]gwn[0xffffffdb]e[0xffffffc3][0x17]g7[0xffffff83][0xffffffc5][0xffffffd9]MlwM[0x4][0x1c][[0xffffff9c][0xffffffdd][0xffffffc2][0xfffffffe]V2%L[0x16]gK [0xffffff99][0xffffff94]0X[0xffffff9c][0x1d][0xffffffe0][0xffffffcc]N[0x9][0xffffffe3][0xffffffc5][0xffffffd9]J[0xffffff9e]lJ[0xfffffff8]-[0xffffffce]Vj[0xffffffe5]R[0xffffffc2]eqv[0x14][0xffffffef][0xffffffa5][0xffffff94][0xffffff88]{%[0xffffffd8][0xffffff94][0xffffff80][0xfffffff7]J<N[0xffffffc0][0xffffffa7][0x4][0xffffffb8]W[0xffffffe2][0xfffffff1]t*%|[0xfffffff6]J[0x8][0x14][0xffffffa9][0xffffff94]0[0xffffffd9]+![0xffffffb0]$R[0x2][0xffffffdd]+[0x11][0x10][0xfffffff5]J[0x9][0xffffffaf][0xffffffbd][0x12][0xffffffda][0xffffffa5]tJ[0xfffffff8][0xffffffec][0xffffff95][0xffffff88][0xffffffa6][0xffffffe5]R[0xffffffe2][0xffffffa7][0xfffffff7]J[0xffffffdc][0xffffffff][0x19][0xffffffcd],%[0x1a][0xffffff9e][0x12][0xffffffcd] %[0x1a][0xffffff9a][0x12][\r]K[0xffffff89][0xffffffe6][0xffffff94][0x12];[0xffffff8a]TJD [0xffffffa9][0xffffff94][0xffffffd8][0xffffffb1]$R[0xffffffa2][0xffffffc1])[0xffffffd1][0xffffff8c]S"[0xffffffc8][0xffffff93]N[0x9][0xffffffe1]R:%[0xffffff82]Z[0xffffffc9][0xffffff94]h.)[0xffffffd1][0xfffffffe][0xe])[0xffffffd1][0xffffffcd]R[0xffffffa2][0xffffffe3])[0xffffffd1][\r]R[0xffffffa2][0xffffffa3])[0xffffffd1][0xffffffb1][0xffffff94][0xffffffe8]N)[0xffffffb1][0xffffffa3]H[0xffffffa5]D[0x4][0xffffff92]J[0xffffff89][0x1d]K"%:[0xffffff9c][0x12][0xffffffdd]8%[0xffffff82]<[0xffffffe9][0xffffff94][0x10].[0xffffffa5]S"[0xffffffa8][0xffffff95]L[0xffffff89][0xffffffee][0xffffff92][0x12][0xfffffffd][0xffffffa7]SB}[0xffffffce]k[0xffffff8c]BMp4[0xfffffffc]s^[0xffffffcd][0xffffffe0]s^M|s&[0x11]p[0xffffffec]s^-|U[0xffffff86]L[0x9][0xffffff93][0xffffffcf]yI [0xffffff99][0xffffff94]0[0xfffffff8][0xffffff9c]W[0xffffff80]3;%[0xffffff8c]?[0xffffffe7][0xffffffa5][0xffffffe4][0xffffffc9][0xffffffa6][0xffffff84][0xffffffdf][0xffffffe7][0xffffffbc][0xffffff94]Z[0xffffffb9][0xffffff94]p[0xfffffff9][0xffffff9c]W[0x14][0xffffffef][0xffffff85][0xffffff94]P[0xffffff9f][0xfffffff3][0x1a][0xffffffe7][0xffffffa2][0xffffffb6]]6[0xfffffffc]s^[0xffffffcd][0xffffffe0]s^M|s&[0x11]p[0xffffffec]s^-|U[0xffffff86]L[0x9][0xffffff93][0xffffffcf]yI [0xffffff99][0xffffff94]0[0xfffffff8][0xffffff9c]W[0xffffff80]3;%[0xffffff8c]?[0xffffffe7][0xffffffa5][0xffffffe4][0xffffffc9][0xffffffa6][0xffffff84][0xffffffdf][0xffffffe7][0xffffffbc][0xffffff94]Z[0xffffffb9][0xffffff94]p[0xfffffff9][0xffffff9c]W[0x14][0xffffffef][0xffffff85][0xffffff94][0x18]*%[0xffffffe6][0xffffffc0][0xffffffde]J[0xc]<%[0xffffff86]AJ[0xffffff8c][0xffffffc8]{"[0xffffffe0][0x3]K[0xffffff89][0xffffffe1][0xffffff94][0x12][0x11]E&%[0x14][0xffffff90]LJD,[0xfffffff3]Sb[0xffffff87]3;%vD[0xffffff9d]RB[0xffffffc8][0xffffff93]M[0x9][0xffffffe9]R6%[0xffffff84]Z[0xffffffb9][0xffffff94][0x8][0xffffffa6][0xffffffa5]R"[0xffffff88][0xfffffff7]BJL[0xffffff95][0x12][0xffffffab]b)1[0xfffffff1][0xffffff94][0xffffff98][0x6])1#[0xffffffef][0xffffff89][0xffffff80]O,%[0xffffffa6]SJD[0x14][0xffffff99][0xffffff94]P@2)[0x11][0xffffffb1][0xffffffcc]O[0xffffff89][0x1d][0xffffffce][0xffffffec][0xffffff94][0xffffffd8][0x11]uJ[0x9]!O6%[0xffffffa4]K[0xffffffd9][0xffffff94][0x10]j[0xffffffe5]R"[0xffffff98][0xffffff96]J[0xffffff89] [0xffffffde][0xb])[0xffffffa1][0x16]g[0xffffff8f][0xffffffb5]N*%[0xfffffff0][0xffffffc5][0xffffffd9][0xffffffcd]`qv[0x13][0xffffffdb]][0x13][0x1][0xffffffc7][0x16]g[0xffffffb7][0xffffffb0][0xffffffbf][0xffffff95]L[0x9][0xffffff93][0xffffffc5][0xffffffd9][0x12]H&%[0xc][0x16]g[0x7]8[0xffffffb3]S[0xffffffc2]xq[0xffffffb6][0xffffff92]'[0xffffff9b][0x12]~"
01:51:24.832 [main] DEBUG org.apache.hc.client5.http.wire -- http-outgoing-1 << "[0xffffff8b][0xffffffb3][0xffffff95]Z[0xffffffb9][0xffffff94]pY[0xffffff9c][0x1d][0xffffffc5][0xfffffffb]zJt[0xffffffb5][0xffffffa2][0xffffffea][0xffffffac][0xffffff8d][0xfffffffa][0xffffff9c]W[0xffffffc7]WTu[0xffffff83][0x15]U][0xffffffec]Q[0xffffffc9][0x3][0xffffffbc]c+[0xffffffaa]z[0xffffffd8][0xffffff94][0x2][0xffffffa6][0xffffff84]@[0x11]I[0x9][0x9]$[0xffffff92][0x12][0x2][0xffffffcb][0xfffffff4][0xffffff94][0x8]p&[0xffffffa7]D@[0xffffffd4](%[0xffffff94]<[0xffffffd1][0xffffff94][0xffffffd0].ESB[0xffffffa9][0x15]K[0xffffff89]hZ(%[0xffffffa2]x/[0xffffffa4]D[0x11]{%[0xffffffce][0xffffffd6][\n]"
01:51:24.833 [main] DEBUG org.apache.hc.client5.http.wire -- http-outgoing-1 << "[0xffffff95][0x12][0xffffff85][0xffffffde]+[0xfffffff1]8[0x1][0xffffff9d][0x12]%[0xe]?'[0x2]^[0xffffffa8][0xffffffbd][0x12][0xffffffdf][0xffffff9e][0xffffffec][0xffffff91][0x12][0x11]E&%[0x14][0xffffff90]LJD,[0xfffffff3]Sb[0xffffff87]3;%vD[0xffffff9d]RB[0xffffffc8][0xffffff93]M[0x9][0xffffffe9]R6%[0xffffff84]Z[0xffffffb9][0xffffff94][0x8][0xffffffa6][0xffffffa5]R"[0xffffff88][0xfffffff7]BJT[0xfffffff5]Vb.j[0xffffffaf][0xffffffc4][0xffffffdb]y[0xffffffe0][0xffffff94][0xffffffa8][0x6]o%jL[0xffffffe7]D[0xffffffc0]+[0xfffffff6]V[0xffffffa2]:[0xffffffbd][0xffffff95][0xffffff88](2)[0xffffffa1][0xffffff80]dR"b[0xffffff99][0xffffff9f][0x12];[0xffffff9c][0xffffffd9])[0xffffffb1]#[0xffffffea][0xffffff94][0x12]B[0xffffff9e]lJH[0xffffff97][0xffffffb2])![0xffffffd4][0xffffffca][0xffffffa5]D0-[0xffffff95][0x12]A[0xffffffbc][0xffffff97]R".[0xffffffce]fS[0x2]^[0xffffff9c][0xfffffffd]8[0x1][0xffffff9f][0x12][0xffffffe0][0xffffffe2][0xffffffec][0xffffffc7][0xffffffd3][0xffffffa9][0xffffff94][0xfffffff0]Y[0xffffff9c]-P[0xffffffa4]R[0xffffffc2]dq[0xffffffb6][0xffffffc0][0xffffff92]H[0x9]tqv@[0xffffffd4]+%[0xffffffbc][0x16]gk[0xffffff97][0xffffffd2])[0xffffffe1][0xffffffb3]8;[0xffffff9a][0xffffff96]K[0xffffff89][0xffffff9f]^[0xffffff9c][0xffffffdd][0xffffffd5][0xffffff8a][0xffffffaa]y[0xffffffdc][0xffffffa8]k[0xffffff97][0x1d]_Q[0xffffffd5][\r]VTu[0xffffffb1]G%[0x11]plEU[0xf][0xffffff9b]R[0xffffffc8][0xffffff94]0YQ%[0xffffff81]dR[0xffffffc2]`EU[0xffffff80]3;%[0xffffff8c]WT)y[0xffffffb2])[0xffffffe1][0xffffffb7][0xffffffa2]J[0xffffffa9][0xffffff95]K[0x9][0xffffff97][0x15]UQ[0xffffffbc][0x17]RB[0xffffffad][0xffffffa8][0xffffff9a][0xffffffbd]ao%[0xfffffff0][0x15]U[0xffffffdd]`EU[0x17]{T[0x12][0x1][0xffffffc7]VT[0xfffffff5][0xffffffb0])[0xffffff85]L[0x9][0xffffff93][0x15]U[0x12]H&%[0xc]VT[0x5]8[0xffffffb3]S[0xffffffc2]xE[0xffffff95][0xffffff92]'[0xffffff9b][0x12]~+[0xffffffaa][0xffffff94]Z[0xffffffb9][0xffffff94]pYQ[0x15][0xffffffc5]{!%[0xffffffc6]/%[0xffffffa6][0xffffffc4]Y[0xf]*%[0xffffffee][0xffffffe7][0xffffff81]S[0xffffffe2][0xffffffed][0x4]tJ|;[0x3][0xffffff93][0x12]oOgR[0xffffffe2][0xffffffe3][0xffffffc9][0x1e])[0x11]QdRB[0x1][0xffffffc9][0xffffffa4]D[0xffffffc4]2?%v8[0xffffffb3]SbG[0xffffffd4])%[0xffffff84]<[0xffffffd9][0xffffff94][0xffffff90].eSB[0xffffffa8][0xffffff95]K[0xffffff89]`Z*%[0xffffff82]x/[0xffffffa4][0xffffffc4])[0xffffffde]J[0xffffffac][0x3][[0xffffff9c][0xfffffffd]v[0x1e]8%N[0xffffff83][0xffffffb7][0x12]gL[0xffffffe7]D[0xffffffc0]O[0xffffffec][0xffffffad][0xffffffc4][0xffffffe9][0xfffffff4]V"[0xffffffa2][0xffffffc8][0xffffffa4][0xffffff84][0x2][0xffffff92]I[0xffffff89][0xffffff88]e~J[0xffffffec]pf[0xffffffa7][0xffffffc4][0xffffff8e][0xffffffa8]SJ[0x8]y[0xffffffb2])!][0xffffffca][0xffffffa6][0xffffff84]P+[0xffffff97][0x12][0xffffffc1][0xffffffb4]TJ[0x4][0xfffffff1]^H[0x9][0xffffffb5][0xffffffed]rUn[0x18][0x14][0xffffffdf]v[0xffffffd9][\r][0xffffffb6]]v[0xffffffb1][0xffffff92]-[0x11]pl[0xffffffdb]e[0xf]K[0xffffffd7][0xffffffc8][0xffffff94]0[0xffffffd9]v)[0xffffff81]dR[0xffffffc2]`[0xffffffdb]e[0xffffff80]3;%[0xffffff8c][0xffffffb7]]*y[0xffffffb2])[0xffffffe1][0xffffffb7][0xffffffed]R[0xffffffa9][0xffffff95]K[0x9][0xffffff97]m[0xffffff97]Q[0xffffffbc][0x17]RBm[0xffffffbb]\[0xffffffbd]c[0xffffffd7].[0xfffffff1]m[0xffffff97][0xffffffdd]`[0xffffffdb]e[0x17]+[0xffffffd9][0x12][0x1][0xffffffc7][0xffffffb6]][0xfffffff6][0xffffffb0]t[0xffffff8d]L[0x9][0xffffff93]m[0xffffff97][0x12]H&%[0xc][0xffffffb6]][0x6]8[0xffffffb3]S[0xffffffc2]x[0xffffffdb][0xffffffa5][0xffffff92]'[0xffffff9b][0x12]~[0xffffffdb].[0xffffff95]Z[0xffffffb9][0xffffff94]p[0xffffffd9]v[0x19][0xffffffc5][0xfffffffb]zJ[0xffffff8c][L[0xffffff89]~[0xffffffbb]Uj[0xffffffdb][0xffffffe5][0xffffffdb]y[0xffffffd8][0xffffff94]x[0xffffff9c][0x0]N[0xffffff89][0xffffffef]g@R[0xffffffe2][0xfffffff1]t$%[0xffffffbe]=[0xffffffd9]"%[0x4][0xffffff8a]HJH [0xffffff91][0xffffff94][0x10]X[0xffffffa6][0xffffffa7]D[0xffffff80]39%[0x2][0xffffffa2]F)[0xffffffa1][0xffffffe4][0xffffff89][0xffffffa6][0xffffff84]v)[0xffffff9a][0x12]J[0xffffffad]XJD[0xffffffd3]B)[0x11][0xffffffc5]{!%[0xffffffc4][0xffffffe2][0xffffffec]~[0xffffffeb][0xfffffff3]F[0xffffffa5][0x4][0xffffffbe]8{[0x18],[0xffffffce][0x1e]b[0xffffffbb]k"[0xffffffe0][0xffffffd8][0xffffffe2][0xffffffec][0x11][0xfffffff6][0xffffffb7][0xffffff92])a[0xffffffb2]8[[0x2][0xffffffc9][0xffffffa4][0xffffff84][0xffffffc1][0xffffffe2][0xffffffec][0x0]gvJ[0x18]/[0xffffffce]V[0xfffffff2]dS[0xffffffc2]oq[0xffffffb6]R+[0xffffff97][0x12].[0xffffff8b][0xffffffb3][0xffffffa3]x/[0xffffffa5]DXQ[0x5][0xffffffa7][0x4][0xffffffbc][0xffffffa2][0xffffffea]q[0x2]>%[0xffffffc0][0x15]U[0xffffff8f][0xffffffa7]S)[0xffffffe1][0xffffffb3][0xffffffa2]J[0xffffffa0]H[0xffffffa5][0xffffff84][0xffffffc9][0xffffff8a]*[0xffffff81]%[0xffffff91][0x12][0xffffffe8][0xffffff8a][0xffffffaa][0xffffff80][0xffffffa8]WJx[0xffffffad][0xffffffa8][0xffffffd2].[0xffffffa5]S[0xffffffc2]gEU4-[0xffffff97][0x12]?[0xffffffbd][0xffffffa2][0xffffffea][0xfffffffe][0xffffffcf][0x18]f)1[0xfffffff0][0xffffff94][0x18][0x6])1[0xffffffd0][0xffffff94][0x18]XJ[0xc][0xffffffa7][0xffffff94][0xffffffd8]Q[0xffffffa4]R"[0x2]I[0xffffffa5][0xffffffc4][0xffffff8e]%[0xffffff91][0x12][0x3]N[0xffffff89]a[0xffffff9c][0x12]A[0xffffff9e]tJ[0x8][0xffffff97][0xffffffd2])[0x11][0xffffffd4]J[0xffffffa6][0xffffffc4]pI[0xffffff89][0xfffffff1]wH[0xffffff89]c[0xffffff9a][0xffffffb5][0xffffffc4]1[0xfffffff1][0xffffff98][0xffffffb8][0x1f][0xffffff81][0xffffffaf][0xffffff89][0xffffff8f]CP9q[0x7f]<[0xffffffd5][0x13][0xffffffef][0xffffff8f]v[0x9][0xffffff8a][0xffffffc0]#U[0x14][0xffffff82]J*)[0x2][0xffffff9b]DSl[0xffffff84][0xffffffe6]G[0xffffffc5][0xffffffc6][0xffffffa9]WUD[0xffffff8d][0xffffffd2]Y[0xffffffa1][0xffffffac]JwE[0xffffff94],[0x19][0x16][0xffffffbb]s[0xffffffb9][0xffffffb2][0xffffffd8][0x15]|)-[0xffffffca]2K[0xffffff8b][0xffffffb2][0xfffffff0][0xffffffb4][0xffffffb8][0x1f][0xffffff81]O[0xffffff8b][0xffffff8f]CPiq[0x7f]<[0xffffff95][0x16][0xffffffef][0xffffff8f]vI[0xffffff8b][0xffffffc0]#[0xffffff95][0x16][0xffffff82]J*-[0x2][0xffffff9b]DZl[0xffffff84][0xffffffe6][0xffffffa7][0xffffffc5][0xffffffc6][0xffffffa9]WZD[0xffffff8d][0xffffffd2]i[0xffffffa1][0xffffffac]J[0xffffffa7]E[0xffffff94],[0xffffff99][0x16][0xffffffbb]s[0xffffffb9][0xffffffb4][0xffffffd8][0x15]|)-[0xffffffaa][ZT>-[0xffffffaa]CZT6-*[0xffffff97][0x16][0xffffffd5]*-[0x2][0xffffff8f]TZ[0x8]*[0xffffffa9][0xffffffb4][0x8]l[0x12]iQ[0xffffffe9][0xffffffb4][0xffffffa8][0xffffffce]i[0x11]5J[0xffffffa7][0xffffff85][0xffffffb2]*[0xffffff9d][0x16]Q[0xffffffb2]dZ[0xffffffec][0xffffffce][0xffffffe5][0xffffffd2]bW[0xfffffff0][0xffffffa5][0xffffffb4]x[0xffffffec][0xffffff9c]pJ[0xffffff8b]~[0xffffffe2]iq?[0x2][0xffffff9f][0x16][0x1f][0xffffff87][0xffffffa0][0xffffffd2][0xffffffe2][0xfffffffe]x*-[0xffffffde][0x1f][0xffffffed][0xffffff92][0x16][0xffffff81]G*-[0x4][0xffffff95]TZ[0x4]6[0xffffff89][0xffffffb4][0xffffffd8][0x8][0xffffffcd]O[0xffffff8b][0xffffff8d]S[0xffffffaf][0xffffffb4][0xffffff88][0x1a][0xffffffa5][0xffffffd3]BY[0xffffff95]N[0xffffff8b](Y2-v[0xffffffe7]ri[0xffffffb1]+[0xfffffff8]RZ[0xc][0xffffffb7][0xffffffb7][0x16][0xffffff83][0x7f]k1[0x1c][0xffffffde]Z[0xc][0xfffffff6][0xffffffad][0xffffffc5][0xffffffe0][0xffffffde]Z[0xc][0xffffffab][0xffffffb7][0x16][0xffffff81]G*-[0x4][0xffffff95]TZ[0x4]6[0xffffff89][0xffffffb4][0x18][0xfffffff4][[0xffffff8b][0xffffffe1][0xfffffffc][0xffffffd6]"j[0xffffff94]N[0xb]eU:-[0xffffffa2]d[0xffffffc9][0xffffffb4][0xffffffd8][0xffffff9d][0xffffffcb][0xffffffa5][0xffffffc5][0xffffffae][0xffffffe0]Ki[0xffffffb1][0xffffff9a]YZ[0xffffffac][0xffffff86][0xffffffa7][0xffffffc5][0xfffffffd][0x8]|Z|[0x1c][0xffffff82]J[0xffffff8b][0xfffffffb][0xffffffe3][0xffffffa9][0xffffffb4]x[0x7f][0xffffffb4]KZ[0x4][0x1e][0xffffffa9][0xffffffb4][0x10]TRi[0x11][0xffffffd8]$[0xffffffd2]b#4?-6N[0xffffffbd][0xffffffd2]"j[0xffffff94]N[0xb]eU:-[0xffffffa2]d[0xffffffc9][0xffffffb4][0xffffffd8][0xffffff9d][0xffffffcb][0xffffffa5][0xffffffc5][0xffffffae][0xffffffe0]Kiq[0x1c][0xffffff87]Y[[0xffffffdc]O[0xffffff84][0xffffffc7][0xffffffc5][0xffffffdb][0x19][0xfffffff8][0xffffffba][0xfffffff8]v[\n]"
01:51:24.833 [main] DEBUG org.apache.hc.client5.http.wire -- http-outgoing-1 << "*/[0xffffffde][0xffffff9e]O[0xfffffff5][0xffffffc5][0xffffffc7][0xffffffb3]][0x2]#BI[0x15][0xffffff86]B[0xffffff93]J[0xffffff8c][0x8]([0xffffffd1][0x18];[0xffffffa6][0xfffffff9][0xffffff91][0xffffffb1][0xffffffc3][0xffffffea]U[0x19]B[0xffffffa8]tfH[0xffffffbf][0xffffffd2][0xffffff9d]!tK[0xffffff86]F[0xffffffb0]/W[0x1a]A[0xffffffc6][0xffffffd7]R[0xffffffa3][0xffffffd8]M[0xffffffa3][0x16][0xffffff83]q[0xffffffd4]b1[0xffffff8f]Z[0xffffffe0][0xffffff81][0xffffffd4][0x2]N[0xffffffa4][0x16][0xffffffaf][0xffffff91][0xffffffd4][0x0]%[0xffffff96][0x1a][0x2]M,5[0x2][0xffffffa0]Hj[0x14]|,[0xffffffb5]X[0xffffffcf][0xffffffa5]F[0xffffffa1][0xffffffe2][0xffffffa9][0xffffffa1][0xfffffffc][0xffffff8a][0xffffffa7]F[0xffffffd4]-[0xffffff9a][0x1a][0xffffffbb]}[0xffffffc1][0xffffffd4][0xffffffd8]e[0xfffffffc]Jj[0xffffffd4][0xfffffff7][0x7f]J[0x11][0xffffff8b][0xffffffbd][0xffffff8f]c[0xffffffd5][0xfffffff4][0xffffffd0][0xfffffff8]<[0xf][0xffffff95][0x19]_N[0xffffff80]E[0xffffffc6]v[0xffffff86][0xffffffe4][0xffffffc4][0xfffffff8][0xfffffff2][0xfffffff4][0xffffffe4][0xffffffc0][0xfffffff8][0xfffffff5][0xffffff93][0xffffffe1][0xffffffbc]x[0xffffff8a]br\[0xfffffffc][0x0][0xffffffc8][0xffffffe4][0xffffffb4]x[0xffffff8a]ebX<[0xffffff81]3-+[0xffffff9e] j[0x11][0x15][0xffffffcf][0xffffffe5][0x9]%[0xffffffc5][0xffffff8f]\[\n]"
01:51:24.834 [main] DEBUG org.apache.hc.client5.http.wire -- http-outgoing-1 << "[0x5][0xffffffc5]s[0xffffffb5][0x2]9[0xfffffff1][0xffffffcc][0xffffffb4][0xffffffe9]1[0xfffffff1]L[0xffffffbc][0xffffff97]R[0xffffffa2][0xffffff9b][0xffffffa5]D[0xffffffc7]S[0xffffffa2][0x1b][0xffffffa4]DGS[0xffffffa2]c)[0xffffffd1][0xffffff9d]RbG[0xffffff91]J[0xffffff89][0x8]$[0xffffff95][0x12];[0xffffff96]DJt8%[0xffffffba]qJ[0x4]y[0xffffffd2])!\J[0xffffffa7]DP+[0xffffff99][0x12][0xffffffdd]%%[0xfffffffa]O[0xffffffa7]DUo%[0xffffffea],TJT[0xfffffffc][0xffffffad]D5x+Qc:'[0x2]^[0xffffffb1][0xffffffb7][0x12][0xffffffd5][0xffffffe9][0xffffffad]DD[0xffffff91]I[0x9][0x5]$[0xffffff93][0x12][0x11][0xffffffcb][0xfffffffc][0xffffff94][0xffffffd8][0xffffffe1][0xffffffcc]N[0xffffff89][0x1d]Q[0xffffffa7][0xffffff94][0x10][0xfffffff2]dSB[0xffffffba][0xffffff94]M[0x9][0xffffffa1]V.%[0xffffff82]i[0xffffffa9][0xffffff94][0x8][0xffffffe2][0xffffffbd][0xffffff90][0x12]][0xffffffa4]D[0xffffffb9][0xffffff95]A[0xffffffa5]D[0xffffffc7]S[0xffffffa2][0x1b][0xffffffa4]D[0xffffff8f][0xffffffbc]'[0x2][0xffffffde][0xffffffb1][0xffffff94][0xffffffe8]N)[0x11]QdRB[0x1][0xffffffc9][0xffffffa4]D[0xffffffc4]2?%v8[0xffffffb3]SbG[0xffffffd4])%[0xffffff84]<[0xffffffd9][0xffffff94][0xffffff90].eSB[0xffffffa8][0xffffff95]K[0xffffff89]`Z*%[0xffffff82]x/[0xffffffa4][0xffffffc4]T)[0xffffffb1][0xffffffc6]A[0xffffffa5][0xffffffc4][0xffffffc4]Sb[0x1a][0xffffffa4][0xffffffc4][0xffffff8c][0xffffffbc]'[0x2]>[0xffffffb1][0xffffff94][0xffffff98]N)[0x11]QdRB[0x1][0xffffffc9][0xffffffa4]D[0xffffffc4]2?%v8[0xffffffb3]SbG[0xffffffd4])%[0xffffff84]<[0xffffffd9][0xffffff94][0xffffff90].eSB[0xffffffa8][0xffffff95]K[0xffffff89]`Z*%[0xffffff82]x/[0xffffffa4][0xffffffc4][0x12])QK_TJ,<%[0xffffff96]AJ[0xffffffac][0xffffffc8]{"[0xffffffe0][0xb]K[0xffffff89][0xffffffe5][0xffffff94][0x12][0x11]E&%[0x14][0xffffff90]LJD,[0xfffffff3]Sb[0xffffff87]3;%vD[0xffffff9d]RB[0xffffffc8][0xffffff93]M[0x9][0xffffffe9]R6%[0xffffff84]Z[0xffffffb9][0xffffff94][0x8][0xffffffa6][0xffffffa5]R"[0xffffff88][0xfffffff7]RJ[0x14][0xffffffb3][0xffffff94](xJ[0x14][0xffffff83][0xffffff94](hJ[0x14],%[0xffffff8a]SJ[0xffffffec](R)[0x11][0xffffff81][0xffffffa4]Rb[0xffffffc7][0xffffff92]H[0xffffff89][0x2][0xffffffa7]D1N[0xffffff89] O:%[0xffffff84]K[0xffffffe9][0xffffff94][0x8]j%S[0xffffffa2][0xffffffb8][0xffffffa4]D[0xfffffff9][0xffffffd9][0xffffff94]8o[0xffffffea][0xffffffad][0xffffffc4][0xffffffc0][0xffffffae]][0xffffffbe][0xffffff9d][0xffffff87]M[0xffffff89][0xffffffc7][0x9][0xffffffe0][0xffffff94][0xfffffff8]~[0x6]$%[0x1e]OGR[0xffffffe2][0xffffffdb][0xffffff93]-RB[0xffffffa0][0xffffff88][0xffffffa4][0xffffff84][0x4][0x12]I[0x9][0xffffff81]ezJ[0x4]8[0xffffff93]S" j[0xffffff94][0x12]J[0xffffff9e]hJh[0xffffff97][0xffffffa2])[0xffffffa1][0xffffffd4][0xffffff8a][0xffffffa5]D4-[0xffffff94][0x12]Q[0xffffffbc][0x17]R[0xffffffe2]P)1[0xffffffcf]F[0xffffffa5][0xffffffc4][0xffffff81][0xffffffa7][0xffffffc4]a[0xffffff90][0x12]G[0xffffffe4]=[0x11][0xfffffff0][0x3]K[0xffffff89][0xffffffc3])%"[0xffffff8a]LJ( [0xffffff99][0xffffff94][0xffffff88]X[0xffffffe6][0xffffffa7][0xffffffc4][0xe]gvJ[0xffffffec][0xffffff88]:[0xffffffa5][0xffffff84][0xffffff90]'[0xffffff9b][0x12][0xffffffd2][0xffffffa5]lJ[0x8][0xffffffb5]r)[0x11]LK[0xffffffa5]D[0x10][0xffffffef][0xffffff85][0xffffff94]P+[0xffffffaa]Z[0xffffffbd]Q?p[0xffffff9c][0xfffffff8][0xffffff8a][0xffffffaa][0xffffffd3]`E[0xffffffd5])[0xfffffff6][0xffffffa8]$[0x2][0xffffff8e][0xffffffad][0xffffffa8]:[0xffffffc3][0xffffffa6][0x14]2%LVTI [0xffffff99][0xffffff94]0XQ[0x15][0xffffffe0][0xffffffcc]N[0x9][0xffffffe3][0x15]UJ[0xffffff9e]lJ[0xfffffff8][0xffffffad][0xffffffa8]Rj[0xffffffe5]R[0xffffffc2]eEU[0x14][0xffffffef][0xffffffa5][0xffffff94][0xffffff88]w%[0xffffffd8][0xffffff94][0xffffff80][0xffffffef]J<N[0xffffffc0][0xffffffa7][0x4]xW[0xffffffe2][0xfffffff1]t*%|[0xffffffee]J[0x8][0x14][0xffffffa9][0xffffff94]0[0xffffffb9]+![0xffffffb0]$R[0x2][0xffffffbd]+[0x11][0x10][0xfffffff5]J[0x9][0xffffffaf][0xffffffbb][0x12][0xffffffda][0xffffffa5]tJ[0xfffffff8][0xffffffdc][0xffffff95][0xffffff88][0xffffffa6][0xffffffe5]R[0xffffffe2][0xffffffe7][0xffffffef]JT[0xfffffff5]V[0xffffffa2][0xffffff9d][0xffffff9d]J[0xffffff89][0xffffff8a][0xffffffbf][0xffffff95][0xffffffa8][0x6]o%jL[0xffffffe7]D[0xffffffc0]+[0xfffffff6]V[0xffffffa2]:[0xffffffbd][0xffffff95][0xffffff88](2)[0xffffffa1][0xffffff80]dR"b[0xffffff99][0xffffff9f][0x12];[0xffffff9c][0xffffffd9])[0xffffffb1]#[0xffffffea][0xffffff94][0x12]B[0xffffff9e]lJH[0xffffff97][0xffffffb2])![0xffffffd4][0xffffffca][0xffffffa5]D0-[0xffffff95][0x12]A[0xffffffbc][0x17]R[0xffffffa2][0xffffffa9][0xffffff94][0xffffff98][0xffffffb3]Q)[0xffffffd1][0xfffffff0][0xffffff94]h[0x6])[0xffffffd1]"[0xffffffef][0xffffff89][0xffffff80]7,%[0xffffff9a]SJD[0x14][0xffffff99][0xffffff94]P@2)[0x11][0xffffffb1][0xffffffcc]O[0xffffff89][0x1d][0xffffffce][0xffffffec][0xffffff94][0xffffffd8][0x11]uJ[0x9]!O6%[0xffffffa4]K[0xffffffd9][0xffffff94][0x10]j[0xffffffe5]R"[0xffffff98][0xffffff96]J[0xffffff89] [0xffffffde][0xb])[0xffffffa1][0xffffffb6]][0xfffffff6][[0xffffffc9][0xffffffff]n[0xffffffe8][0xffffffe7]y[0xffffffe0][0xffffff94]0[0xffffffd8]vy[0xffffff8a][0xffffff95]l[0xffffff89][0xffffff80]c[0xffffffdb].[0xffffffcf][0xffffffb0]t[0xffffff8d]L[0x9][0xffffff93]m[0xffffff97][0x12]H&%[0xc][0xffffffb6]][0x6]8[0xffffffb3]S[0xffffffc2]x[0xffffffdb][0xffffffa5][0xffffff92]'[0xffffff9b][0x12]~[0xffffffdb].[0xffffff95]Z[0xffffffb9][0xffffff94]p[0xffffffd9]v[0x19][0xffffffc5]{!%[0xffffff86]J[0xffffff89]vP[0xffffff8b][0xffffffb3][0xffffffdf][0xffffffce][0x3][0xffffffa7][0xffffffc4]0H[0xffffff89][0x11]yO[0x4]|`)1[0xffffff9c]R"[0xffffffa2][0xffffffc8][0xffffffa4][0xffffff84][0x2][0xffffff92]I[0xffffff89][0xffffff88]e~J[0xffffffec]pf[0xffffffa7][0xffffffc4][0xffffff8e][0xffffffa8]SJ[0x8]y[0xffffffb2])!][0xffffffca][0xffffffa6][0xffffff84]P+[0xffffff97][0x12][0xffffffc1][0xffffffb4]TJ[0x4][0xfffffff1]^H[0xffffff89]S[0xffffffa5]D[0xffffffc7]VT[0xffffffbd][0xffffff9d][0x7]N[0xffffff89][0xffffffd3] %[0xffffffce][0xffffffc8]{"[0xffffffe0]'[0xffffff96][0x12][0xffffffa7]SJD[0x14][0xffffff99][0xffffff94]P@2)[0x11][0xffffffb1][0xffffffcc]O[0xffffff89][0x1d][0xffffffce][0xffffffec][0xffffff94][0xffffffd8][0x11]uJ[0x9]!O6%[0xffffffa4]K[0xffffffd9][0xffffff94][0x10]j[0xffffffe5]R"[0xffffff98][0xffffff96]J[0xffffff89] [0xffffffde][0xb])[0xffffffa1][0xffffffbe][0xffffffc1][0xffffffd1][0xffffffe7][0xffffffa4][0xffffffbe][0xffffffc1]q[0xffffffe2][0xffffffdf][0xffffffe0]8[\r][0xffffffbe][0xffffffc1]q[0xffffff8a]E[0xfffffff1][0xffffff89][0xffffff80]c[0xffffffdf][0xffffffe0]8[0xffffffc3]*x2%L[0xffffffbe][0xffffffc1]![0xffffff81]dR[0xffffffc2][0xffffffe0][0x1b][0x1c][0x1][0xffffffce][0xffffffec][0xffffff94]0[0xfffffffe][0x6][0xffffff87][0xffffff92]'[0xffffff9b][0x12]~[0xffffffdf][0xffffffe0]Pj[0xffffffe5]R[0xffffffc2][0xffffffe5][0x1b][0x1c]Q[0xffffffbc][0x17]RB}[0xffffff83][0xffffffa3][0xffffffaf][0xffffff8a]m[0xffffffbb][0xffffffc4][0xffffffbf][0xffffffc1]q[0x1a]|[0xffffff83][0xffffffe3][0x14][0xffffff8b][0xffffffe2][0x13][0x1][0xffffffc7][0xffffffbe][0xffffffc1]q[0xffffff86]U[0xfffffff0]dJ[0xffffff98]|[0xffffff83]C[0x2][0xffffffc9][0xffffffa4][0xffffff84][0xffffffc1]78[0x2][0xffffff9c][0xffffffd9])a[0xfffffffc][\r][0xe]%O6%[0xfffffffc][0xffffffbe][0xffffffc1][0xffffffa1][0xffffffd4][0xffffffca][0xffffffa5][0xffffff84][0xffffffcb]78[0xffffffa2]x_O[0xffffff89][0xffffffa9][0x16]g[0xfffffff7]5[0xffffffa8][0xffffffbb][0x12][0x13]_[0xffffff9c]=[\r][0x16]gO[0xffffffb1][0xffffffdd]5[0xf][0xfffffff0][0xffffff89]-[0xffffffce][0xffffff9e]a[0x7f]+[0xffffff98][0x12][0x2]E$%$[0xffffff90]HJ[0x8],[0xffffffd3]S"[0xffffffc0][0xffffff99][0xffffff9c][0x12][0x1]Q[0xffffffa3][0xffffff94]P[0xfffffff2]DSB[0xffffffbb][0x14]M[0x9][0xffffffa5]V,%[0xffffffa2]i[0xffffffa1][0xffffff94][0xffffff88][0xffffffe2][0xffffffbd][0xffffff90][0x12]jqv_[0xffffff8b][0xffffffda]+1[0xfffffff1][0xffffffc5][0xffffffd9][0xffffffd3]`q[0xfffffff6][0x14][0xffffffdb]][0x13][0x1][0xffffffc7][0x16]g[0xffffffcf][0xffffffb0][0xffffffbf][0xffffff95]L[0x9][0xffffff93][0xffffffc5][0xffffffd9][0x12]H&%[0xc][0x16]g[0x7]8[0xffffffb3]S[0xffffffc2]xq[0xffffffb6][0xffffff92]'[0xffffff9b][0x12]~[0xffffff8b][0xffffffb3][0xffffff95]Z[0xffffffb9][0xffffff94]pY[0xffffff9c][0x1d][0xffffffc5]{!%[0xffffffaa]H[0xffffff89]q[0xffffffac]J[0xffffffa5]D[0xffffffc5]S[0xffffffa2][0x1a][0xffffffa4]D[0xffffff8d][0xffffffbc]'[0x2]^[0xffffffb1][0xffffff94][0xffffffa8]N)[0x11]QdRB[0x1][0xffffffc9][0xffffffa4]D[0xffffffc4]2?%v8[0xffffffb3]SbG[0xffffffd4])%[0xffffff84]<[0xffffffd9][0xffffff94][0xffffff90].eSB[0xffffffa8][0xffffff95]K[0xffffff89]`Z*%[0xffffff82]x/[0xffffffa4][0xffffff84]ZQ5[0xfffffffa][0xffffff98]TJ[0xffffffe0]+[0xffffffaa][0xffffffa6][0xffffffc1][0xffffff8a][0xffffffaa])[0xfffffff6][0xffffffa8]$[0x2][0xffffff8e][0xffffffad][0xffffffa8][0xffffff9a]aS[\n]"
01:51:24.835 [main] DEBUG org.apache.hc.client5.http.wire -- http-outgoing-1 << "[0xffffff99][0x12]&+[0xffffffaa]$[0xffffff90]LJ[0x18][0xffffffac][0xffffffa8][\n]"
01:51:24.835 [main] DEBUG org.apache.hc.client5.http.wire -- http-outgoing-1 << "pf[0xffffffa7][0xffffff84][0xfffffff1][0xffffff8a]*%O6%[0xfffffffc]VT)[0xffffffb5]r)[0xffffffe1][0xffffffb2][0xffffffa2]*[0xffffff8a][0xfffffff7]BJ[0xffffffa8][0x15]U[0xffffffe3],XJ[0xffffffe0]+[0xffffffaa][0xffffffa6][0xffffffc1][0xffffff8a][0xffffffaa])[0xfffffff6][0xffffffa8]$[0x2][0xffffff8e][0xffffffad][0xffffffa8][0xffffff9a]aS[\n]"
01:51:24.835 [main] DEBUG org.apache.hc.client5.http.wire -- http-outgoing-1 << "[0xffffff99][0x12]&+[0xffffffaa]$[0xffffff90]LJ[0x18][0xffffffac][0xffffffa8][\n]"
01:51:24.835 [main] DEBUG org.apache.hc.client5.http.wire -- http-outgoing-1 << "pf[0xffffffa7][0xffffff84][0xfffffff1][0xffffff8a]*%O6%[0xfffffffc]VT)[0xffffffb5]r)[0xffffffe1][0xffffffb2][0xffffffa2]*[0xffffff8a][0xfffffff7]BJ[0xffffffa8][0x15]U[0xffffffe7][0xffffffd1][0xffffffb0][0x1f]8[0xfffffff0][0x15]U[0xffffffd3]`E[0xffffffd5][0x14]{T[0x12][0x1][0xffffffc7]VT[0xffffffcd][0xffffffb0])[0xffffff85]L[0x9][0xffffff93][0x15]U[0x12]H&%[0xc]VT[0x5]8[0xffffffb3]S[0xffffffc2]xE[0xffffff95][0xffffff92]'[0xffffff9b][0x12]~+[0xffffffaa][0xffffff94]Z[0xffffffb9][0xffffff94]pYQ[0x15][0xffffffc5]{!%[0xffffffd4][0xffffff8a][0xffffffaa][0xffffffb3][0x1e]XJ[0xffffffe0]+[0xffffffaa][0xffffffa6][0xffffffc1][0xffffff8a][0xffffffaa])[0xfffffff6][0xffffffa8]$[0x2][0xffffff8e][0xffffffad][0xffffffa8][0xffffff9a]aS[\n]"
01:51:24.835 [main] DEBUG org.apache.hc.client5.http.wire -- http-outgoing-1 << "[0xffffff99][0x12]&+[0xffffffaa]$[0xffffff90]LJ[0x18][0xffffffac][0xffffffa8][\n]"
01:51:24.835 [main] DEBUG org.apache.hc.client5.http.wire -- http-outgoing-1 << "pf[0xffffffa7][0xffffff84][0xfffffff1][0xffffff8a]*%O6%[0xfffffffc]VT)[0xffffffb5]r)[0xffffffe1][0xffffffb2][0xffffffa2]*[0xffffff8a][0xfffffff7]BJ[0xffffffa8][0x15]U[0xffffffe7][0xffffff89]-[0xffffffce][0xffffff9e][0xfffffff8][0xffffff8a][0xffffffaa]i[0xffffffb0][0xffffffa2]j[0xffffff8a]=*[0xffffff89][0xffffff80]c+[0xffffffaa]f[0xffffffd8][0xffffff94]B[0xffffffa6][0xffffff84][0xffffffc9][0xffffff8a]*[0x9]$[0xffffff93][0x12][0x6]+[0xffffffaa][0x2][0xffffff9c][0xffffffd9])a[0xffffffbc][0xffffffa2]J[0xffffffc9][0xffffff93]M[0x9][0xffffffbf][0x15]UJ[0xffffffad]\J[0xffffffb8][0xffffffac][0xffffffa8][0xffffff8a][0xffffffe2][0xffffffbd][0xffffff90][0x12]jE[0xffffffd5][0xffffffb9]nXJ[0xffffffe0]+[0xffffffaa][0xffffffa6][0xffffffc1][0xffffff8a][0xffffffaa])[0xfffffff6][0xffffffa8]$[0x2][0xffffff8e][0xffffffad][0xffffffa8][0xffffff9a]aS[\n]"
01:51:24.835 [main] DEBUG org.apache.hc.client5.http.wire -- http-outgoing-1 << "[0xffffff99][0x12]&+[0xffffffaa]$[0xffffff90]LJ[0x18][0xffffffac][0xffffffa8][\n]"
01:51:24.835 [main] DEBUG org.apache.hc.client5.http.wire -- http-outgoing-1 << "pf[0xffffffa7][0xffffff84][0xfffffff1][0xffffff8a]*%O6%[0xfffffffc]VT)[0xffffffb5]r)[0xffffffe1][0xffffffb2][0xffffffa2]*[0xffffff8a][0xfffffff7][0xfffffff5][0xffffff94]XjE[0xffffffd5][0xffffffac]G[0xffffff83]Rb[0xffffffe1]+[0xffffffaa][0xffffff96][0xffffffc1][0xffffff8a][0xffffffaa]%[0xfffffff6][0xffffffa8][0xffffffe4][0x1][0xffffffbe][0xffffffb0][0x15]U+lJ[0x1]SB[0xffffffa0][0xffffff88][0xffffffa4][0xffffff84][0x4][0x12]I[0x9][0xffffff81]ezJ[0x4]8[0xffffff93]S" j[0xffffff94][0x12]J[0xffffff9e]hJh[0xffffff97][0xffffffa2])[0xffffffa1][0xffffffd4][0xffffff8a][0xffffffa5]D4-[0xffffff94][0x12]Q[0xffffffbc][0x17]RB[0xffffffad][0xffffffa8][0xffffff9a][0xffffffad]Pw%[0x16][0xffffffbe][0xffffffa2]j[0x19][0xffffffac][0xffffffa8]Zb[0xffffff8f]J"[0xffffffe0][0xffffffd8][0xffffff8a][0xffffffaa][0x15]6[0xffffffa5][0xffffff90])a[0xffffffb2][0xffffffa2]J[0x2][0xffffffc9][0xffffffa4][0xffffff84][0xffffffc1][0xffffff8a][0xffffffaa][0x0]gvJ[0x18][0xffffffaf][0xffffffa8]R[0xfffffff2]dS[0xffffffc2]oE[0xffffff95]R+[0xffffff97][0x12].+[0xffffffaa][0xffffffa2]x/[0xffffffa4]DQ)1[0x1b][0xfffffff5][0x3][0xffffffc7][0xffffffdb]y[0xffffffe0][0xffffff94]([0x6])Q"[0xffffffef][0xffffff89][0xffffff80][0x17],%[0xffffff8a]SJD[0x14][0xffffff99][0xffffff94]P@2)[0x11][0xffffffb1][0xffffffcc]O[0xffffff89][0x1d][0xffffffce][0xffffffec][0xffffff94][0xffffffd8][0x11]uJ[0x9]!O6%[0xffffffa4]K[0xffffffd9][0xffffff94][0x10]j[0xffffffe5]R"[0xffffff98][0xffffff96]J[0xffffff89] [0xffffffde][0xb])QeJL,%*[0xffffff9e][0x12][0xffffffd5] %j[0xffffffe4]=[0x11][0xfffffff0][0xffffff8a][0xffffffa5]DuJ[0xffffff89][0xffffff88]"[0xffffff93][0x12][\n]"
01:51:24.835 [main] DEBUG org.apache.hc.client5.http.wire -- http-outgoing-1 << "H&%"[0xffffff96][0xfffffff9])[0xffffffb1][0xffffffc3][0xffffff99][0xffffff9d][0x12];[0xffffffa2]N)![0xffffffe4][0xffffffc9][0xffffffa6][0xffffff84]t)[0xffffff9b][0x12]B[0xffffffad]\J[0x4][0xffffffd3]R)[0x11][0xffffffc4]{!%[0xffffffd4][0xffffffb6][0xffffffcb][0xffffffb9]J[0xffffffa1]R[0x2][0xffffffdf]v[0xffffffb9][0xc][0xffffffb6]].[0xffffffb1][0xffffff92]-[0x11]pl[0xffffffdb][0xffffffe5][\n]"
01:51:24.836 [main] DEBUG org.apache.hc.client5.http.wire -- http-outgoing-1 << "K[0xffffffd7][0xffffffc8][0xffffff94]0[0xffffffd9]v)[0xffffff81]dR[0xffffffc2]`[0xffffffdb]e[0xffffff80]3;%[0xffffff8c][0xffffffb7]]*y[0xffffffb2])[0xffffffe1][0xffffffb7][0xffffffed]R[0xffffffa9][0xffffff95]K[0x9][0xffffff97]m[0xffffff97]Q[0xffffffbc][0x17]RBm[0xffffffbb][0xffffff9c][0xffffffab][0x1f]TJ[0xffffffe0][0xffffffdb].[0xffffff97][0xffffffc1][0xffffffb6][0xffffffcb]%V[0xffffffb2]%[0x2][0xffffff8e]m[0xffffffbb]\a[0xffffffe9][0x1a][0xffffff99][0x12]&[0xffffffdb].%[0xffffff90]LJ[0x18]l[0xffffffbb][0xc]pf[0xffffffa7][0xffffff84][0xfffffff1][0xffffffb6]K%O6%[0xfffffffc][0xffffffb6]]*[0xffffffb5]r)[0xffffffe1][0xffffffb2][0xffffffed]2[0xffffff8a][0xfffffff7]BJ[0xffffffa8]m[0xffffff97][0xffffffeb]v;[0xffffffa9][0xffffff94][0xffffffc0][0xffffffb7]].[0xffffff83]m[0xffffff97]K[0xffffffac]dK[0x4][0x1c][0xffffffdb]v[0xffffffb9][0xffffffc2][0xffffffd2]52%L[0xffffffb6]]J [0xffffff99][0xffffff94]0[0xffffffd8]v[0x19][0xffffffe0][0xffffffcc]N[0x9][0xffffffe3]m[0xffffff97]J[0xffffff9e]lJ[0xfffffff8]m[0xffffffbb]Tj[0xffffffe5]R[0xffffffc2]e[0xffffffdb]e[0x14][0xffffffef][0xffffff85][0xffffff94]P[0xffffffdb].[0xffffffd7][0xffffffd1][0xffffffa9]op,|[0xffffffdb][0xffffffe5]2[0xffffffd8]v[0xffffffb9][0xffffffc4]J[0xffffffb6]D[0xffffffc0][0xffffffb1]m[0xffffff97]+,]#S[0xffffffc2]d[0xffffffdb][0xffffffa5][0x4][0xffffff92]I[0x9][0xffffff83]m[0xffffff97][0x1][0xffffffce][0xffffffec][0xffffff94]0[0xffffffde]v[0xffffffa9][0xffffffe4][0xffffffc9][0xffffffa6][0xffffff84][0xffffffdf][0xffffffb6]K[0xffffffa5]V.%\[0xffffffb6]]F[0xfffffff1]^J[0xffffff89]b[0xffffff96][0x12][0x5]O[0xffffff89]b[0xffffff90][0x12][0x5]M[0xffffff89][0xffffff82][0xffffffa5]DqJ[0xffffff89][0x1d]E*%"[0xffffff90]TJ[0xffffffec]X[0x12])Q[0xffffffe0][0xffffff94]([0xffffffc6])[0x11][0xffffffe4]I[0xffffffa7][0xffffff84]p)[0xffffff9d][0x12]A[0xffffffad]dJ[0x14][0xffffff97][0xffffff94](?[0xffffff9d][0x12]jq[0xfffffff6][0x1a][0x15][0xffffffdb]+[0xffffff81]/[0xffffffce]^[0x6][0xffffff8b][0xffffffb3][0xffffff97][0xffffffd8][0xffffffee][0xffffff9a][0x8]8[0xffffffb6]8{[0xffffff85][0xfffffffd][0xffffffad]dJ[0xffffff98],[0xffffffce][0xffffff96]@2)a[0xffffffb0]8;[0xffffffc0][0xffffff99][0xffffff9d][0x12][0xffffffc6][0xffffff8b][0xffffffb3][0xffffff95]<[0xffffffd9][0xffffff94][0xfffffff0][[0xffffff9c][0xffffffad][0xffffffd4][0xffffffca][0xffffffa5][0xffffff84][0xffffffcb][0xffffffe2][0xffffffec]([0xffffffde][0xb])[0xffffffa1][0x16]g[0xffffffaf]y`w%[0xfffffff0][0xffffffc5][0xffffffd9][0xffffffcb]`q[0xfffffff6][0x12][0xffffffdb]][0x13][0x1][0xffffffc7][0x16]g[0xffffffaf][0xffffffb0][0xffffffbf][0xffffff95]L[0x9][0xffffff93][0xffffffc5][0xffffffd9][0x12]H&%[0xc][0x16]g[0x7]8[0xffffffb3]S[0xffffffc2]xq[0xffffffb6][0xffffff92]'[0xffffff9b][0x12]~[0xffffff8b][0xffffffb3][0xffffff95]Z[0xffffffb9][0xffffff94]pY[0xffffff9c][0x1d][0xffffffc5][0xfffffffb]rJ[0xffffffd4][0xffffffdb]-[0xfffffffe][0xffffffc0]1n7j[0xffffffdb][0xffffffe5][0xffffffe3]<hJ[0xffffffbc][0xffffff9f][0xffffff80]M[0xffffff89][0xffffffcf]3[0x10])[0xfffffff1][0xfffffffe]t"%[0xffffffbe]?[0xffffffd9]!%[0x14][0xffffff8a]DJh [0xffffff89][0xffffff94]PXf[0xffffffa7]D[0xffffff84]37%"[0xffffffa2]>)![0xffffffe5]I[0xffffffa6][0xffffffc4][0x13][0xffffff97][0xffffff92])![0xffffffd5]J[0xffffffa5][0xffffff84]0-[0xffffff93][0x12]B[0xffffffbc][0xffffff97]R[0xffffffa2][0xffffff9a][0xffffffa5]D[0xffffffc5]S[0xffffffa2][0x1a][0xffffffa4]DES[0xffffffa2]b)Q[0xffffff9d]RbG[0xffffff91]J[0xffffff89][0x8]$[0xffffff95][0x12];[0xffffff96]DJT8%[0xffffffaa]qJ[0x4]y[0xffffffd2])!\J[0xffffffa7]DP+[0xffffff99][0x12][0xffffffd5]%%[0xffffffea]O[0xffffffa7][0xffffff84][0xfffffff8][0x6][0xffffffc7][0xffffffb8]5[0xffffffea]s^[0xffffff8f][0xfffffff3][0xffffffc0])[0xffffffc1][0x7f][0xffffff83][0xffffffe3][0xfffffff3][0xc]LJP[0xffffffdf][0xffffffe0][0xfffffff8][0xfffffffe]d[0xffffff8f][0xffffff94][0xfffffff0][0xfffffff8][0x6][0xffffff87][0x6][0xffffff92]I[0x9][0xfffffffe][0x1b][0x1c][0x11][0xffffffce][0xffffffec][0xffffff94][0xfffffff0][0xfffffffd][0x6][0xffffff87][0xffffff94]'[0xffffff9b][0x12]v[0xffffffdf][0xffffffe0][0xffffff90]j[0xffffffe5]R[0xffffffc2][0xffffffe4][0x1b][0x1c]B[0xffffffbc][0xffffff97]RB[0xfffffffc][0xffffffc0][0xffffff81][0xffffffa6][0x4][0xfffffffd][0x3][0xffffffc7]a[0xfffffff0][0x3][0xffffffc7][0x11][0xffffffdf][0xffffffc2][0xffffffa5][0x2]N[0xfffffffd][0xffffffc0]q8[0xfffffffd][0xffffffc0][0x11]Q[0xffffffa4]R[0xffffffc2][0xffffffe5][0x7][0xffffff8e][0xffffff88]%[0xffffff91][0x12][0xffffffec][0xf][0x1c];[0xffffffa2]^)a[0xfffffff6][0x3][0xffffff87]t)[0xffffff9d][0x12]F?p[0x4][0xffffffd3]r)[0xfffffff1][0xfffffff3]?p[0xffffff88][0x15]U[0xffffffe3]X[0xb][0xfffffffa][0x6][0xffffffc7][0xffffffe3]<pJ[0xfffffff0]+[0xffffffaa]>[0xffffffcf][0xffffffc0][0xffffffa4][0x4][0xffffffb5][0xffffffa2][0xffffffea][0xfffffffb][0xffffff93]=R[0xffffffc2]cE[0xffffff95][0x6][0xffffff92]I[0x9]~EU[0xffffff84]3;%|WTIy[0xffffffb2])a[0xffffffb7][0xffffffa2]J[0xffffffaa][0xffffff95]K[0x9][0xffffff93][0x15]UB[0xffffffbc][0xffffff97]R"[0xffffffbe][0xffffff95]`S[0xffffff82]~+1[0xc][0xffffffde]J[0xffffff8c][0xffffff98][0xffffffce][0xffffffa9][0xffffff80]So%[0xffffff86][0xffffffd3][[0xffffff89][0xffffff88]"[0xffffff95][0x12].o%"[0xffffff96]DJ[0xffffffb0]o%vD[0xffffffbd]R[0xffffffc2][0xffffffec][0xffffffad][0xffffff84]t)[0xffffff9d][0x12]Fo%[0xffffff82]i[0xffffffb9][0xffffff94][0xfffffff8][0xfffffff9][0xffffffb7][0x12]b[0xffffffdb][0xffffffe5]([0xffffffb7][0xffffffd9][0xffffffa8][0xffffff94][0xffffffa0][0xffffffb7]][0xffffffbe][0xffffff9f][0xffffff80]N[0x9]r[0xffffffdb][0xffffffe5][0xfffffffb][0xffffffd3][0xffffff99][0xffffff94]0[0xffffffda]v[0xffffffa9]PdR[0xffffffc2]e[0xffffffdb][0xffffffa5][0xffffffc2]2?%[0xffffffd8]m[0xffffff97][0x11]Q[0xffffffa7][0xffffff94]0[0xffffffdb]v[0xfffffff9][0xffffffc4][0xffffffa5]lJ[0x18]m[0xffffffbb][0x14][0xffffffa6][0xffffffa5]R[0xffffffe2][0xffffffe7][0xffffffb7]][0xffffffd6][0xffffff9b]XQ5[0xffffffca][0xfffffffd][0xffffffff]R)A[0xffffffaf][0xffffffa8]z?[0x1][0xffffff9d][0x12][0xffffffe4][0xffffff8a][0xffffffaa][0xfffffff7][0xffffffa7]3)a[0xffffffb4][0xffffffa2]J[0xffffffa1][0xffffffc8][0xffffffa4][0xffffff84][0xffffffcb][0xffffff8a]*[0xffffff85]e~J[0xffffffb0]+[0xffffffaa]"[0xffffffa2]N)a[0xffffffb6][0xffffffa2][0xffffffea][0xffffff89]K[0xffffffd9][0xffffff94]0ZQ%LK[0xffffffa5][0xffffffc4][0xffffffcf][0xffffffaf][0xffffffa8][0xffffffaa]7[0xffffffb1][0xffffffa2][0xffffffea][0xffffff9e][0x12][0x3][0xfffffffa]2[0xffffffe8][0xffffffe3]<pJ[0xfffffff0]+[0xffffffaa]>[0xffffffcf][0xffffffc0][0xffffffa4][0x4][0xffffffb5][0xffffffa2][0xffffffea][0xfffffffb][0xffffff93]=R[0xffffffc2]cE[0xffffff95][0x6][0xffffff92]I[0x9]~EU[0xffffff84]3;%|WTIy[0xffffffb2])a[0xffffffb7][0xffffffa2]J[0xffffffaa][0xffffff95]K[0x9][0xffffff93][0x15]UB[0xffffffbc][0xffffffaf][0xffffffa7][0xffffffc4]q[0xffffff93])[0xffffffb1][0x16][0xffffff94][0x12]o[0xffffffe7]aS[0xffffffe2]q[0x2]8%[0xffffffbe][0xffffff9f][0x1]I[0xffffff89][0xffffffc7][0xffffffd3][0xffffff91][0xffffff94][0xfffffff8][0xfffffff6]d[0xffffff8b][0xffffff94][0x10](")![0xffffff81]DRB`[0xffffff99][0xffffff9e][0x12][0x1][0xffffffce][0xffffffe4][0xffffff94][0x8][0xffffff88][0x1a][0xffffffa5][0xffffff84][0xffffff92]'[0xffffff9a][0x12][0xffffffda][0xffffffa5]hJ([0xffffffb5]b)[0x11]M[0xb][0xffffffa5]D[0x14][0xffffffef][0xffffff85][0xffffff94]P{%J=[0xffffffa9][0xffffffb7][0x12][0x7][0xffffffbe]W[0xffffffe2]0[0xffffffd8]+q[0xffffff88][0xffffffe1][0xffffffe7]D[0xffffffc0][0xffffffb1][0xffffffbd][0x12]G[0x18]o&S[0xffffffc2]d[0xffffffaf][0xffffff84][0x4][0xffffff92]I[0x9][0xffffff83][0xffffffbd][0x12][0x1][0xffffffce][0xffffffec][0xffffff94]0[0xffffffde]+[0xffffffa1][0xffffffe4][0xffffffc9][0xffffffa6][0xffffff84][0xffffffdf]^[0x9][0xffffffa5]V.%\[0xfffffff6]JD[0xfffffff1]^H[0xffffff89][0xffffffa2]R[0xffffffa2][0xffffffdf][0xffffffa8][0xffffffbb][0x12]o[0xffffffe7][0xffffff81]S[0xffffffa2][0x18][0xffffffa4]D[0xffffff89][0xffffffbc]'[0x2]^[0xffffffb0][0xffffff94](N)[0x11]QdRB[0x1][0xffffffc9][0xffffffa4]D[0xffffffc4]2?%v8[0xffffffb3]SbG[0xffffffd4])%[0xffffff84]<[0xffffffd9][0xffffff94][0xffffff90].eSB[0xffffffa8][0xffffff95]K[0xffffff89]`Z*%[0xffffff82]x/[0xffffffa5]D[0x1c][0x6]eS[0x2][0x1e][0x6]}[0xffffff9c][0xffffff80]O[0x9]p[0x18][0xfffffff4][0xfffffff1]t*%|[0xffffff86]A[0x5][0xffffff8a]TJ[0xffffff98][0xc][0xffffff83][\n]"
01:51:24.836 [main] DEBUG org.apache.hc.client5.http.wire -- http-outgoing-1 << ",[0xffffff89][0xffffff94]@[0xffffff87]A[0x3][0xffffffa2]^)[0xffffffe1]5[0xc][0xffffffaa]]J[0xffffffa7][0xffffff84][0xffffffcf]0h4-[0xffffff97][0x12]?=[0xc]z[0xffffffff]g4[0xffffffb3][0xffffff94]hxJ4[0xffffff83][0xffffff94]hhJ4,%[0xffffff9a]SJ[0xffffffec](R)[0x11][0xffffff81][0xffffffa4]Rb[0xffffffc7][0xffffff92]H[0xffffff89][0x6][0xffffffa7]D3N[0xffffff89] O:%[0xffffff84]K[0xffffffe9][0xffffff94][0x8]j%S[0xffffffa2][0xffffffb9][0xffffffa4]D[0xfffffffb];[0xffffffa4][0xffffffc4][0xffffffe1][0xfffffff6][0xb][0xffffffc7][0xffffffc1][0xffffffff][0xffffffc4]q?[0x2]_[0x13][0x1f][0xffffff87][0xffffffa0]r[0xffffffe2][0xffffffe0]~[0xffffffe5]8[0xffffffac]~[0xffffffe6][0x8]<RE![0xffffffa8][0xffffffa4][0xffffff92]"[0xffffffb0]I4[0xffffffc5]A[0xffffffff][0xffffffd4]q8[0xffffffff][0xffffffd6][0x11]5Jg[0xffffff85][0xffffffb2]*[0xffffffdd][0x15]Q[0xffffffb2]dX[0xffffffec][0xffffffce][0xffffffe5][0xffffffca]bW[0xfffffff0][0xffffffa5][0xffffffb4](v[0xffffffbf]x[0x18][0xfffffffc][0xffffffe4]a[0xfffffff1][0xffffff9b][0x7][0xfffffffc][0xffffffa3][0x7][0xfffffff8][0xffffffab][0xffffff87][0xffffffd7][0xffffffcf][0x1e]6[0xffffffbf]{[0x18][0xfffffffd][0xfffffff0]a[0xfffffff1][0xffffffcb][0x7][0xfffffffe][0xffffffd3][0xffffff87][0xfffffff5]o[0x1f]~?~8[0xfffffffe][0xfffffffa][0xffffffe1][0xfffffff5][0xfffffff3][0xffffff87][0xffffffcf][0xffffffef][0x1f][0x7f][0xffffff8f][0x1f]@[0xffffffca]tK[0xffffff8b][0xffffffc9][0xffffffa7][0xffffffc5]tH[0xffffff8b][0xffffffc9][0xffffffa6][0xffffffc5][0xffffffe4][0xffffffd2]bZ[0xffffffa5][0xffffffc5][0xffffffce]#[0xffffff96][0x16][0xffffff91]J,-v6[0xffffff91][0xffffffb4][0xffffff98]tZL[0xffffffe7][0xffffffb4][0x8][0x1a][0xffffffc5][0xffffffd3]BX[0x15]O[0xffffff8b] Y4-[0xffffffa6]MZ[0xffffffcc][0xffffffbf]CZ[0xffffffb4]a[0xffffff96][0x16]m[0xffffffe0]iq?[0x2][0xffffff9f][0x16][0x1f][0xffffff87][0xffffffa0][0xffffffd2][0xffffffe2][0xfffffffe]x*-[0xffffffde][0x1f][0xffffffed][0xffffff92][0x16][0xffffff81]G*-[0x4][0xffffff95]TZ[0x4]6[0xffffff89][0xffffffb4][0xffffffd8][0x8][0xffffffcd]O[0xffffff8b][0xffffff8d]S[0xffffffaf][0xffffffb4][0xffffff88][0x1a][0xffffffa5][0xffffffd3]BY[0xffffff95]N[0xffffff8b](Y2-v[0xffffffe7]ri[0xffffffb1]+[0xfffffff8]RZt[0xffffffb7][0xffffffb7][0x16][0xffffff9d][0x7f]k[0xffffffd1][0x1d][0xffffffde]Zt[0xfffffff6][0xffffffad]E[0xffffffe7][0xffffffde]Zt[0xffffffab][0xffffffb7][0x16][0xffffff81]G*-[0x4][0xffffff95]TZ[0x4]6[0xffffff89][0xffffffb4][0xffffffe8][0xfffffff4][[0xffffff8b][0xffffffee][0xfffffffc][0xffffffd6]"j[0xffffff94]N[0xb]eU:-[0xffffffa2]d[0xffffffc9][0xffffffb4][0xffffffd8][0xffffff9d][0xffffffcb][0xffffffa5][0xffffffc5][0xffffffae][0xffffffe0]Ki1[0xffffffdd][0xffffffde]ZL[0xfffffffe][0xffffffad][0xffffffc5]txk1[0xffffffd9][0xffffffb7][0x16][0xffffff93]{k1[0xffffffad][0xffffffde]Z[0x4][0x1e][0xffffffa9][0xffffffb4][0x10]TRi[0x11][0xffffffd8]$[0xffffffd2]b[0xffffffd2]o-[0xffffffa6][0xfffffff3][[0xffffff8b][0xffffffa8]Q:-[0xffffff94]U[0xffffffe9][0xffffffb4][0xffffff88][0xffffff92]%[0xffffffd3]bw.[0xffffff97][0x16][0xffffffbb][0xffffff82]/[0xffffffa5][0xffffffc5]q[0xffffffeb]fmq?[0x11][0x1e][0x17]og[0xffffffe0][0xffffffeb][0xffffffe2][0xffffffdb])[0xffffffa8][0xffffffbc]x{>[0xffffffd5][0x17][0x1f][0xffffffcf]v[0x9][0xffffff8c][0x8]%U[0x18][\n]"
01:51:24.836 [main] DEBUG org.apache.hc.client5.http.wire -- http-outgoing-1 << "M*1"[0xffffffa0]Dc[0xffffffec][0xffffff98][0xffffffe6]G[0xffffffc6][0xe][0xffffffab]We[0x8][0xffffffa1][0xffffffd2][0xffffff99]![0xfffffffd]Jw[0xffffff86][0xffffffd0]-[0x19][0x1a][0xffffffc1][0xffffffbe]\i[0x4][0x19]_K[\r][0xffffffbb][0xffffff91][0xffffff91][0xffffffc3]`f[0xffffffe4][0xffffffb0][0x18][0x1a]9[0xffffffe2][0xffffff85][0xffffffe6]\[0xffffffd8][0xffffffc1][0xffffffb1][0xffffff91][0xffffffc3]kn$B[0xffffff89][0xffffffa5][0xffffff86][0xffffffd1][0xffffffe4]H[0x4][0x14]I[\r]|vd[0xffffff87][0xffffffd5],5[0xfffffffc][0xffffffa6]G[0xffffffa4]_[0xfffffff1][0xffffffd4][0xfffffff0][0xffffff9a][0x1f][0x9][0xfffffff6][0x5]S[0xffffffe3]g&H[0xffffffda][0xffffffe3][0xffffff9f]R[0xffffffba]X[0xffffffec][0xffffffdd][0xfffffffb]:[0xffffffd3]C[0xffffffe3][0xfffffff3]<Tf|9[0x1][0x16][0x19][0xffffffdb][0x19][0xffffff92][0x13][0xffffffe3][0xffffffcb][0xffffffd3][0xffffff93][0x3][0xffffffe3][0xffffffd7]O[0xffffff86][0xfffffff3][0xffffffe2])[0xffffff8a][0xffffffc9]q[0xfffffff1][0x3] [0xffffff93][0xffffffd3][0xffffffe2])[0xffffff96][0xffffff89]a[0xfffffff1][0x4][0xffffffce][0xffffffb4][0xffffffac]x[0xffffff82][0xffffffa8]ET<[0xffffff97]'[0xffffff94][0x14]?r)[0x14][0x14][0xffffffcf][0xffffffd5][\n]"
01:51:24.837 [main] DEBUG org.apache.hc.client5.http.wire -- http-outgoing-1 << "[0xffffffe4][0xffffffc4]3[0xffffffd3][0xffffffa6][0xffffffc7][0xffffffc4]3[0xfffffff1]^H[0xffffff89][0xffffffa1]Rb[0xffffff9c]XJ[0xc]<%[0xffffff86]AJ[0xffffff8c][0xffffffc8]{"[0xffffffe0][0x3]K[0xffffff89][0xffffffe1][0xffffff94][0x12][0x11]E&%[0x14][0xffffff90]LJD,[0xfffffff3]Sb[0xffffff87]3;%vD[0xffffff9d]RB[0xffffffc8][0xffffff93]M[0x9][0xffffffe9]R6%[0xffffff84]Z[0xffffffb9][0xffffff94][0x8][0xffffffa6][0xffffffa5]R"[0xffffff88][0xfffffff7]BJL[0xffffff91][0x12][0xffffffa3][0xffffffae]J[0xffffffa5][0xffffffc4][0xffffffc4]Sb[0x1a][0xffffffa4][0xffffffc4][0xffffff8c][0xffffffbc]'[0x2]>[0xffffffb1][0xffffff94][0xffffff98]N)[0x11]QdRB[0x1][0xffffffc9][0xffffffa4]D[0xffffffc4]2?%v8[0xffffffb3]SbG[0xffffffd4])%[0xffffff84]<[0xffffffd9][0xffffff94][0xffffff90].eSB[0xffffffa8][0xffffff95]K[0xffffff89]`Z*%[0xffffff82]x/[0xffffffa4][0xffffffc4]R)q[0xfffffff6]E[0xffffffa5][0xffffffc4][0xffffffc2]Sb[0x19][0xffffffa4][0xffffffc4][0xffffff8a][0xffffffbc]'[0x2][0xffffffbe][0xffffffb0][0xffffff94]XN)[0x11]QdRB[0x1][0xffffffc9][0xffffffa4]D[0xffffffc4]2?%v8[0xffffffb3]SbG[0xffffffd4])%[0xffffff84]<[0xffffffd9][0xffffff94][0xffffff90].eSB[0xffffffa8][0xffffff95]K[0xffffff89]`Z*%[0xffffff82]x_O[0xffffff89]zS)[0xffffffb1][0xffffffc6][0xffffff84]R[0xffffffe2][0xffffffed]<lJ<N[0x0][0xffffffa7][0xffffffc4][0xfffffff7]3 )[0xfffffff1]x:[0xffffff92][0x12][0xffffffdf][0xffffff9e]l[0xffffff91][0x12][0x2]E$%$[0xffffff90]HJ[0x8],[0xffffffd3]S"[0xffffffc0][0xffffff99][0xffffff9c][0x12][0x1]Q[0xffffffa3][0xffffff94]P[0xfffffff2]DSB[0xffffffbb][0x14]M[0x9][0xffffffa5]V,%[0xffffffa2]i[0xffffffa1][0xffffff94][0xffffff88][0xffffffe2][0xffffffbd][0xffffff90][0x12][0xffffff87]H[0xffffff89][0xfffffff3][0xffffff98][0xffffffd4][[0xffffff89][0xffffffb7][0xfffffff3][0xffffffc0])q[0x18][0xffffffa4][0xffffffc4][0x11]yO[0x4][0xfffffffc][0xffffffc0]R[0xffffffe2]pJ[0xffffff89][0xffffff88]"[0xffffff93][0x12][\n]"
01:51:24.837 [main] DEBUG org.apache.hc.client5.http.wire -- http-outgoing-1 << "H&%"[0xffffff96][0xfffffff9])[0xffffffb1][0xffffffc3][0xffffff99][0xffffff9d][0x12];[0xffffffa2]N)![0xffffffe4][0xffffffc9][0xffffffa6][0xffffff84]t)[0xffffff9b][0x12]B[0xffffffad]\J[0x4][0xffffffd3]R)[0x11][0xffffffc4]{!%[0xffffff8a]J[0xffffff89]:;[0xffffff95][0x12][0x5]O[0xffffff89]b[0xffffff90][0x12]%[0xfffffff2][0xffffff9e][0x8]x[0xffffffc1]R[0xffffffa2]8[0xffffffa5]DD[0xffffff91]I[0x9][0x5]$[0xffffff93][0x12][0x11][0xffffffcb][0xfffffffc][0xffffff94][0xffffffd8][0xffffffe1][0xffffffcc]N[0xffffff89][0x1d]Q[0xffffffa7][0xffffff94][0x10][0xfffffff2]dSB[0xffffffba][0xffffff94]M[0x9][0xffffffa1]V.%[0xffffff82]i[0xffffffa9][0xffffff94][0x8][0xffffffe2][0xffffffbd][0xffffff90][0x12]U[0xffffffa5]D[0xffffffe3]R[0xffffffa2][0xffffffe2])Q[\r]R[0xffffffa2]F[0xffffffde][0x13][0x1][0xffffffaf]XJT[0xffffffa7][0xffffff94][0xffffff88](2)[0xffffffa1][0xffffff80]dR"b[0xffffff99][0xffffff9f][0x12];[0xffffff9c][0xffffffd9])[0xffffffb1]#[0xffffffea][0xffffff94][0x12]B[0xffffff9e]lJH[0xffffff97][0xffffffb2])![0xffffffd4][0xffffffca][0xffffffa5]D0-[0xffffff95][0x12]A[0xffffffbc][0x17]R[0xffffffa2][0xffffffa9][0xffffff94][0xffffffe8][0xffffffe5]F[0xffffffa5]D[0xffffffc3]S[0xffffffa2][0x19][0xffffffa4]D[0xffffff8b][0xffffffbc]'[0x2][0xffffffde][0xffffffb0][0xffffff94]hN)[0x11]QdRB[0x1][0xffffffc9][0xffffffa4]D[0xffffffc4]2?%v8[0xffffffb3]SbG[0xffffffd4])%[0xffffff84]<[0xffffffd9][0xffffff94][0xffffff90].eSB[0xffffffa8][0xffffff95]K[0xffffff89]`Z*%[0xffffff82]x/[0xffffffa4][0xffffff84]ZQu[0xfffffff6]Q[0xffffffa8][0xffffff94][0xffffffc0]WTU[0xffffff83][0x15]UU[0xffffffec]QI[0x4][0x1c][QU[0xffffffc3][0xffffffa6][0x14]2%LVTI [0xffffff99][0xffffff94]0XQ[0x15][0xffffffe0][0xffffffcc]N[0x9][0xffffffe3][0x15]UJ[0xffffff9e]lJ[0xfffffff8][0xffffffad][0xffffffa8]Rj[0xffffffe5]R[0xffffffc2]eEU[0x14][0xffffffef][0xffffff85][0xffffff94]P+[0xffffffaa][0xffffffce][0xffffffbe][0xffffffb0]k[0xffffff97][0xfffffff8][0xffffff8a][0xffffffaa]j[0xffffffb0][0xffffffa2][0xffffffaa][0xffffff8a]=*[0xffffff89][0xffffff80]c+[0xffffffaa]j[0xffffffd8][0xffffff94]B[0xffffffa6][0xffffff84][0xffffffc9][0xffffff8a]*[0x9]$[0xffffff93][0x12][0x6]+[0xffffffaa][0x2][0xffffff9c][0xffffffd9])a[0xffffffbc][0xffffffa2]J[0xffffffc9][0xffffff93]M[0x9][0xffffffbf][0x15]UJ[0xffffffad]\J[0xffffffb8][0xffffffac][0xffffffa8][0xffffff8a][0xffffffe2][0xffffffbd][0xffffff90][0x12][0xffffffa7]J[0xffffff89][0xffffffd1][0xffffffb0][0xffffffb7][0x12]'[0xffffff9e][0x12][0xffffffa7]AJ[0xffffff9c][0xffffff91][0xfffffff7]D[0xffffffc0]O,%N[0xffffffa7][0xffffff94][0xffffff88](2)[0xffffffa1][0xffffff80]dR"b[0xffffff99][0xffffff9f][0x12];[0xffffff9c][0xffffffd9])[0xffffffb1]#[0xffffffea][0xffffff94][0x12]B[0xffffff9e]lJH[0xffffff97][0xffffffb2])![0xffffffd4][0xffffffca][0xffffffa5]D0-[0xffffff95][0x12]A[0xffffffbc][0x17]RBm[0xffffffbb]<[0xffffffcf][0xffffff85][0xffffffed][0xffffff95][0xffffffc0][0xffffffb7]]V[0xffffff83]m[0xffffff97]U[0xffffffac]dK[0x4][0x1c][0xffffffdb]vY[0xffffffc3][0xffffffd2]52%L[0xffffffb6]]J [0xffffff99][0xffffff94]0[0xffffffd8]v[0x19][0xffffffe0][0xffffffcc]N[0x9][0xffffffe3]m[0xffffff97]J[0xffffff9e]lJ[0xfffffff8]m[0xffffffbb]Tj[0xffffffe5]R[0xffffffc2]e[0xffffffdb]e[0x14][0xffffffef][0xffffff85][0xffffff94]P[0xffffffdb].[0xffffffe7]Q[0xffffffb1][0xffffffb7][0x12][0xfffffff8][0xffffffb6][0xffffffcb]j[0xffffffb0][0xffffffed][0xffffffb2][0xffffff8a][0xffffff95]l[0xffffff89][0xffffff80]c[0xffffffdb].kX[0xffffffba]F[0xffffffa6][0xffffff84][0xffffffc9][0xffffffb6]K[0x9]$[0xffffff93][0x12][0x6][0xffffffdb].[0x3][0xffffff9c][0xffffffd9])a[0xffffffbc][0xffffffed]R[0xffffffc9][0xffffff93]M[0x9][0xffffffbf]m[0xffffff97]J[0xffffffad]\J[0xffffffb8]l[0xffffffbb][0xffffff8c][0xffffffe2]}=%[0xffffff9a]ZQ5[0xffffffc7][0xffffff8d]J[0xffffff89][0xffffff86][0xffffffaf][0xffffffa8]j[0x6]+[0xffffffaa][0xffffff9a][0xffffffd8][0xffffffa3][0xffffff92][0x7]x[0xffffffc3]VT[0xffffffb5][0xffffffb0])[0x5]L[0x9][0xffffff81]"[0xffffff92][0x12][0x12]H$%[0x4][0xffffff96][0xffffffe9])[0x11][0xffffffe0]LN[0xffffff89][0xffffff80][0xffffffa8]QJ(y[0xffffffa2])[0xffffffa1]][0xffffff8a][0xffffffa6][0xffffff84]R+[0xffffff96][0x12][0xffffffd1][0xffffffb4]PJD[0xfffffff1]^H[0xffffff89][0xfffffff2]K[0xffffff89])[0xffffffb1][0xfffffffa]A[0xffffffa5][0xffffffc4][0xfffffffd]<pJ[0xffffffbc][0xffffff9d][0xffffff80]N[0xffffff89]og`R[0xffffffe2][0xffffffed][0xffffffe9]LJ|<[0xffffffd9]#%"[0xffffff8a]LJ( [0xffffff99][0xffffff94][0xffffff88]X[0xffffffe6][0xffffffa7][0xffffffc4][0xe]gvJ[0xffffffec][0xffffff88]:[0xffffffa5][0xffffff84][0xffffff90]'[0xffffff9b][0x12][0xffffffd2][0xffffffa5]lJ[0x8][0xffffffb5]r)[0x11]LK[0xffffffa5]D[0x10][0xffffffef][0xffffffa5][0xffffff94][0xffffffa8]f)Q[0xfffffff1][0xffffff94][0xffffffa8][0x6])Q[0xffffffd1][0xffffff94][0xffffffa8]XJT[0xffffffa7][0xffffff94][0xffffffd8]Q[0xffffffa4]R"[0x2]I[0xffffffa5][0xffffffc4][0xffffff8e]%[0xffffff91][0x12][0x15]N[0xffffff89]j[0xffffff9c][0x12]A[0xffffff9e]tJ[0x8][0xffffff97][0xffffffd2])[0x11][0xffffffd4]J[0xffffffa6]DuI[0xffffff89][0xfffffffa][0xffffffd3])[0xffffffa1][0xffffffb6]][0xffffffae]:[0xffffffa8]m[0xffffff97][\r][0xffffffdf]v[0xffffffd9][0xc][0xffffffb6]]6[0xffffffb1][0xffffff92]-[0x11]pl[0xffffffdb]e[0xb]K[0xffffffd7][0xffffffc8][0xffffff94]0[0xffffffd9]v)[0xffffff81]dR[0xffffffc2]`[0xffffffdb]e[0xffffff80]3;%[0xffffff8c][0xffffffb7]]*y[0xffffffb2])[0xffffffe1][0xffffffb7][0xffffffed]R[0xffffffa9][0xffffff95]K[0x9][0xffffff97]m[0xffffff97]Q[0xffffffbc][0x17]R[0xffffffa2][0xffffffa9][0xffffff94]h[0xffffffe7]I[0xffffffa5]D[0xffffffc3]S[0xffffffa2][0x19][0xffffffa4]D[0xffffff8b][0xffffffbc]'[0x2][0xffffffde][0xffffffb0][0xffffff94]hN)[0x11]QdRB[0x1][0xffffffc9][0xffffffa4]D[0xffffffc4]2?%v8[0xffffffb3]SbG[0xffffffd4])%[0xffffff84]<[0xffffffd9][0xffffff94][0xffffff90].eSB[0xffffffa8][0xffffff95]K[0xffffff89]`Z*%[0xffffff82]x/[0xffffffa4][0xffffff84][0xffffffda]v[0xffffffb9][0xffffffd6]9[0xffffffa8][0xffffff94][0xffffffc0][0xffffffb7]]6[0xffffff83]m[0xffffff97]M[0xffffffac]dK[0x4][0x1c][0xffffffdb]v[0xffffffd9][0xffffffc2][0xffffffd2]52%L[0xffffffb6]]J [0xffffff99][0xffffff94]0[0xffffffd8]v[0x19][0xffffffe0][0xffffffcc]N[0x9][0xffffffe3]m[0xffffff97]J[0xffffff9e]lJ[0xfffffff8]m[0xffffffbb]Tj[0xffffffe5]R[0xffffffc2]e[0xffffffdb]e[0x14][0xffffffef][0xffffff85][0xffffff94][0x10][0xffffffdb].[0xffffffcf][0x1b]7[0xc][0xffffffda][0xfffffff0]m[0xffffff97][0xffffffcd]`[0xffffffdb]e[0x13]+[0xffffffd9][0x12][0x1][0xffffffc7][0xffffffb6]][0xffffffb6][0xffffffb0]t[0xffffff8d]L[0x9][0xffffff93]m[0xffffff97][0x12]H&%[0xc][0xffffffb6]][0x6]8[0xffffffb3]S[0xffffffc2]x[0xffffffdb][0xffffffa5][0xffffff92]'[0xffffff9b][0x12]~[0xffffffdb].[0xffffff95]Z[0xffffffb9][0xffffff94]p[0xffffffd9]v[0x19][0xffffffc5]{!%[0xffffffc4][0xffffffb6][0xffffffcb][0xfffffff3][0xffffffd6][0xf]jEU[0xffffffc3][0xffffffb7]]6[0xffffff83]m[0xffffff97]M[0xffffffac]dK[0x4][0x1c][0xffffffdb]v[0xffffffd9][0xffffffc2][0xffffffd2]52%L[0xffffffb6]]J [0xffffff99][0xffffff94]0[0xffffffd8]v[0x19][0xffffffe0][0xffffffcc]N[0x9][0xffffffe3]m[0xffffff97]J[0xffffff9e]lJ[0xfffffff8]m[0xffffffbb]Tj[0xffffffe5]R[0xffffffc2]e[0xffffffdb]e[0x14][0xffffffef][0xffffff85][0xffffff94][0x10][0xffffffdb].[0xffffffcf][0xffffffdb][0xffffffe0]R[0x2][0xffffffdf]v[0xffffffd9][0xc][0xffffffb6]]6[0xffffffb1][0xffffff92]-[0x11]pl[0xffffffdb]e[0xb]K[0xffffffd7][0xffffffc8][0xffffff94]0[0xffffffd9]v)[0xffffff81]dR[0xffffffc2]`[0xffffffdb]e[0xffffff80]3;%[0xffffff8c][0xffffffb7]]*y[0xffffffb2])[0xffffffe1][0xffffffb7][0xffffffed]R[0xffffffa9][0xffffff95]K[0x9][0xffffff97]m[0xffffff97]Q[0xffffffbc][0x17]RBl[0xffffffbb][0xffffffbc][0xffffffa7][0xffffffc4][0xffffffc0]R[0x2][0xffffffdf]v[0xffffffd9][0xc][0xffffffb6]]6[0xffffffb1][0xffffff92]-[0x11]pl[0xffffffdb]e[0xb]K[0xffffffd7][0xffffffc8][0xffffff94]0[0xffffffd9]v)[0xffffff81]dR[0xffffffc2]`[0xffffffdb]e[0xffffff80]3;%[0xffffff8c][0xffffffb7]]*y[0xffffffb2])[0xffffffe1][0xffffffb7][0xffffffed]R[0xffffffa9][0xffffff95]K[0x9][0xffffff97]m[0xffffff97]Q[0xffffffbc][0xffffffaf][0xffffffa7]D[0xffffffbf][0xffffffa9][0xffffff94][0xffffffb8][0xffffffc7][0x4][0xffffff94][0x12]o[0xffffffe7]aS[0xffffffe2]q[0x2]8%[0xffffffbe][0xffffff9f][0x1]I[0xffffff89][0xffffffc7][0xffffffd3][0xffffff91][0xffffff94][0xfffffff8][0xfffffff6]d[0xffffff8b][0xffffff94][0x10](")![0xffffff81]DRB`[0xffffff99][0xffffff9e][0x12][0x1][0xffffffce][0xffffffe4][0xffffff94][0x8][0xffffff88][0x1a][0xffffffa5][0xffffff84][0xffffff92]'[0xffffff9a][0x12][0xffffffda][0xffffffa5]hJ([0xffffffb5]b)[0x11]M[0xb][0xffffffa5]D[0x14][0xffffffef][0xffffff85][0xffffff94][0x10][0xffffff8b][0xffffffb3][0xffffffef])[0xfffffff1]8&[0xffffff92][0x12][0xfffffff8][0xffffffe2][0xffffffec]n[0xffffffb0]8[0xffffffbb][0xffffff8b][0xffffffed][0xffffffae][0xffffff89][0xffffff80]c[0xffffff8b][0xffffffb3]{[0xffffffd8][0xffffffdf]J[0xffffffa6][0xffffff84][0xffffffc9][0xffffffe2]l[0x9]$[0xffffff93][0x12][0x6][0xffffff8b][0xffffffb3][0x3][0xffffff9c][0xffffffd9])a[0xffffffbc]8[[0xffffffc9][0xffffff93]M[0x9][0xffffffbf][0xffffffc5][0xffffffd9]J[0xffffffad]\J[0xffffffb8],[0xffffffce][0xffffff8e][0xffffffe2][0xffffffbd][0xffffff90][0x12][0xffffffe5][0xffffff97]#[0xffffffa6][0xffffffc4][0xffffffea]7*%[0xffffffee][0xffffffe7][0xffffff81]S[0xffffffe2][0xffffffed][0x4]tJ|;[0x3][0xffffff93][0x12]oOgR[0xffffffe2][0xffffffe3][0xffffffc9][0x1e])[0x11]QdRB[0x1][0xffffffc9][0xffffffa4]D[0xffffffc4]2?%v8[0xffffffb3]SbG[0xffffffd4])%[0xffffff84]<[0xffffffd9][0xffffff94][0xffffff90].eSB[0xffffffa8][0xffffff95]K[0xffffff89]`Z*%[0xffffff82]x/[0xffffffa4][0xffffff84][0xffffffd8]vy[0x1e][0xffffffb5]P[0xffffffdb].;[0xffffffbe][0xffffffed][0xffffffb2][0x1b]l[0xffffffbb][0xffffffec]b%["[0xffffffe0][0xffffffd8][0xffffffb6][0xffffffcb][0x1e][0xffffff96][0xffffffae][0xffffff91])a[0xffffffb2][0xffffffed]R[0x2][0xffffffc9][0xffffffa4][0xffffff84][0xffffffc1][0xffffffb6][0xffffffcb][0x0]gvJ[0x18]o[0xffffffbb]T[0xfffffff2]dS[0xffffffc2]o[0xffffffdb][0xffffffa5]R+[0xffffff97][0x12].[0xffffffdb].[0xffffffa3]x/[0xffffffa4]DS)[0xffffffd1][0xffffff8f]F[0xffffffa5]D[0xffffffc3]S[0xffffffa2][0x19][0xffffffa4]D[0xffffff8b][0xffffffbc]'[0x2][0xffffffde][0xffffffb0][0xffffff94]hN)[0x11]QdRB[0x1][0xffffffc9][0xffffffa4]D[0xffffffc4]2?%v8[0xffffffb3]SbG[0xffffffd4])%[0xffffff84]<[0xffffffd9][0xffffff94][0xffffff90].eSB[0xffffffa8][0xffffff95]K[0xffffff89]`Z*%[0xffffff82]x/[0xffffffa4][0xffffff84][0xffffffd8]vy[0x1e]s.*%[0xfffffff0]m[0xffffff97][0xffffffdd]`[0xffffffdb]e[0x17]+[0xffffffd9][0x12][0x1][0xffffffc7][0xffffffb6]][0xfffffff6][0xffffffb0]t[0xffffff8d]L[0x9][0xffffff93]m[0xffffff97][0x12]H&%[0xc][0xffffffb6]][0x6]8[0xffffffb3]S[0xffffffc2]x[0xffffffdb][0xffffffa5][0xffffff92]'[0xffffff9b][0x12]~[0xffffffdb].[0xffffff95]Z[0xffffffb9][0xffffff94]p[0xffffffd9]v[0x19][0xffffffc5]{!%[0xffffffd4][0xffffffb6][0xffffffcb]r[0xffffffdc][0xffffffa8]opt|[0xffffffdb]e7[0xffffffd8]v[0xffffffd9][0xffffffc5]J[0xffffffb6]D[0xffffffc0][0xffffffb1]m[0xffffff97]=,]#S[0xffffffc2]d[0xffffffdb][0xffffffa5][0x4][0xffffff92]I[0x9][0xffffff83]m[0xffffff97][0x1][0xffffffce][0xffffffec][0xffffff94]0[0xffffffde]v[0xffffffa9][0xffffffe4][0xffffffc9][0xffffffa6][0xffffff84][0xffffffdf][0xffffffb6]K[0xffffffa5]V.%\[0xffffffb6]]F[0xfffffff1]^J[0xffffff89]b[0xffffff96][0x12][0x5]O[0xffffff89]b[0xffffff90][0x12][0x5]M[0xffffff89][0xffffff82][0xffffffa5]DqJ[0xffffff89][0x1d]E*%"[0xffffff90]TJ[0xffffffec]X[0x12])Q[0xffffffe0][0xffffff94]([0xffffffc6])[0x11][0xffffffe4]I[0xffffffa7][0xffffff84]p)[0xffffff9d][0x12]A[0xffffffad]dJ[0x14][0xffffff97][0xffffff94](?[0xffffff9d][0x12]jqv[0xffffffe9][0xffffffb5]Q)[0xffffff81]/[0xffffffce][0xffffffee][0x6][0xffffff8b][0xffffffb3][0xffffffbb][0xffffffd8][0xffffffee][0xffffff9a][0x8]8[0xffffffb6]8[0xffffffbb][0xffffff87][0xfffffffd][0xffffffad]dJ[0xffffff98],[0xffffffce][0xffffff96]@2)a[0xffffffb0]8;[0xffffffc0][0xffffff99][0xffffff9d][0x12][0xffffffc6][0xffffff8b][0xffffffb3][0xffffff95]<[0xffffffd9][0xffffff94][0xfffffff0][[0xffffff9c][0xffffffad][0xffffffd4][0xffffffca][0xffffffa5][0xffffff84][0xffffffcb][0xffffffe2][0xffffffec]([0xffffffde][0xb])[0xffffffa1][0x16]g[0xffffffdf][0xffffffff]O[0xffffffa1]R[0x2]_[0xffffff9c][0xffffffdd][\r][0x16]gw[0xffffffb1][0xffffffdd]5[0x11]plqv[0xf][0xfffffffb][[0xffffffc9][0xffffff94]0Y[0xffffff9c]-[0xffffff81]dR[0xffffffc2]`qv[0xffffff80]3;%[0xffffff8c][0x17]g+y[0xffffffb2])[0xffffffe1][0xffffffb7]8[[0xffffffa9][0xffffff95]K[0x9][0xffffff97][0xffffffc5][0xffffffd9]Q[0xffffffbc][0x17]RB-[0xffffffce][0xffffffae][0x7][0xfffffff6][0xffffff91][0xfffffff1][0xffffff8e]/[0xffffffce][0xffffffee][0x6][0xffffff8b][0xffffffb3][0xffffffbb][0xffffffd8][0xffffffee][0xffffff9a][0x8]8[0xffffffb6]8[0xffffffbb][0xffffff87][0xfffffffd][0xffffffad]dJ[0xffffff98],[0xffffffce][0xffffff96]@2)a[0xffffffb0]8;[0xffffffc0][0xffffff99][0xffffff9d][0x12][0xffffffc6][0xffffff8b][0xffffffb3][0xffffff95]<[0xffffffd9][0xffffff94][0xfffffff0][[0xffffff9c][0xffffffad][0xffffffd4][0xffffffca][0xffffffa5][0xffffff84][0xffffffcb][0xffffffe2][0xffffffec]([0xffffffde][0xffffffd7]Sb[0xffffffa8][0xffffffc5][0xffffffd9][0xffffffb5]vj[0xffffffaf][0xffffffc4][0xffffffc0][0x17]g[0xf][0xffffff83][0xffffffc5][0xffffffd9]Clw[0xffffffcd][0x3]|`[0xffffff8b][0xffffffb3]G[0xffffffd8][0xffffffdf][\n]"
01:51:24.838 [main] DEBUG org.apache.hc.client5.http.wire -- http-outgoing-1 << "[0xffffffa6][0xffffff84]@[0x11]I[0x9][0x9]$[0xffffff92][0x12][0x2][0xffffffcb][0xfffffff4][0xffffff94][0x8]p&[0xffffffa7]D@[0xffffffd4](%[0xffffff94]<[0xffffffd1][0xffffff94][0xffffffd0].ESB[0xffffffa9][0x15]K[0xffffff89]hZ(%[0xffffffa2]x/[0xffffffa4][0xffffff84]Z[0xffffff9c]]Ol[0xffffffdb][0xffffffe5][0xffffffc0][0x17]g[0xf][0xffffff83][0xffffffc5][0xffffffd9]ClwM[0x4][0x1c][[0xffffff9c]=[0xffffffc2][0xfffffffe]V2%L[0x16]gK [0xffffff99][0xffffff94]0X[0xffffff9c][0x1d][0xffffffe0][0xffffffcc]N[0x9][0xffffffe3][0xffffffc5][0xffffffd9]J[0xffffff9e]lJ[0xfffffff8]-[0xffffffce]Vj[0xffffffe5]R[0xffffffc2]eqv[0x14][0xffffffef][0xffffff85][0xffffff94](*%&[0xfffffff6][0xffffff91][0xfffffff1][0xffffffb7][0xfffffff3][0xffffffc0])Q[0xc]R[0xffffffa2]D[0xffffffde][0x13][0x1]/XJ[0x14][0xffffffa7][0xffffff94][0xffffff88](2)[0xffffffa1][0xffffff80]dR[0xffffffe2][0xffffffff]g[0xffffffee]^W%[0xffffffd7][0xffffffd1]$[0xc][0xffffffdf][0xffffffd1][0xffffff90][0xffffff92]m[0xffffffd9][0xffffffba][0xffffffff][0x1b][0xffffff9b]u[0xffffffa8][0xffffffc3]nE[0xffffffe4][0xffffff86]Rm[0xffffffbe]7[0xffffffe8][0x1f][0x3]=Pi[0xffffff9a] x[0xfffffff0][0xffffffb2]B[0x1a][0xffffffcb]zJ[0xffffffac][0xffffffe1][0xffffffac][0xffffffa6][0xffffffc4][0x1a][0xffffffd1]$J[0xffffff98][0xfffffff2]d)a[0xffffffbb][0xffffff94][0xffffffa5][0xffffff84][0xffffffa9]V[0xffffff8e][0x12][0xffffffd2][0xffffffb4][0x14]%[0xffffffa4]x7([0xffffffe1][0xffffff86][0xffffffb3][0xffffff8f][0x7][0xffffffbb]d|[0xffffffe0][0xffffffc3][0xffffffd9]#`8{[0xffffff98]u[0xffffffd7][0xffffffc2][0xffffff80]c[0xffffffc3][0xffffffd9]C[0xfffffff6][IJ[0xffffff84][0xc]g[0xffffffdb]@2[0xffffff94][0x8][0x18][0xffffffce][0xffffff96]pVS"x8[0xffffffdb][0xffffff95]'K[0xffffff89][0xffffffbc][0xffffffe1]lW[0xffffffad][0x1c]%R[0xffffff86][0xffffffb3][0xffffffb5]x7(q:J[0xffffffcc][0xffffff86][0xfffffffd][0xffffff81][0xffffffe3][0xffffffc4])q[0x6]P[0xffffffe2][0xffffffd4][0xffffffbc][0x17][0x6][0xfffffffc][0xffffffc4](q&QB[0xffffffa3][0xffffffc8]P[0xffffffc2][0x5][0xffffff92][0xffffffa1][0xffffff84][0xffffffc6][0xffffffb2][0xffffff9e][0x12]k8[0xffffffab])[0xffffffb1]F4[0xffffff89][0x12][0xffffffa6]<YJ[0xffffffd8].e)"
01:51:24.848 [main] DEBUG org.apache.hc.client5.http.wire -- http-outgoing-1 << "a[0xffffffaa][0xffffff95][0xffffffa3][0xffffff84]4-E[0x9])[0xffffffde][\r]J[0xffffffb8][0xffffffe1][0xffffffec]c[0xe][0xffffffea][0x4][0xffffffc7][0xffffffc0][0xffffff87][0xffffffb3]G[0xffffffc0]p[0xfffffff6]0[0xffffffeb][0xffffffae][0xffffff85][0x1][0xffffffc7][0xffffff86][0xffffffb3][0xffffff87][0xffffffec][0xffffffb7][0xffffff92][0xffffff94][0x8][0x19][0xffffffce][0xffffffb6][0xffffff81]d([0x11]0[0xffffff9c]-[0xffffffe1][0xffffffac][0xffffffa6]D[0xfffffff0]p[0xffffffb6]+O[0xffffff96][0x12]y[0xffffffc3][0xffffffd9][0xffffffae]Z9J[0xffffffa4][0xc]gk[0xfffffff1]nP[0xffffffc2][\r]g[0xffffff9f][0xffffffed][0xffffff85][0xfffffffd][0xffffff81][0x3][0x1f][0xffffffce][0x1e][0x1][0xffffffc3][0xffffffd9][0xffffffc3][0xffffffac][0xffffffbb][0x16][0x6][0x1c][0x1b][0xffffffce][0x1e][0xffffffb2][0xffffffdf]JR"d8[0xffffffdb][0x6][0xffffff92][0xffffffa1]D[0xffffffc0]p[0xffffffb6][0xffffff84][0xffffffb3][0xffffff9a][0x12][0xffffffc1][0xffffffc3][0xffffffd9][0xffffffae]<YJ[0xffffffe4][\r]g[0xffffffbb]j[0xffffffe5]([0xffffff91]2[0xffffff9c][0xffffffad][0xffffffc5][0xffffffbb]E[0xffffff89][0x1e]F[0x9]x8{[0x4][0xc]g[0xf][0xffffffb3][0xffffffee]Z[0x1a]ph8{[0xffffffc8]~+K[0xffffff89][0xffffff88][0xffffffe1]l[0x1b]H[0xffffff8a][0x12][0xfffffff8]p[0xffffffb6][0xffffff84][0xffffffb3][0xffffff9e][0x12][0xffffffb1][0xffffffc3][0xffffffd9][0xffffffae]<iJ[0xffffffa4][\r]g[0xffffffbb]j%)[0xffffff91]1[0xffffff9c][0xffffffad][0xffffffc5][0xffffffbb]A[0x9]7[0xffffff9c]}^'[0xffffffb5]v9[0xfffffff0][0xffffffe1][0xffffffec][0x11]0[0xffffff9c]=[0xffffffcc][0xffffffba]ka[0xffffffc0][0xffffffb1][0xffffffe1][0xffffffec]![0xfffffffb][0xffffffad]$%B[0xffffff86][0xffffffb3]m [0x19]J[0x4][0xc]gK8[0xffffffab])[0x11]<[0xffffff9c][0xffffffed][0xffffffca][0xffffff93][0xffffffa5]D[0xffffffde]p[0xffffffb6][0xffffffab]V[0xffffff8e][0x12])[0xffffffc3][0xffffffd9]Z[0xffffffbc][[0xffffff94]0o%PJ[0xffffffd0]o%[0xffffffee][0xffffff80][0xffffffb7][0x12][0xffffffb7][0xffffffd2][0xffffffb9]4[0xffffffe0][0xffffffd4][[0xffffff89];[0xffffffe9][0xffffffad][0xffffff84]F[0xffffff91][0xffffffa2]D[0xffffffca][[0x9][0xffffff8d]%A[0x9][0xfffffff6][0xffffffad][0xffffffc4][0x1a][0xffffffd1],J[0xffffff84][0xffffffbd][0xffffff95][0xffffffb0]]JS"[0xffffffe8][0xffffffad][0xffffff84]4-G[0xffffff89][0xffffffff][0xffffffe2][0xffffffad][0xffffffc4][0x13]F[0xffffff89][0x7][0xffffffa7][0xffffffc4][0x13]@[0xffffff89][0x7][0xffffffa5][0xffffffc4][0xffffff83]Q[0xffffffe2]I[0xffffffa2][0xffffffc4][0x1a]E[0xffffff8a][0x12][0x1a]H[0xffffff8a][0x12]k,[0x9]J<0%[0xffffff9e]`JHy[0xffffffd2][0xffffff94]0]JSB[0xffffffaa][0xffffff95][0xffffffa4][0xffffffc4][0xffffff93]B[0xffffff89][0xffffffe7]?[0xffffffa0]D[0xffffff9f]a[0xffffff96][0xffffffe8][0x13][0xffffffc7][0xffffffc4][0xffffffc7]#[0xfffffff0][0xffffff9a][0xfffffff8][0xfffffff1][0x10][0x14]'>~[0xffffff9e][0xfffffff2][0xffffffc4][0xfffffff7]O[0xffffffa7][0xffffff80]B[0xfffffff2]H[0xffffff89][0xffffffc2][0xffffffa4][0xffffff92]"[0xffffff85]d[0xffffff93]0[0xffffffc5][0xffffff92][0xffffffd0]zT,9[0xffffffcd]R[0xffffff85][0xffffffd6]([0xffffffcd][\n]"
01:51:24.856 [main] DEBUG org.apache.hc.client5.http.wire -- http-outgoing-1 << "[0xffffffd7][0xffffffaa][0xffffffb4]+[0xffffffb4]dIX[0xffffffac][0xffffff9d][0xffffffcb][0xffffffc9]b[0xffffffad][0xffffffe0]-Z[0xffffff9c]i[0xffffffb4]8yZ[0xffffff9c][0x9][0xffffffb4]8YZ[0xffffff9c][0x1c]-[0xffffffce](ZH[0x1e])Z[0xffffff98]TR[0xffffffb4][0xffffff90]l[0x12][0xffffffb4]8iZ[0xffffff9c][0xffffffc9][0xffffffb4][0xffffffd0][0x1a][0xffffffa5]i[0xffffffe1]Z[0xffffff95][0xffffffa6][0xffffff85][0xffffff96],I[0xffffff8b][0xffffffb5]s9Z[0xffffffac][0x15][0xffffffbc]E[0xffffff8b][0xffffff91][0xfffffff6]][0xffffffe6][0xffffffe0]?[0xffffffcc][0xfffffffc]x[0x4][0xffffff9e][0x16]?[0x1e][0xffffff82][0xffffffa2][0xffffffc5][0xffffffe0][0xffffffbe][0xffffffcd][0x1c]Q[0x1f]gJ[0x1e])Z[0xffffff98]TR[0xffffffb4][0xffffff90]l[0x12][0xffffffb4][0x18][0xfffffff4][0x7][0xffffff9a]#[0xfffffff9][0xb]M[0xffffffad]Q[0xffffff9a][0x16][0xffffffae]UiZh[0xffffffc9][0xffffff92][0xffffffb4]X;[0xffffff97][0xffffffa3][0xffffffc5]Z[0xffffffc1][[0xffffffb4][0xffffffb8][0xffffffd3]>[0xffffffae][0xffffffb8][0xfffffff9][0xffffffaf]+[0xffffffee][0xffffff84][0xffffffcf]+n[0xfffffff6][0xfffffffb][0xffffff8a][0xffffff9b][0xfffffffb][0xffffffc0][0xffffffe2][0xffffff8e][0xfffffffa][0xffffffc2]B[0xfffffff2]H[0xffffffd1][0xffffffc2][0xffffffa4][0xffffff92][0xffffffa2][0xffffff85]d[0xffffff93][0xffffffa0][0xffffffc5]M[0x7f]eq'[0x7f]f[0xffffffa1]5J[0xffffffd3][0xffffffc2][0xffffffb5]*M[0xb]-Y[0xffffff92][0x16]k[0xffffffe7]r[0xffffffb4]X+x[0xffffff8b][0x16][0xffffffb3][0xffffff85][0xffffffd1]b6[0xffffff9c][0x16][0x1f][0xffffff8f][0xffffffc0][0xffffffd3][0xffffffe2][0xffffffc7]CP[0xffffffb4][0xfffffff8][0xfffffff8]y[0xffffff8a][0x16][0xffffffdf]?[0xffffff9d]B[0xb][0xffffffc9]#E[0xb][0xffffff93]J[0xffffff8a][0x16][0xffffff92]M[0xffffff82][0x16]KB[0xffffffeb]i[0xffffffb1][0xffffffe4]4[0xffffff8b][0x16]Z[0xffffffa3]4-\[0xffffffab][0xffffffd2][0xffffffb4][0xffffffd0][0xffffff92]%i[0xffffffb1]v.G[0xffffff8b][0xffffffb5][0xffffff82][0xffffffb7]h[0xffffffd1][0xffffffae]+[0xffffffcc][0x16][0x1f]O[0xffffff84][0xffffffe3][0xffffffe2][0xfffffff3][0x19]x][0xfffffffc]|[\n]"
01:51:24.857 [main] DEBUG org.apache.hc.client5.http.wire -- http-outgoing-1 << "[0xffffff8a][0x17][0xffffff9f][0xffffffbf]O[0xfffffff9][0xffffffe2][0xffffffc7]o[0xffffffa7][0x0]CCI[0x9][0xffffffc3]E[0xffffff93]"[0xffffff86][0x6][0xffffff94]0[0xffffffc6][0x1a][0xffffffd3]zd[0xffffffac]a[0xffffffcd]R[0xffffff86])T[0xffffff9a][0x19][0xffffffb6]_ig[0xffffff98][0xffffffba]%[0xffffffa1]![0xffffffed][0xffffffcb]IC[0xffffffca]x[0xffffff8b][0x1a][0xfffffffd][0xffffff95][0xfffffff6][0x1a][0xffffffe3][0xffffffe3][0xffffff89]pj|>[0x3]O[0xffffff8d][0xffffff9f]OAQ[0xffffffe3][0xfffffff3][0xfffffff7])j[0xfffffffc][0xfffffff8][0xffffffed][0x14]jh()j[0xffffffb8]hR[0xffffffd4][0xffffffd0][0xffffff80][0x12][0xffffffd4]XcZO[0xffffff8d]5[0xffffffac]Y[0xffffffd4]0[0xffffff85]JS[0xffffffc3][0xfffffff6]+M[\r]S[0xffffffb7]$5[0xffffffa4]}9jH[0x19]oR[0xffffffe3][0xffffff8e][0xffffffa3][0xffffffc6][0x1d]@[0xffffff8d];[0xffffff82][0x1a]7L[0xffffff8d][0x1b][0xffffffa4][0xffffffc6][0xffffff9d]E[0xffffff8d]5[0xffffff94][0x1c]54[0xffffff9a][0x1c]5[0xffffffd6][0xffffff80]2[0xffffffd4][0xffffffb8]qj[0xffffffdc][0xffffffd1][0xffffffd4][0xffffff90]B[0xffffffe5][0xffffffa9]a[0xfffffffa][0xffffff95][0xffffffa7][0xffffff86][0xffffffd4]-K[0xffffff8d];[0xffffff87][0x1a][0xfffffff7]>5[0xffffffae][0xffffffef][0x7f][0xffffffe5]1C[0xffffffdf][0xffffffd7]q[0xffffffb5]rh[0xfffffffc]~[0x1e][0xffffff8a][0x19][0xffffffff]x[0x2][0xc][0x19][0xffffffcb]3[0x14][0x13][0xffffffe3][0x1f][0xffffffbf]^[0xc][0xffffff8c][0xffffffff][0xfffffffd]e[0xffffff98][0x17]o[0xffffffa3]X[0xffffff8c][0xffffff8b][0x7f][0x9]d1-[0xffffffde][0xffffffc6][0xffffffb2][0x10][0x16]o[0xffffffc2]Y[0xffffffc6][0xffffff8a]7[0x11][0xffffff8d]@[0xffffffc5][0xfffffffb][0xfffffff2][0xffffff84]H[0xfffffff1]o][\n]"
01:51:24.858 [main] DEBUG org.apache.hc.client5.http.wire -- http-outgoing-1 << "[0xffffff81][0xffffffe2]}[0xffffffb5][0x2][0xffffff9c]x[0xffffffd7][0xffffffb4][0xffffffe5][0xffffff98]xW[0xffffffbc][[0xffffff94][0xffffffe8]a[0xffffff94][0xffffffc0][0xffffff86][0xffffffbe][0xffffffff][0xfffffff1][0x4]<%[0xffffff90][0xffffffa1][0xffffffef][0x7f][0xfffffffc]:E[0xffffff89][0xffffff84][0xffffffa1][0xffffffef][0xffffffb7]Q[0xffffffa4]([0xffffff81][0xf]}[0xffffffbf][0xffffff8d]%A[0x9]h[0xffffffe8][0xfffffffb]MD[0xffffffb3]([0xffffff91]2[0xfffffff4][0xfffffffd]o]JS"a[0xffffffe8][0xfffffffb]][0xffffffd3]r[0xffffff94][0xfffffff8][0xffffff8b][0xffffffa1][0xffffffef][0x1f][0xffffffff][0xffffffc6]to%[0xffffffae][0x3][0xffffffa3][0xffffffc4][0xffffffc4][0xffffffdf]J[0xffffffcc][0xffffff80][0xffffffb7][0x12]S[0xffffffe9]\[0x18][0xfffffff0][0xffffff89][0xffffffbd][0xffffff95][0xffffff98]Io%4[0xffffff8a][0xc]%\ [0x19]Jh,[0xffffffeb])[0xffffffb1][0xffffff86][0xffffffb3][0xffffff9a][0x12]kD[0xffffff93](a[0xffffffca][0xffffff93][0xffffffa5][0xffffff84][0xffffffed]R[0xffffff96][0x12][0xffffffa6]Z9JH[0xffffffd3]R[0xffffff94][0xffffff90][0xffffffe2][0xfffffffd]sJ[0xffffffdc]/G[0xffffff89]yO[0xffffff88][0x12][0xffffff9f][0xffffffcf][0xffffffc3]R[0xffffffe2][0xffffffeb][0x9]`J[0xfffffffc]z[0x6][0xffffff84][0x12]_[0xffffffbf][0xffffff8e]P[0xffffffe2][0xffffffe7]/GP[0xffffffc2]D[0x11][0xffffffa1][0xffffff84][\r]$B[0x9][0x13][0xffffffcb]rJH8[0xffffff8b])![0x11][\r][0xffffffa2][0xffffff84]+O[0xffffff94][0x12][0xffffffbe]KQJ[0xffffffb8]j[0xffffffc5]([0xffffffa1]M[0xb]QB[0xffffff8b]w[0xffffff83][0x12][0xffffffcd]Pb[0xffffffb4][0xfffffff1]P[0xffffff94]h8%Z[0x0]%[0xffffff9a][0xffffffe6][0xffffffbd]0[0xffffffe0][\r][0xffffffa3]DK[0xffffffa2][0xffffff84]F[0xffffff91][0xffffffa1][0xffffff84][0xb]$C[0x9][0xffffff8d]e=%[0xffffffd6]pVSb[0xffffff8d]h[0x12]%Ly[0xffffffb2][0xffffff94][0xffffffb0]][0xffffffca]R[0xffffffc2]T+G[0x9]iZ[0xffffff8a][0x12]R[0xffffffbc][0x1b][0xffffff94][0xffffffe8][0xffffff8e][0x12][0xffffffe3]<)Jt[0xffffff9c][0x12]=[0xffffff80][0x12]][0xfffffff3]^[0x18][0xfffffff0][0xffffff8e]Q[0xffffffa2]'QB[0xffffffa3][0xffffffc8]P[0xffffffc2][0x5][0xffffff92][0xffffffa1][0xffffff84][0xffffffc6][0xffffffb2][0xffffff9e][0x12]k8[0xffffffab])[0xffffffb1]F4[0xffffff89][0x12][0xffffffa6]<YJ[0xffffffd8].e)a[0xffffffaa][0xffffff95][0xffffffa3][0xffffff84]4-E[0x9])[0xffffffde][\r]J[0x1c][0xffffff8e][0x12][0xffffffcf]9(J[0x1c]8%[0xffffff8e][0x0]J[0x1c][0xffffff9a][0xfffffff7][0xffffffc2][0xffffff80][0x1f][0x18]%[0xffffff8e]$Jh[0x14][0x19]J[0xffffffb8]@2[0xffffff94][0xffffffd0]X[0xffffffd6]Sb[\r]g5%[0xffffffd6][0xffffff88]&Q[0xffffffc2][0xffffff94]'K[0x9][0xffffffdb][0xffffffa5],%L[0xffffffb5]r[0xffffff94][0xffffff90][0xffffffa6][0xffffffa5](![0xffffffc5][0xffffffbb]A[0xffffff89][0xffffffd3]P[0xffffffe2][0xffffffee][0xffffffaf][0x17]E[0xffffff89][0x13][0xffffffa7][0xffffffc4][0x19]@[0xffffff89]S[0xfffffff3]^[0x18][0xfffffff0][0x13][0xffffffa3][0xffffffc4][0xffffff99]D[0x9][0xffffff8d]"C[0x9][0x17]H[0xffffff86][0x12][0x1a][0xffffffcb]zJ[0xffffffac][0xffffffe1][0xffffffac][0xffffffa6][0xffffffc4][0x1a][0xffffffd1]$J[0xffffff98][0xfffffff2]d)a[0xffffffbb][0xffffff94][0xffffffa5][0xffffff84][0xffffffa9]V[0xffffff8e][0x12][0xffffffd2][0xffffffb4][0x14]%[0xffffffa4]x7(qYJ[0xc][0xffffffec][0xffffffad][0xffffffc4][0xffffff85]S[0xffffffe2][\n]"
01:51:24.858 [main] DEBUG org.apache.hc.client5.http.wire -- http-outgoing-1 << "[0xffffffa0][0xffffffc4][0xffffffa5]y/[0xc][0xfffffff8][0xffffff85]Q[0xffffffe2]J[0xffffffa2][0xffffff84]F[0xffffff91][0xffffffa1][0xffffff84][0xb]$C[0x9][0xffffff8d]e=%[0xffffffd6]pVSb[0xffffff8d]h[0x12]%Ly[0xffffffb2][0xffffff94][0xffffffb0]][0xffffffca]R[0xffffffc2]T+G[0x9]iZ[0xffffff8a][0x12]R[0xffffffbc][0x1b][0xffffff94][0x18][0xffffff8e][0x12]G[0xffffffc7]Np[0xc][0xffffff9c][0x12]#[0xffffff80][0x12]C[0xfffffff3]^[0x18][0xfffffff0][0xffffff81]Qb$QB[0xffffffa3][0xffffffc8]P[0xffffffc2][0x5][0xffffff92][0xffffffa1][0xffffff84][0xffffffc6][0xffffffb2][0xffffff9e][0x12]k8[0xffffffab])[0xffffffb1]F4[0xffffff89][0x12][0xffffffa6]<YJ[0xffffffd8].e)a[0xffffffaa][0xffffff95][0xffffffa3][0xffffff84]4-E[0x9])[0xffffffde][\r]J[0xffffffdc][0xffffff96][0x12]w[0xffffffa7](q[0xffffffe3][0xffffff94][0xffffffb8][0x3](qk[0xffffffde][0xb][0x3]~c[0xffffff94][0xffffffb8][0xffffff93]([0xffffffa1]Qd([0xffffffe1][0x2][0xffffffc9]PBcYO[0xffffff89]5[0xffffff9c][0xffffffd5][0xffffff94]X#[0xffffff9a]D[0x9]S[0xffffff9e],%l[0xffffff97][0xffffffb2][0xffffff94]0[0xffffffd5][0xffffffca]QB[0xffffff9a][0xffffff96][0xffffffa2][0xffffff84][0x14][0xffffffef][0x6]%[0xffffffdc]p[0xfffffff6]}[0x1e][0x18]%[0xfffffff0][0xffffffe1][0xffffffec];`8[0xfffffffb]6[0xffffffeb][0xffffffae][0xffffff85][0x1][0xffffffc7][0xffffff86][0xffffffb3]o[0xffffffd9]o%)[0x11]2[0xffffff9c]m[0x3][0xffffffc9]P"`8[[0xffffffc2]YM[0xffffff89][0xffffffe0][0xffffffe1]lW[0xffffff9e],%[0xfffffff2][0xffffff86][0xffffffb3]][0xffffffb5]r[0xffffff94]H[0x19][0xffffffce][0xffffffd6][0xffffffe2][0xffffffdd][0xffffffa0][0xffffff84][[0xffffffbb][0xffffffbc][0xffffffaf][0xffffffaf][0xffffffc7]D([0xffffff81][0xffffffaf]][0xffffffde][0x1]k[0xffffff97][0xffffffb7][0xffffff99]d+[0xc]8[0xffffffb6]vy[0xffffffcb][0xffffffe8][0x1a]I[0xffffff89][0xffffff90][0xffffffb5]K[0x1b]H[0xffffff86][0x12][0x1]k[0xffffff97][0x12][0xffffffce]jJ[0x4][0xffffffaf]][0xffffffba][0xfffffff2]d)[0xffffff91][0xffffffb7]v[0xffffffe9][0xffffffaa][0xffffff95][0xffffffa3]D[0xffffffca][0xffffffda][0xffffffa5][0x16][0xffffffef][0x16]%[0xffffff8e]0J[0x1c]8%[0xffffff8e][0x0]J[0x1c](%[0xe][0xffffff8c][0x12]G[0x12]%[0xffffffd6](R[0xffffff94][0xffffffd0]@R[0xffffff94]XcIP[0xffffffe2][0xffffff80])q[0x4]SB[0xffffffca][0xffffff93][0xffffffa6][0xffffff84][0xffffffe9]R[0xffffff9a][0x12]R[0xffffffad]$%[0xffffff8e][0x14]J[0x1c][0x7f]K[0xffffff89][0xffffffc7][0xffffffad]]]]><![CDATA[>[0xffffffe7]< J<[0xfffffff8][0xffffffda][0xffffffe5][0x13][0xffffffb0]v[0xfffffff9][0xffffff98]I[0xffffffb6][0xffffffba][0xffffff80]?[0xffffffd8][0xffffffda][0xffffffe5]#[0xffffffa3]k %L[0x14][0x11]J[0xffffffd8]@"[0xffffff94]0[0xffffffb1],[0xffffffa7][0xffffff84][0xffffff84][0xffffffb3][0xffffff98][0x12][0x12][0xffffffd1] J[0xffffffb8][0xfffffff2]D)[0xffffffe1][0xffffffbb][0x14][0xffffffa5][0xffffff84][0xffffffab]V[0xffffff8c][0x12][0xffffffda][0xffffffb4][0x10]%[0xffffffb4]x7([0xffffffe1][0xffffffd6].[0xffffff9f][0xfffffff1]`[0xffffff94][0xffffffc0][0xffffffd7].[0xffffff9f][0xffffff80][0xffffffb5][0xffffffcb][0xffffffc7]L[0xffffffb2][0x15][0x6][0x1c][[0xffffffbb]|dt[0xffffff8d][0xffffffa4]D[0xffffffc8][0xffffffda][0xffffffa5][\r]$C[0xffffff89][0xffffff80][0xffffffb5]K[0x9]g5%[0xffffff82][0xffffffd7].]y[0xffffffb2][0xffffff94][0xffffffc8][[0xffffffbb]t[0xffffffd5][0xffffffca]Q"e[0xffffffed]R[0xffffff8b]w[0xffffff83][0x12]n[0xffffffed][0xfffffff2][0xffffff99]/[0xffffffea]f[0xffffffd0][0x7]_[0xffffffbb]|[0x2][0xffffffd6].[0x1f]3[0xffffffc9]V[0x18]pl[0xffffffed][0xfffffff2][0xffffff91][0xffffffd1]5[0xffffff92][0x12]!k[0xffffff97]6[0xffffff90][0xc]%[0x2][0xffffffd6].%[0xffffff9c][0xffffffd5][0xffffff94][0x8]^[0xffffffbb]t[0xffffffe5][0xffffffc9]R"o[0xffffffed][0xffffffd2]U+G[0xffffff89][0xffffff94][0xffffffb5]K-[0xffffffde][\r]J[0xffffffb8][0xffffffb5][0xffffffcb][0xffffffd9]O[0xffffffec][0xffffffad][0x4][0xffffffbe]v[0xfffffff9][0x4][0xffffffac]]]]><![CDATA[>f[0xffffff92][0xffffffad]0[0xffffffe0][0xffffffd8][0xffffffda][0xffffffe5]#[0xffffffa3]k$%B[0xffffffd6].m [0x19]J[0x4][0xffffffac]]J8[0xffffffab])[0x11][0xffffffbc]v[0xffffffe9][0xffffffca][0xffffff93][0xffffffa5]D[0xffffffde][0xffffffda][0xffffffa5][0xffffffab]V[0xffffff8e][0x12])k[0xffffff97]Z[0xffffffbc][0x1b][0xffffff94][0xffffffb8][0x1c]%[0xffffffae]AMT}>[0xf]L[0xffffff89]+[0xffffff80][0x12][0xffffff97][0xffffffe6][0xffffffbd]0[0xffffffe0][0x17]F[0xffffff89]+[0xffffff89][0x12][0x1a]E[0xffffff86][0x12].[0xffffff90][0xc]%4[0xffffff96][0xfffffff5][0xffffff94]X[0xffffffc3]YM[0xffffff89]5[0xffffffa2]I[0xffffff94]0[0xffffffe5][0xffffffc9]R[0xffffffc2]v)K[0x9]S[0xffffffad][0x1c]%[0xffffffa4]i)JH[0xfffffff1]nP[0xffffffc2][0xffffffad]][0xffffffce]9o[0xffffff8a][0x12][0xfffffff8][0xffffffda][0xffffffe5][0x13][0xffffffb0]v[0xfffffff9][0xffffff98]I[0xffffffb6][0xffffffc2][0xffffff80]ck[0xffffff97][0xffffff8f][0xffffff8c][0xffffffae][0xffffff91][0xffffff94][0x8]Y[0xffffffbb][0xffffffb4][0xffffff81]d([0x11][0xffffffb0]v)[0xffffffe1][0xffffffac][0xffffffa6]D[0xfffffff0][0xffffffda][0xffffffa5]+O[0xffffff96][0x12]yk[0xffffff97][0xffffffae]Z9J[0xffffffa4][0xffffffac]]j[0xfffffff1]nP[0xffffffc2][0xffffffac]]]]><![CDATA[>[0xffffffaf]v`[0x7f][0xffffffe0][0xffffffc0][0xffffffd7].[0xffffff9f][0xffffff80][0xffffffb5][0xffffffcb][0xffffffc7]L[0xffffffb2][0x15][0x6][0x1c][[0xffffffbb]|dt[0xffffff8d][0xffffffa4]D[0xffffffc8][0xffffffda][0xffffffa5][\r]$C[0xffffff89][0xffffff80][0xffffffb5]K[0x9]g5%[0xffffff82][0xffffffd7].]y[0xffffffb2][0xffffff94][0xffffffc8][[0xffffffbb]t[0xffffffd5][0xffffffca]Q"e[0xffffffed]R[0xffffff8b]w[0xffffff83][0x12]f[0xffffffed][0xfffffff2]y[0xffffff9d][0xffffffe7]CQ[0x2]_[0xffffffbb]|[0x2][0xffffffd6].[0x1f]3[0xffffffc9]V[0x18]pl[0xffffffed][0xfffffff2][0xffffff91][0xffffffd1]5[0xffffff92][0x12]!k[0xffffff97]6[0xffffff90][0xc]%[0x2][0xffffffd6].%[0xffffff9c][0xffffffd5][0xffffff94][0x8]^[0xffffffbb]t[0xffffffe5][0xffffffc9]R"o[0xffffffed][0xffffffd2]U+G[0xffffff89][0xffffff94][0xffffffb5]K-[0xffffffde][\r]J[0xffffff98][0xffffffb5][0xffffffcb][0xffffffe7]uu[0xffffffec][0x4][0x7][0xffffffbe]v[0xfffffff9][0x4][0xffffffac]]]]><![CDATA[>f[0xffffff92][0xffffffad]0[0xffffffe0][0xffffffd8][0xffffffda][0xffffffe5]#[0xffffffa3]k$%B[0xffffffd6].m [0x19]J[0x4][0xffffffac]]J8[0xffffffab])[0x11][0xffffffbc]v[0xffffffe9][0xffffffca][0xffffff93][0xffffffa5]D[0xffffffde][0xffffffda][0xffffffa5][0xffffffab]V[0xffffff8e][0x12])k[0xffffff97]Z[0xffffffbc][0x7f]N[0xffffff89][0xfffffff9][0xffffffb2][0xffffff94][0x18][0x1d][0xffffffa2][0xffffffc4][0xffffffe7][0xfffffff3][0xffffffb0][0xffffff94][0xfffffff8]z[0x2][0xffffff98][0x12][0xffffffbf][0xffffff9e][0x1][0xffffffa1][0xffffffc4][0xffffffd7][0xffffffaf]#[0xffffff94][0xfffffff8][0xfffffff9][0xffffffcb][0x11][0xffffff94]0QD(a[0x3][0xffffff89]P[0xffffffc2][0xffffffc4][0xffffffb2][0xffffff9c][0x12][0x12][0xffffffce]bJHD[0xffffff83]([0xffffffe1][0xffffffca][0x13][0xffffffa5][0xffffff84][0xffffffef]R[0xffffff94][0x12][0xffffffae]Z1Jh[0xffffffd3]B[0xffffff94][0xffffffd0][0xffffffe2][0xffffffdd][0xffffffa0][0xffffff84]Y[0xffffffbb][0xfffffffc][0xffffffa0][0xffffffc4]<)J[0xffffffe0]k[0xffffff97]3`[0xffffffed]r[0xffffff9a]I[0xffffffb6][0xffffffc2][0xffffff80]ck[0xffffff97]SF[0xffffffd7]HJ[0xffffff84][0xffffffac]][0xffffffda]@2[0xffffff94][0x8]X[0xffffffbb][0xffffff94]pVS"x[0xffffffed][0xffffffd2][0xffffff95]'K[0xffffff89][0xffffffbc][0xffffffb5]KW[0xffffffad][0x1c]%R[0xffffffd6].[0xffffffb5]x7(a[0xffffffd6].[0xffffff9f][0xffffffd7][0xffffffc0]>[0xffffffbb][0xffffff9c][0xfffffff8][0xffffffda][0xffffffe5][0xc]X[0xffffffbb][0xffffff9c]f[0xffffff92][0xffffffad]0[0xffffffe0][0xffffffd8][0xffffffda][0xffffffe5][0xffffff94][0xffffffd1]5[0xffffff92][0x12]!k[0xffffff97]6[0xffffff90][0xc]%[0x2][0xffffffd6].%[0xffffff9c][0xffffffd5][0xffffff94][0x8]^[0xffffffbb]t[0xffffffe5][0xffffffc9]R"o[0xffffffed][0xffffffd2]U+G[0xffffff89][0xffffff94][0xffffffb5]K-[0xffffffde][\r]J[0xffffff98][0xffffffb5][0xffffffcb][0xf]J`[0xffffff87]A'[0xffffffbe]v9[0x3][0xffffffd6].[0xffffffa7][0xffffff99]d+[0xc]8[0xffffffb6]v9et[0xffffff8d][0xffffffa4]D[0xffffffc8][0xffffffda][0xffffffa5][\r]$C[0xffffff89][0xffffff80][0xffffffb5]K[0x9]g5%[0xffffff82][0xffffffd7].]y[0xffffffb2][0xffffff94][0xffffffc8][[0xffffffbb]t[0xffffffd5][0xffffffca]Q"e[0xffffffed]R[0xffffff8b]w[0xffffff83][0x12]f[0xffffffed][0xfffffff2]y[0xffffffcd][0x13][0xffffffa3][0x4][0xffffffbe]v9[0x3][0xffffffd6].[0xffffffa7][0xffffff99]d+[0xc]8[0xffffffb6]v9et[0xffffff8d][0xffffffa4]D[0xffffffc8][0xffffffda][0xffffffa5][\r]$C[0xffffff89][0xffffff80][0xffffffb5]K[0x9]g5%[0xffffff82][0xffffffd7].]y[0xffffffb2][0xffffff94][0xffffffc8][[0xffffffbb]t[0xffffffd5][0xffffffca]Q"e[0xffffffed]R[0xffffff8b]w[0xffffff83][0x12][0xffffff97][0xffffffa1]Dk[0xffffffaf]AQ[0xffffffe2][0xffffffc2])q[0x5]P[0xffffffe2][0xffffffd2][0xffffffbc][0x17][0x6][0xfffffffc][0xffffffc2](q%QB[0xffffffa3][0xffffffc8]P[0xffffffc2][0x5][0xffffff92][0xffffffa1][0xffffff84][0xffffffc6][0xffffffb2][0xffffff9e][0x12]k8[0xffffffab])[0xffffffb1]F4[0xffffff89][0x12][0xffffffa6]<YJ[0xffffffd8].e)a[0xffffffaa][0xffffff95][0xffffffa3][0xffffff84]4-E[0x9])[0xffffffde][\r]J[0xffffff98][0xffffffb5][0xffffffcb][0xffffffa7]][0xffffff93]:[0xc]:[0xfffffff1][0xffffffb5][0xffffffcb][0x19][0xffffffb0]v9[0xffffffcd]$[a[0xffffffc0][0xffffffb1][0xffffffb5][0xffffffcb])[0xffffffa3]k$%B[0xffffffd6].m [0x19]J[0x4][0xffffffac]]J8[0xffffffab])[0x11][0xffffffbc]v[0xffffffe9][0xffffffca][0xffffff93][0xffffffa5]D[0xffffffde][0xffffffda][0xffffffa5][0xffffffab]V[0xffffff8e][0x12])k[0xffffff97]Z[0xffffffbc][[0xffffff94]8[0xffffffc2](q[0xffffffe0][0xffffff94]8[0x2](q[0xffffffa0][0xffffff94]80J[0x1c]I[0xffffff94]X[0xffffffa3]HQB[0x3]IQb[0xffffff8d]%A[0xffffff89][0x3][0xffffffa6][0xffffffc4][0x11]L[0x9])O[0xffffff9a][0x12][0xffffffa6]KiJH[0xffffffb5][0xffffff92][0xffffff94]8R(q[0xfffffffc]5%[0xffffffdc]pv[0xffffffbb]/[0xffffffec][0xf][0x1c][0xfffffff8]p[0xfffffff6][0xc][0x18][0xffffffce][0xffffff9e]f[0xffffffdd][0xffffffb5]0[0xffffffe0][0xffffffd8]p[0xfffffff6][0xffffff94][0xfffffffd]V[0xffffff92][0x12]![0xffffffc3][0xffffffd9]6[0xffffff90][0xc]%[0x2][0xffffff86][0xffffffb3]%[0xffffff9c][0xffffffd5][0xffffff94][0x8][0x1e][0xffffffce]v[0xffffffe5][0xffffffc9]R"o8[0xffffffdb]U+G[0xffffff89][0xffffff94][0xffffffe1]l-[0xffffffde][\r]J[0xffffffb8][0xffffffe1][0xffffffec][0xffffffde];v[0x18][0x14][0x1f][0xffffffce][0xffffff9e][0x1][0xffffffc3][0xffffffd9][0xffffffd3][0xffffffac][0xffffffbb][0x16][0x6][0x1c][0x1b][0xffffffce][0xffffff9e][0xffffffb2][0xffffffdf]JR"d8[0xffffffdb][0x6][0xffffff92][0xffffffa1]D[0xffffffc0]p[0xffffffb6][0xffffff84][0xffffffb3][0xffffff9a][0x12][0xffffffc1][0xffffffc3][0xffffffd9][0xffffffae]<YJ[0xffffffe4][\r]g[0xffffffbb]j[0xffffffe5]([0xffffff91]2[0xffffff9c][0xffffffad][0xffffffc5][0xffffffbb]A[0x9]7[0xffffff9c][0xffffffdd][0xffffffcf][0xffffff86][0xffffffbd][0xffffff95][0xffffffc0][0xffffff87][0xffffffb3]g[0xffffffc0]p[0xfffffff6]4[0xffffffeb][0xffffffae][0xffffff85][0x1][0xffffffc7][0xffffff86][0xffffffb3][0xffffffa7][0xffffffec][0xffffffb7][0xffffff92][0xffffff94][0x8][0x19][0xffffffce][0xffffffb6][0xffffff81]d([0x11]0[0xffffff9c]-[0xffffffe1][0xffffffac][0xffffffa6]D[0xfffffff0]p[0xffffffb6]+O[0xffffff96][0x12]y[0xffffffc3][0xffffffd9][0xffffffae]Z9J[0xffffffa4][0xc]gk[0xfffffff1][0xfffffffe]1%[0xffffffce][0xffffff97][0x1b][0xffffffce][0xffffffee][0xffffffcf][0xffffffd3][0x19]J|=[0xf]J[0xffffff89][0xffffffef]'`)[0xfffffff1][0xfffffffb][0x19][0x8]J|[0xffffffff]:A[0xffffff89]_[0xffffffbf][0xffffff9c]@[0x9][0x17]E[0xffffff82][0x12]>[0xffffff90][0x4]%\,[0xffffffab])[0xffffffa1][0xffffffe1][0xffffffac][0xffffffa5][0xffffff84]F4[0xffffff87][0x12][0xffffffb6]<IJ[0xffffffbc][0xffffffe9]R[0xffffff92][0x12][0xffffffb6]Z)J[0xffffff98][0xffffffa6]e(a[0xffffff8a]w[0xffffff83][0x12]n8[0xfffffffb]xuhW[0xffffffe2][0xffffffeb]y`J[0xfffffff0][0xffffffc3][0xffffffd9][0xffffffbf][0xffffff9f][0xffffff81][0xffffffa1][0x4]5[0xffffff9c][0xfffffffd][0xffffffeb][0xffffff97]3([0xffffff91]1[0xffffff9c][0xffffffed][0x3][0xffffffc9]P[0xffffff82][0x1f][0xffffffce][0xffffffd6]pVS"w8[0xffffffdb][0xffffff96]'K[0xffffff89][0xffffffb8][0xffffffe1]l[[0xffffffad][0x1c]%B[0xffffff86][0xffffffb3]M[0xfffffff1]nP[0xffffffc2][\r]g[0x1f][0xffffffe7][\r][0xffffff9d][0xffffffe0][0xfffffff8]z[0x1e][0xffffff98][0x12][0xfffffffc]p[0xfffffff6][0xffffffef]g`(A[\r]g[0xffffffff][0xfffffffa][0xffffffe5][0xc]Jd[0xc]g[0xfffffffb]@2[0xffffff94][0xffffffe0][0xffffff87][0xffffffb3]5[0xffffff9c][0xffffffd5][0xffffff94][0xffffffc8][0x1d][0xffffffce][0xffffffb6][0xffffffe5][0xffffffc9]R"n8[0xffffffdb]V+G[0xffffff89][0xffffff90][0xffffffe1]lS[0xffffffbc][0x1b][0xffffff94]p[0xffffffc3][0xffffffd9][0xffffffc7]u[0xffffff9f][0x14]%[0xffffffe8][0xffffffe1][0xffffffec][0xffffffef]'[0xffffffa0])A[0xe]g[0x7f][0xffffffff]:C[0xffffff89][0xffffffa0][0xffffffe1]l[0x17]E[0xffffff86][0x12])[0xffffffc3][0xffffffd9].[0xffffff96][0xfffffff5][0xffffff94]`[0xffffff87][0xffffffb3]5[0xffffffa2]I[0xffffff94][0x8][0x1b][0xffffffce]~[0xffffffd3][0xffffffa5],%[0xffffff82][0xffffff86][0xffffffb3]M[0xffffffd3]R[0xffffff94][0xfffffff8][0xfffffffb][0xffffffe1][0xffffffec][0xfffffff3][0xffffffe5][0xffffff86][0xffffffb3][0xffffff8f][0xfffffff1][0xffffff9a][0x14]%[0xffffffe8][0xffffffe1][0xffffffec][0xffffffef]'[0xffffffa0])A[0xe]g[0x7f][0xffffffff]:C[0xffffff89][0xffffffa0][0xffffffe1]l[0x17]E[0xffffff86][0x12])[0xffffffc3][0xffffffd9].[0xffffff96][0xfffffff5][0xffffff94]`[0xffffff87][0xffffffb3]5[0xffffffa2]I[0xffffff94][0x8][0x1b][0xffffffce]~[0xffffffd3][0xffffffa5],%[0xffffff82][0xffffff86][0xffffffb3]M[0xffffffd3]R[0xffffff94][0xfffffff8][0xfffffffb][0xffffffe1][0xffffffec][0xfffffff3]uYJ[0xffffffb4][0x17]E[0xffffff89][0xb][0xffffffa7][0xffffffc4][0x15]@[0xffffff89]K[0xfffffff3]^[0x18][0xfffffff0][0xb][0xffffffa3][0xffffffc4][0xffffff95]D[0x9][0xffffff8d]"C[0x9][0x17]H[0xffffff86][0x12][0x1a][0xffffffcb]zJ[0xffffffac][0xffffffe1][0xffffffac][0xffffffa6][0xffffffc4][0x1a][0xffffffd1]$J[0xffffff98][0xfffffff2]d)a[0xffffffbb][0xffffff94][0xffffffa5][0xffffff84][0xffffffa9]V[0xffffff8e][0x12][0xffffffd2][0xffffffb4][0x14]%[0xffffffa4]x7([0xffffffe1][0xffffff86][0xffffffb3][0xffffff8f]11J[0xffffffd0][0xffffffc3][0xffffffd9][0xffffffdf]O@S[0xffffff82][0x1c][0xffffffce][0xfffffffe][0xfffffffe]u[0xffffff86][0x12]A[0xffffffc3][0xffffffd9].[0xffffff8a][0xc]%R[0xffffff86][0xffffffb3]],[0xffffffeb])[0xffffffc1][0xe]gkD[0xffffff93]([0x11]6[0xffffff9c][0xfffffffd][0xffffffa6]KYJ[0x4][\r]g[0xffffff9b][0xffffffa6][0xffffffa5]([0xfffffff1][0xfffffff7][0xffffffc3][0xffffffd9][0xffffffe7][0xffffffcb][0xffffffad]][0x1e]O[0xffffff83]&[0xffffffaa][0xffffffbe][0xffffff9e][0x7][0xffffffa6][0x4][0xffffffbf]v[0xfffffff9][0xfffffffb][0x19][0x18]JPk[0xffffff97][0xffffffbf]~9[0xffffff83][0x12][0x19]k[0xffffff97]>[0xffffff90][0xc]%[0xfffffff8][0xffffffb5]K[\r]g5%r[0xffffffd7].my[0xffffffb2][0xffffff94][0xffffff88][[0xffffffbb][0xffffffb4][0xffffffd5][0xffffffca]Q"d[0xffffffed][0xffffffd2][0x14][0xffffffef][0x6]%[0xffffffdc][0xffffffda][0xffffffe5][0xffffffd9]N[0xffffffec][0xffffffad][0x4][0xffffffbd]v[0xfffffff9][0xfffffffd][0x4]4%[0xffffffc8][0xffffffb5][0xffffffcb][0xffffffef]_g([0x11][0xffffffb4]v[0xffffffe9][0xffffffa2][0xffffffc8]P"e[0xffffffed][0xffffffd2][0xffffffc5][0xffffffb2][0xffffff9e][0x12][0xffffffec][0xffffffda][0xffffffa5]F4[0xffffff89][0x12]ak[0xffffff97]o[0xffffffba][0xffffff94][0xffffffa5]D[0xffffffd0][0xffffffda][0xffffffa5]iZ[0xffffff8a][0x12][0x7f][0xffffffbf]vy[0xffffffbe][0xffffffdc][0xffffffda][0xffffffe5]y[0xffffffbe][0xffffffb0][0xffffffc3][0xffffffa0][0xfffffff4][0xffffffda][0xffffffe5][0xfffffff7][0x13][0xffffffd0][0xffffff94] [0xffffffd7].[0xffffffbf][0x7f][0xffffff9d][0xffffffa1]D[0xffffffd0][0xffffffda][0xffffffa5][0xffffff8b]"C[0xffffff89][0xffffff94][0xffffffb5]K[0x17][0xffffffcb]zJ[0xffffffb0]k[0xffffff97][0x1a][0xffffffd1]$J[0xffffff84][0xffffffad]][0xffffffbe][0xffffffe9]R[0xffffff96][0x12]Ak[0xffffff97][0xffffffa6]i)J[0xfffffffc][0x7]k[0xffffff97][0xffffffcd][0xffffffad]][0xffffff9e][0xfffffff7]x J4|[0xffffffed][0xffffffb2][0x5][0xffffffac]]63[0xffffffc9]V[0x17][0xfffffff0][0xffffff86][0xffffffad]]6[0x19]][0x3])a[0xffffffa2][0xffffff88]P[0xffffffc2][0x6][0x12][0xffffffa1][0xffffff84][0xffffff89]e9%$[0xffffff9c][0xffffffc5][0xffffff94][0xffffff90][0xffffff88][0x6]Q[0xffffffc2][0xffffff95]'J[0x9][0xffffffdf][0xffffffa5](%\[0xffffffb5]b[0xffffff94][0xffffffd0][0xffffffa6][0xffffff85]([0xffffffa1][0xffffffc5][0xffffffbb]A[0xffffff89]f.[0x19][0xffffffbf]^[0x17][0xfffffff5][0x7][0xffffff8e][0xffffffcf][0xffffffe7][0xffffff81])[0xffffffd1][0xfffffff0]K[0xffffffc6][0x7f]?[0x3]C[0xffffff89][0x6]]2[0xfffffffe][0xffffffeb][0xffffff97]3([0xffffffa1]Qd([0xffffffe1][0x2][0xffffffc9]PBcYO[0xffffff89]5[0xffffff9c][0xffffffd5][0xffffff94]X#[0xffffff9a]D[0x9]S[0xffffff9e],%l[0xffffff97][0xffffffb2][0xffffff94]0[0xffffffd5][0xffffffca]QB[0xffffff9a][0xffffff96][0xffffffa2][0xffffff84][0x14][0xffffffef][0x6]%[0xffffffdc][0xffffffda][0xffffffe5]u6j8[0xffffffbb][0xffffffe1]k[0xffffff97]-`[0xffffffed][0xffffffb2][0xffffff99]I[0xffffffb6][0xffffffc2][0xffffff80]ck[0xffffff97]MF[0xffffffd7]HJ[0xffffff84][0xffffffac]][0xffffffda]@2[0xffffff94][0x8]X[0xffffffbb][0xffffff94]pVS"x[0xffffffed][0xffffffd2][0xffffff95]'K[0xffffff89][0xffffffbc][0xffffffb5]KW[0xffffffad][0x1c]%R[0xffffffd6].[0xffffffb5]x7([0xffffffe1][0xffffffd6].[0xffffffaf][0xfffffffb][0xffffffec][0x14]%[0xfffffff0][0xffffffb5][0xffffffcb][0x16][0xffffffb0]v[0xffffffd9][0xffffffcc]$[a[0xffffffc0][0xffffffb1][0xffffffb5][0xffffffcb]&[0xffffffa3]k$%B[0xffffffd6].m [0x19]J[0x4][0xffffffac]]J8[0xffffffab])[0x11][0xffffffbc]v[0xffffffe9][0xffffffca][0xffffff93][0xffffffa5]D[0xffffffde][0xffffffda][0xffffffa5][0xffffffab]V[0xffffff8e][0x12])k[0xffffff97]Z[0xffffffbc][0x1b][0xffffff94]pk[0xffffff97][0xffffffe3]ua[0xffffff94][0xffffffc0][0xffffffd7].[[0xffffffc0][0xffffffda]e3[0xffffff93]l[0xffffff85][0x1][0xffffffc7][0xffffffd6].[0xffffff9b][0xffffff8c][0xffffffae][0xffffff91][0xffffff94][0x8]Y[0xffffffbb][0xffffffb4][0xffffff81]d([0x11][0xffffffb0]v)[0xffffffe1][0xffffffac][0xffffffa6]D[0xfffffff0][0xffffffda][0xffffffa5]+O[0xffffff96][0x12]yk[0xffffff97][0xffffffae]Z9J[0xffffffa4][0xffffffac]]j[0xfffffff1]nP[0xffffffe2]r[0xffffff94]8;[0xfffffff6][0xffffffd9][0xffffffe5][0xffffff85]S[0xffffffe2][\n]"
01:51:24.859 [main] DEBUG org.apache.hc.client5.http.wire -- http-outgoing-1 << "[0xffffffa0][0xffffffc4][0xffffffa5]y/[0xc][0xfffffff8][0xffffff85]Q[0xffffffe2]J[0xffffffa2][0xffffff84]F[0xffffff91][0xffffffa1][0xffffff84][0xb]$C[0x9][0xffffff8d]e=%[0xffffffd6]pVSb[0xffffff8d]h[0x12]%Ly[0xffffffb2][0xffffff94][0xffffffb0]][0xffffffca]R[0xffffffc2]T+G[0x9]iZ[0xffffff8a][0x12]R[0xffffffbc][0x1b][0xffffff94]pk[0xffffff97][0xffffffe3]>O[0xffffff8a][0x12][0xfffffff8][0xffffffda]e[0xb]X[0xffffffbb]lf[0xffffff92][0xffffffad]0[0xffffffe0][0xffffffd8][0xffffffda]e[0xffffff93][0xffffffd1]5[0xffffff92][0x12]!k[0xffffff97]6[0xffffff90][0xc]%[0x2][0xffffffd6].%[0xffffff9c][0xffffffd5][0xffffff94][0x8]^[0xffffffbb]t[0xffffffe5][0xffffffc9]R"o[0xffffffed][0xffffffd2]U+G[0xffffff89][0xffffff94][0xffffffb5]K-[0xffffffde][\r]J[0xffffffb8][0xffffffb5][0xffffffcb]1/[0xffffffec][0xffffffb3]K|[0xffffffed][0xffffffb2][0x5][0xffffffac]]63[0xffffffc9]V[0x18]pl[0xffffffed][0xffffffb2][0xffffffc9][0xffffffe8][0x1a]I[0xffffff89][0xffffff90][0xffffffb5]K[0x1b]H[0xffffff86][0x12][0x1]k[0xffffff97][0x12][0xffffffce]jJ[0x4][0xffffffaf]][0xffffffba][0xfffffff2]d)[0xffffff91][0xffffffb7]v[0xffffffe9][0xffffffaa][0xffffff95][0xffffffa3]D[0xffffffca][0xffffffda][0xffffffa5][0x16][0xffffffef][0x6]%[0xffffffdc][0xffffffda][0xffffffe5][0xfffffffd]j[0xffffffd8][[0x9]|[0xffffffed][0xffffffb2][0x5][0xffffffac]]63[0xffffffc9]V[0x18]pl[0xffffffed][0xffffffb2][0xffffffc9][0xffffffe8][0x1a]I[0xffffff89][0xffffff90][0xffffffb5]K[0x1b]H[0xffffff86][0x12][0x1]k[0xffffff97][0x12][0xffffffce]jJ[0x4][0xffffffaf]][0xffffffba][0xfffffff2]d)[0xffffff91][0xffffffb7]v[0xffffffe9][0xffffffaa][0xffffff95][0xffffffa3]D[0xffffffca][0xffffffda][0xffffffa5][0x16][0xffffffef][0x6]%[0xffffffdc][0xffffffda][0xffffffe5][\r][0xffffffee]J[0xffffffe0]k[0xffffff97]-`[0xffffffed][0xffffffb2][0xffffff99]I[0xffffffb6][0xffffffc2][0xffffff80]ck[0xffffff97]MF[0xffffffd7]HJ[0xffffff84][0xffffffac]][0xffffffda]@2[0xffffff94][0x8]X[0xffffffbb][0xffffff94]pVS"x[0xffffffed][0xffffffd2][0xffffff95]'K[0xffffff89][0xffffffbc][0xffffffb5]KW[0xffffffad][0x1c]%R[0xffffffd6].[0xffffffb5]x[0xffffffff][0xffffff9c][0x12][0xffffffdd][0xffffffad]][0xffffffde][0xffffffed]EQ[0xffffffa2][0xffffffe3]k[0xffffff97]=`[0xffffffed][0xffffffb2][0xffffff9b]I[0xffffffb6][0xffffffba][0xffffff80]wl[0xffffffed][0xffffffb2][0xffffffcb][0xffffffe8][0x1a]H[0x9][0x13]E[0xffffff84][0x12]6[0xffffff90][0x8]%L,[0xffffffcb])![0xffffffe1],[0xffffffa6][0xffffff84]D4[0xffffff88][0x12][0xffffffae]<QJ[0xfffffff8].E)[0xffffffe1][0xffffffaa][0x15][0xffffffa3][0xffffff84]6-D[0x9]-[0xffffffde]-J[0xffffffe8][0xffffffda]%K[0x9]x[0xffffffed][0xfffffff2][0xffffffeb][0x9]xJ[0xffffff80]k[0xffffff97]_[0xffffffbf]NQ"g[0xffffffed][0xffffffd2]D[0xffffff91][0xffffffa2]D[0xffffffc8][0xffffffda][0xffffffa5][0xffffff89]%A[0x9]t[0xffffffed]R"[0xffffff9a]E[0xffffff89][0xffffffac][0xffffffb5]K[0xffffffdf][0xffffffa5]4%r[0xffffffd6].[0xffffffb5]i9J[0xfffffffc][0xfffffff5][0xffffffda]eo[0xffffffee][0xffffffad]D[0xffffffef][0x17]E[0xffffff89][0xffffff86][0xffffffbf][0xffffff95]h[0x1]o%[0xffffff9a][0xffffffd2][0xffffffb9]0[0xffffffe0][\r]{+[0xffffffd1][0xffffff92][0xffffffde]Jh[0x14][0x19]J[0xffffffb8]@2[0xffffff94][0xffffffd0]X[0xffffffd6]Sb[\r]g5%[0xffffffd6][0xffffff88]&Q[0xffffffc2][0xffffff94]'K[0x9][0xffffffdb][0xffffffa5],%L[0xffffffb5]r[0xffffff94][0xffffff90][0xffffffa6][0xffffffa5](![0xffffffc5][0xffffffbb]A[0x9]7[0xffffff9c]}[0xffffffdf][0x17]u3h[0xffffffc7][0xffffff87][0xffffffb3]{[0xffffffc0]pv7[0xffffffeb][0xffffffae][0xffffff85][0x1][0xffffffc7][0xffffff86][0xffffffb3][0xffffffbb][0xffffffec][0xffffffb7][0xffffff92][0xffffff94][0x8][0x19][0xffffffce][0xffffffb6][0xffffff81]d([0x11]0[0xffffff9c]-[0xffffffe1][0xffffffac][0xffffffa6]D[0xfffffff0]p[0xffffffb6]+O[0xffffff96][0x12]y[0xffffffc3][0xffffffd9][0xffffffae]Z9J[0xffffffa4][0xc]gk[0xfffffff1]nQ[0xffffffc2][0xfffffffc][0xffffff81][0x3][0xffffffa5][0x4][0xfffffffd][0x7][0xffffff8e][0x1e][0xfffffff0][0x7][0xffffff8e][0xffffffae]o[0xffffffe1]J[0x3]N[0xfffffffd][0xffffff81][0xffffffa3]'[0xfffffffd][0xffffff81]C[0xffffffa3]HQ"[0xffffffe5][0xf][0x1c][0x1a]K[0xffffff82][0x12][0xffffffec][0x1f]8[0xffffffd6][0xffffff88]fQ"[0xffffffec][0xf][0x1c][0xffffffb6]KiJ[0x4][0xfffffffd][0xffffff81]C[0xffffff9a][0xffffff96][0xffffffa3][0xffffffc4][0xffffffdf][0xffffffff][0xffffff81][0xffffffa3][0xffffffff][0xffffffdf][0x19]F[0xffffff89][0x13][0xffffffa7][0xffffffc4][0x19]@[0xffffff89][0x13][0xffffffa5][0xffffffc4][0xffffff89]Q[0xffffffe2]L[0xffffffa2][0xffffffc4][0x1a]E[0xffffff8a][0x12][0x1a]H[0xffffff8a][0x12]k,[0x9]J[0xffffff9c]0%[0xffffffce]`JHy[0xffffffd2][0xffffff94]0]JSB[0xffffffaa][0xffffff95][0xffffffa4][0xffffffc4][0xffffff99]B[0xffffff89][0xfffffff3]?[0xffffffa0]DK[0xffffffb3]D[0xffffffe3]1[0xffffffd1][0x12]4[0xffffffd1]XN4[0xffffffce][0x13]-[\n]"
01:51:24.859 [main] DEBUG org.apache.hc.client5.http.wire -- http-outgoing-1 << "[0x14][0xffffff92]GJ[0x14]&[0xffffff95][0x14])$[0xffffff9b][0xffffff84])[0x1a][0xffffff8d][0xffffff8a][0xffffff96][0xffffffac][\n]"
01:51:24.865 [main] DEBUG org.apache.hc.client5.http.wire -- http-outgoing-1 << "[0xffffffad]Q[0xffffff9a][0x15][0xffffffae]UiWh[0xffffffc9][0xffffff92][0xffffffb0]X;[0xffffff97][0xffffff93][0xffffffc5]Z[0xffffffc1][[0xffffffb4][0xffffffe8]#[0xffffff8c][0x16]}[0xffffffe0][0xffffffb4][0xfffffff8]x[0x4][0xffffff9e][0x16]?[0x1e][0xffffff82][0xffffffa2][0xffffffc5][0xffffffc7][0xffffffcf]S[0xffffffb4][0xfffffff8][0xfffffffe][0xffffffe9][0x14]ZH[0x1e])Z[0xffffff98]TR[0xffffffb4][0xffffff90]l[0x12][0xffffffb4]X[0x12]ZO[0xffffff8b]%[0xffffffa7]Y[0xffffffb4][0xffffffd0][0x1a][0xffffffa5]i[0xffffffe1]Z[0xffffff95][0xffffffa6][0xffffff85][0xffffff96],I[0xffffff8b][0xffffffb5]s9Z[0xffffffac][0x15][0xffffffbc]E[0xffffff8b][0xffffffb3][0xffffff85][0xffffffd1][0xffffffe2]l8->[0x1e][0xffffff81][0xffffffa7][0xffffffc5][0xffffff8f][0xffffff87][0xffffffa0]h[0xfffffff1][0xfffffff1][0xfffffff3][0x14]-[0xffffffbe][0x7f]:[0xffffff85][0x16][0xffffff92]G[0xffffff8a][0x16]&[0xffffff95][0x14]-$[0xffffff9b][0x4]-[0xffffff96][0xffffff84][0xffffffd6][0xffffffd3]b[0xffffffc9]i[0x16]-[0xffffffb4]FiZ[0xffffffb8]V[0xffffffa5]i[0xffffffa1]%K[0xffffffd2]b[0xffffffed]\[0xffffff8e][0x16]k[0x5]o[0xffffffd1]b[0xffffffa4][0x1d][0xfffffff9][0x18][0xfffffffc][0xffffff99][0xffffff8f][0xffffff8f]G[0xffffffe0]i[0xfffffff1][0xffffffe3]!(Z[0xc][0xffffffee][0xffffffd8][0xffffffc7][0xffffff88]:[0xfffffff7]!y[0xffffffa4]haRI[0xffffffd1]B[0xffffffb2]I[0xffffffd0]b[0xffffffd0]g?F[0xfffffff2][0xffffffe1][0xf][0xffffffad]Q[0xffffff9a][0x16][0xffffffae]UiZh[0xffffffc9][0xffffff92][0xffffffb4]X;[0xffffff97][0xffffffa3][0xffffffc5]Z[0xffffffc1][[0xffffffb4][0xffffffb8][0xffffffd3][0xfffffffe] r[0xfffffff3][0x7f][0x10][0xffffffb9][0x13][0xfffffffe] r[0xffffffb3][0x7f][0x10][0xffffffb9][0xffffffb9]?[0xffffff88][0xffffffdc]Q[0x7f][0x10][0xffffff91]<R[0xffffffb4]0[0xffffffa9][0xffffffa4]h![0xffffffd9]$hq[0xffffffd3][0x7f][0x10][0xffffffb9][0xffffff93][0xffffffff] [0xffffffa2]5J[0xffffffd3][0xffffffc2][0xffffffb5]*M[0xb]-Y[0xffffff92][0x16]k[0xffffffe7]r[0xffffffb4]X+x[0xffffff8f][0x16]O[0x1a]-[0x1e][0xffffff9e][0x16]O[0x2]-[0x1e][0xffffff96][0x16][0xf]G[0xffffff8b]'[0xffffff8a][0x16]k[0x1e]1Zh*1Z[0xffffffac][0xffffffd9]Dh[0xfffffff1][0xffffffd0][0xffffffb4]x[0xffffff92]i!5[0xffffff8a][0xffffffd3][0xffffffc2][0xffffffb4]*N[0xb])Y[0xffffff94][0x16]O[0xc]-[0xffffff9e][0xffffffff][0xffffff80][0x16]-[0xffffffee]c[0xffffff8b][0x16][0xfffffff0][0xffffffb5]E[0xffffff8b][0xfffffff8][0xffffffdc][0xffffffa2][0xffffffe9][0xffffff9f][0x2]K[0xffffffa3][0xffffffde][0xffffffc0][0xf].Z[0xffffffd6][0x17][0x17][0x1a]JJ[0x18].[0xffffff9a][0x14]14[0xffffffa0][0xffffff84]1[0xffffffd6][0xffffff98][0xffffffd6]#c[\r]k[0xffffff96]2L[0xffffffa1][0xffffffd2][0xffffffcc][0xffffffb0][0xfffffffd]J;[0xffffffc3][0xffffffd4]-[0x9][\r]i_N[0x1a]R[0xffffffc6][0x7f]B[0xffffff8d][0xfffffff1][0xfffffffd][0xffffffaf][0x1c]fm[0xfffffff3]9[0xffffffdb],[0xffffff87][0xffffffc6][0xffffffef][0xffffffe7][0xffffffa1][0xffffff98][0xfffffff1][0xffffff8f]'[0xffffffc0][0xffffff90][0xffffffb1]<C11[0xfffffffe][0xfffffff1][0xffffffeb][0xffffffc5][0xffffffc0][0xfffffff8][0xffffffdf]_[0xffffff86]y[0xfffffff1]6[0xffffff8a][0xffffffc5][0xffffffb8][0xfffffff8][0xffffff97]@[0x16][0xffffffd3][0xffffffe2]m,[0xb]a[0xfffffff1]&[0xffffff9c]e[0xffffffac]x[0x13][0xffffffd1][0x8]T[0xffffffbc]/O[0xffffff88][0x14][0xffffffff][0xffffffd6][0xffffffa5][0x10]([0xffffffde]W+[0xffffffc0][0xffffff89]wM[[0xffffff8e][0xffffff89]w[0xffffffc5][0xffffffbb]E[0xffffff89][0x1e]F[0xffffff89][0xffffff8e]S[0xffffffa2][0x7]P[0xffffffa2][0xffffffa3][0xffffff94][0xffffffe8][0x18]%z[0x12]%[0xffffffd6](R[0xffffff94][0xffffffd0]@R[0xffffff94]XcIP[0xffffffa2][0xffffffc3][0xffffff94][0xffffffe8][0xffffffc1][0xffffff94][0xffffff90][0xfffffff2][0xffffffa4])a[0xffffffba][0xffffff94][0xffffffa6][0xffffff84]T+I[0xffffff89][0xffffff9e]B[0xffffff89][0xfffffffe][0xffffffd7][0xffffff94]8[0xffffffdd][[0xffffff89]1:E[0xffffff89][0x13][0x7f]+q[0x6][0xffffffbc][0xffffff95]8[0xffffff95][0xffffffce][0xffffff85][0x1]?[0xffffffb1][0xffffffb7][0x12]g[0xffffffd2][[0x9][0xffffff8d]"C[0x9][0x17]H[0xffffff86][0x12][0x1a][0xffffffcb]zJ[0xffffffac][0xffffffe1][0xffffffac][0xffffffa6][0xffffffc4][0x1a][0xffffffd1]$J[0xffffff98][0xfffffff2]d)a[0xffffffbb][0xffffff94][0xffffffa5][0xffffff84][0xffffffa9]V[0xffffff8e][0x12][0xffffffd2][0xffffffb4][0x14]%[0xffffffa4]x[0xffffffff][0xffffff9c][0x12][0xffffffc7]PJ[0xffffffcc][0xffffffd6]_[0x14]%>[0xffffff9f][0xffffff87][0xffffffa5][0xffffffc4][0xffffffd7][0x13][0xffffffc0][0xffffff94][0xfffffff8][0xfffffff5][0xc][0x8]%[0xffffffbe]~[0x1d][0xffffffa1][0xffffffc4][0xffffffcf]_[0xffffff8e][0xffffffa0][0xffffff84][0xffffff89]"B[0x9][0x1b]H[0xffffff84][0x12]&[0xffffff96][0xffffffe5][0xffffff94][0xffffff90]p[0x16]SB"[0x1a]D[0x9]W[0xffffff9e](%|[0xffffff97][0xffffffa2][0xffffff94]p[0xffffffd5][0xffffff8a]QB[0xffffff9b][0x16][0xffffffa2][0xffffff84][0x16][0xffffffef][0x6]%nG[0xffffff89][0xfffffff3]z(J[0xffffffdc]8%[0xffffffee][0x0]J[0xffffffdc][0xffffff9a][0xfffffff7][0xffffffc2][0xffffff80][0xffffffdf][0x18]%[0xffffffee]$Jh[0x14][0x19]J[0xffffffb8]@2[0xffffff94][0xffffffd0]X[0xffffffd6]Sb[\r]g5%[0xffffffd6][0xffffff88]&Q[0xffffffc2][0xffffff94]'K[0x9][0xffffffdb][0xffffffa5],%L[0xffffffb5]r[0xffffff94][0xffffff90][0xffffffa6][0xffffffa5](![0xffffffc5][0xffffffbb]E[0x9][0xfffffff9]V[0x2][0xffffffa6][0x4][0xfffffffc][0xffffffad][0xffffffc4][0xffffffd7][0x13][0xfffffff0][0xffffff94][0x0][0xffffffbf][0xffffff95][0xfffffff8][0xfffffffa]u[0xffffff8a][0x12]9[0xffffffdf]J[0xffffff98](R[0xffffff94][0x8][0xfffffff9]V[0xffffffc2][0xffffffc4][0xffffff92][0xffffffa0][0x4][0xfffffffa][0xffffffad][0xffffff84]D4[0xffffff8b][0x12]Y[0xffffffdf]J[0xfffffff8].[0xffffffa5])[0xffffff91][0xfffffff3][0xffffffad][0xffffff84]6-G[0xffffff89][0xffffffbf][0xfffffffe]V[0xffffffe2]x[0xffffffdc][[0xffffff89][0xffffffa7][0xffffffdd][0x14]%[0x1e][0xfffffffc][0xffffffad][0xffffffc4][0x13][0xfffffff0]V[0xffffffe2]Q:[0x17][0x6][0xfffffffc][0xffffffc1][0xffffffde]J<Io%4[0xffffff8a][0xc]%\ [0x19]Jh,[0xffffffeb])[0xffffffb1][0xffffff86][0xffffffb3][0xffffff9a][0x12]kD[0xffffff93](a[0xffffffca][0xffffff93][0xffffffa5][0xffffff84][0xffffffed]R[0xffffff96][0x12][0xffffffa6]Z9JH[0xffffffd3]R[0xffffff94][0xffffff90][0xffffffe2][0xffffffdd][0xffffffa2][0xffffff84]y+[0xffffff81]R[0xffffff82]~+[0xfffffff1][0x4][0xffffffbc][0xffffff95]x[0xffffff94][0xffffffce][0xffffffa5][0x1][0xffffffa7][0xffffffde]J<Io%4[0xffffff8a][0x14]%R[0xffffffde]Jh,[0x9]J[0xffffffb0]o%[0xffffffd6][0xffffff88]fQ"[0xffffffec][0xffffffad][0xffffff84][0xffffffed]R[0xffffff9a][0x12]Ao%[0xffffffa4]i9J[0xfffffffc][0xfffffffd][[0xffffff89]i[0xffffffde]J[0xfffffff4][0xfffffff6]u[0xffffffcf][0x7]B[0xffffff89][0xffffff89][0xffffffbf][0xffffff95][0xffffff98][0x1]o%[0xffffffa6][0xffffffd2][0xffffffb9]0[0xffffffe0][0x13]{+1[0xffffff93][0xffffffde]Jh[0x14][0x19]J[0xffffffb8]@2[0xffffff94][0xffffffd0]X[0xffffffd6]Sb[\r]g5%[0xffffffd6][0xffffff88]&Q[0xffffffc2][0xffffff94]'K[0x9][0xffffffdb][0xffffffa5],%L[0xffffffb5]r[0xffffff94][0xffffff90][0xffffffa6][0xffffffa5](![0xffffffc5][0xfffffffb][0xffffffe7][0xffffff94]8_[0xffffff8e][0x12][0xffffffc7]C[0xffffff9d][0xffffffe0][0xfffffff8]|[0x1e][0xffffff96][0x12]_O[0x0]S[0xffffffe2][0xffffffd7]3 [0xffffff94][0xfffffff8][0xfffffffa]u[0xffffff84][0x12]?[0x7f]9[0xffffff82][0x12]&[0xffffff8a][0x8]%l [0x11]J[0xffffff98]X[0xffffff96]SB[0xffffffc2]YL[0x9][0xffffff89]h[0x10]%\y[0xffffffa2][0xffffff94][0xfffffff0]][0xffffff8a]R[0xffffffc2]U+F[0x9]mZ[0xffffff88][0x12]Z[0xffffffbc][0x1b][0xffffff94]h[0xffffff8e][0x12][0xfffffff7]E[0xfffffffd][0xffffff81][0xffffffe3][0xfffffff3]y`J[0xffffffb4][0x0]J4[0xffffffcd]{a[0xffffffc0][0x1b]F[0xffffff89][0xffffff96]D[0x9][0xffffff8d]"C[0x9][0x17]H[0xffffff86][0x12][0x1a][0xffffffcb]zJ[0xffffffac][0xffffffe1][0xffffffac][0xffffffa6][0xffffffc4][0x1a][0xffffffd1]$J[0xffffff98][0xfffffff2]d)a[0xffffffbb][0xffffff94][0xffffffa5][0xffffff84][0xffffffa9]V[0xffffff8e][0x12][0xffffffd2][0xffffffb4][0x14]%[0xffffffa4]x7([0xffffffd1][0x1d]%[0xffffffe6]uQ[0xffffff94][0xffffffe8]8%z[0x0]%[0xffffffba][0xffffffe6][0xffffffbd]0[0xffffffe0][0x1d][0xffffffa3]DO[0xffffffa2][0xffffff84]F[0xffffff91][0xffffffa1][0xffffff84][0xb]$C[0x9][0xffffff8d]e=%[0xffffffd6]pVSb[0xffffff8d]h[0x12]%Ly[0xffffffb2][0xffffff94][0xffffffb0]][0xffffffca]R[0xffffffc2]T+G[0x9]iZ[0xffffff8a][0x12]R[0xffffffbc][0x1b][0xffffff94]0wp[0xffffffcc][0xffffffe3][0xffffffe8]'E[0x9][0xfffffffc][0xe][0xffffff8e]3[0xffffffe0][0xe][0xffffff8e][0xffffffd3][0xc][0xffffffc5][0x17][0x6][0x1c][0xffffffbb][0xffffff83][0xffffffe3][0xffffff94])x[0xffffff92][0x12]!wp[0xffffffd8]@2[0xffffff94][0x8][0xffffffb8][0xffffff83]C[0xffffffc2]YM[0xffffff89][0xffffffe0];8\y[0xffffffb2][0xffffff94][0xffffffc8][0xffffffbb][0xffffff83][0xffffffc3]U+G[0xffffff89][0xffffff94];8[0xffffffb4]x7(a[0xffffff86][0xffffffb3]?(1[0x7]E[0x9]|8[0xfffffffb][0xc][0x18][0xffffffce]>[0xffffffcd][0xffffffba]ka[0xffffffc0][0xffffffb1][0xffffffe1][0xffffffec]S[0xfffffff6][IJ[0xffffff84][0xc]g[0xffffffdb]@2[0xffffff94][0x8][0x18][0xffffffce][0xffffff96]pVS"x8[0xffffffdb][0xffffff95]'K[0xffffff89][0xffffffbc][0xffffffe1]lW[0xffffffad][0x1c]%R[0xffffff86][0xffffffb3][0xffffffb5]x7(q9J[0xffffff9c]G[0xfffffffd][0x15][0xffffffe4][0xffffffbf][0xffffff9f][0x7][0xffffffa6][0xffffffc4][0x15]@[0xffffff89]K[0xfffffff3]^[0x18][0xfffffff0][0xb][0xffffffa3][0xffffffc4][0xffffff95]D[0x9][0xffffff8d]"C[0x9][0x17]H[0xffffff86][0x12][0x1a][0xffffffcb]zJ[0xffffffac][0xffffffe1][0xffffffac][0xffffffa6][0xffffffc4][0x1a][0xffffffd1]$J[0xffffff98][0xfffffff2]d)a[0xffffffbb][0xffffff94][0xffffffa5][0xffffff84][0xffffffa9]V[0xffffff8e][0x12][0xffffffd2][0xffffffb4][0x14]%[0xffffffa4]x7(1,%n[0xffffffea]0[0xffffffe8][0xffffffe7][0xfffffff3][0xffffffc0][0xffffff94][0x18][0x1][0xffffff94][0x18][0xffffff9a][0xfffffff7][0xffffffc2][0xffffff80][0xf][0xffffff8c][0x12]#[0xffffff89][0x12][0x1a]E[0xffffff86][0x12].[0xffffff90][0xc]%4[0xffffff96][0xfffffff5][0xffffff94]X[0xffffffc3]YM[0xffffff89]5[0xffffffa2]I[0xffffff94]0[0xffffffe5][0xffffffc9]R[0xffffffc2]v)K[0x9]S[0xffffffad][0x1c]%[0xffffffa4]i)JH[0xfffffff1]nP[0xffffffc2][0xffffffdd][0xffffffc1]q[0xffffff9c][0x13][0xffffffa3][0x4]~[0x7][0xffffffc7][0x19]p[0x7][0xffffffc7]i[0xffffff86][0xffffffe2][0xb][0x3][0xffffff8e][0xffffffdd][0xffffffc1]q[0xffffffca][0x14]<I[0xffffff89][0xffffff90];8l [0x19]J[0x4][0xffffffdc][0xffffffc1]![0xffffffe1][0xffffffac][0xffffffa6]D[0xfffffff0][0x1d][0x1c][0xffffffae]<YJ[0xffffffe4][0xffffffdd][0xffffffc1][0xffffffe1][0xffffffaa][0xffffff95][0xffffffa3]D[0xffffffca][0x1d][0x1c]Z[0xffffffbc][0x1b][0xffffff94]p[0xffffffc3][0xffffffd9][0xffffffc7]h[0xffffff93][0xffffffa2][0x4]>[0xffffff9c]}[0x6][0xc]g[0xffffff9f]f[0xffffffdd][0xffffffb5]0[0xffffffe0][0xffffffd8]p[0xfffffff6])[0xfffffffb][0xffffffad]$%B[0xffffff86][0xffffffb3]m [0x19]J[0x4][0xc]gK8[0xffffffab])[0x11]<[0xffffff9c][0xffffffed][0xffffffca][0xffffff93][0xffffffa5]D[0xffffffde]p[0xffffffb6][0xffffffab]V[0xffffff8e][0x12])[0xffffffc3][0xffffffd9]Z[0xffffffbc][0x1b][0xffffff94]pk[0xffffff97][0xffffffc7][0xfffffff3]`[0xffffff9f]][0xffffffe2]k[0xffffff97]g[0xffffffc0][0xffffffda][0xffffffe5]i&[0xffffffd9][\n]"
01:51:24.865 [main] DEBUG org.apache.hc.client5.http.wire -- http-outgoing-1 << "[0x3][0xffffff8e][0xffffffad]][0xffffff9e]2[0xffffffba]FR"d[0xffffffed][0xffffffd2][0x6][0xffffff92][0xffffffa1]D[0xffffffc0][0xffffffda][0xffffffa5][0xffffff84][0xffffffb3][0xffffff9a][0x12][0xffffffc1]k[0xffffff97][0xffffffae]<YJ[0xffffffe4][0xffffffad]][0xffffffba]j[0xffffffe5]([0xffffff91][0xffffffb2]v[0xffffffa9][0xffffffc5][0xfffffffb][0xffffffe7][0xffffff94][0xffffffb8][0xffffff86][0xffffffa1][0xffffffc4][0xfffffff5]<[0xffffffd4]D[0xffffffd5][0xffffffe7][0xfffffff3][0xffffffb0][0xffffff94][0xfffffff8]z[0x2][0xffffff98][0x12][0xffffffbf][0xffffff9e][0x1][0xffffffa1][0xffffffc4][0xffffffd7][0xffffffaf]#[0xffffff94][0xfffffff8][0xfffffff9][0xffffffcb][0x11][0xffffff94]0QD(a[0x3][0xffffff89]P[0xffffffc2][0xffffffc4][0xffffffb2][0xffffff9c][0x12][0x12][0xffffffce]bJHD[0xffffff83]([0xffffffe1][0xffffffca][0x13][0xffffffa5][0xffffff84][0xffffffef]R[0xffffff94][0x12][0xffffffae]Z1Jh[0xffffffd3]B[0xffffff94][0xffffffd0][0xffffffe2][0xffffffdd][0xffffffa0][0xffffff84][0xfffffffb]Vb[0xffffffbc][0xe][0xffffffea][[0xffffff89][0xb][0xffffffff]V[0xffffffe2][\n]"
01:51:24.865 [main] DEBUG org.apache.hc.client5.http.wire -- http-outgoing-1 << "[0xfffffff8]V[0xffffffe2]2[0x7f][0xffffffd0]+[0xc]8[0xfffffff6][0xffffffad][0xffffffc4]%[0x7f][0xffffffb2]#)[0x11][0xfffffff2][0xffffffad][0xffffff84][\r]$C[0xffffff89][0xffffff80]o%$[0xffffff9c][0xffffffd5][0xffffff94][0x8][0xfffffffe]V[0xffffffc2][0xffffff95]'K[0xffffff89][0xffffffbc]o%\[0xffffffb5]r[0xffffff94]H[0xfffffff9]VB[0xffffff8b]w[0xffffff83][0x12][0xffffffee][[0xffffff89][0xffffff8f][0xffffffff][0xffffff9a][0xfffffffa]V[0xffffffe2][0xffffffc2][0xffffffbf][0xffffff95][0xffffffb8][0x2][0xffffffbe][0xffffff95][0xffffffb8][0xffffffcc][0x1f][0xfffffff4][\n]"
01:51:24.866 [main] DEBUG org.apache.hc.client5.http.wire -- http-outgoing-1 << "[0x3][0xffffff8e]}+q[0xffffffc9][0xffffff9f][0xffffffec]HJ[0xffffff84]|+a[0x3][0xffffffc9]P"[0xffffffe0][[0x9][0x9]g5%[0xffffff82][0xffffffbf][0xffffff95]p[0xffffffe5][0xffffffc9]R"[0xffffffef][[0x9]W[0xffffffad][0x1c]%R[0xffffffbe][0xffffff95][0xffffffd0][0xffffffe2][0xfffffffd]sJ[0xc]w[0xffffff9d][0xffffffd7][0xffffffb8][0x1e]j8{[0xffffffe0][0xffffffd7]y[0xffffff8d][0xffffff80][0xffffffeb][0xffffffbc][0xffffff86][0xffffffb9]s[0xffffffa6].[0xffffffe0][0x3][0xffffffbb][0xffffffce]k[0xffffffc8][0xffffffad]2 %L[0x14][0x11]J[0xffffffd8]@"[0xffffff94]0[0xffffffb1],[0xffffffa7][0xffffff84][0xffffff84][0xffffffb3][0xffffff98][0x12][0x12][0xffffffd1] J[0xffffffb8][0xfffffff2]D)[0xffffffe1][0xffffffbb][0x14][0xffffffa5][0xffffff84][0xffffffab]V[0xffffff8c][0x12][0xffffffda][0xffffffb4][0x10]%[0xffffffb4]x7([0xffffffe1][0xffffffae][0xfffffff3][0x1a][0x3][0x1b][0xffffffce][0x1e][0xfffffff8]u^#[0xffffffe0]:[0xffffffaf]a[0xffffffee][0xffffff9c])[0xc]8v[0xffffff9d][0xffffffd7][0xffffff90][eHJ[0xffffff84]\[0xffffffe7]e[0x3][0xffffffc9]P"[0xffffffe0]:/[0x9]g5%[0xffffff82][0xffffffaf][0xfffffff3]r[0xffffffe5][0xffffffc9]R"[0xffffffef]:/W[0xffffffad][0x1c]%R[0xffffffae][0xfffffff3][0xffffffd2][0xffffffe2][0xffffffdd][0xffffffa0][0xffffff84][0xffffffbb][0xffffffce]k[0xffffff8c][0xffffffbb]S[0xffffff94][0xffffffc0][0xffffffaf][0xfffffff3][0x1a][0x1][0xffffffd7]y[\r]s[0xffffffe7]La[0xffffffc0][0xffffffb1][0xffffffeb][0xffffffbc][0xffffff86][0xffffffdc]*CR"[0xffffffe4]:/[0x1b]H[0xffffff86][0x12][0x1][0xffffffd7]yI8[0xffffffab])[0x11]|[0xffffff9d][0xffffff97]+O[0xffffff96][0x12]y[0xffffffd7]y[0xffffffb9]j[0xffffffe5]([0xffffff91]r[0xffffff9d][0xffffff97][0x16][0xffffffef][0x6]%[0xffffffdc]u^[0xffffffe3][0xffffffbe][0xffffffb1]?p[0xffffffe0][0xffffffd7]y[0xffffff8d][0xffffff80][0xffffffeb][0xffffffbc][0xffffff86][0xffffffb9]s[0xffffffa6]0[0xffffffe0][0xffffffd8]u^Cn[0xffffff95]!)[0x11]r[0xffffff9d][0xffffff97][\r]$C[0xffffff89][0xffffff80][0xffffffeb][0xffffffbc]$[0xffffff9c][0xffffffd5][0xffffff94][0x8][0xffffffbe][0xffffffce][0xffffffcb][0xffffff95]'K[0xffffff89][0xffffffbc][0xffffffeb][0xffffffbc]\[0xffffffb5]r[0xffffff94]H[0xffffffb9][0xffffffce]K[0xffffff8b]w[0xffffff83][0x12][0xffffffee]:[0xffffffaf][0xffffffbb][0x1f][0x18]%[0xfffffff0][0xffffffeb][0xffffffbc]F[0xffffffc0]u^[0xffffffc3][0xffffffdc]9S[0x18]p[0xffffffec]:[0xffffffaf]![0xffffffb7][0xffffffca][0xffffff90][0xffffff94][0x8][0xffffffb9][0xffffffce][0xffffffcb][0x6][0xffffff92][0xffffffa1]D[0xffffffc0]u^[0x12][0xffffffce]jJ[0x4]_[0xffffffe7][0xffffffe5][0xffffffca][0xffffff93][0xffffffa5]D[0xffffffde]u^[0xffffffae]Z9J[0xffffffa4]\[0xffffffe7][0xffffffa5][0xffffffc5][0xffffffbb]A[0x9]w[0xffffff9d][0xffffffd7]}r[0xffffff94][0xffffffc0][0xffffffaf][0xfffffff3][0x1a][0x1][0xffffffd7]y[\r]s[0xffffffe7]La[0xffffffc0][0xffffffb1][0xffffffeb][0xffffffbc][0xffffff86][0xffffffdc]*CR"[0xffffffe4]:/[0x1b]H[0xffffff86][0x12][0x1][0xffffffd7]yI8[0xffffffab])[0x11]|[0xffffff9d][0xffffff97]+O[0xffffff96][0x12]y[0xffffffd7]y[0xffffffb9]j[0xffffffe5]([0xffffff91]r[0xffffff9d][0xffffff97][0x16][0xffffffef][0x16]%z[0x18]%:N[0xffffff89][0x1e]@[0xffffff89][0xffffff8e]R[0xffffffa2]c[0xffffff94][0xffffffe8]I[0xffffff94]X[0xffffffa3]HQB[0x3]IQb[0xffffff8d]%A[0xffffff89][0xe]S[0xffffffa2][0x7]SB[0xffffffca][0xffffff93][0xffffffa6][0xffffff84][0xffffffe9]R[0xffffff9a][0x12]R[0xffffffad]$%z[\n]"
01:51:24.866 [main] DEBUG org.apache.hc.client5.http.wire -- http-outgoing-1 << "%[0xfffffffa]_Sb[0xffffffb8][0xffffffb7][0x12][0xffffffcf][0xffffffd7]c"[0xffffff94][0x18][0xfffffff8][[0xffffff89][0x11][0xfffffff0]Vb([0xffffff9d][0xb][0x3]>[0xffffffb0][0xffffffb7][0x12]#[0xffffffe9][0xffffffad][0xffffff84]F[0xffffff91][0xffffffa1][0xffffff84][0xb]$C[0x9][0xffffff8d]e=%[0xffffffd6]pVSb[0xffffff8d]h[0x12]%Ly[0xffffffb2][0xffffff94][0xffffffb0]][0xffffffca]R[0xffffffc2]T+G[0x9]iZ[0xffffff8a][0x12]R[0xffffffbc][0x1b][0xffffff94]pk[0xffffff97][0xffffffcf][0xffffffeb][0xffffffc4]Np[0xffffffe0]k[0xffffff97]#`[0xffffffed]r[0xffffff98]I[0xffffffb6][0xffffffc2][0xffffff80]ck[0xffffff97]CF[0xffffffd7]HJ[0xffffff84][0xffffffac]][0xffffffda]@2[0xffffff94][0x8]X[0xffffffbb][0xffffff94]pVS"x[0xffffffed][0xffffffd2][0xffffff95]'K[0xffffff89][0xffffffbc][0xffffffb5]KW[0xffffffad][0x1c]%R[0xffffffd6].[0xffffffb5]x[0xffffffb7]([0xffffffa1][0x7f][0xffffffe0]`)A[0xffffffff][0xffffff81][0xffffffe3][0xe][0xfffffff8][0x3][0xffffffc7][0xffffffad]o[0xffffffe1]J[0x3]N[0xfffffffd][0xffffff81][0xffffffe3]N[0xfffffffa][0x3][0xffffff87]F[0xffffff91][0xffffffa2]D[0xffffffca][0x1f]84[0xffffff96][0x4]%[0xffffffd8]?p[0xffffffac][0x11][0xffffffcd][0xffffffa2]D[0xffffffd8][0x1f]8l[0xffffff97][0xffffffd2][0xffffff94][0x8][0xfffffffa][0x3][0xffffff87]4-G[0xffffff89][0xffffffbf][0xffffffff][0x3][0xffffff87][0x1b][0xffffffce]~[0xffffffce][0xffffff83][0xffffffba][0x19]t[0xffffffe0][0xffffffc3][0xffffffd9]#`8{[0xffffff98]u[0xffffffd7][0xffffffc2][0xffffff80]c[0xffffffc3][0xffffffd9]C[0xfffffff6][IJ[0xffffff84][0xc]g[0xffffffdb]@2[0xffffff94][0x8][0x18][0xffffffce][0xffffff96]pVS"x8[0xffffffdb][0xffffff95]'K[0xffffff89][0xffffffbc][0xffffffe1]lW[0xffffffad][0x1c]%R[0xffffff86][0xffffffb3][0xffffffb5]x[0xffffffb7](a[0xffffffde]J[0xffffffa0][0xffffff94][0xffffffa0][0xffffffdf]J<[0x1]o%[0x1e][0xffffffa5]si[0xffffffc0][0xffffffa9][0xffffffb7][0x12]O[0xffffffd2][[0x9][0xffffff8d]"E[0xffffff89][0xffffff94][0xffffffb7][0x12][0x1a]K[0xffffff82][0x12][0xffffffec][[0xffffff89]5[0xffffffa2]Y[0xffffff94][0x8]{+a[0xffffffbb][0xffffff94][0xffffffa6]D[0xffffffd0][[0x9]iZ[0xffffff8e][0x12][0x7f][0xffffffff]Vb[0xffffffba][0xffffffb7][0x12][0xffffffd7]x(JL[0xfffffffc][0xffffffad][0xffffffc4]t[0xffffff92].[0xffffffce][0xfffffffb]T:[0x17][0x6]|bo%f[0xffffffd2][[0x9][0xffffff8d]"C[0x9][0x17]H[0xffffff86][0x12][0x1a][0xffffffcb]zJ[0xffffffac][0xffffffe1][0xffffffac][0xffffffa6][0xffffffc4][0x1a][0xffffffd1]$J[0xffffff98][0xfffffff2]d)a[0xffffffbb][0xffffff94][0xffffffa5][0xffffff84][0xffffffa9]V[0xffffff8e][0x12][0xffffffd2][0xffffffb4][0x14]%[0xffffffa4]x[0xffffffb7](a[0xffffffde]J[0xffffffa0][0xffffff94][0xffffffa0][0xffffffdf]J[0xffffffcc][0xffffff80][0xffffffb7][0x12]S[0xffffffe9]\[0x1a]p[0xffffffea][0xffffffad][0xffffffc4]Lz+[0xffffffa1]Q[0xffffffa4]([0xffffff91][0xfffffff2]VBcIP[0xffffff82]}+[0xffffffb1]F4[0xffffff8b][0x12]ao%l[0xffffff97][0xffffffd2][0xffffff94][0x8]z+!M[0xffffffcb]Q[0xffffffe2][0xffffffaf][0xffffffdf]J[0xffffffdc][0xffffffee]f[0xffffffd0][0xfffffff9][0xffffffea]/[0xffffff88][0x12]7~3[0xffffffe8][0x1d]p3[0xffffffe8]m[0xffffffae][0xffffffaf][0xffffffab][0xb][0xfffffff8][0xffffff8d][0xffffffdd][0xc]z[0xffffffcb][0x5]u %L[0x14][0x11]J[0xffffffd8]@"[0xffffff94]0[0xffffffb1],[0xffffffa7][0xffffff84][0xffffff84][0xffffffb3][0xffffff98][0x12][0x12][0xffffffd1] J[0xffffffb8][0xfffffff2]D)[0xffffffe1][0xffffffbb][0x14][0xffffffa5][0xffffff84][0xffffffab]V[0xffffff8c][0x12][0xffffffda][0xffffffb4][0x10]%[0xffffffb4]x7([0xffffffe1]n[0x6][0xffffff9d][0xffffffad]M[0xffffff8a][0x12][0xfffffff8][0xffffffcd][0xffffffa0]w[0xffffffc0][0xffffffcd][0xffffffa0][0xffffffb7][0xffffffb9][0xffffffbe][0xffffffae]0[0xffffffe0][0xffffffd8][0xffffffcd][0xffffffa0][0xffffffb7]\PGR"[0xffffffe4]fP[0x1b]H[0xffffff86][0x12][0x1]7[0xffffff83]J8[0xffffffab])[0x11]|3[0xffffffa8]+O[0xffffff96][0x12]y7[0xffffff83][0xffffffba]j[0xffffffe5]([0xffffff91]r3[0xffffffa8][0x16][0xffffffef][0x6]%[0xffffffdc][0xffffffcd][0xffffffa0][0xfffffff3][0xffffffe3][0xffffffbf][0xffffffa7]([0xffffff81][0xffffffdf][0xc]z[0x7][0xffffffdc][0xc]z[0xffffff9b][0xffffffeb][0xffffffeb][\n]"
01:51:24.866 [main] DEBUG org.apache.hc.client5.http.wire -- http-outgoing-1 << "[0x3][0xffffff8e][0xffffffdd][0xc]z[0xffffffcb][0x5]u$%Bn[0x6][0xffffffb5][0xffffff81]d([0x11]p3[0xffffffa8][0xffffff84][0xffffffb3][0xffffff9a][0x12][0xffffffc1]7[0xffffff83][0xffffffba][0xfffffff2]d)[0xffffff91]w3[0xffffffa8][0xffffffab]V[0xffffff8e][0x12])7[0xffffff83]j[0xfffffff1]nP[0xffffffc2][0xffffffdd][0xc]:o[0xffffffee][0xffffffad][0x4]~3[0xffffffe8][0x1d]p3[0xffffffe8]m[0xffffffae][0xffffffaf]+[0xc]8v3[0xffffffe8]-[0x17][0xffffffd4][0xffffff91][0xffffff94][0x8][0xffffffb9][0x19][0xffffffd4][0x6][0xffffff92][0xffffffa1]D[0xffffffc0][0xffffffcd][0xffffffa0][0x12][0xffffffce]jJ[0x4][0xffffffdf][0xc][0xffffffea][0xffffffca][0xffffff93][0xffffffa5]D[0xffffffde][0xffffffcd][0xffffffa0][0xffffffae]Z9J[0xffffffa4][0xffffffdc][0xc][0xffffffaa][0xffffffc5][0xffffffbb]A[0x9]w3[0xffffffe8][0xffffffbc]o[0xffffff8c][0x12][0xfffffff8][0xffffffcd][0xffffffa0]w[0xffffffc0][0xffffffcd][0xffffffa0][0xffffffb7][0xffffffb9][0xffffffbe][0xffffffae]0[0xffffffe0][0xffffffd8][0xffffffcd][0xffffffa0][0xffffffb7]\PGR"[0xffffffe4]fP[0x1b]H[0xffffff86][0x12][0x1]7[0xffffff83]J8[0xffffffab])[0x11]|3[0xffffffa8]+O[0xffffff96][0x12]y7[0xffffff83][0xffffffba]j[0xffffffe5]([0xffffff91]r3[0xffffffa8][0x16][0xffffffef][0x6]%[0xffffffdc][0xffffffcd][0xffffffa0][0xfffffff3]y[0x1d][0x14]%[0xfffffff0][0xffffff9b]A[0xffffffef][0xffffff80][0xffffff9b]Aos}]a[0xffffffc0][0xffffffb1][0xffffff9b]Ao[0xffffffb9][0xffffffa0][0xffffff8e][0xffffffa4]D[0xffffffc8][0xffffffcd][0xffffffa0]6[0xffffff90][0xc]%[0x2]n[0x6][0xffffff95]pVS"[0xfffffff8]fPW[0xffffff9e],%[0xfffffff2]n[0x6]u[0xffffffd5][0xffffffca]Q"[0xffffffe5]fP-[0xffffffde][\r]J[0xffffffb8];8>,[0xffffff81][0xffffffbd][0xffffff95][0xffffffc0][0xffffffef][0xffffffe0][0xffffffb8][0x3][0xffffffee][0xffffffe0][0xffffffb8][0xffffffcd]P|a[0xffffffc0][0xffffffb1];8n[0xffffff99][0xffffff82]')[0x11]r[0x7][0xffffff87][\r]$C[0xffffff89][0xffffff80];8$[0xffffff9c][0xffffffd5][0xffffff94][0x8][0xffffffbe][0xffffff83][0xffffffc3][0xffffff95]'K[0xffffff89][0xffffffbc];8\[0xffffffb5]r[0xffffff94]H[0xffffffb9][0xffffff83]C[0xffffff8b]w[0xffffff8b][0x12]G[0x18]%[0xe][0xffffff9c][0x12]G[0x0]%[0xe][0xffffff94][0x12][0x7]"
01:51:24.874 [main] DEBUG org.apache.hc.client5.http.wire -- http-outgoing-1 << "F[0xffffff89]#[0xffffff89][0x12]k[0x14])Jh )J[0xffffffac][0xffffffb1]$(q[0xffffffc0][0xffffff94]8[0xffffff82])![0xffffffe5]IS[0xffffffc2]t)M[0x9][0xffffffa9]V[0xffffff92][0x12]G[\n]"
01:51:24.874 [main] DEBUG org.apache.hc.client5.http.wire -- http-outgoing-1 << "%[0xffffff8e][0xffffffbf][0xffffffa6][0xffffff84][0xffffffde][0xffffffc1]q[0xffffffbc]^G[0xffffffc3][0xfffffffe][0xffffffc0][0xffffff81][0xffffffdf][0xffffffc1]q[0x7][0xffffffdc][0xffffffc1]q[0xffffff9b][0xffffffa1][0xfffffff8][0xffffffc2][0xffffff80]cwp[0xffffffdc]2[0x5]OR"[0xffffffe4][0xe][0xe][0x1b]H[0xffffff86][0x12][0x1]wpH8[0xffffffab])[0x11]|[0x7][0xffffff87]+O[0xffffff96][0x12]ywp[0xffffffb8]j[0xffffffe5]([0xffffff91]r[0x7][0xffffff87][0x16][0xffffffef][0x16]%[0xffffffd6][0xffffffb5]K[0xffffff9a][0x12][0xfffffff0][0xffffffda][0xffffffe5][0x1d]p[0x7][0xffffffc7]m[0xffffff86][0xffffffe2]K[0x3][0xe][0xffffffad]][0xffffffde]2[0x5][0xffffffcf]R"b[0xffffffed][0xffffffd2][0x6][0xffffff92][0xffffffa2][0x4][0xffffffbe]v)[0xffffffe1][0xffffffac][0xffffffa7]D[0xffffffec][0xffffffda][0xffffffa5]+O[0xffffff9a][0x12]ik[0xffffff97][0xffffffae]ZIJd[0xffffffac]]j[0xfffffff1]nQ[0xffffffe2][0xe][0xffffffa3][0xffffffc4][0xffffff8d]S[0xffffffe2][0xe][0xffffffa0][0xffffffc4][0xffffff8d]R[0xffffffe2][0xffffffc6](q'Qb[0xffffff8d]"E[0x9][\r]$E[0xffffff89]5[0xffffff96][0x4]%n[0xffffff98][0x12]w0%[0xffffffa4]<iJ[0xffffff98].[0xffffffa5])![0xffffffd5]JR[0xffffffe2]N[0xffffffa1][0xffffffc4][0xfffffffd][0x1f]P[0xffffffa2][0xffffffa5]Y[0xffffffa2][0xfffffff1][0xffffff98]h[0x9][0xffffff9a]h,'[0x1a][0xffffffe7][0xffffff89][0x16][0x5][\n]"
01:51:24.874 [main] DEBUG org.apache.hc.client5.http.wire -- http-outgoing-1 << "[0xffffffc9]#%[\n]"
01:51:24.875 [main] DEBUG org.apache.hc.client5.http.wire -- http-outgoing-1 << "[0xffffff93]J[0xffffff8a][0x14][0xffffff92]M[0xffffffc2][0x14][0xffffff8d]FEKV[0xffffff85][0xffffffd6]([0xffffffcd][\n]"
01:51:24.875 [main] DEBUG org.apache.hc.client5.http.wire -- http-outgoing-1 << "[0xffffffd7][0xffffffaa][0xffffffb4]+[0xffffffb4]dIX[0xffffffac][0xffffff9d][0xffffffcb][0xffffffc9]b[0xffffffad][0xffffffe0]-Z[0xfffffff4][0x11]F[0xffffff8b]>pZ|<[0x2]O[0xffffff8b][0x1f][0xf]A[0xffffffd1][0xffffffe2][0xffffffe3][0xffffffe7])Z|[0xffffffff]t[\n]"
01:51:24.875 [main] DEBUG org.apache.hc.client5.http.wire -- http-outgoing-1 << "-$[0xffffff8f][0x14]-L*)ZH6[0x9]Z,[0x9][0xffffffad][0xffffffa7][0xffffffc5][0xffffff92][0xffffffd3],Zh[0xffffff8d][0xffffffd2][0xffffffb4]p[0xffffffad]J[0xffffffd3]BK[0xffffff96][0xffffffa4][0xffffffc5][0xffffffda][0xffffffb9][0x1c]-[0xffffffd6][\n]"
01:51:24.875 [main] DEBUG org.apache.hc.client5.http.wire -- http-outgoing-1 << "[0xffffffde][0xffffffa2][0xffffffc5][0xffffff91]F[0xffffff8b][0xffffff83][0xffffffa7][0xffffffc5][0xffffff91]@[0xffffff8b][0xffffff83][0xffffffa5][0xffffffc5][0xffffffc1][0xffffffd1][0xffffffe2][0xffffff88][0xffffffa2][0xffffff85][0xffffffe4][0xffffff91][0xffffffa2][0xffffff85]I%E[0xb][0xffffffc9]&A[0xffffff8b][0xffffff83][0xffffffa6][0xffffffc5][0xffffff91]L[0xb][0xffffffad]Q[0xffffff9a][0x16][0xffffffae]UiZh[0xffffffc9][0xffffff92][0xffffffb4]X;[0xffffff97][0xffffffa3][0xffffffc5]Z[0xffffffc1][[0xffffffb4][0xffffffb8][0xffffffae]0Z\[0x17]N[0xffffff8b][0xffffff8f]G[0xffffffe0]i[0xfffffff1][0xffffffe3]!(Z|[0xfffffffc]<E[0xffffff8b][0xffffffef][0xffffff9f]N[0xffffffa1][0xffffff85][0xffffffe4][0xffffff91][0xffffffa2][0xffffff85]I%E[0xb][0xffffffc9]&A[0xffffff8b]%[0xffffffa1][0xfffffff5][0xffffffb4]Xr[0xffffff9a]E[0xb][0xffffffad]Q[0xffffff9a][0x16][0xffffffae]UiZh[0xffffffc9][0xffffff92][0xffffffb4]X;[0xffffff97][0xffffffa3][0xffffffc5]Z[0xffffffc1][[0xffffffb4][0x18]-[0xffffff8c][0x16][0xffffffa3][0xffffffe1][0xffffffb4][0xfffffff8]x[0x4][0xffffff9e][0x16]?[0x1e][0xffffff82][0xffffffa2][0xffffffc5][0xffffffc7][0xffffffcf]S[0xffffffb4][0xfffffff8][0xfffffffe][0xffffffe9][0x14]ZH[0x1e])Z[0xffffff98]TR[0xffffffb4][0xffffff90]l[0x12][0xffffffb4]X[0x12]ZO[0xffffff8b]%[0xffffffa7]Y[0xffffffb4][0xffffffd0][0x1a][0xffffffa5]i[0xffffffe1]Z[0xffffff95][0xffffffa6][0xffffff85][0xffffff96],I[0xffffff8b][0xffffffb5]s9Z[0xffffffac][0x15][0xffffffbc]G[0xffffff8b][0xffffffb4][0xffffffd3][0xffffffa5][0xffffff83]?^:[0x12][0xffffffce][0xffffff97][0xe][0xfffffff6][0xffffff80][0xffffffe9][0xffffffe0]N[0xffffff98][0xffffff8e][0xffffffa8]#[0xffffffa6][0xffffff92]G[0xffffff8c][0x16]9[0xffffff87]L%[0xffffff9b][0x8]-[0xffffffe8]c[0xffffffa6]#[0xfffffff9][0xffffff9c][0xffffffa9][0xffffffd6](N[0xffffff8b][0xffffffc0][0xffffff93][0xffffffa6]Z[0xffffffb2](-b[0xffffffce][0xffffff9a][0xffffffae][0x15][0xffffffbc]G[0xffffff8b]uN[0x13][0xffffffa7][0x5][0xffffffbd][0xffffffa7][0xfffffff9][0xfffffff5][0x8][0x1][0xffffffb4] [0x17]5[0xffffffbf]~[0x1e][0xffffffa3]E[0xffffffd0][0xffffffa6][0xffffffa6][0xffffffc9]#F[0xffffff8b][0xffffff94]UM[0xffffff93]M[0xffffff84][0x16][0xffffffec][0xffffffae][0xffffffa6][0xffffffe4]4[0xffffff8c][0x16]a[0xffffffcb][0xffffff9a][0xffffffbe]UqZ[0x4]mkj[0xffffffe7][0xffffff82][0xffffffb4][0xfffffff8]/[0xffffffd6]5[[0xffffffdc][0x11][0xffffff91][0x16]pF[0xffffffa4]E[0x1c][0x12]i[0xfffffffa][0x1]si[0xffffffd4][0x1b]xL[0xffffffa4]e[0xffffff9d][0x13][0xffffffd1]PR[0xffffffc2]p[0xffffffd1][0xffffffa4][0xffffff88][0xffffffa1][0x1]%[0xffffff8c][0xffffffb1][0xffffffc6][0xffffffb4][0x1e][0x19]kX[0xffffffb3][0xffffff94]a[\n]"
01:51:24.875 [main] DEBUG org.apache.hc.client5.http.wire -- http-outgoing-1 << "[0xffffff95]f[0xffffff86][0xffffffed]W[0xffffffda][0x19][0xffffffa6]nIhH[0xfffffffb]r[0xffffffd2][0xffffff90]2[0xffffffde][0xffffffa4]F[0xffffffdc][0xffffffd0]E[0xf]X[0xffffffba][0xffffffe8][0x11]S[0x17][0x1d][0xffffffde][0xffffffba][0xffffffe8][0xffffffe0][0xffffffd8]E[0xffffffcf]Z[0xffffffbb][0xffffff90]Pr[0xffffffd4][0x8][0xffffffda][0xffffffbb][0xffffff90][0xffffff80]2[0xffffffd4][0xffffffc0][0x17]/z[0xfffffff4][0xffffffe4][0xffffff85][0x16]*O[0xffffff8d][0xffffffc4][0xffffffd1][0xb][0xffffffad][[0xffffff96][0x1a]9[0xffffffb3][0x17]k[0x19][0xffffffef]Q[0xffffffe3]I[0xfffffffb][0x18][0xffffffe3][0xffffffe3][0xffffff89]xj<[0x9][0xffffff9f]c[0xfffffffc]|[\n]"
01:51:24.877 [main] DEBUG org.apache.hc.client5.http.wire -- http-outgoing-1 << "[0xffffff8c][0x1a][0xf][0xfffffff7]A[0xffffffc6][0xffffff8f][0xffffffdf][0xffffff8e][0xffffffa1][0xffffff86][0xffffff84][0x12][0xffffffa3][0xffffff86][0xffffff89]&F[\r][0x9](B[0xffffff8d][0xffffff87][0xfffffffe]*c[\r]k[0x18]5[0xffffffb4]Pqj[0xffffffb8]~[0xffffffc5][0xffffffa9][0xffffffa1]u[0xffffff8b]Rcm_[0xffffff90][0x1a]k[0x19][0xffffffff][0x9]5[0xffffffee][0xffffffaf][0x7f][0xffffffe5]9[0xffffffcc][0xfffffff5]d[0xfffffffd]u?[0xffffffe5][0xffffffd0][0xfffffff8][0xfffffffd]<[0x14]3[0xfffffffe][0xfffffff1][0x4][0x18]2[0xffffff96]g(&[0xffffffc6]?~[0xffffffbd][0x18][0x18][0xffffffff][0xfffffffb][0xffffffcb]0/[0xffffffde]F[0xffffffb1][0x18][0x17][0xffffffff][0x12][0xffffffc8]bZ[0xffffffbc][0xffffff8d]e!,[0xffffffde][0xffffff84][0xffffffb3][0xffffff8c][0x15]o"[0x1a][0xffffff81][0xffffff8a][0xfffffff7][0xffffffe5][0x9][0xffffff91][0xffffffe2][0xffffffdf][0xffffffba][0x14][0x2][0xffffffc5][0xfffffffb]j[0x5]8[0xfffffff1][0xffffffae]i[0xffffffcb]1[0xfffffff1][0xffffffae]x7(q:J[0x1c][0xffffffd7]IQ[0xffffffe2][0xffffffc4])q[0x6]P[0xffffffe2][0xffffffd4][0xffffffbc][0x17][0x6][0xfffffffc][0xffffffc4](q&QB[0xffffffa3][0xffffffc8]P[0xffffffc2][0x5][0xffffff92][0xffffffa1][0xffffff84][0xffffffc6][0xffffffb2][0xffffff9e][0x12]k8[0xffffffab])[0xffffffb1]F4[0xffffff89][0x12][0xffffffa6]<YJ[0xffffffd8].e)a[0xffffffaa][0xffffff95][0xffffffa3][0xffffff84]4-E[0x9])[0xffffffde][\r]J\[0xffffff8e][0x12]Wo[0x14]%.[0xffffff9c][0x12]W[0x0]%.[0xffffffcd]{a[0xffffffc0]/[0xffffff8c][0x12]W[0x12]%4[0xffffff8a][0xc]%\ [0x19]Jh,[0xffffffeb])[0xffffffb1][0xffffff86][0xffffffb3][0xffffff9a][0x12]kD[0xffffff93](a[0xffffffca][0xffffff93][0xffffffa5][0xffffff84][0xffffffed]R[0xffffff96][0x12][0xffffffa6]Z9JH[0xffffffd3]R[0xffffff94][0xffffff90][0xffffffe2][0xffffffdd][0xffffffa0][0xffffffc4]p[0xffffff94][0xffffff98]_[0xb][0xffffff9d][0x8]%[0x6]N[0xffffff89][0x11]@[0xffffff89][0xffffffa1]y/[0xc][0xfffffff8][0xffffffc0](1[0xffffff92]([0xffffffa1]Qd([0xffffffe1][0x2][0xffffffc9]PBcYO[0xffffff89]5[0xffffff9c][0xffffffd5][0xffffff94]X#[0xffffff9a]D[0x9]S[0xffffff9e],%l[0xffffff97][0xffffffb2][0xffffff94]0[0xffffffd5][0xffffffca]QB[0xffffff9a][0xffffff96][0xffffffa2][0xffffff84][0x14][0xffffffef][0x6]%nC[0xffffff89][0xffffffcf][0xffffffff]P[0xffffff94][0xffffffb8]qJ[0xffffffdc][0x1][0xffffff94][0xffffffb8]5[0xffffffef][0xffffff85][0x1][0xffffffbf]1J[0xffffffdc]I[0xffffff94][0xffffffd0](2[0xffffff94]p[0xffffff81]d([0xffffffa1][0xffffffb1][0xffffffac][0xffffffa7][0xffffffc4][0x1a][0xffffffce]jJ[0xffffffac][0x11]M[0xffffffa2][0xffffff84])O[0xffffff96][0x12][0xffffffb6]KYJ[0xffffff98]j[0xffffffe5](!MKQB[0xffffff8a]w[0xffffff83][0x12][0xffffff8f][0xffffffa5][0xffffffc4]sR[0xffffff94]xpJ<[0x1][0xffffff94]x4[0xffffffef][0xffffff85][0x1][0x7f]0J<I[0xffffff94][0xffffffd0](2[0xffffff94]p[0xffffff81]d([0xffffffa1][0xffffffb1][0xffffffac][0xffffffa7][0xffffffc4][0x1a][0xffffffce]jJ[0xffffffac][0x11]M[0xffffffa2][0xffffff84])O[0xffffff96][0x12][0xffffffb6]KYJ[0xffffff98]j[0xffffffe5](!MKQB[0xffffff8a]w[0xffffff83][0x12][0xffffffd3]Q[0xffffffa2]qo%&N[0xffffff89][0x19]@[0xffffff89][0xffffffa9]y/[0xc][0xfffffff8][0xffffffc4](1[0xffffff93]([0xffffffa1]Qd([0xffffffe1][0x2][0xffffffc9]PBcYO[0xffffff89]5[0xffffff9c][0xffffffd5][0xffffff94]X#[0xffffff9a]D[0x9]S[0xffffff9e],%l[0xffffff97][0xffffffb2][0xffffff94]0[0xffffffd5][0xffffffca]QB[0xffffff9a][0xffffff96][0xffffffa2][0xffffff84][0x14][0xffffffef][0xffffff9f]Sb[0xffffffbe],%[0xffffffee][0x9]Q[0xffffffe2][0xfffffff3]yXJ|=[0x1]L[0xffffff89]_[0xffffffcf][0xffffff80]P[0xffffffe2][0xffffffeb][0xffffffd7][0x11]J[0xfffffffc][0xfffffffc][0xffffffe5][0x8]J[0xffffff98]("[0xffffff94][0xffffffb0][0xffffff81]D(abYN[0x9][0x9]g1%$[0xffffffa2]A[0xffffff94]p[0xffffffe5][0xffffff89]R[0xffffffc2]w)J[0x9]W[0xffffffad][0x18]%[0xffffffb4]i!Jh[0xfffffff1]nP[0xffffffa2]9J[0xfffffff4][0xffffff87]z+[0xfffffff1][0xfffffff9]<0%Z[0x0]%[0xffffff9a][0xffffffe6][0xffffffbd]0[0xffffffe0][\r][0xffffffa3]DK[0xffffffa2][0xffffff84]F[0xffffff91][0xffffffa1][0xffffff84][0xb]$C[0x9][0xffffff8d]e=%[0xffffffd6]pVSb[0xffffff8d]h[0x12]%Ly[0xffffffb2][0xffffff94][0xffffffb0]][0xffffffca]R[0xffffffc2]T+G[0x9]iZ[0xffffff8a][0x12]R[0xffffffbc][0x1b][0xffffff94][0xffffffe8][0xffffff8e][0x12][0xffffffd7][0xffffff89][0xffffffbd][0xffffff95][0xffffffe8]8%z[0x0]%[0xffffffba][0xffffffe6][0xffffffbd]0[0xffffffe0][0x1d][0xffffffa3]DO[0xffffffa2][0xffffff84]F[0xffffff91][0xffffffa1][0xffffff84][0xb]$C[0x9][0xffffff8d]e=%[0xffffffd6]pVSb[0xffffff8d]h[0x12]%Ly[0xffffffb2][0xffffff94][0xffffffb0]][0xffffffca]R[0xffffffc2]T+G[0x9]iZ[0xffffff8a][0x12]R[0xffffffbc][0x1b][0xffffff94]pk[0xffffff97][0xffffffc7][0xffffffdd]0J[0xffffffe0]k[0xffffff97]3`[0xffffffed]r[0xffffff9a]I[0xffffffb6][0xffffffc2][0xffffff80]ck[0xffffff97]SF[0xffffffd7]HJ[0xffffff84][0xffffffac]][0xffffffda]@2[0xffffff94][0x8]X[0xffffffbb][0xffffff94]pVS"x[0xffffffed][0xffffffd2][0xffffff95]'K[0xffffff89][0xffffffbc][0xffffffb5]KW[0xffffffad][0x1c]%R[0xffffffd6].[0xffffffb5]x[0xffffffb7]([0xffffffd1][0xffffffc3]([0xffffff81][0xffffffdd][0xffffffcf][0xfffffff1][0xffffff8f]'[0xffffffe0])[0xffffff81][0xffffffdc][0xffffffcd][0xfffffff1][0xffffff8f]_[0xffffffa7]([0xffffff91]p/[0xffffffc7][0xffffffdb](R[0xffffff94][0xffffffc0][0xffffffef][0xffffffe4]x[0x1b]K[0xffffff82][0x12][0xffffffd0]}[0x1c]o"[0xffffff9a]E[0xffffff89][0xffffff94][0xffffffbb]8[0xfffffffe][0xffffffad]KiJ$[0xffffffdc][0xffffffc3][0xfffffff1][0xffffffae]i9J[0xfffffffc][0xfffffff5][0x1d][0x1c][0xffffffd3][\r]g[0xffffff9f][0xfffffffd]E[0xffffffad]]N|8{[0x6][0xc]gO[0xffffffb3][0xffffffee]Z[0x18]pl8{[0xffffffca]~+I[0xffffff89][0xffffff90][0xffffffe1]l[0x1b]H[0xffffff86][0x12][0x1][0xffffffc3][0xffffffd9][0x12][0xffffffce]jJ[0x4][0xf]g[0xffffffbb][0xfffffff2]d)[0xffffff91]7[0xffffff9c][0xffffffed][0xffffffaa][0xffffff95][0xffffffa3]D[0xffffffca]p[0xffffffb6][0x16][0xffffffef][0x6]%[0xffffffdc]p[0xfffffff6]y[0xffffff8c][0xffffff9b][0xffffffa2][0x4]>[0xffffff9c]=[0x3][0xffffff86][0xffffffb3][0xffffffa7]Yw-[0xc]86[0xffffff9c]=e[0xffffffbf][0xffffff95][0xffffffa4]D[0xffffffc8]p[0xffffffb6][\r]$C[0xffffff89][0xffffff80][0xffffffe1]l[0x9]g5%[0xffffff82][0xffffff87][0xffffffb3]]y[0xffffffb2][0xffffff94][0xffffffc8][0x1b][0xffffffce]v[0xffffffd5][0xffffffca]Q"e8[[0xffffff8b]w[0xffffff83][0x12]n8[0xfffffffb][0xffffffbc];5[0xffffff9c]=[0xfffffff1][0xffffffe1][0xffffffec][0x19]0[0xffffff9c]=[0xffffffcd][0xffffffba]ka[0xffffffc0][0xffffffb1][0xffffffe1][0xffffffec])[0xfffffffb][0xffffffad]$%B[0xffffff86][0xffffffb3]m [0x19]J[0x4][0xc]gK8[0xffffffab])[0x11]<[0xffffff9c][0xffffffed][0xffffffca][0xffffff93][0xffffffa5]D[0xffffffde]p[0xffffffb6][0xffffffab]V[0xffffff8e][0x12])[0xffffffc3][0xffffffd9]Z[0xffffffbc][0x1b][0xffffff94][0xffffffb8][\r]%[0xffffffae][0xffffffd7][0xffffff83][0xfffffffd][0xffffff81][0xffffffe3][0xffffffc6])q[0x7]P[0xffffffe2][0xffffffd6][0xffffffbc][0x17][0x6][0xfffffffc][0xffffffc6](q'QB[0xffffffa3][0xffffffc8]P[0xffffffc2][0x5][0xffffff92][0xffffffa1][0xffffff84][0xffffffc6][0xffffffb2][0xffffff9e][0x12]k8[0xffffffab])[0xffffffb1]F4[0xffffff89][0x12][0xffffffa6]<YJ[0xffffffd8].e)a[0xffffffaa][0xffffff95][0xffffffa3][0xffffff84]4-E[0x9])[0xffffffde][\r]J<[0xffffffff]w(%[0xffffff8e][0xfffffff6]P[0xffffff94][0xfffffff8]x[0x1e][0xffffff98][0x12][0xffffff9f]O@S[0xffffffe2][0xffffffe7]30[0xffffff94][0xfffffff8][0xfffffffc]u[0xffffff86][0x12]?~9[0xffffff83][0x12][0x1a]E[0xffffff86][0x12].[0xffffff90][0xc]%4[0xffffff96][0xfffffff5][0xffffff94]X[0xffffffc3]YM[0xffffff89]5[0xffffffa2]I[0xffffff94]0[0xffffffe5][0xffffffc9]R[0xffffffc2]v)K[0x9]S[0xffffffad][0x1c]%[0xffffffa4]i)JH[0xfffffff1]nPb[0xffffff9a][0x13][0x1c][0xffffffd7][0xffffffb8];E[0xffffff89][0xffffff89][0xffffff9f][0xffffffe0][0xffffff98][0x1]'8[0xffffffa6]~f\[0x18][0xfffffff0][0xffffff89][0xffffff9d][0xffffffe0][0xffffff98]I'84[0xffffff8a][0xc]%\ [0x19]Jh,[0xffffffeb])[0xffffffb1][0xffffff86][0xffffffb3][0xffffff9a][0x12]kD[0xffffff93](a[0xffffffca][0xffffff93][0xffffffa5][0xffffff84][0xffffffed]R[0xffffff96][0x12][0xffffffa6]Z9JH[0xffffffd3]R[0xffffff94][0xffffff90][0xffffffe2][0xffffffdd][0xffffffa2][0xffffffc4][0x19]F[0xffffff89][0x13][0xffffffa7][0xffffffc4][0x19]@[0xffffff89][0x13][0xffffffa5][0xffffffc4][0xffffff89]Q[0xffffffe2]L[0xffffffa2][0xffffffc4][0x1a]E[0xffffff8a][0x12][0x1a]H[0xffffff8a][0x12]k,[0x9]J[0xffffff9c]0%[0xffffffce]`JHy[0xffffffd2][0xffffff94]0]JSB[0xffffffaa][0xffffff95][0xffffffa4][0xffffffc4][0xffffff99]B[0xffffff89][0xfffffff3]/)q[0xffffffbd][0xffffffdc][0x1d][0x1c][0xffffffe3]u@[0xffffffbb][0x12]_[0xffffffcf][0xffffff83]R[0xffffffe2][0xfffffffb][0x9]XJ[0xfffffffc]~[0x6][0xffffff82][0x12][0xffffffdf][0xffffffbf]NP[0xffffffe2][0xffffffd7]/'P[0xffffffc2]E[0xffffff91][0xffffffa0][0xffffff84][0xf]$A[0x9][0x17][0xffffffcb]jJh8k)[0xffffffa1][0x11][0xffffffcd][0xffffffa1][0xffffff84]-O[0xffffff92][0x12]o[0xffffffba][0xffffff94][0xffffffa4][0xffffff84][0xffffffad]V[0xffffff8a][0x12][0xffffffa6]i[0x19]J[0xffffff98][0xffffffe2][0xffffffdd][0xffffffa0][0xffffff84][0xffffffbb][0xffffff83]c[0xffffffbc]&t[0x7][0xffffffc7][0xffffffd7][0xfffffff3][0xffffffc0][0xffffff94][0xffffffe0][0xffffffef][0xffffffe0][0xfffffff8][0xfffffffd][0xc][0xc]%[0xffffffa8];8~[0xfffffffd]r[0x6]%2[0xffffffee][0xffffffe0][0xfffffff0][0xffffff81]d([0xffffffc1][0xffffffdf][0xffffffc1][0xffffffa1][0xffffffe1][0xffffffac][0xffffffa6]D[0xffffffee][0x1d][0x1c][0xffffffb6]<YJ[0xffffffc4][0xffffffdd][0xffffffc1]a[0xffffffab][0xffffff95][0xffffffa3]D[0xffffffc8][0x1d][0x1c][0xffffffa6]x7(q;J[0xffffffdc][0xffffffd4]g[0xffffff97]_[0xffffffcf][0x3]S[0xffffffe2][0xe][0xffffffa0][0xffffffc4][0xffffffad]y/[0xc][0xfffffff8][0xffffff8d]Q[0xffffffe2]N[0xffffffa2][0xffffff84]F[0xffffff91][0xffffffa1][0xffffff84][0xb]$C[0x9][0xffffff8d]e=%[0xffffffd6]pVSb[0xffffff8d]h[0x12]%Ly[0xffffffb2][0xffffff94][0xffffffb0]][0xffffffca]R[0xffffffc2]T+G[0x9]iZ[0xffffff8a][0x12]R[0xffffffbc][0x1b][0xffffff94]x[0xc]%[0xffffffee]6[0xffffffb0][0xffffffb7][0x12][0xf]N[0xffffff89]'[0xffffff80][0x12][0xffffff8f][0xffffffe6][0xffffffbd]0[0xffffffe0][0xf]F[0xffffff89]'[0xffffff89][0x12][0x1a]E[0xffffff86][0x12].[0xffffff90][0xc]%4[0xffffff96][0xfffffff5][0xffffff94]X[0xffffffc3]YM[0xffffff89]5[0xffffffa2]I[0xffffff94]0[0xffffffe5][0xffffffc9]R[0xffffffc2]v)K[0x9]S[0xffffffad][0x1c]%[0xffffffa4]i)JH[0xfffffff1]nPb:J[0x1c][0x3][0xfffffffa][0xffffffec][0xfffffff2][0xffffffeb]y`J[0xffffffcc][0x0]JL[0xffffffcd]{a[0xffffffc0]'F[0xffffff89][0xffffff99]D[0x9][0xffffff8d]"C[0x9][0x17]H[0xffffff86][0x12][0x1a][0xffffffcb]zJ[0xffffffac][0xffffffe1][0xffffffac][0xffffffa6][0xffffffc4][0x1a][0xffffffd1]$J[0xffffff98][0xfffffff2]d)a[0xffffffbb][0xffffff94][0xffffffa5][0xffffff84][0xffffffa9]V[0xffffff8e][0x12][0xffffffd2][0xffffffb4][0x14]%[0xffffffa4]x[0xffffffff][0xffffff9c][0x12][0xffffffcd]}vy?[0x7][0xfffffff5]V[0xffffffa2][0xffffffe1][0xffffff9f]][0xffffffb6][0xffffff80][0xffffffcf].[0xffffff9b][0xfffffff9]6[0xffffffa8].[0xffffffe0][\r][0xfffffffb][0xffffffec][0xffffffb2][0xffffffc9][0xffffffd7]? %L[0x14][0x11]J[0xffffffd8]@"[0xffffff94]0[0xffffffb1],[0xffffffa7][0xffffff84][0xffffff84][0xffffffb3][0xffffff98][0x12][0x12][0xffffffd1] J[0xffffffb8][0xfffffff2]D)[0xffffffe1][0xffffffbb][0x14][0xffffffa5][0xffffff84][0xffffffab]V[0xffffff8c][0x12][0xffffffda][0xffffffb4][0x10]%[0xffffffb4]x[0xffffffb7](q[0xffffff86]Q[0xffffff82]=[0xc][0xfffffffa][0xfffffffd][0x4]<%[0xffffffb8][0xffffffc3][0xffffffa0][0xffffffdf][0xffffffbf]NQ"[0xffffffe6]0[0xffffffa8][0xffffff8b]"E[0xffffff89][0xffffff8c][0xffffffc3][0xffffffa0].[0xffffff96][0x4]%[0xffffffc8][0xffffffc3][0xffffffa0][0x1a][0xffffffd1],JD[0x1d][0x6]}[0xffffffd3][0xffffffa5]4%b[0xe][0xffffff83][0xffffff9a][0xffffffa6][0xffffffe5]([0xfffffff1][0xffffffd7][0xffffff87]A[0xffffff9b];[0xffffffc1]qO[0xffffffec][[0xffffff89][0xffffff86][0xffffff9f][0xffffffe0]h[0x1]'8[0xffffff9a][0xfffffff9][0xffffffcc][0xffffffb8]0[0xffffffe0][0xffffffd8][0x9][0xffffff8e]&[0x1f][0x12][0xffffff93][0xffffff94][0x8]9[0xffffffc1]a[0x3][0xffffffc9]P"[0xffffffe0][0x4][0xffffff87][0xffffff84][0xffffffb3][0xffffff9a][0x12][0xffffffc1]'8\y[0xffffffb2][0xffffff94][0xffffffc8];[0xffffffc1][0xffffffe1][0xffffffaa][0xffffff95][0xffffffa3]D[0xffffffca][0x9][0xe]-[0xffffffde][\r]JtC[0xffffff89][0xffffffe7]l[0xffffffd4][0xffffffb7][0x12][0xffffff9f][0xffffffcf][0x3]S[0xffffffa2][0x7]P[0xffffffa2]k[0xffffffde][0xb][0x3][0xffffffde]1J[0xfffffff4]$Jh[0x14][0x19]J[0xffffffb8]@2[0xffffff94][0xffffffd0]X[0xffffffd6]Sb[\r]g5%[0xffffffd6][0xffffff88]&Q[0xffffffc2][0xffffff94]'K[0x9][0xffffffdb][0xffffffa5],%L[0xffffffb5]r[0xffffff94][0xffffff90][0xffffffa6][0xffffffa5](![0xffffffc5][0xffffffbb]A[0x9]w[0xffffffc9][0xfffffff8]|[0xffffffbd][0xffffffa8][0xffffffc3][0xffffffa0][0xffffff8d][0xffffffbe]d[0xfffffffc][0xfffffffb][0x9]hJ[0xffffff90][0xffffff97][0xffffff8c][0x7f][0xffffffff]:C[0xffffff89][0xffffffa0]K[0xffffffc6]][0x14][0x19]J[0xffffffa4]\2[0xffffffee]bYO[0x9][0xfffffff6][0xffffff92]q[0xffffff8d]h[0x12]%[0xffffffc2].[0x19][0x7f][0xffffffd3][0xffffffa5],%[0xffffff82].[0x19]7MKQ[0xffffffe2][0xffffffef]/[0x19][0xffffffbf][0xffffff9a][0xffffffbb]d|[0xffffffbe][0x6]F[0x9][0xfffffffa][0xffffff92][0xfffffff1][0xffffffef]'[0xffffffa0])A^2[0xfffffffe][0xfffffffd][0xffffffeb][0xc]%[0xffffff82].[0x19]wQd([0xffffff91]r[0xffffffc9][0xffffffb8][0xffffff8b]e=%[0xffffffd8]K[0xffffffc6]5[0xffffffa2]I[0xffffff94][0x8][0xffffffbb]d[0xfffffffc]M[0xffffff97][0xffffffb2][0xffffff94][0x8][0xffffffba]d[0xffffffdc]4-E[0xffffff89][0xffffffbf][0xffffffbf]d[0xfffffffc]j[0xffffffb7][0xffffffa3]D;o[0xffffff8a][0x12]7N[0xffffff89];[0xffffff80][0x12][0xffffffb7][0xffffffe6][0xffffffbd]0[0xffffffe0]7F[0xffffff89];[0xffffff89][0x12][0x1a]E[0xffffff86][0x12].[0xffffff90][0xc]%4[0xffffff96][0xfffffff5][0xffffff94]X[0xffffffc3]YM[0xffffff89]5[0xffffffa2]I[0xffffff94]0[0xffffffe5][0xffffffc9]R[0xffffffc2]v)K[0x9]S[0xffffffad][0x1c]%[0xffffffa4]i)JH[0xfffffff1]nP[0xffffffe2]17[0xffffff83][0xffffffce]>O[0xffffff8a][0x12][0xf]|3[0xffffffe8][0xfffffff7][0x13][0xffffffd0][0xffffff94]x[0xfffffff4][0xfffffffa][0xffffffba][0xffffffc2][0xffffff80]?[0xffffffd0][0xffffffcd][0xffffffa0][0xffffffbf]~9[0xffffff83][0x12][0x1a]E[0xffffff86][0x12].[0xffffff90][0xc]%4[0xffffff96][0xfffffff5][0xffffff94]X[0xffffffc3]YM[0xffffff89]5[0xffffffa2]I[0xffffff94]0[0xffffffe5][0xffffffc9]R[0xffffffc2]v)K[0x9]S[0xffffffad][0x1c]%[0xffffffa4]i)JH[0xfffffff1]nP[0xffffffc2]MT[0xffffffcd][0xfffffffb]l[0x14]%[0xfffffff0][0xffffff89][0xffffffaa][0x16]0Q[0xffffffd5][0xffffffcc][0xffffff8e]Ja[0xffffffc0][0xffffffb1][0xffffff89][0xffffffaa]&K)$%B&[0xffffffaa]l [0x19]J[0x4]LTI8[0xffffffab])[0x11]<Q[0xffffffe5][0xffffffca][0xffffff93][0xffffffa5]D[0xffffffde]D[0xffffff95][0xffffffab]V[0xffffff8e][0x12])[0x13]UZ[0xffffffbc][0x7f]N[0xffffff89][0xffffffee]&[0xffffffaa][0xffffffe6][0xfffffff3]P[0xffffff87]A;>Q[0xffffffd5][0x3]&[0xffffffaa][0xffffffba][0xffffffd9]Q[0xffffffa9][0xb]x[0xffffffc7]&[0xffffffaa][0xffffffba],[0xffffffa5][0xffffff80][0xffffff94]0QD(a[0x3][0xffffff89]P[0xffffffc2][0xffffffc4][0xffffffb2][0xffffff9c][0x12][0x12][0xffffffce]bJHD[0xffffff83]([0xffffffe1][0xffffffca][0x13][0xffffffa5][0xffffff84][0xffffffef]R[0xffffff94][0x12][0xffffffae]Z1Jh[0xffffffd3]B[0xffffff94][0xffffffd0][0xffffffe2][0xffffffdd][0xffffffa0][0xffffff84][0xffffffd9][0xffffff95]h[0xffffffaf]6[0xffffffa8]o%:[0xffffffbe]+[0xffffffd1][0x3]v%[0xffffffba]9[0xfffffffc]\[0x18]plW[0xffffffa2][0xffffffcb][0xfffffff1]f[0xffffff92][0x12]![0xffffffbb][0x12]6[0xffffff90][0xc]%[0x2]v%$[0xffffff9c][0xffffffd5][0xffffff94][0x8][0xffffffde][0xffffff95]p[0xffffffe5][0xffffffc9]R"oW[0xffffffc2]U+G[0xffffff89][0xffffff94]][0x9]-[0xffffffde][\r]J[0xffffff98]][0xffffff89][0xfffffff6][0xffffffba][0xffffff9e][0xffffff93][0xffffffa2][0x4][0xffffffbe]+[0xffffffd1][0x3]v%[0xffffffba]9[0xfffffffc]\[0x18]plW[0xffffffa2][0xffffffcb][0xfffffff1]f[0xffffff92][0x12]![0xffffffbb][0x12]6[0xffffff90][0xc]%[0x2]v%$[0xffffff9c][0xffffffd5][0xffffff94][0x8][0xffffffde][0xffffff95]p[0xffffffe5][0xffffffc9]R"oW[0xffffffc2]U+G[0xffffff89][0xffffff94]][0x9]-[0xffffffde][\r]J[0x1c][0xffffff8e][0x12]sb[0x7f][0xffffffe0]8pJ[0x1c][0x1][0xffffff94]84[0xffffffef][0xffffff85][0x1]?0J[0x1c]I[0xffffff94][0xffffffd0](2[0xffffff94]p[0xffffff81]d([0xffffffa1][0xffffffb1][0xffffffac][0xffffffa7][0xffffffc4][0x1a][0xffffffce]jJ[0xffffffac][0x11]M[0xffffffa2][0xffffff84])O[0xffffff96][0x12][0xffffffb6]KYJ[0xffffff98]j[0xffffffe5](!MKQB[0xffffff8a]w[0xffffff8b][0x12]g[0x18]%[0xffffffe0];8[0xffffffbe][0xffffff9e][0xffffff80][0xffffffa7][0x4]x[0x7][0xffffffc7][0xffffffd7][0xffffffaf]S[0xffffff94][0xffffffc8][0xffffffb9][0xffffff83][0xffffffc3]D[0xffffff91][0xffffffa2]D[0xffffffc8][0x1d][0x1c]&[0xffffff96][0x4]%[0xffffffd0];8$[0xffffffa2]Y[0xffffff94][0xffffffc8][0xffffffba][0xffffff83][0xffffffc3]w)M[0xffffff89][0xffffff9c];8[0xffffffb4]i9J[0xfffffffc][0xfffffff5][0x1d][0x1c][0xfffffffd]4o%Z[0xffffffef][0x18]%N[0xfffffffc][0xffffffad][0xffffffc4][0x19][0xfffffff0]V[0xffffffe2]T:[0x17][0x6][0xfffffffc][0xffffffc4][0xffffffde]J[0xffffff9c]Io%4[0xffffff8a][0xc]%\ [0x19]Jh,[0xffffffeb])[0xffffffb1][0xffffff86][0xffffffb3][0xffffff9a][0x12]kD[0xffffff93](a[0xffffffca][0xffffff93][0xffffffa5][0xffffff84][0xffffffed]R[0xffffff96][0x12][0xffffffa6]Z9JH[0xffffffd3]R[0xffffff94][0xffffff90][0xffffffe2][0xffffffdd][0xffffffa0][0xffffff84]Y[0xffffffbb]lm[0x1e]'E[0x9]|[0xffffffed][0xffffffb2][0x7][0xffffffac]]v3[0xffffffc9]V[0x18]pl[0xffffffed][0xffffffb2][0xffffffcb][0xffffffe8][0x1a]I[0xffffff89][0xffffff90][0xffffffb5]K[0x1b]H[0xffffff86][0x12][0x1]k[0xffffff97][0x12][0xffffffce]jJ[0x4][0xffffffaf]][0xffffffba][0xfffffff2]d)[0xffffff91][0xffffffb7]v[0xffffffe9][0xffffffaa][0xffffff95][0xffffffa3]D[0xffffffca][0xffffffda][0xffffffa5][0x16][0xffffffef][0xffffff9f]S[0xffffffe2]p'8[0xfffffffa]uS'8[0xe][0xfffffffc][0x4][0xffffffc7][0x11]p[0xffffff82][0xffffffe3]0[0xffffff9f][0x19][0xffffffd7][0x5][0xfffffffc][0xffffffc0]Np[0x1c][0xfffffff2]!1H[0x9][0x13]E[0xffffff84][0x12]6[0xffffff90][0x8]%L,[0xffffffcb])![0xffffffe1],[0xffffffa6][0xffffff84]D4[0xffffff88][0x12][0xffffffae]<QJ[0xfffffff8].E)[0xffffffe1][0xffffffaa][0x15][0xffffffa3][0xffffff84]6-D[0x9]-[0xffffffde][\r]J[0xffffffb8][0x13][0x1c][0xfffffffd]>0J[0xffffffe0]'8[0xffffff8e][0xffffff80][0x13][0x1c][0xffffff87][0xfffffff9][0xffffffcc][0xffffffb8]0[0xffffffe0][0xffffffd8][0x9][0xffffff8e]C>$&)[0x11]r[0xffffff82][0xffffffc3][0x6][0xffffff92][0xffffffa1]D[0xffffffc0][0x9][0xe][0x9]g5%[0xffffff82]Op[0xffffffb8][0xfffffff2]d)[0xffffff91]w[0xffffff82][0xffffffc3]U+G[0xffffff89][0xffffff94][0x13][0x1c]Z[0xffffffbc][0x1b][0xffffff94]p'8[0xffffff8e]6[0xffffffa8][0xffffffb5][0xffffffcb][0x3]?[0xffffffc1]q[0x4][0xffffff9c][0xffffffe0]8[0xffffffcc]g[0xffffffc6][0xffffff85][0x1][0xffffffc7]Np[0x1c][0xfffffff2]!1I[0xffffff89][0xffffff90][0x13][0x1c]6[0xffffff90][0xc]%[0x2]NpH8[0xffffffab])[0x11]|[0xffffff82][0xffffffc3][0xffffff95]'K[0xffffff89][0xffffffbc][0x13][0x1c][0xffffffae]Z9J[0xffffffa4][0xffffff9c][0xffffffe0][0xffffffd0][0xffffffe2][0xffffffdd][0xffffffa2]D[0xf][0xffffffa3][0x4]|[0x7][0xffffffc7][0xffffffd7][0x13][0xfffffff0][0xffffff94][0x0][0xffffffef][0xffffffe0][0xfffffff8][0xfffffffa]u[0xffffff8a][0x12]9wp[0xffffff98](R[0xffffff94][0x8][0xffffffb9][0xffffff83][0xffffffc3][0xffffffc4][0xffffff92][0xffffffa0][0x4]z[0x7][0xffffff87]D4[0xffffff8b][0x12]Ywp[0xfffffff8].[0xffffffa5])[0xffffff91]s[0x7][0xffffff87]6-G[0xffffff89][0xffffffbf][0xffffffbe][0xffffff83][0xffffffe3]p[0xffffff87]AYJ[0xffffffc0][0xffffff87]A[0xffffff8f][0xffffff80][0xffffffc3][0xffffffa0][0xffffff87]9[0xffffffb1]T[0x1a]p[0xffffffe8]0[0xffffffe8]!g[0xffffff92]XJD[0x1c][0x6][0xffffffb5][0xffffff81][0xffffffa4]([0xffffff81][0x1f][0x6][0xffffff95]p[0xffffffd6]S"[0xfffffff6]0[0xffffffa8]+O[0xffffff9a][0x12]i[0xffffff87]A][0xffffffb5][0xffffff92][0xffffff94][0xffffffc8]8[0xc][0xffffffaa][0xffffffc5][0xffffffbb]E[0xffffff89]v[0xffffff87]Y[0xffffffa2][0xffffffdd]8&>[0x1e][0xffffff81][0xffffffd7][0xffffffc4][0xffffff8f][0xffffff87][0xffffffa0]8[0xfffffff1][0xfffffff1][0xfffffff3][0xffffff94]'[0xffffffbe][0x7f]:[0x5][0x14][0xffffff92]GJ[0x14]&[0xffffff95][0x14])$[0xffffff9b][0xffffff84])[0xffffff96][0xffffff84][0xffffffd6][0xffffffa3]b[0xffffffc9]i[0xffffff96]*[0xffffffb4]FiV[0xffffffb8]V[0xffffffa5]][0xffffffa1]%K[0xffffffc2]b[0xffffffed]\N[0x16]k[0x5]o[0xffffffd1][0xffffffa2][0xffffff8f]0Z[0xfffffff4][0xffffff81][0xffffffd3][0xffffffe2][0xffffffe3][0x11]xZ[0xfffffffc]x[0x8][0xffffff8a][0x16][0x1f]?O[0xffffffd1][0xffffffe2][0xfffffffb][0xffffffa7]Sh!y[0xffffffa4]haRI[0xffffffd1]B[0xffffffb2]I[0xffffffd0]bIh=-[0xffffff96][0xffffff9c]f[0xffffffd1]Bk[0xffffff94][0xffffffa6][0xffffff85]kU[0xffffff9a][0x16]Z[0xffffffb2]$-[0xffffffd6][0xffffffce][0xffffffe5]h[0xffffffb1]V[0xfffffff0][0x16]-[0xffffffce]#[0xffffff8c][0x16][0xffffffe7][0xffffff81][0xffffffd3][0xffffffe2][0xffffffe3][0x11]xZ[0xfffffffc]x[0x8][0xffffff8a][0x16][0x1f]?O[0xffffffd1][0xffffffe2][0xfffffffb][0xffffffa7]Sh!y[0xffffffa4]haRI[0xffffffd1]B[0xffffffb2]I[0xffffffd0]bIh=-[0xffffff96][0xffffff9c]f[0xffffffd1]Bk[0xffffff94][0xffffffa6][0xffffff85]kU[0xffffff9a][0x16]Z[0xffffffb2]$-[0xffffffd6][0xffffffce][0xffffffe5]h[0xffffffb1]V[0xfffffff0][0x16]-[0xffffffae][0xffffffb4]?[0xffffff88]\[0xfffffffc][0x1f]D[0xffffffae][0xffffff84]?[0xffffff88]\[0xffffffec][0x1f]D.[0xffffffee][0xf]"W[0xffffffd4][0x1f]D$[0xffffff8f][0x14]-L*)ZH6[0x9]Z\[0xfffffff4][0x1f]D[0xffffffae][0xffffffe4]?[0xffffff88]h[0xffffff8d][0xffffffd2][0xffffffb4]p[0xffffffad]J[0xffffffd3]BK[0xffffff96][0xffffffa4][0xffffffc5][0xffffffda][0xffffffb9][0x1c]-[0xffffffd6][\n]"
01:51:24.879 [main] DEBUG org.apache.hc.client5.http.wire -- http-outgoing-1 << "[0xffffffde][0xffffffa2][0xffffffc5][0xffffff9d]v[0x4][0xffffffe4][0xffffffe6][0xffffffcf][0xffffff80][0xffffffdc][0x9][0xffffff87]@n[0xfffffff6][0x14][0xffffffc8][0xffffffcd][0x1d][0x3][0xffffffb9][0xffffffa3][0xffffffce][0xffffff81]H[0x1e])Z[0xffffff98]TR[0xffffffb4][0xffffff90]l[0x12][0xffffffb4][0xffffffb8][0xffffffe9][0xffffffb3] w[0xfffffff2]a[0x10][0xffffffad]Q[0xffffff9a][0x16][0xffffffae]UiZh[0xffffffc9][0xffffff92][0xffffffb4]X;[0xffffff97][0xffffffa3][0xffffffc5]Z[0xffffffc1][[0xffffffb4]x[0xffffff9e]0Z<[0xf]N[0xffffff8b][0xffffff8f]G[0xffffffe0]i[0xfffffff1][0xffffffe3]!(Z|[0xfffffffc]<E[0xffffff8b][0xffffffef][0xffffff9f]N[0xffffffa1][0xffffff85][0xffffffe4][0xffffff91][0xffffffa2][0xffffff85]I%E[0xb][0xffffffc9]&A[0xffffff8b]%[0xffffffa1][0xfffffff5][0xffffffb4]Xr[0xffffff9a]E[0xb][0xffffffad]Q[0xffffff9a][0x16][0xffffffae]UiZh[0xffffffc9][0xffffff92][0xffffffb4]X;[0xffffff97][0xffffffa3][0xffffffc5]Z[0xffffffc1][[0xffffffb4][0xffffff98]3[0xffffff8c][0x16]s[0xffffffe2][0xffffffb4][0xfffffff8]x[0x4][0xffffff9e][0x16]?[0x1e][0xffffff82][0xffffffa2][0xffffffc5][0xffffffc7][0xffffffcf]S[0xffffffb4][0xfffffff8][0xfffffffe][0xffffffe9][0x14]ZH[0x1e])Z[0xffffff98]TR[0xffffffb4][0xffffff90]l[0x12][0xffffffb4]X[0x12]ZO[0xffffff8b]%[0xffffffa7]Y[0xffffffb4][0xffffffd0][0x1a][0xffffffa5]i[0xffffffe1]Z[0xffffff95][0xffffffa6][0xffffff85][0xffffff96],I[0xffffff8b][0xffffffb5]s9Z[0xffffffac][0x15][0xffffffbc]E[0xffffff8b][0xffffffd6][0xffffffd2]l[0xfffffff1][0xfffffff1]D8.>[0xffffff9f][0xffffff81][0xffffffd7][0xffffffc5][0xffffffcf][0xffffffa7][0xffffffa0]x[0xfffffff1][0xfffffff9][0xfffffffb][0xffffff94]/~[0xfffffffc]v[\n]"
01:51:24.880 [main] DEBUG org.apache.hc.client5.http.wire -- http-outgoing-1 << "04[0xffffff94][0xffffff94]0\4)bh@[0x9]c[0xffffffac]1[0xffffffad]G[0xffffffc6][0x1a][0xffffffd6],e[0xffffff98]B[0xffffffa5][0xffffff99]a[0xfffffffb][0xffffff95]v[0xffffff86][0xffffffa9][[0x12][0x1a][0xffffffd2][0xffffffbe][0xffffff9c]4[0xffffffa4][0xffffff8c][0xffffffff][0xffffff84][0x1a][0xffffffcf][0xfffffff7][0xffffffbf][0xffffffe2].=?[0xffffffee]k[0xffffff94]C[0xffffffe3][0xfffffff7][0xfffffff3]P[0xffffffcc][0xfffffff8][0xffffffc7][0x13]`[0xffffffc8]X[0xffffff9e][0xffffffa1][0xffffff98][0x18][0xffffffff][0xfffffff8][0xfffffff5]b`[0xfffffffc][0xffffffef]/[0xffffffc3][0xffffffbc]x[0x1b][0xffffffc5]b\[0xfffffffc]K [0xffffff8b]i[0xfffffff1]6[0xffffff96][0xffffff85][0xffffffb0]x[0x13][0xffffffce]2V[0xffffffbc][0xffffff89]h[0x4]*[0xffffffde][0xffffff97]'D[0xffffff8a][0x7f][0xffffffeb]R[0x8][0x14][0xffffffef][0xffffffab][0x15][0xffffffe0][0xffffffc4][0xffffffbb][0xffffffa6]-[0xffffffc7][0xffffffc4][0xffffffbb][0xffffffe2][0xffffffdd][0xffffffa0][0xffffffc4]c(q[0xffffffbd]^[0x17]E[0xffffff89][0x7][0xffffffa7][0xffffffc4][0x13]@[0xffffff89]G[0xfffffff3]^[0x18][0xfffffff0][0x7][0xffffffa3][0xffffffc4][0xffffff93]D[0x9][0xffffff8d]"C[0x9][0x17]H[0xffffff86][0x12][0x1a][0xffffffcb]zJ[0xffffffac][0xffffffe1][0xffffffac][0xffffffa6][0xffffffc4][0x1a][0xffffffd1]$J[0xffffff98][0xfffffff2]d)a[0xffffffbb][0xffffff94][0xffffffa5][0xffffff84][0xffffffa9]V[0xffffff8e][0x12][0xffffffd2][0xffffffb4][0x14]%[0xffffffa4]x7(1[0x1d]%[0xffffffda]|Q[0xffffff94][0xffffff98]8%f[0x0]%[0xffffffa6][0xffffffe6][0xffffffbd]0[0xffffffe0][0x13][0xffffffa3][0xffffffc4]L[0xffffffa2][0xffffff84]F[0xffffff91][0xffffffa1][0xffffff84][0xb]$C[0x9][0xffffff8d]e=%[0xffffffd6]pVSb[0xffffff8d]h[0x12]%Ly[0xffffffb2][0xffffff94][0xffffffb0]][0xffffffca]R[0xffffffc2]T+G[0x9]iZ[0xffffff8a][0x12]R[0xffffffbc][0x7f]N[0xffffff89][0xfffffff3][0xffffffe5](q}[0xffffffcd]d[0x11][0xffffff94][0xfffffff8]|[0x1e][0xffffff96][0x12]_O[0x0]S[0xffffffe2][0xffffffd7]3 [0xffffff94][0xfffffff8][0xfffffffa]u[0xffffff84][0x12]?[0x7f]9[0xffffff82][0x12]&[0xffffff8a][0x8]%l [0x11]J[0xffffff98]X[0xffffff96]SB[0xffffffc2]YL[0x9][0xffffff89]h[0x10]%\y[0xffffffa2][0xffffff94][0xfffffff0]][0xffffff8a]R[0xffffffc2]U+F[0x9]mZ[0xffffff88][0x12]Z[0xffffffbc][0x1b][0xffffff94]h[0xffffff8e][0x12][0xffffffa3]u[0xffffff8a][0x12][\r][0xffffffa7]D[0xb][0xffffffa0]D[0xffffffd3][0xffffffbc][0x17][0x6][0xffffffbc]a[0xffffff94]hI[0xffffff94][0xffffffd0](2[0xffffff94]p[0xffffff81]d([0xffffffa1][0xffffffb1][0xffffffac][0xffffffa7][0xffffffc4][0x1a][0xffffffce]jJ[0xffffffac][0x11]M[0xffffffa2][0xffffff84])O[0xffffff96][0x12][0xffffffb6]KYJ[0xffffff98]j[0xffffffe5](!MKQB[0xffffff8a]w[0xffffff83][0x12][0xffffffdd]Q[0xffffffe2][0xffffff9e][0xffffffd8][[0xffffff89][0xffffff8e]S[0xffffffa2][0x7]P[0xffffffa2]k[0xffffffde][0xb][0x3][0xffffffde]1J[0xfffffff4]$Jh[0x14][0x19]J[0xffffffb8]@2[0xffffff94][0xffffffd0]X[0xffffffd6]Sb[\r]g5%[0xffffffd6][0xffffff88]&Q[0xffffffc2][0xffffff94]'K[0x9][0xffffffdb][0xffffffa5],%L[0xffffffb5]r[0xffffff94][0xffffff90][0xffffffa6][0xffffffa5](![0xffffffc5][0xffffffbb]A[0xffffff89][0xffffffc3]Pb[0xfffffff4][0x17]u[0xffffff82][0xffffffe3][0xfffffff3]y`J[0x1c][0x1][0xffffff94]84[0xffffffef][0xffffff85][0x1]?0J[0x1c]I[0xffffff94][0xffffffd0](2[0xffffff94]p[0xffffff81]d([0xffffffa1][0xffffffb1][0xffffffac][0xffffffa7][0xffffffc4][0x1a][0xffffffce]jJ[0xffffffac][0x11]M[0xffffffa2][0xffffff84])O[0xffffff96][0x12][0xffffffb6]KYJ[0xffffff98]j[0xffffffe5](!MKQB[0xffffff8a]w[0xffffff83][0x12][0xffffffee]0[0xffffffe8]8[0x1b][0xfffffff5][0xffffffd9][0xffffffe5][0xffffff89][0x1f][0x6]=[0x3][0xe][0xffffff83][0xffffff9e][0xffffffe6][0xffffffc4]Ra[0xffffffc0][0xffffffb1][0xffffffc3][0xffffffa0][0xffffffa7][0xffffff9c]I")[0x11]r[0x18][0xffffffd4][0x6][0xffffff92][0xffffffa1]D[0xffffffc0]aP[0x9]g5%[0xffffff82][0xf][0xffffff83][0xffffffba][0xfffffff2]d)[0xffffff91]w[0x18][0xffffffd4]U+G[0xffffff89][0xffffff94][0xffffffc3][0xffffffa0]Z[0xffffffbc][0x1b][0xffffff94]x[0xc]%[0xffffffee][0xffffffe3][0xffffffc0]([0xfffffff1][0xffffffe0][0xffffff94]x[0x2]([0xfffffff1]h[0xffffffde][0xb][0x3][0xfffffffe]`[0xffffff94]x[0xffffff92]([0xffffffa1]Qd([0xffffffe1][0x2][0xffffffc9]PBcYO[0xffffff89]5[0xffffff9c][0xffffffd5][0xffffff94]X#[0xffffff9a]D[0x9]S[0xffffff9e],%l[0xffffff97][0xffffffb2][0xffffff94]0[0xffffffd5][0xffffffca]QB[0xffffff9a][0xffffff96][0xffffffa2][0xffffff84][0x14][0xffffffef][0xffffff9f]S[0xffffffe2]r'8[0xffffffee]gR[0xffffff9f]]^[0xfffffff8][0x9][0xffffff8e]+[0xffffffe0][0x4][0xffffffc7]e>3[0xffffffae][0xb][0xfffffff8][0xffffff85][0xffffff9d][0xffffffe0][0xffffffb8][0xffffffe4]Cb[0xffffff90][0x12]&[0xffffff8a][0x8]%l [0x11]J[0xffffff98]X[0xffffff96]SB[0xffffffc2]YL[0x9][0xffffff89]h[0x10]%\y[0xffffffa2][0xffffff94][0xfffffff0]][0xffffff8a]R[0xffffffc2]U+F[0x9]mZ[0xffffff88][0x12]Z[0xffffffbc][0x1b][0xffffff94]p'8[0xffffff9e]~[0xffffffdc][0x14]%[0xfffffff0][0x13][0x1c]W[0xffffffc0][0x9][0xffffff8e][0xffffffcb]|f\[0x18]p[0xffffffec][0x4][0xffffffc7]%[0x1f][0x12][0xffffff93][0xffffff94][0x8]9[0xffffffc1]a[0x3][0xffffffc9]P"[0xffffffe0][0x4][0xffffff87][0xffffff84][0xffffffb3][0xffffff9a][0x12][0xffffffc1]'8\y[0xffffffb2][0xffffff94][0xffffffc8];[0xffffffc1][0xffffffe1][0xffffffaa][0xffffff95][0xffffffa3]D[0xffffffca][0x9][0xe]-[0xffffffde][\r]J[0xffffffb8][0x13][0x1c]O[0xffffffff][0xffffffba][0x12][0xc][0xffffffa1][0x4]~[0xffffff82][0xffffffe3][\n]"
01:51:24.881 [main] DEBUG org.apache.hc.client5.http.wire -- http-outgoing-1 << "8[0xffffffc1]q[0xffffff99][0xffffffcf][0xffffff8c][0xb][0x3][0xffffff8e][0xffffff9d][0xffffffe0][0xffffffb8][0xffffffe4]Cb[0xffffff92][0x12]!'8l [0x19]J[0x4][0xffffff9c][0xffffffe0][0xffffff90]pVS"[0xfffffff8][0x4][0xffffff87]+O[0xffffff96][0x12]y'8\[0xffffffb5]r[0xffffff94]H9[0xffffffc1][0xffffffa1][0xffffffc5][0xffffffbb]A[0x9]w[0xffffff82][0xffffffe3]9^[0xffffffd8][0x1f]8[0xfffffff0][0x13][0x1c]W[0xffffffc0][0x9][0xffffff8e][0xffffffcb]|f\[0x18]p[0xffffffec][0x4][0xffffffc7]%[0x1f][0x12][0xffffff93][0xffffff94][0x8]9[0xffffffc1]a[0x3][0xffffffc9]P"[0xffffffe0][0x4][0xffffff87][0xffffff84][0xffffffb3][0xffffff9a][0x12][0xffffffc1]'8\y[0xffffffb2][0xffffff94][0xffffffc8];[0xffffffc1][0xffffffe1][0xffffffaa][0xffffff95][0xffffffa3]D[0xffffffca][0x9][0xe]-[0xffffffde][\r]J[0xffffffb8][0x13][0x1c][0xffffffcf]q`[0xffffff94][0xffffffc0]Op\[0x1]'8.[0xfffffff3][0xffffff99]qa[0xffffffc0][0xffffffb1][0x13][0x1c][0xffffff97]|HLR"[0xffffffe4][0x4][0xffffff87][\r]$C[0xffffff89][0xffffff80][0x13][0x1c][0x12][0xffffffce]jJ[0x4][0xffffff9f][0xffffffe0]p[0xffffffe5][0xffffffc9]R"[0xffffffef][0x4][0xffffff87][0xffffffab]V[0xffffff8e][0x12])'8[0xffffffb4]x7(qYJp[0x7f][0xffffffe0][0xffffffb8]pJ\[0x1][0xffffff94][0xffffffb8]4[0xffffffef][0xffffff85][0x1][0xffffffbf]0J\I[0xffffff94][0xffffffd0](2[0xffffff94]p[0xffffff81]d([0xffffffa1][0xffffffb1][0xffffffac][0xffffffa7][0xffffffc4][0x1a][0xffffffce]jJ[0xffffffac][0x11]M[0xffffffa2][0xffffff84])O[0xffffff96][0x12][0xffffffb6]KYJ[0xffffff98]j[0xffffffe5](!MKQB[0xffffff8a]w[0xffffff8b][0x12]=[0xffffff8c][0x12][0x1d][0xffffffa7]D[0xf][0xffffffa0]DG)[0xffffffd1]1J[0xfffffff4]$J[0xffffffac]Q[0xffffffa4]([0xffffffa1][0xffffff81][0xffffffa4]([0xffffffb1][0xffffffc6][0xffffff92][0xffffffa0]D[0xffffff87])[0xffffffd1][0xffffff83])![0xffffffe5]IS[0xffffffc2]t)M[0x9][0xffffffa9]V[0xffffff92][0x12]=[0xffffff85][0x12][0xfffffffd][0xffffffaf])1[0x1c]%[0xffffffae][0xfffffff3][0xffffffa1](1pJ[0xffffff8c][0x0]J[0xc][0xffffffcd]{a[0xffffffc0][0x7]F[0xffffff89][0xffffff91]D[0x9][0xffffff8d]"C[0x9][0x17]H[0xffffff86][0x12][0x1a][0xffffffcb]zJ[0xffffffac][0xffffffe1][0xffffffac][0xffffffa6][0xffffffc4][0x1a][0xffffffd1]$J[0xffffff98][0xfffffff2]d)a[0xffffffbb][0xffffff94][0xffffffa5][0xffffff84][0xffffffa9]V[0xffffff8e][0x12][0xffffffd2][0xffffffb4][0x14]%[0xffffffa4]x7([0xffffffe1].[0x19][0xffffff9f][0xffffffe3][0xffffffc0]([0xffffff81]_2~[0x5]\2~[0xffffff99][0xffffff9b]p[0xb][0x3][0xffffff8e]]2~[0xffffffc9]][0xffffffb7]$%B.[0x19][0xffffffb7][0xffffff81]d([0x11]p[0xffffffc9][0xffffffb8][0xffffff84][0xffffffb3][0xffffff9a][0x12][0xffffffc1][0xffffff97][0xffffff8c][0xffffffbb][0xfffffff2]d)[0xffffff91]w[0xffffffc9][0xffffffb8][0xffffffab]V[0xffffff8e][0x12])[0xffffff97][0xffffff8c]k[0xfffffff1][0xfffffffe]9%[0xffffff86][0xffffff9b][0xffffffa8][0xffffff9a]w[0xffffffa7][0xffffffd6].[0x7]>Q5[0x2]&[0xffffffaa][0xffffff86][0xffffffd9]Q[0xffffffa9][0xb][0xfffffff8][0xffffffc0]&[0xffffffaa][0xffffff86],[0xffffffa5][0xffffff80][0xffffff94]0QD(a[0x3][0xffffff89]P[0xffffffc2][0xffffffc4][0xffffffb2][0xffffff9c][0x12][0x12][0xffffffce]bJHD[0xffffff83]([0xffffffe1][0xffffffca][0x13][0xffffffa5][0xffffff84][0xffffffef]R[0xffffff94][0x12][0xffffffae]Z1Jh[0xffffffd3]B[0xffffff94][0xffffffd0][0xffffffe2][0xffffffdd][0xffffffa0][0xffffff84][0xffffffd9][0xffffff95][0xffffffe8]/n8{[0xffffffe0][0xffffffbb][0x12]#`Wb[0xffffff98][0xffffffc3][0xffffffcf][0xffffff85][0x1][0xffffffc7]v%[0xffffff86][0x1c]o&)[0x11][0xffffffb2]+a[0x3][0xffffffc9]P"`WB[0xffffffc2]YM[0xffffff89][0xffffffe0]][0x9]W[0xffffff9e],%[0xfffffff2]v%\[0xffffffb5]r[0xffffff94]H[0xffffffd9][0xffffff95][0xffffffd0][0xffffffe2][0xffffffdd][0xffffffa0][0xffffff84]9[0xc][0xffffffda]_[0xfffffff3]h[0x14]%[0xfffffff0][0xffffffc3][0xffffffa0]#[0xffffffe0]0[0xffffffe8]0'[0xffffff96][\n]"
01:51:24.881 [main] DEBUG org.apache.hc.client5.http.wire -- http-outgoing-1 << "[0x3][0xffffff8e][0x1d][0x6][0x1d]r&[0xffffff89][0xffffffa4]D[0xffffffc8]aP[0x1b]H[0xffffff86][0x12][0x1][0xffffff87]A%[0xffffff9c][0xffffffd5][0xffffff94][0x8]>[0xc][0xffffffea][0xffffffca][0xffffff93][0xffffffa5]D[0xffffffde]aPW[0xffffffad][0x1c]%R[0xe][0xffffff83]j[0xfffffff1]nP[0xffffffc2][0x1c][0x6][0xffffffed][0xffffffad]O[0xffffff8c][0x12][0xfffffff8]a[0xffffffd0][0x11]p[0x18]t[0xffffff98][0x13]K[0xffffff85][0x1][0xffffffc7][0xe][0xffffff83][0xe]9[0xffffff93]DR"[0xffffffe4]0[0xffffffa8][\r]$C[0xffffff89][0xffffff80][0xffffffc3][0xffffffa0][0x12][0xffffffce]jJ[0x4][0x1f][0x6]u[0xffffffe5][0xffffffc9]R"[0xffffffef]0[0xffffffa8][0xffffffab]V[0xffffff8e][0x12])[0xffffff87]A[0xffffffb5]x7(q;J[0x1c][0xffffff93][0xfffffffa][0xffffffec][0xfffffff2][0xfffffff3]y`J[0xffffffdc][0x1][0xffffff94][0xffffffb8]5[0xffffffef][0xffffff85][0x1][0xffffffbf]1J[0xffffffdc]I[0xffffff94][0xffffffd0](2[0xffffff94]p[0xffffff81]d([0xffffffa1][0xffffffb1][0xffffffac][0xffffffa7][0xffffffc4][0x1a][0xffffffce]jJ[0xffffffac][0x11]M[0xffffffa2][0xffffff84])O[0xffffff96][0x12][0xffffffb6]KYJ[0xffffff98]j[0xffffffe5](!MKQB[0xffffff8a]w[0xffffff83][0x12][0xffffff8f][0xffffffa3][0xffffffc4][0xffffff89]][0xffffffe7][0xfffffff5][0xfffffff9]<0%[0xffffff9e][0x0]J<[0xffffff9a][0xfffffff7][0xffffffc2][0xffffff80]?[0x18]%[0xffffff9e]$Jh[0x14][0x19]J[0xffffffb8]@2[0xffffff94][0xffffffd0]X[0xffffffd6]Sb[\r]g5%[0xffffffd6][0xffffff88]&Q[0xffffffc2][0xffffff94]'K[0x9][0xffffffdb][0xffffffa5],%L[0xffffffb5]r[0xffffff94][0xffffff90][0xffffffa6][0xffffffa5](![0xffffffc5][0xfffffffb][0xffffffe7][0xffffff94][0xffffffb8][0xffffffcd][0x9][0xffffff8e][0xffffffde][0xffffffc6]uB[0xffffff94][0xffffffb8][0xfffffff1][0x13][0x1c]w[0xffffffc0][0x9][0xffffff8e][0xffffffdb]|f\[0x17][0xfffffff0][0x1b];[0xffffffc1]q[0xffffffcb][0xffffff87][0xffffffc4] %L[0x14][0x11]J[0xffffffd8]@"[0xffffff94]0[0xffffffb1],[0xffffffa7][0xffffff84][0xffffff84][0xffffffb3][0xffffff98][0x12][0x12][0xffffffd1] J[0xffffffb8][0xfffffff2]D)[0xffffffe1][0xffffffbb][0x14][0xffffffa5][0xffffff84][0xffffffab]V[0xffffff8c][0x12][0xffffffda][0xffffffb4][0x10]%[0xffffffb4]x7(a.[0x19][0xffffffef]m^[0xffffffd4][[0xffffff89][0x1b][0xffffffbf]d[0xfffffffc][0xe][0xffffffb8]d[0xfffffffc]67[0xffffffe1][0x16][0x6][0x1c][0xffffffbb]d[0xfffffffc][0xffffff96][0xffffffbb]nIJ[0xffffff84]\2n[0x3][0xffffffc9]P"[0xffffffe0][0xffffff92]q[0x9]g5%[0xffffff82]/[0x19]w[0xffffffe5][0xffffffc9]R"[0xffffffef][0xffffff92]qW[0xffffffad][0x1c]%R.[0x19][0xffffffd7][0xffffffe2][0xffffffdd][0xffffffa0][0xffffff84];[0xc][0xffffffda][0xffffffdb]E}vy[0xffffffe3][0xffffff87]A[0xffffffef][0xffffff80][0xffffffc3][0xffffffa0][0xffffffb7]9[0xffffffb1]T[0x18]p[0xffffffec]0[0xffffffe8]-g[0xffffff92]HJ[0xffffff84][0x1c][0x6][0xffffffb5][0xffffff81]d([0x11]p[0x18]T[0xffffffc2]YM[0xffffff89][0xffffffe0][0xffffffc3][0xffffffa0][0xffffffae]<YJ[0xffffffe4][0x1d][0x6]u[0xffffffd5][0xffffffca]Q"[0xffffffe5]0[0xffffffa8][0x16][0xffffffef][0x6]%[0xffffffcc]%[0xffffffe3][0xffffffbd]_[0xffffffd8]D[0xffffffd5][0xffffff8d]_2~[0x7]\2~[0xffffff9b][0xffffff9b]p[0xb][0x3][0xffffff8e]]2~[0xffffffcb]][0xffffffb7]$%B.[0x19][0xffffffb7][0xffffff81]d([0x11]p[0xffffffc9][0xffffffb8][0xffffff84][0xffffffb3][0xffffff9a][0x12][0xffffffc1][0xffffff97][0xffffff8c][0xffffffbb][0xfffffff2]d)[0xffffff91]w[0xffffffc9][0xffffffb8][0xffffffab]V[0xffffff8e][0x12])[0xffffff97][0xffffff8c]k[0xfffffff1]nP[0xffffffc2][0xffffffed]J[0xfffffff4][0x1b][0xffffffbb][0xffffff83][0xffffffe3][0xffffffc6]w%[0xffffffee][0xffffff80]][0xffffff89][0xffffffdb][0x1c]~.[0xc]8[0xffffffb6]+q[0xffffffcb][0xfffffff1]f[0xffffff92][0x12]![0xffffffbb][0x12]6[0xffffff90][0xc]%[0x2]v%$[0xffffff9c][0xffffffd5][0xffffff94][0x8][0xffffffde][0xffffff95]p[0xffffffe5][0xffffffc9]R"oW[0xffffffc2]U+G[0xffffff89][0xffffff94]][0x9]-[0xffffffde][\r]J[0xffffffb8]][0xffffff89][0xffffffa3][0xffffff9d][0xffffffd8][[0x9]|W[0xffffffe2][0xe][0xffffffd8][0xffffff95][0xffffffb8][0xffffffcd][0xffffffe1][0xffffffe7][0xffffffc2][0xffffff80]c[0xffffffbb][0x12][0xffffffb7][0x1c]o&)[0x11][0xffffffb2]+a[0x3][0xffffffc9]P"`WB[0xffffffc2]YM[0xffffff89][0xffffffe0]][0x9]W[0xffffff9e],%[0xfffffff2]v%\[0xffffffb5]r[0xffffff94]H[0xffffffd9][0xffffff95][0xffffffd0][0xffffffe2][0xffffffdd][0xffffffa0][0xffffffc4]p[0xffffff94]8[0x1a][0xfffffff6][0xffffffd9][0xffffffe5][0xffffffc0])1[0x2](14[0xffffffef][0xffffff85][0x1][0x1f][0x18]%F[0x12]%4[0xffffff8a][0xc]%\ [0x19]Jh,[0xffffffeb])[0xffffffb1][0xffffff86][0xffffffb3][0xffffff9a][0x12]kD[0xffffff93](a[0xffffffca][0xffffff93][0xffffffa5][0xffffff84][0xffffffed]R[0xffffff96][0x12][0xffffffa6]Z9JH[0xffffffd3]R[0xffffff94][0xffffff90][0xffffffe2][0xffffffdd][0xffffffa0][0xffffff84][0xffffff9b][0xffffffa8]:[0xffffffae][0xffffff86]}v[0xffffff89]OT[0xffffffdd][0x1][0x13]U[0xffffffb7][0xffffffd9]Q)[0xc]86Qu[0xffffffcb]R[\n]"
01:51:24.881 [main] DEBUG org.apache.hc.client5.http.wire -- http-outgoing-1 << "I[0xffffff89][0xffffff90][0xffffff89]*[0x1b]H[0xffffff86][0x12][0x1][0x13]U[0x12][0xffffffce]jJ[0x4]OT[0xffffffb9][0xfffffff2]d)[0xffffff91]7Q[0xffffffe5][0xffffffaa][0xffffff95][0xffffffa3]D[0xffffffca]D[0xffffff95][0x16][0xffffffef][0x6]%[0x1e]G[0xffffff89][0xfffffff1]`[0x7f][0xffffffe0]xpJ<[0x1][0xffffff94]x4[0xffffffef][0xffffff85][0x1][0x7f]0J<I[0xffffff94][0xffffffd0](2[0xffffff94]p[0xffffff81]d([0xffffffa1][0xffffffb1][0xffffffac][0xffffffa7][0xffffffc4][0x1a][0xffffffce]jJ[0xffffffac][0x11]M[0xffffffa2][0xffffff84])O[0xffffff96][0x12][0xffffffb6]KYJ[0xffffff98]j[0xffffffe5](!MKQB[0xffffff8a]w[0xffffff83][0x12][0xffffffd3]Q[0xffffffe2]i[0xffffff93][0xffffffa2][0xffffffc4][0xffffffc4])1][0xfffffffc][0xffffff8b][0xfffffff3]>5[0xffffffef][0xffffff85][0x1][0xffffff9f][0x18]%f[0x12]%4[0xffffff8a][0xc]%\ [0x19]Jh,[0xffffffeb])[0xffffffb1][0xffffff86][0xffffffb3][0xffffff9a][0x12]kD[0xffffff93](a[0xffffffca][0xffffff93][0xffffffa5][0xffffff84][0xffffffed]R[0xffffff96][0x12][0xffffffa6]Z9JH[0xffffffd3]R[0xffffff94][0xffffff90][0xffffffe2][0xfffffffd]sJ<n[0xffffffed][0xfffffff2]x[0xffffffee][0x1]Q[0xffffffe2][0xffffffc1][0xffffffd7].[0xffffff9f][0xffffff80][0xffffffb5][0xffffffcb][0xffffffc7]L[0xffffffb2][0xffffffd5][0x5][0xfffffffc][0xffffffc1][0xffffffd6].[0x1f][0x19]][0x3])a[0xffffffa2][0xffffff88]P[0xffffffc2][0x6][0x12][0xffffffa1][0xffffff84][0xffffff89]e9%$[0xffffff9c][0xffffffc5][0xffffff94][0xffffff90][0xffffff88][0x6]Q[0xffffffc2][0xffffff95]'J[0x9][0xffffffdf][0xffffffa5](%\[0xffffffb5]b[0xffffff94][0xffffffd0][0xffffffa6][0xffffff85]([0xffffffa1][0xffffffc5][0xffffffbb]A[0x9][0xffffffb7]vy[0xffffffcc]N}+[0xfffffff1][0xffffffe0]k[0xffffff97]O[0xffffffc0][0xffffffda][0xffffffe5]c&[0xffffffd9][\n]"
01:51:24.882 [main] DEBUG org.apache.hc.client5.http.wire -- http-outgoing-1 << "[0x3][0xffffff8e][0xffffffad]]]]><![CDATA[>2[0xffffffba]FR"d[0xffffffed][0xffffffd2][0x6][0xffffff92][0xffffffa1]D[0xffffffc0][0xffffffda][0xffffffa5][0xffffff84][0xffffffb3][0xffffff9a][0x12][0xffffffc1]k[0xffffff97][0xffffffae]<YJ[0xffffffe4][0xffffffad]][0xffffffba]j[0xffffffe5]([0xffffff91][0xffffffb2]v[0xffffffa9][0xffffffc5][0xffffffbb]A[0x9][0xffffffb7]vyL[0xffffffec][0xe][0xffffff8e][0x7]_[0xffffffbb]|[0x2][0xffffffd6].[0x1f]3[0xffffffc9]V[0x18]pl[0xffffffed][0xfffffff2][0xffffff91][0xffffffd1]5[0xffffff92][0x12]!k[0xffffff97]6[0xffffff90][0xc]%[0x2][0xffffffd6].%[0xffffff9c][0xffffffd5][0xffffff94][0x8]^[0xffffffbb]t[0xffffffe5][0xffffffc9]R"o[0xffffffed][0xffffffd2]U+G[0xffffff89][0xffffff94][0xffffffb5]K-[0xffffffde][\r]J[0xffffffb8][0xffffffb5][0xffffffcb]cN[0xffffffec][0xf][0x1c][0xfffffff8][0xffffffda][0xffffffe5][0x13][0xffffffb0]v[0xfffffff9][0xffffff98]I[0xffffffb6][0xffffffc2][0xffffff80]ck[0xffffff97][0xffffff8f][0xffffff8c][0xffffffae][0xffffff91][0xffffff94][0x8]Y[0xffffffbb][0xffffffb4][0xffffff81]d([0x11][0xffffffb0]v)[0xffffffe1][0xffffffac][0xffffffa6]D[0xfffffff0][0xffffffda][0xffffffa5]+O[0xffffff96][0x12]yk[0xffffff97][0xffffffae]Z9J[0xffffffa4][0xffffffac]]j[0xfffffff1]nP[0xffffffc2]MT[0xffffff9d]'[0xfffffff7]V[0x2][0xffffff9f][0xffffffa8]z[0x2]&[0xffffffaa][0x1e][0xffffffb3][0xffffffa3]R[0x18]pl[0xffffffa2][0xffffffea][0xffffff91][0xffffffa5][0x14][0xffffff92][0x12]![0x13]U6[0xffffff90][0xc]%[0x2]&[0xffffffaa]$[0xffffff9c][0xffffffd5][0xffffff94][0x8][0xffffff9e][0xffffffa8]r[0xffffffe5][0xffffffc9]R"o[0xffffffa2][0xffffffca]U+G[0xffffff89][0xffffff94][0xffffff89]*-[0xffffffde][\r]J[0xffffffb8]][0xffffff89][0xffffffeb][0xffffffe3]?[0x14]%[0xfffffff0]][0xffffff89]'`W[0xffffffe2]1[0xffffff87][0xffffff9f][0xb][0x3][0xffffff8e][0xffffffed]J<r[0xffffffbc][0xffffff99][0xffffffa4]D[0xffffffc8][0xffffffae][0xffffff84][\r]$C[0xffffff89][0xffffff80]][0x9][0x9]g5%[0xffffff82]w%\y[0xffffffb2][0xffffff94][0xffffffc8][0xffffffdb][0xffffff95]p[0xffffffd5][0xffffffca]Q"eWB[0xffffff8b]w[0xffffff83][0x12][0xffffff8f][0xffffffa3][0xffffffc4]ybo%[0x1e][0xffffff9c][0x12]O[0x0]%[0x1e][0xffffffcd]{a[0xffffffc0][0x1f][0xffffff8c][0x12]O[0x12]%4[0xffffff8a][0xc]%\ [0x19]Jh,[0xffffffeb])[0xffffffb1][0xffffff86][0xffffffb3][0xffffff9a][0x12]kD[0xffffff93](a[0xffffffca][0xffffff93][0xffffffa5][0xffffff84][0xffffffed]R[0xffffff96][0x12][0xffffffa6]Z9JH[0xffffffd3]R[0xffffff94][0xffffff90][0xffffffe2][0xffffffdd][0xffffffa0][0xffffff84][0xffffffdb][0xffffff95][0xffffffb8][0xffffffee]vP[0xffffff94][0xffffffc0]w%[0xffffff9e][0xffffff80]][0xffffff89][0xffffffc7][0x1c]~.[0xc]8[0xffffffb6]+[0xfffffff1][0xffffffc8][0xfffffff1]f[0xffffff92][0x12]![0xffffffbb][0x12]6[0xffffff90][0xc]%[0x2]v%$[0xffffff9c][0xffffffd5][0xffffff94][0x8][0xffffffde][0xffffff95]p[0xffffffe5][0xffffffc9]R"oW[0xffffffc2]U+G[0xffffff89][0xffffff94]][0x9]-[0xffffffde]?[0xffffffa7][0xffffffc4]t[0xffffff87]A[0xffffffc7][0xfffffff9]P[0xffffff94][0xffffff98][0xfffffff8]a[0xffffffd0][0x19]p[0x18]t[0xffffff9a][0x13]Ku[0x1][0xffffff9f][0xffffffd8]a[0xffffffd0])g[0xffffff92]@J[0xffffff98]("[0xffffff94][0xffffffb0][0xffffff81]D(abYN[0x9][0x9]g1%$[0xffffffa2]A[0xffffff94]p[0xffffffe5][0xffffff89]R[0xffffffc2]w)J[0x9]W[0xffffffad][0x18]%[0xffffffb4]i!Jh[0xfffffff1]nP[0xffffffc2][0x1d][0x6][0x1d][0xfffffff7]A}+1[0xfffffff1][0xffffffc3][0xffffffa0]3[0xffffffe0]0[0xffffffe8]4'[0xffffff96][\n]"
01:51:24.882 [main] DEBUG org.apache.hc.client5.http.wire -- http-outgoing-1 << "[0x3][0xffffff8e][0x1d][0x6][0xffffff9d]r&[0xffffff89][0xffffffa4]D[0xffffffc8]aP[0x1b]H[0xffffff86][0x12][0x1][0xffffff87]A%[0xffffff9c][0xffffffd5][0xffffff94][0x8]>[0xc][0xffffffea][0xffffffca][0xffffff93][0xffffffa5]D[0xffffffde]aPW[0xffffffad][0x1c]%R[0xe][0xffffff83]j[0xfffffff1]nP[0xffffffe2]4[0xffffff94][0xffffffb8][0xffffffdb][0xffffffb8](J[0xffffff9c]8%N[0x17][0xffffffff][0xffffffe2][0xffffffbc][0xffffff9f][0xffffff9a][0xfffffff7][0xffffffc2][0xffffff80][0xffffff9f][0x18]%[0xffffffce]$Jh[0x14][0x19]J[0xffffffb8]@2[0xffffff94][0xffffffd0]X[0xffffffd6]Sb[\r]g5%[0xffffffd6][0xffffff88]&Q[0xffffffc2][0xffffff94]'K[0x9][0xffffffdb][0xffffffa5],%L[0xffffffb5]r[0xffffff94][0xffffff90][0xffffffa6][0xffffffa5](![0xffffffc5][0xffffffbb]A[0x9]w[0x18][0xfffffff4][0xffffffee]/[0xffffff8c][0x12][0xfffffff8]a[0xffffffd0][0x19]p[0x18]t[0xffffff9a][0x13]K[0xffffff85][0x1][0xffffffc7][0xe][0xffffff83]N9[0xffffff93]DR"[0xffffffe4]0[0xffffffa8][\r]$C[0xffffff89][0xffffff80][0xffffffc3][0xffffffa0][0x12][0xffffffce]jJ[0x4][0x1f][0x6]u[0xffffffe5][0xffffffc9]R"[0xffffffef]0[0xffffffa8][0xffffffab]V[0xffffff8e][0x12])[0xffffff87]A[0xffffffb5]x7(1,%.[0xffffff8c][0x12][0x3][0xffffffa7][0xffffffc4]p[0xfffffff1]/[0xffffffce][0xfffffffb][0xffffffd0][0xffffffbc][0x17][0x6]|`[0xffffff94][0x18]I[0xffffff94][0xffffffd0](2[0xffffff94]p[0xffffff81]d([0xffffffa1][0xffffffb1][0xffffffac][0xffffffa7][0xffffffc4][0x1a][0xffffffce]jJ[0xffffffac][0x11]M[0xffffffa2][0xffffff84])O[0xffffff96][0x12][0xffffffb6]KYJ[0xffffff98]j[0xffffffe5](!MKQB[0xffffff8a]w[0xffffff83][0x12]nW[0xffffffe2]>^[0xffffffd4][0xffffffda][0xffffffe5][0xffffffc4]w%f[0xffffffc0][0xffffffae][0xffffffc4]4[0xffffff87][0xffffff9f][0xb][0x3][0xffffff8e][0xffffffed]JL9[0xffffffde]LR"dW[0xffffffc2][0x6][0xffffff92][0xffffffa1]D[0xffffffc0][0xffffffae][0xffffff84][0xffffff84][0xffffffb3][0xffffff9a][0x12][0xffffffc1][0xffffffbb][0x12][0xffffffae]<YJ[0xffffffe4][0xffffffed]J[0xffffffb8]j[0xffffffe5]([0xffffff91][0xffffffb2]+[0xffffffa1][0xffffffc5][0xffffffbb]A[0x9]w[0x18][0xfffffff4][0xffffff9e][0x1d][0xfffffffb][0xffffffec][0x12]?[0xc]:[0x3][0xe][0xffffff83]Nsb[0xffffffa9]0[0xffffffe0][0xffffffd8]a[0xffffffd0])g[0xffffff92]HJ[0xffffff84][0x1c][0x6][0xffffffb5][0xffffff81]d([0x11]p[0x18]T[0xffffffc2]YM[0xffffff89][0xffffffe0][0xffffffc3][0xffffffa0][0xffffffae]<YJ[0xffffffe4][0x1d][0x6]u[0xffffffd5][0xffffffca]Q"[0xffffffe5]0[0xffffffa8][0x16][0xffffffef][0x1f]Sb[0xffffffbc][0xffffffdc]%[0xffffffe3]O[0xffffffa3]([0xfffffff1][0xfffffff5]<(%[0xffffffbe][0xffffff9f][0xffffff80][0xffffffa5][0xffffffc4][0xffffffef]g ([0xfffffff1][0xfffffffd][0xffffffeb][0x4]%~[0xfffffffd]r[0x2]%\[0x14][0x9]J[0xfffffff8]@[0x12][0xffffff94]p[0xffffffb1][0xffffffac][0xffffffa6][0xffffff84][0xffffff86][0xffffffb3][0xffffff96][0x12][0x1a][0xffffffd1][0x1c]J[0xffffffd8][0xfffffff2]$)[0xfffffff1][0xffffffa6]KIJ[0xffffffd8]j[0xffffffa5](a[0xffffff9a][0xffffff96][0xffffffa1][0xffffff84])[0xffffffde][\r]J[0xffffffb8]][0xffffff89][0xffffffe7][0xffffff9a][0xf]E[0x9]zW[0xffffffe2][0xfffffffb][0x9]hJ[0xffffff90][0xffffffbb][0x12][0xffffffdf][0xffffffbf][0xffffffce]P"hW[0xffffffc2]E[0xffffff91][0xffffffa1]D[0xffffffca][0xffffffae][0xffffff84][0xffffff8b]e=%[0xffffffd8]][0x9][0xffffff8d]h[0x12]%[0xffffffc2]v%[0xffffffde]t)K[0xffffff89][0xffffffa0]][0x9][0xffffffd3][0xffffffb4][0x14]%[0xfffffffe]~W[0xffffffe2][0xfffffff3][0xffffffdf][0xffffffe8]a[0xffffff94][0xffffffe8]8%z[0x0]%:J[0xffffff89][0xffffff8e]Q[0xffffffa2]'Qb[0xffffff8d]"E[0x9][\r]$E[0xffffff89]5[0xffffff96][0x4]%:L[0xffffff89][0x1e]L[0x9])O[0xffffff9a][0x12][0xffffffa6]KiJH[0xffffffb5][0xffffff92][0xffffff94][0xffffffe8])[0xffffff94][0xffffffe8][0x7f]M[0x9]7Q[0xfffffff5]<[0xfffffffd][0xffffffa4](AOT}?[0x1]M[0x9]r[0xffffffa2][0xffffffea][0xfffffffb][0xffffffd7][0x19]J[0x4]MT[0xffffffb9](2[0xffffff94]H[0xffffff99][0xffffffa8]r[0xffffffb1][0xffffffac][0xffffffa7][0x4];Q[0xffffffa5][0x11]M[0xffffffa2]D[0xffffffd8]D[0xffffffd5][0xffffff9b].e)[0x11]4Qe[0xffffff9a][0xffffff96][0xffffffa2][0xffffffc4][0xffffffdf]OT}[0xfffffffe][0x1b][0xffffffe6][0xffffffad][0x4]J[0x9][0xfffffffa][0xffffffad]D[0xf]x+[0xffffffd1][0xffffff95][0xffffffce][0xffffffa5][0x1][0xffffffa7][0xffffffde]J[0xfffffff4][0xffffffa4][0xffffffb7][0x12][0x1a]E[0xffffff8a][0x12])o%4[0xffffff96][0x4]%[0xffffffd8][0xffffffb7][0x12]kD[0xffffffb3]([0x11][0xfffffff6]V[0xffffffc2]v)M[0xffffff89][0xffffffa0][0xffffffb7][0x12][0xffffffd2][0xffffffb4][0x1c]%[0xfffffffe][0xfffffffe][0xffffffad][0xffffffc4]a[0xffffffde]J[0xffffffcc]~[0xffffffbf](J[0x1c][0xfffffff8][[0xffffff89]#[0xffffffe0][0xffffffad][0xffffffc4][0xffffffa1]t.[0xc][0xfffffff8][0xffffff81][0xffffffbd][0xffffff95]8[0xffffff92][0xffffffde]Jh[0x14][0x19]J[0xffffffb8]@2[0xffffff94][0xffffffd0]X[0xffffffd6]Sb[\r]g5%[0xffffffd6][0xffffff88]&Q[0xffffffc2][0xffffff94]'K[0x9][0xffffffdb][0xffffffa5],%L[0xffffffb5]r[0xffffff94][0xffffff90][0xffffffa6][0xffffffa5](![0xffffffc5][0xffffffbb]A[0x9]7[0xffffff9c]=[0xffffffcf][0xffffffd1](J[0xffffffd0][0xffffffc3][0xffffffd9][0xffffffdf]O@S[0xffffff82][0x1c][0xffffffce][0xfffffffe][0xfffffffe]u[0xffffff86][0x12]A[0xffffffc3][0xffffffd9].[0xffffff8a][0xc]%R[0xffffff86][0xffffffb3]],[0xffffffeb])[0xffffffc1][0xe]gkD[0xffffff93]([0x11]6[0xffffff9c][0xfffffffd][0xffffffa6]KYJ[0x4][\r]g[0xffffff9b][0xffffffa6][0xffffffa5]([0xfffffff1][0xfffffff7][0xffffffc3][0xffffffd9][0xffffffe3][0xffffffe5][0xffffff86][0xffffffb3][0xffffffe7][0xffffff98][0xffffffd0][0xffffffda][0xffffffe5][0xffffffd7][0xfffffff3][0xffffffc0][0xffffff94][0xffffffe0][0xffffff87][0xffffffb3][0x7f]?[0x3]C[0x9]j8[0xfffffffb][0xffffffd7]"
01:51:24.889 [main] DEBUG org.apache.hc.client5.http.wire -- http-outgoing-1 << "/gP"c8[0xffffffdb][0x7][0xffffff92][0xffffffa1][0x4]?[0xffffff9c][0xffffffad][0xffffffe1][0xffffffac][0xffffffa6]D[0xffffffee]p[0xffffffb6]-O[0xffffff96][0x12]q[0xffffffc3][0xffffffd9][0xffffffb6]Z9J[0xffffff84][0xc]g[0xffffff9b][0xffffffe2][0xffffffdd][0xffffffa2][0xffffff84]~+[0xffffffc1]R[0xffffff82][0xfffffffe]V[0xffffffe2][\n]"
01:51:24.889 [main] DEBUG org.apache.hc.client5.http.wire -- http-outgoing-1 << "[0xfffffff8]V[0xffffffe2][0xffffffd2]?[0xffffffe8][0xffffff95][0x6][0xffffff9c][0xfffffffa]V[0xffffffe2]J[0xfffffffa]VB[0xffffffa3]HQ"[0xffffffe5][[0x9][0xffffff8d]%A[0x9][0xfffffff6][[0xffffff89]5[0xffffffa2]Y[0xffffff94][0x8][0xfffffffb]V[0xffffffc2]v)M[0xffffff89][0xffffffa0]o%[0xffffffa4]i9J[0xfffffffc][0xfffffffd][0xffffffb7][0x12][0xffffffe6][0xe][0xffffff8e][0xffffffe3][0xffffffd5][0xffffffa9][0xffffffe1][0xffffffec][0xffffffaf][0xffffffe7][0xffffff81])[0xffffffc1][0xffffffdf][0xffffffc1][0xfffffff1][0xfffffffb][0x19][0x18]JPwp[0xfffffffc][0xfffffffa][0xffffffe5][0xc]Jd[0xffffffdc][0xffffffc1][0xffffffe1][0x3][0xffffffc9]P[0xffffff82][0xffffffbf][0xffffff83]C[0xffffffc3]YM[0xffffff89][0xffffffdc];8ly[0xffffffb2][0xffffff94][0xffffff88][0xffffffbb][0xffffff83][0xffffffc3]V+G[0xffffff89][0xffffff90];8L[0xfffffff1]nP[0xffffffc2][0xffffffdc][0xffffffc1]q[0xffffffbc][0xffffffae][0xffffffe7][0xffffffa4](A[0xffffffdf][0xffffffc1][0xfffffff1][0xfffffffd][0x4]4%[0xffffffc8];8[0xffffffbe][0x7f][0xffffff9d][0xffffffa1]D[0xffffffd0][0x1d][0x1c].[0xffffff8a][0xc]%R[0xffffffee][0xffffffe0]p[0xffffffb1][0xffffffac][0xffffffa7][0x4]{[0x7][0xffffff87]F4[0xffffff89][0x12]awp[0xffffffbc][0xffffffe9]R[0xffffff96][0x12]Awp[0xffffff98][0xffffffa6][0xffffffa5]([0xfffffff1][0xfffffff7]wp[0xffffff8c][0xffffffd7][0xffffffe3](q[0xffffffbf]&E[0xffffff89][0x7][0xffffffa7][0xffffffc4][0x13]@[0xffffff89]G[0xfffffff3]^[0x18][0xfffffff0][0x7][0xffffffa3][0xffffffc4][0xffffff93]D[0x9][0xffffff8d]"C[0x9][0x17]H[0xffffff86][0x12][0x1a][0xffffffcb]zJ[0xffffffac][0xffffffe1][0xffffffac][0xffffffa6][0xffffffc4][0x1a][0xffffffd1]$J[0xffffff98][0xfffffff2]d)a[0xffffffbb][0xffffff94][0xffffffa5][0xffffff84][0xffffffa9]V[0xffffff8e][0x12][0xffffffd2][0xffffffb4][0x14]%[0xffffffa4]x7(a[0xffffffae][0xfffffff3][0xfffffffa][0xffffffa0][0xffffffc4]uS[0xffffff94][0xffffffa0][0xffffffaf][0xfffffff3][0xfffffffa]~[0x2][0xffffff9a][0x12][0xffffffe4]u^[0xffffffdf][0xffffffbf][0xffffffce]P"[0xffffffe8]:/[0x17]E[0xffffff86][0x12])[0xffffffd7]y[0xffffffb9]X[0xffffffd6]S[0xffffff82][0xffffffbd][0xffffffce]K#[0xffffff9a]D[0xffffff89][0xffffffb0][0xffffffeb][0xffffffbc][0xffffffde]t)K[0xffffff89][0xffffffa0][0xffffffeb][0xffffffbc]L[0xffffffd3]R[0xffffff94][0xfffffff8][0xf][0xffffffae][0xfffffff3]j[0xffffffe6]:[0xffffffaf][0xffffffe3][0xfffffff5][0xffffffbc][0xe][0xffffff88][0x12][\r][0xffffffbf][0xffffffce][0xffffffab][0x5]\[0xffffffe7][0xffffffd5][0xffffffcc][0xffffff9d]3u[0x1]o[0xffffffd8]u^Mn[0xffffff95][0x1])a[0xffffffa2][0xffffff88]P[0xffffffc2][0x6][0x12][0xffffffa1][0xffffff84][0xffffff89]e9%$[0xffffff9c][0xffffffc5][0xffffff94][0xffffff90][0xffffff88][0x6]Q[0xffffffc2][0xffffff95]'J[0x9][0xffffffdf][0xffffffa5](%\[0xffffffb5]b[0xffffff94][0xffffffd0][0xffffffa6][0xffffff85]([0xffffffa1][0xffffffc5][0xffffffbb]A[0x9]s[0xffffff9d][0xffffffd7][0x7]%[0x6]5Q[0xffffffd5][0xfffffff0][0xffffffeb][0xffffffbc]Z[0xffffffc0]u^[0xffffffcd][0xffffffdc]9S[0x18]p[0xffffffec]:[0xffffffaf]&[0xffffffb7][0xffffffca][0xffffff90][0xffffff94][0x8][0xffffffb9][0xffffffce][0xffffffcb][0x6][0xffffff92][0xffffffa1]D[0xffffffc0]u^[0x12][0xffffffce]jJ[0x4]_[0xffffffe7][0xffffffe5][0xffffffca][0xffffff93][0xffffffa5]D[0xffffffde]u^[0xffffffae]Z9J[0xffffffa4]\[0xffffffe7][0xffffffa5][0xffffffc5][0xffffffbb]A[0x9]s[0x7][0xffffffc7][0xffffffd1]^/[0xffffffea][0xf][0x1c][\r][0xffffffbf][0xffffff83][0xffffffa3][0x5][0xffffffdc][0xffffffc1][0xffffffd1][0xffffffcc]P|a[0xffffffc0][0xffffffb1];8[0xffffff9a]L[0xffffffc1][0xffffff93][0xffffff94][0x8][0xffffffb9][0xffffff83][0xffffffc3][0x6][0xffffff92][0xffffffa1]D[0xffffffc0][0x1d][0x1c][0x12][0xffffffce]jJ[0x4][0xffffffdf][0xffffffc1][0xffffffe1][0xffffffca][0xffffff93][0xffffffa5]D[0xffffffde][0x1d][0x1c][0xffffffae]Z9J[0xffffffa4][0xffffffdc][0xffffffc1][0xffffffa1][0xffffffc5][0xffffffbb]A[0x9]3[0xffffff9c]}[0xffffffb4][0xfffffff3][0xffffffa1]n[0x6]m[0xfffffff8]pv[0xb][0x18][0xffffffce]nf[0xffffffdd][0xffffffb5]0[0xffffffe0][0xffffffd8]pv[0xffffff93][0xfffffffd]V[0xffffff92][0x12]![0xffffffc3][0xffffffd9]6[0xffffff90][0xc]%[0x2][0xffffff86][0xffffffb3]%[0xffffff9c][0xffffffd5][0xffffff94][0x8][0x1e][0xffffffce]v[0xffffffe5][0xffffffc9]R"o8[0xffffffdb]U+G[0xffffff89][0xffffff94][0xffffffe1]l-[0xffffffde]-J\a[0xffffff94][0xffffffb8]pJ\[0x1][0xffffff94][0xffffffb8]PJ\[0x18]%[0xffffffae]$J[0xffffffac]Q[0xffffffa4]([0xffffffa1][0xffffff81][0xffffffa4]([0xffffffb1][0xffffffc6][0xffffff92][0xffffffa0][0xffffffc4][0x5]S[0xffffffe2][\n]"
01:51:24.890 [main] DEBUG org.apache.hc.client5.http.wire -- http-outgoing-1 << "[0xffffffa6][0xffffff84][0xffffff94]'M[0x9][0xffffffd3][0xffffffa5]4%[0xffffffa4]ZIJ\)[0xffffff94][0xffffffb8][0xfffffffe][0x3]J[0xffffffb4]'[0xffffffcc][0x12][0xffffffed][0xffffffc1]1[0xfffffff1][0xfffffff1][0x8][0xffffffbc]&~<[0x4][0xffffffc5][0xffffff89][0xffffff8f][0xffffff9f][0xffffffa7]<[0xfffffff1][0xfffffffd][0xffffffd3])[0xffffffa0][0xffffff90]<R[0xffffffa2]0[0xffffffa9][0xffffffa4]H![0xffffffd9]$L[0xffffffb1]$[0xffffffb4][0x1e][0x15]KN[0xffffffb3]T[0xffffffa1]5J[0xffffffb3][0xffffffc2][0xffffffb5]*[0xffffffed][\n]"
01:51:24.890 [main] DEBUG org.apache.hc.client5.http.wire -- http-outgoing-1 << "-Y[0x12][0x16]k[0xffffffe7]r[0xffffffb2]X+x[0xffffff8b][0x16][0xffffffc7][0x8][0xffffffa3][0xffffffc5]1pZ|<[0x2]O[0xffffff8b][0x1f][0xf]A[0xffffffd1][0xffffffe2][0xffffffe3][0xffffffe7])Z|[0xffffffff]t[\n]"
01:51:24.890 [main] DEBUG org.apache.hc.client5.http.wire -- http-outgoing-1 << "-$[0xffffff8f][0x14]-L*)ZH6[0x9]Z,[0x9][0xffffffad][0xffffffa7][0xffffffc5][0xffffff92][0xffffffd3],Zh[0xffffff8d][0xffffffd2][0xffffffb4]p[0xffffffad]J[0xffffffd3]BK[0xffffff96][0xffffffa4][0xffffffc5][0xffffffda][0xffffffb9][0x1c]-[0xffffffd6][\n]"
01:51:24.891 [main] DEBUG org.apache.hc.client5.http.wire -- http-outgoing-1 << "[0xffffffde][0xffffffa2][0xffffffc5][0xffffffd7][0xfffffff2]e[0x12]-[0xffffff9e][0x13][0xffffffa7][0xffffffc5][0xffffffc7]#[0xfffffff0][0xffffffb4][0xfffffff8][0xfffffff1][0x10][0x14]->~[0xffffff9e][0xffffffa2][0xffffffc5][0xfffffff7]O[0xffffffa7][0xffffffd0]B[0xfffffff2]H[0xffffffd1][0xffffffc2][0xffffffa4][0xffffff92][0xffffffa2][0xffffff85]d[0xffffff93][0xffffffa0][0xffffffc5][0xffffff92][0xffffffd0]zZ,9[0xffffffcd][0xffffffa2][0xffffff85][0xffffffd6](M[0xb][0xffffffd7][0xffffffaa]4-[0xffffffb4]dIZ[0xffffffac][0xffffff9d][0xffffffcb][0xffffffd1]b[0xffffffad][0xffffffe0]=Z[0xffffffa4][0xffffffbd][0xffffffb5]x[0xfffffff8][0xffffffb7][0x16]O[0xffffffc2][[0xffffff8b][0xffffff87]}k[0xfffffff1]po-[0xffffff9e][0xffffffa8][0xffffffb7][0x16][0xffffff92]G[0xffffff8c][0x16]9o-$[0xffffff9b][0x8]-[0xffffffe8][0xffffffb7][0x16]O[0xfffffff2][[0xb][0xffffffad]Q[0xffffff9c][0x16][0xffffff81]o-[0xffffffb4]dQZ[0xffffffc4][0xffffffbc][0xffffffb5]X+x[0xffffff8b][0x16][0xffffffad][0xffffffcd]0[|<[0x11][0xffffff8e][0xffffff8b][0xffffffcf]g[0xffffffe0]u[0xfffffff1][0xfffffff3])(^|[0xfffffffe]>[0xffffffe5][0xffffff8b][0x1f][0xffffffbf][0xffffff9d][0x2][0xc][\r]%%[0xc][0x17]M[0xffffff8a][0x18][0x1a]P[0xffffffc2][0x18]kL[0xffffffeb][0xffffff91][0xffffffb1][0xffffff86]5K[0x19][0xffffffa6]Pif[0xffffffd8]~[0xffffffa5][0xffffff9d]a[0xffffffea][0xffffff96][0xffffff84][0xffffff86][0xffffffb4]/'[\r])[0xffffffe3]=j[0x1c]w[0x1a]5[0xffffff8e][0xffffff9b][0xffffffa7][0xffffffc6][0xffffffc7]3[0x4]P[0xffffffe3][0xffffffc7]S`[0xffffffd4][0xfffffff8][0xfffffff8]}[0xffffff8c][0x1a][0xffffffdf][0xffffffbf][0x1d]C[\r][0x9]%F[\r][0x13]M[0xffffff8c][0x1a][0x12]P[0xffffff84][0x1a]KL[0x1]j,a[\r][0xffffffa3][0xffffff86][0x16]*N[\r][0xffffffd7][0xffffffaf]85[0xffffffb4]nQj[0xffffffac][0xffffffed][0xb]Rc-[0xffffffe3]?[0xffffffa1][0xffffffc6][0xfffffffc][0xfffffffe]WN[0xffffffb3]k[0xffffffd1]_[0xffffffc0]ub[0xffffffbf][0xffffff9f][0xffffff87]b[0xffffffc6]?[0xffffff9e][0x0]C[0xffffffc6][0xfffffff2][0xc][0xffffffc5][0xffffffc4][0xfffffff8][0xffffffc7][0xffffffaf][0x17][0x3][0xffffffe3][0x7f][0x7f][0x19][0xffffffe6][0xffffffc5][0xffffffdb]([0x16][0xffffffe3][0xffffffe2]_[0x2]YL[0xffffff8b][0xffffffb7][0xffffffb1],[0xffffff84][0xffffffc5][0xffffff9b]p[0xffffff96][0xffffffb1][0xffffffe2]MD#P[0xfffffff1][0xffffffbe]<!R[0xfffffffc][[0xffffff97]B[0xffffffa0]x_[0xffffffad][0x0]'[0xffffffde]5m9&[0xffffffde][0x15][0xffffffef][0x16]%[0xffffff8e]0J[0x1c]8%[0xffffff8e][0x0]J[0x1c](%[0xe][0xffffff8c][0x12]G[0x12]%[0xffffffd6](R[0xffffff94][0xffffffd0]@R[0xffffff94]XcIP[0xffffffe2][0xffffff80])q[0x4]SB[0xffffffca][0xffffff93][0xffffffa6][0xffffff84][0xffffffe9]R[0xffffff9a][0x12]R[0xffffffad]$%[0xffffff8e][0x14]J[0x1c][0x7f]M[0xffffff89][0xffffffcb][0xffffffbd][0xffffff95][0xffffffe8]sP[0xffffff94][0xffffffb8][0xfffffff0][0xffffffb7][0x12]W[0xffffffc0][[0xffffff89]K[0xffffffe9]\[0x18][0xfffffff0][0xb]{+q%[0xffffffbd][0xffffff95][0xffffffd0](2[0xffffff94]p[0xffffff81]d([0xffffffa1][0xffffffb1][0xffffffac][0xffffffa7][0xffffffc4][0x1a][0xffffffce]jJ[0xffffffac][0x11]M[0xffffffa2][0xffffff84])O[0xffffff96][0x12][0xffffffb6]KYJ[0xffffff98]j[0xffffffe5](!MKQB[0xffffff8a]w[0xffffff83][0x12][0xffffffc3]Q[0xffffffe2]n[0xfffffff5]7[0xffffff93][0xfffffffe]~[0x1e][0xffffff98][0x12]#[0xffffff80][0x12]C[0xfffffff3]^[0x18][0xfffffff0][0xffffff81]Qb$QB[0xffffffa3][0xffffffc8]P[0xffffffc2][0x5][0xffffff92][0xffffffa1][0xffffff84][0xffffffc6][0xffffffb2][0xffffff9e][0x12]k8[0xffffffab])[0xffffffb1]F4[0xffffff89][0x12][0xffffffa6]<YJ[0xffffffd8].e)a[0xffffffaa][0xffffff95][0xffffffa3][0xffffff84]4-E[0x9])[0xffffffde][\r]J[0xffffffdc][0xffffff8e][0x12][0xffffff93][0xffffffa3][0xffffffc4][0xffffff8d]S[0xffffffe2][0xe][0xffffffa0][0xffffffc4][0xffffffad]y/[0xc][0xfffffff8][0xffffff8d]Q[0xffffffe2]N[0xffffffa2][0xffffff84]F[0xffffff91][0xffffffa1][0xffffff84][0xb]$C[0x9][0xffffff8d]e=%[0xffffffd6]pVSb[0xffffff8d]h[0x12]%Ly[0xffffffb2][0xffffff94][0xffffffb0]][0xffffffca]R[0xffffffc2]T+G[0x9]iZ[0xffffff8a][0x12]R[0xffffffbc][0x1b][0xffffff94]x[0xc]%>0Q[0x7f][0xffffffbe][0xffffffe3][0xfffffff7][0xfffffff3][0xffffffc0][0xffffff94]x[0x2]([0xfffffff1]h[0xffffffde][0xb][0x3][0xfffffffe]`[0xffffff94]x[0xffffff92]([0xffffffa1]Qd([0xffffffe1][0x2][0xffffffc9]PBcYO[0xffffff89]5[0xffffff9c][0xffffffd5][0xffffff94]X#[0xffffff9a]D[0x9]S[0xffffff9e],%l[0xffffff97][0xffffffb2][0xffffff94]0[0xffffffd5][0xffffffca]QB[0xffffff9a][0xffffff96][0xffffffa2][0xffffff84][0x14][0xffffffef][0x6]%[0xffffffa6][0xffffffa3][0xffffffc4][0xffffffc5]Qb[0xffffffe2][0xffffff94][0xffffff98][0x1][0xffffff94][0xffffff98][0xffffff9a][0xfffffff7][0xffffffc2][0xffffff80]O[0xffffff8c][0x12]3[0xffffff89][0x12][0x1a]E[0xffffff86][0x12].[0xffffff90][0xc]%4[0xffffff96][0xfffffff5][0xffffff94]X[0xffffffc3]YM[0xffffff89]5[0xffffffa2]I[0xffffff94]0[0xffffffe5][0xffffffc9]R[0xffffffc2]v)K[0x9]S[0xffffffad][0x1c]%[0xffffffa4]i)JH[0xfffffff1][0xfffffffe]9%[0xfffffffa][0xffffffcb]Q[0xffffffe2][0x19]/[0xffffff88][0x12][0xffffff9f][0xffffffcf][0xffffffc3]R[0xffffffe2][0xffffffeb][0x9]`J[0xfffffffc]z[0x6][0xffffff84][0x12]_[0xffffffbf][0xffffff8e]P[0xffffffe2][0xffffffe7]/GP[0xffffffc2]D[0x11][0xffffffa1][0xffffff84][\r]$B[0x9][0x13][0xffffffcb]rJH8[0xffffff8b])![0x11][\r][0xffffffa2][0xffffff84]+O[0xffffff94][0x12][0xffffffbe]KQJ[0xffffffb8]j[0xffffffc5]([0xffffffa1]M[0xb]QB[0xffffff8b]w[0xffffff83][0x12][0xffffffdd]Qb[0xffffffde][0xffffff8d][0xffffffa2]D[0xffffffc7])[0xffffffd1][0x3]([0xffffffd1]5[0xffffffef][0xffffff85][0x1][0xffffffef][0x18]%z[0x12]%4[0xffffff8a][0xc]%\ [0x19]Jh,[0xffffffeb])[0xffffffb1][0xffffff86][0xffffffb3][0xffffff9a][0x12]kD[0xffffff93](a[0xffffffca][0xffffff93][0xffffffa5][0xffffff84][0xffffffed]R[0xffffff96][0x12][0xffffffa6]Z9JH[0xffffffd3]R[0xffffff94][0xffffff90][0xffffffe2][0xffffffdd][0xffffffa0][0xffffffc4]a)1/[0xffffff8a][0x12][0x7]N[0xffffff89]#[0xffffff80][0x12][0xffffff87][0xffffffe6][0xffffffbd]0[0xffffffe0][0x7]F[0xffffff89]#[0xffffff89][0x12][0x1a]E[0xffffff86][0x12].[0xffffff90][0xc]%4[0xffffff96][0xfffffff5][0xffffff94]X[0xffffffc3]YM[0xffffff89]5[0xffffffa2]I[0xffffff94]0[0xffffffe5][0xffffffc9]R[0xffffffc2]v)K[0x9]S[0xffffffad][0x1c]%[0xffffffa4]i)JH[0xfffffff1]nP[0xffffffc2][0xffffffad]][0xffffff9e][0xffffffaf]A}+[0xffffffd1][0xfffffff1][0xffffffb5][0xffffffcb][0x1e][0xffffffb0]v[0xffffffd9][0xffffffcd]$[a[0xffffffc0][0xffffffb1][0xffffffb5][0xffffffcb].[0xffffffa3]k$%B[0xffffffd6].m [0x19]J[0x4][0xffffffac]]J8[0xffffffab])[0x11][0xffffffbc]v[0xffffffe9][0xffffffca][0xffffff93][0xffffffa5]D[0xffffffde][0xffffffda][0xffffffa5][0xffffffab]V[0xffffff8e][0x12])k[0xffffff97]Z[0xffffffbc][0x1b][0xffffff94]p[0x13]Ug[0x7f]Q[0xffffff87]A;>Q[0xffffffd5][0x3]&[0xffffffaa][0xffffffba][0xffffffd9]Q)[0xc]86Q[0xffffffd5]e)[0xffffff85][0xffffffa4]D[0xffffffc8]D[0xffffff95][\r]$C[0xffffff89][0xffffff80][0xffffff89]*[0x9]g5%[0xffffff82]'[0xffffffaa]\y[0xffffffb2][0xffffff94][0xffffffc8][0xffffff9b][0xffffffa8]r[0xffffffd5][0xffffffca]Q"e[0xffffffa2]J[0xffffff8b]w[0xffffff83][0x12]n[0xffffffa2][0xffffffea][0xffffffbc]F[0xffffffa7]([0xffffff81]OT[0xfffffff5][0xffffff80][0xffffff89][0xffffffaa]nvT[\n]"
01:51:24.892 [main] DEBUG org.apache.hc.client5.http.wire -- http-outgoing-1 << "[0x3][0xffffff8e]MTuYJ!)[0x11]2Qe[0x3][0xffffffc9]P"`[0xffffffa2]J[0xffffffc2]YM[0xffffff89][0xffffffe0][0xffffff89]*W[0xffffff9e],%[0xfffffff2]&[0xffffffaa]\[0xffffffb5]r[0xffffff94]H[0xffffff99][0xffffffa8][0xffffffd2][0xffffffe2][0xffffffdd][0xffffffa0][0xffffff84][0xffffffdb][0xffffff95][0xffffffb8][0xfffffffa][0xb][0xfffffffb]V[0x2][0xffffffdf][0xffffff95][0xffffffe8][0x1][0xffffffbb][0x12][0xffffffdd][0x1c]~.[0xc]8[0xffffffb6]+[0xffffffd1][0xffffffe5]x3I[0xffffff89][0xffffff90]][0x9][0x1b]H[0xffffff86][0x12][0x1][0xffffffbb][0x12][0x12][0xffffffce]jJ[0x4][0xffffffef]J[0xffffffb8][0xfffffff2]d)[0xffffff91][0xffffffb7]+[0xffffffe1][0xffffffaa][0xffffff95][0xffffffa3]D[0xffffffca][0xffffffae][0xffffff84][0x16][0xffffffef][0x16]%[0xfffffff4]:/[0xffffff96][0x12][0xfffffff0]u^_O[0xffffffc0]S[0x2][0xffffffbc][0xffffffce][0xffffffeb][0xffffffeb][0xffffffd7])J[0xffffffe4]\[0xffffffe7]e[0xffffffa2]HQ"[0xffffffe4]:/[0x13]K[0xffffff82][0x12][0xffffffe8]u^[0x12][0xffffffd1],Jd][0xffffffe7][0xffffffe5][0xffffffbb][0xffffff94][0xffffffa6]D[0xffffffce]u^[0xffffffda][0xffffffb4][0x1c]%[0xfffffffe][0xfffffffa]:[0xffffffaf][0xffffffcf][0xffffffff][0xffffffa3][0xffffff94]8[0x1e][0xffffffec][0xf][0x1c][0x13][0x7f]+1[0x3][0xffffffde]JL[0xffffffa5]sa[0xffffffc0]'[0xfffffff6]Vb&[0xffffffbd][0xffffff95][0xffffffd0](2[0xffffff94]p[0xffffff81]d([0xffffffa1][0xffffffb1][0xffffffac][0xffffffa7][0xffffffc4][0x1a][0xffffffce]jJ[0xffffffac][0x11]M[0xffffffa2][0xffffff84])O[0xffffff96][0x12][0xffffffb6]KYJ[0xffffff98]j[0xffffffe5](!MKQB[0xffffff8a][0xfffffff7][0xffffffcf])q[0xffffffb8][0xffffff89][0xffffffaa][0xffffffeb]~N[0xffffff88][0x12][0x7]>Qu[0x4]LT[0x1d]fG[0xffffffa5].[0xffffffe0][0x7]6Qu[0xffffffc8]R[\n]"
01:51:24.893 [main] DEBUG org.apache.hc.client5.http.wire -- http-outgoing-1 << "H[0x9][0x13]E[0xffffff84][0x12]6[0xffffff90][0x8]%L,[0xffffffcb])![0xffffffe1],[0xffffffa6][0xffffff84]D4[0xffffff88][0x12][0xffffffae]<QJ[0xfffffff8].E)[0xffffffe1][0xffffffaa][0x15][0xffffffa3][0xffffff84]6-D[0x9]-[0xffffffde][\r]J[0xffffffb8][0xffffff89][0xffffffaa]q<[0xffffffd4]a[0xffffffd0][0x3][0xffffff9f][0xffffffa8]:[0x2]&[0xffffffaa][0xe][0xffffffb3][0xffffffa3]R[0x18]pl[0xffffffa2][0xffffffea][0xffffff90][0xffffffa5][0x14][0xffffff92][0x12]![0x13]U6[0xffffff90][0xc]%[0x2]&[0xffffffaa]$[0xffffff9c][0xffffffd5][0xffffff94][0x8][0xffffff9e][0xffffffa8]r[0xffffffe5][0xffffffc9]R"o[0xffffffa2][0xffffffca]U+G[0xffffff89][0xffffff94][0xffffff89]*-[0xffffffde][\r]J[0xffffffb8][0xffffff89][0xffffffaa]q[0xffffffbd][0xffffffa8][0xffffffe1][0xffffffec][0x3][0xffffff9f][0xffffffa8]:[0x2]&[0xffffffaa][0xe][0xffffffb3][0xffffffa3]R[0x18]pl[0xffffffa2][0xffffffea][0xffffff90][0xffffffa5][0x14][0xffffff92][0x12]![0x13]U6[0xffffff90][0xc]%[0x2]&[0xffffffaa]$[0xffffff9c][0xffffffd5][0xffffff94][0x8][0xffffff9e][0xffffffa8]r[0xffffffe5][0xffffffc9]R"o[0xffffffa2][0xffffffca]U+G[0xffffff89][0xffffff94][0xffffff89]*-[0xffffffde][\r]J[0xffffffb8][0xffffff89][0xffffffaa]1[0xffffffdb]IQ[0x2][0xffffff9f][0xffffffa8]:[0x2]&[0xffffffaa][0xe][0xffffffb3][0xffffffa3]R[0x18]pl[0xffffffa2][0xffffffea][0xffffff90][0xffffffa5][0x14][0xffffff92][0x12]![0x13]U6[0xffffff90][0xc]%[0x2]&[0xffffffaa]$[0xffffff9c][0xffffffd5][0xffffff94][0x8][0xffffff9e][0xffffffa8]r[0xffffffe5][0xffffffc9]R"o[0xffffffa2][0xffffffca]U+G[0xffffff89][0xffffff94][0xffffff89]*-[0xffffffde][\r]J[0xffffffb8][0xffffff89][0xffffffaa]1o[0xffffffea][0xffffffb3][0xffffffcb][0x3][0xffffff9f][0xffffffa8]:[0x2]&[0xffffffaa][0xe][0xffffffb3][0xffffffa3]R[0x18]pl[0xffffffa2][0xffffffea][0xffffff90][0xffffffa5][0x14][0xffffff92][0x12]![0x13]U6[0xffffff90][0xc]%[0x2]&[0xffffffaa]$[0xffffff9c][0xffffffd5][0xffffff94][0x8][0xffffff9e][0xffffffa8]r[0xffffffe5][0xffffffc9]R"o[0xffffffa2][0xffffffca]U+G[0xffffff89][0xffffff94][0xffffff89]*-[0xffffffde][\r]J[0xffffffdc][0xffffff86][0x12][0xfffffff7][0xffffffeb][0xffffffa2][0xffffffae][0xfffffff3][0xfffffffa]|[0x1e][0xffffff98][0x12]w[0x0]%n[0xffffffcd]{a[0xffffffc0]o[0xffffff8c][0x12]w[0x12]%4[0xffffff8a][0xc]%\ [0x19]Jh,[0xffffffeb])[0xffffffb1][0xffffff86][0xffffffb3][0xffffff9a][0x12]kD[0xffffff93](a[0xffffffca][0xffffff93][0xffffffa5][0xffffff84][0xffffffed]R[0xffffff96][0x12][0xffffffa6]Z9JH[0xffffffd3]R[0xffffff94][0xffffff90][0xffffffe2][0xffffffdd][0xffffffa0][0xffffff84][0xffffff9b][0xffffffa8][0xffffffba][[0xffffffc3][0xffffffbe][0xffffff95][0xffffffc0]'[0xffffffaa][0xffffff8e][0xffffff80][0xffffff89][0xffffffaa][0xffffffc3][0xffffffec][0xffffffa8][0x14][0x6][0x1c][0xffffff9b][0xffffffa8]:d)[0xffffff85][0xffffffa4]D[0xffffffc8]D[0xffffff95][\r]$C[0xffffff89][0xffffff80][0xffffff89]*[0x9]g5%[0xffffff82]'[0xffffffaa]\y[0xffffffb2][0xffffff94][0xffffffc8][0xffffff9b][0xffffffa8]r[0xffffffd5][0xffffffca]Q"e[0xffffffa2]J[0xffffff8b]w[0xffffff83][0x12][0xffffffd3]Q[0xffffffa2][0xffffffdf]'E[0xffffff89][0xffffff89]Sb[0x6]Pbj[0xffffffde][0xb][0x3]>1J[0xffffffcc]$Jh[0x14][0x19]J[0xffffffb8]@2[0xffffff94][0xffffffd0]X[0xffffffd6]Sb[\r]g5%[0xffffffd6][0xffffff88]&Q[0xffffffc2][0xffffff94]'K[0x9][0xffffffdb][0xffffffa5],%L[0xffffffb5]r[0xffffff94][0xffffff90][0xffffffa6][0xffffffa5](![0xffffffc5][0xfffffffb][0xffffffe7][0xffffff94]8[0xffffffdd][0xffffffae][0xffffffc4]}a[0xffffffbb][0x12]'[0xffffffbe]+q[0x6][0xffffffec]J[0xffffff9c][0xffffffe6][0xfffffff0]s][0xffffffc0]OlW[0xffffffe2][0xffffff94][0xffffffe3][0xffffffcd] %L[0x14][0x11]J[0xffffffd8]@"[0xffffff94]0[0xffffffb1],[0xffffffa7][0xffffff84][0xffffff84][0xffffffb3][0xffffff98][0x12][0x12][0xffffffd1] J[0xffffffb8][0xfffffff2]D)[0xffffffe1][0xffffffbb][0x14][0xffffffa5][0xffffff84][0xffffffab]V[0xffffff8c][0x12][0xffffffda][0xffffffb4][0x10]%[0xffffffb4]x7([0xffffffe1]v%[0xffffff9e][0xffffffde]&E[0x9]|W[0xffffffe2][0xc][0xffffffd8][0xffffff95]8[0xffffffcd][0xffffffe1][0xffffffe7][0xffffffc2][0xffffff80]c[0xffffffbb][0x12][0xffffffa7][0x1c]o&)[0x11][0xffffffb2]+a[0x3][0xffffffc9]P"`WB[0xffffffc2]YM[0xffffff89][0xffffffe0]][0x9]W[0xffffff9e],%[0xfffffff2]v%\[0xffffffb5]r[0xffffff94]H[0xffffffd9][0xffffff95][0xffffffd0][0xffffffe2][0xffffffdd][0xffffffa0][0xffffff84][0xffffffdb][0xffffff95]x[0xffffffce][0x3][0xffffffa3][0x4][0xffffffbe]+q[0x6][0xffffffec]J[0xffffff9c][0xffffffe6][0xfffffff0]sa[0xffffffc0][0xffffffb1]][0xffffff89]S[0xffffff8e]7[0xffffff93][0xffffff94][0x8][0xffffffd9][0xffffff95][0xffffffb0][0xffffff81]d([0x11][0xffffffb0]+![0xffffffe1][0xffffffac][0xffffffa6]D[0xfffffff0][0xffffffae][0xffffff84]+O[0xffffff96][0x12]y[0xffffffbb][0x12][0xffffffae]Z9J[0xffffffa4][0xffffffec]Jh[0xfffffff1]nQ[0xffffffa2][0xffffff87]Q[0xffffffa2][0xffffffe3][0xffffff94][0xffffffe8][0x1][0xffffff94][0xffffffe8](%:F[0xffffff89][0xffffff9e]D[0xffffff89]5[0xffffff8a][0x14]%4[0xffffff90][0x14]%[0xffffffd6]X[0x12][0xffffff94][0xffffffe8]0%z0%[0xffffffa4]<iJ[0xffffff98].[0xffffffa5])![0xffffffd5]JR[0xffffffa2][0xffffffa7]P[0xffffffa2][0xffffffff]5%[0xffffffdc]D[0xffffffd5][0xfffffff3][0xfffffff4][0xffffff9b][0xffffffa2][0x4]>Qu[0x6]LT[0xffffff9d]fG[0xffffffa5]0[0xffffffe0][0xffffffd8]D[0xffffffd5])K)$%B&[0xffffffaa]l [0x19]J[0x4]LTI8[0xffffffab])[0x11]<Q[0xffffffe5][0xffffffca][0xffffff93][0xffffffa5]D[0xffffffde]D[0xffffff95][0xffffffab]V[0xffffff8e][0x12])[0x13]UZ[0xffffffbc][0x1b][0xffffff94]p[0x13]U[0xfffffff3][0xffffffd5]O[0xffffff8a][0x12][0xfffffff8]D[0xffffffd5][0x19]0Qu[0xffffff9a][0x1d][0xffffff95][0xffffffc2][0xffffff80]c[0x13]U[0xffffffa7],[0xffffffa5][0xffffff90][0xffffff94][0x8][0xffffff99][0xffffffa8][0xffffffb2][0xffffff81]d([0x11]0Q%[0xffffffe1][0xffffffac][0xffffffa6]D[0xfffffff0]D[0xffffff95]+O[0xffffff96][0x12]y[0x13]U[0xffffffae]Z9J[0xffffffa4]LTi[0xfffffff1]nPb8J[0xffffff9c]}P[0xffffff94][0x18]8%F[0x0]%[0xffffff86][0xffffffe6][0xffffffbd]0[0xffffffe0][0x3][0xffffffa3][0xffffffc4]H[0xffffffa2][0xffffff84]F[0xffffff91][0xffffffa1][0xffffff84][0xb]$C[0x9][0xffffff8d]e=%[0xffffffd6]pVSb[0xffffff8d]h[0x12]%Ly[0xffffffb2][0xffffff94][0xffffffb0]][0xffffffca]R[0xffffffc2]T+G[0x9]iZ[0xffffff8a][0x12]R[0xffffffbc][0x1b][0xffffff94]pk[0xffffff97]s4[0xffffffec][0xf][0x1c][0xfffffff8][0xffffffda][0xffffffe5][0x19][0xffffffb0]vy[0xffffff9a]I[0xffffffb6][0xffffffc2][0xffffff80]ck[0xffffff97][0xffffffa7][0xffffff8c][0xffffffae][0xffffff91][0xffffff94][0x8]Y[0xffffffbb][0xffffffb4][0xffffff81]d([0x11][0xffffffb0]v)[0xffffffe1][0xffffffac][0xffffffa6]D[0xfffffff0][0xffffffda][0xffffffa5]+O[0xffffff96][0x12]yk[0xffffff97][0xffffffae]Z9J[0xffffffa4][0xffffffac]]j[0xfffffff1]nP[0xffffffc2][0xffffffad]][0xffffffce]91J[0xffffffe0]k[0xffffff97]g[0xffffffc0][0xffffffda][0xffffffe5]i&[0xffffffd9][\n]"
01:51:24.895 [main] DEBUG org.apache.hc.client5.http.wire -- http-outgoing-1 << "[0x3][0xffffff8e][0xffffffad]][0xffffff9e]2[0xffffffba]FR"d[0xffffffed][0xffffffd2][0x6][0xffffff92][0xffffffa1]D[0xffffffc0][0xffffffda][0xffffffa5][0xffffff84][0xffffffb3][0xffffff9a][0x12][0xffffffc1]k[0xffffff97][0xffffffae]<YJ[0xffffffe4][0xffffffad]][0xffffffba]j[0xffffffe5]([0xffffff91][0xffffffb2]v[0xffffffa9][0xffffffc5][0xffffffbb]A[0xffffff89][0xffffffa9][0xffffff94]8_[0xffffffaf]qP[0xffffff94][0xffffff98]8%f[0x0]%[0xffffffa6][0xffffffe6][0xffffffbd]0[0xffffffe0][0x13][0xffffffa3][0xffffffc4]L[0xffffffa2][0xffffff84]F[0xffffff91][0xffffffa1][0xffffff84][0xb]$C[0x9][0xffffff8d]e=%[0xffffffd6]pVSb[0xffffff8d]h[0x12]%Ly[0xffffffb2][0xffffff94][0xffffffb0]][0xffffffca]R[0xffffffc2]T+G[0x9]iZ[0xffffff8a][0x12]R[0xffffffbc][0x7f]N[0xffffff89][0xffffffcb][0xffffffac]][0xffffff9e][0xffffffaf][0xfffffff6][0xffffffa2][0xe][0xffffff83]^[0xfffffff8][0xffffffda][0xffffffe5][0x15][0xffffffb0]vy[0xffffff99]I[0xffffffb6][0xffffffba][0xffffff80]_[0xffffffd8][0xffffffda][0xffffffe5]%[0xffffffa3]k %L[0x14][0x11]J[0xffffffd8]@"[0xffffff94]0[0xffffffb1],[0xffffffa7][0xffffff84][0xffffff84][0xffffffb3][0xffffff98][0x12][0x12][0xffffffd1] J[0xffffffb8][0xfffffff2]D)[0xffffffe1][0xffffffbb][0x14][0xffffffa5][0xffffff84][0xffffffab]V[0xffffff8c][0x12][0xffffffda][0xffffffb4][0x10]%[0xffffffb4]x7([0xffffffd1],%F[0xffffffa7]([0xffffffd1]pJ[0xffffffb4][0x0]J4[0xffffffcd]{a[0xffffffc0][0x1b]F[0xffffff89][0xffffff96]D[0x9][0xffffff8d]"C[0x9][0x17]H[0xffffff86][0x12][0x1a][0xffffffcb]zJ[0xffffffac][0xffffffe1][0xffffffac][0xffffffa6][0xffffffc4][0x1a][0xffffffd1]$J[0xffffff98][0xfffffff2]d)a[0xffffffbb][0xffffff94][0xffffffa5][0xffffff84][0xffffffa9]V[0xffffff8e][0x12][0xffffffd2][0xffffffb4][0x14]%[0xffffffa4]x7(a[0xffffff86][0xffffffb3][0xffffffcf][0x17]7[0xffffff9c]}[0xffffffe1][0xffffffc3][0xffffffd9]W[0xffffffc0]p[0xfffffff6]e[0xffffffd6]][0xb][0x3][0xffffff8e][\r]g_[0xffffffb2][0xffffffdf]JR"d8[0xffffffdb][0x6][0xffffff92][0xffffffa1]D[0xffffffc0]p[0xffffffb6][0xffffff84][0xffffffb3][0xffffff9a][0x12][0xffffffc1][0xffffffc3][0xffffffd9][0xffffffae]<YJ[0xffffffe4][\r]g[0xffffffbb]j[0xffffffe5]([0xffffff91]2[0xffffff9c][0xffffffad][0xffffffc5][0xffffffbb]A[0x9]3[0xffffff9c]}[0xffffffbe][0xffffff8e]A[0x1d][0x6][0xffffffbd][0xfffffff0][0xffffffe1][0xffffffec]+`8[0xfffffffb]2[0xffffffeb][0xffffffae][0xffffff85][0x1][0xffffffc7][0xffffff86][0xffffffb3]/[0xffffffd9]o%)[0x11]2[0xffffff9c]m[0x3][0xffffffc9]P"`8[[0xffffffc2]YM[0xffffff89][0xffffffe0][0xffffffe1]lW[0xffffff9e],%[0xfffffff2][0xffffff86][0xffffffb3]][0xffffffb5]r[0xffffff94]H[0x19][0xffffffce][0xffffffd6][0xffffffe2][0xffffffdd][0xffffffa0][0xffffff84]Y[0xffffffbb]<_[0xfffffff7]E[0xffffff9d][0xffffffe0][0xffffffb8][0xfffffff0][0xffffffb5][0xffffffcb]+`[0xffffffed][0xfffffff2]2[0xffffff93]l[0xffffff85][0x1][0xffffffc7][0xffffffd6]./[0x19]]#)[0x11][0xffffffb2]vi[0x3][0xffffffc9]P"`[0xffffffed]R[0xffffffc2]YM[0xffffff89][0xffffffe0][0xffffffb5]KW[0xffffff9e],%[0xfffffff2][0xffffffd6].][0xffffffb5]r[0xffffff94]HY[0xffffffbb][0xffffffd4][0xffffffe2][0xffffffdd][0xffffffa0][0xffffff84][0xffffff99][0xffffffa8]:[0xffffffdb][0xfffffff9][0xffffffa2]Np\[0xfffffff8]D[0xffffffd5][0x15]0Qu[0xffffff99][0x1d][0xffffff95][0xffffffc2][0xffffff80]c[0x13]U[0xffffff97],[0xffffffa5][0xffffff90][0xffffff94][0x8][0xffffff99][0xffffffa8][0xffffffb2][0xffffff81]d([0x11]0Q%[0xffffffe1][0xffffffac][0xffffffa6]D[0xfffffff0]D[0xffffff95]+O[0xffffff96][0x12]y[0x13]U[0xffffffae]Z9J[0xffffffa4]LTi[0xfffffff1]nP[0xffffffc2]LT[0xffffff9d][0xffffffed][0xffffffba]O[0xffffff8a][0x12][0xfffffff8]D[0xffffffd5][0x15]0Qu[0xffffff99][0x1d][0xffffff95][0xffffffc2][0xffffff80]c[0x13]U[0xffffff97],[0xffffffa5][0xffffff90][0xffffff94][0x8][0xffffff99][0xffffffa8][0xffffffb2][0xffffff81]d([0x11]0Q%[0xffffffe1][0xffffffac][0xffffffa6]D[0xfffffff0]D[0xffffff95]+O[0xffffff96][0x12]y[0x13]U[0xffffffae]Z9J[0xffffffa4]LTi[0xfffffff1]nP[0xffffffc2]LT[0xffffff9d][0xfffffffd][0xfffffff5]<[0x14]%[0xfffffff0][0xffffff89][0xffffffaa]+`[0xffffffa2][0xffffffea]2;*[0xffffff85][0x1][0xffffffc7]&[0xffffffaa].YJ!)[0x11]2Qe[0x3][0xffffffc9]P"`[0xffffffa2]J[0xffffffc2]YM[0xffffff89][0xffffffe0][0xffffff89]*W[0xffffff9e],%[0xfffffff2]&[0xffffffaa]\[0xffffffb5]r[0xffffff94]H[0xffffff99][0xffffffa8][0xffffffd2][0xffffffe2][0xffffffdd][0xffffffa0][0xffffffc4]t[0xffffff94][0xffffffe8][0xffffffe7][0xffffff8b][0xffffffa2][0xffffffc4][0xffffffc4])1[0x3](15[0xffffffef][0xffffff85][0x1][0xffffff9f][0x18]%f[0x12]%4[0xffffff8a][0xc]%\ [0x19]Jh,[0xffffffeb])[0xffffffb1][0xffffff86][0xffffffb3][0xffffff9a][0x12]kD[0xffffff93](a[0xffffffca][0xffffff93][0xffffffa5][0xffffff84][0xffffffed]R[0xffffff96][0x12][0xffffffa6]Z9JH[0xffffffd3]R[0xffffff94][0xffffff90][0xffffffe2][0xfffffffd]sJ[0xc]7Q[0xffffffd5]G[0xffffffa7](1[0xfffffff0][0xffffff89][0xffffffaa][0x11]0Q5[0xffffffcc][0xffffff8e]J][0xffffffc0][0x7]6Q5d)[0x5][0xffffffa4][0xffffff84][0xffffff89]"B[0x9][0x1b]H[0xffffff84][0x12]&[0xffffff96][0xffffffe5][0xffffff94][0xffffff90]p[0x16]SB"[0x1a]D[0x9]W[0xffffff9e](%|[0xffffff97][0xffffffa2][0xffffff94]p[0xffffffd5][0xffffff8a]QB[0xffffff9b][0x16][0xffffffa2][0xffffff84][0x16][0xffffffef][0x6]%[0xffffffdc]DU[0xffffffbf]O[0xffffffea][0xffffffb3][0xffffffcb][0xffffff81]OT[0xffffff8d][0xffffff80][0xffffff89][0xffffffaa]avT[\n]"
01:51:24.896 [main] DEBUG org.apache.hc.client5.http.wire -- http-outgoing-1 << "[0x3][0xffffff8e]MT[\r]YJ!)[0x11]2Qe[0x3][0xffffffc9]P"`[0xffffffa2]J[0xffffffc2]YM[0xffffff89][0xffffffe0][0xffffff89]*W[0xffffff9e],%[0xfffffff2]&[0xffffffaa]\[0xffffffb5]r[0xffffff94]H[0xffffff99][0xffffffa8][0xffffffd2][0xffffffe2][0xffffffdd][0xffffffa0][0xffffff84][0xffffff9b][0xffffffa8]:[0xffffffda]A}+1[0xfffffff0][0xffffff89][0xffffffaa][0x11]0Q5[0xffffffcc][0xffffff8e]Ja[0xffffffc0][0xffffffb1][0xffffff89][0xffffffaa]!K)$%B&[0xffffffaa]l [0x19]J[0x4]LTI8[0xffffffab])[0x11]<Q[0xffffffe5][0xffffffca][0xffffff93][0xffffffa5]D[0xffffffde]D[0xffffff95][0xffffffab]V[0xffffff8e][0x12])[0x13]UZ[0xffffffbc][0x1b][0xffffff94]p[0x13]U[0x7][0xffffffb7]v9[0xfffffff0][0xffffff89][0xffffffaa][0x11]0Q5[0xffffffcc][0xffffff8e]Ja[0xffffffc0][0xffffffb1][0xffffff89][0xffffffaa]!K)$%B&[0xffffffaa]l [0x19]J[0x4]LTI8[0xffffffab])[0x11]<Q[0xffffffe5][0xffffffca][0xffffff93][0xffffffa5]D[0xffffffde]D[0xffffff95][0xffffffab]V[0xffffff8e][0x12])[0x13]UZ[0xffffffbc][0x1b][0xffffff94]p[0x13]UG?O[0xffffff8a][0x12][0xfffffff8]D[0xffffffd5][0x8][0xffffff98][0xffffffa8][0x1a]fG[0xffffffa5]0[0xffffffe0][0xffffffd8]D[0xffffffd5][0xffffff90][0xffffffa5][0x14][0xffffff92][0x12]![0x13]U6[0xffffff90][0xc]%[0x2]&[0xffffffaa]$[0xffffff9c][0xffffffd5][0xffffff94][0x8][0xffffff9e][0xffffffa8]r[0xffffffe5][0xffffffc9]R"o[0xffffffa2][0xffffffca]U+G[0xffffff89][0xffffff94][0xffffff89]*-[0xffffffde][\r]J\[0xffffff96][0x12]7[0xfffffff6][0xffffffad][0xffffffc4][0xffffff85]S[0xffffffe2][\n]"
01:51:24.896 [main] DEBUG org.apache.hc.client5.http.wire -- http-outgoing-1 << "[0xffffffa0][0xffffffc4][0xffffffa5]y/[0xc][0xfffffff8][0xffffff85]Q[0xffffffe2]J[0xffffffa2][0xffffff84]F[0xffffff91][0xffffffa1][0xffffff84][0xb]$C[0x9][0xffffff8d]e=%[0xffffffd6]pVSb[0xffffff8d]h[0x12]%Ly[0xffffffb2][0xffffff94][0xffffffb0]][0xffffffca]R[0xffffffc2]T+G[0x9]iZ[0xffffff8a][0x12]R[0xffffffbc][0x1b][0xffffff94]pk[0xffffff97][0xffffffc7][0xffffffd1]:E[0x9]|[0xffffffed]r[0x4][0xffffffac]][0xe]3[0xffffffc9]V[0x18]pl[0xffffffed]r[0xffffffc8][0xffffffe8][0x1a]I[0xffffff89][0xffffff90][0xffffffb5]K[0x1b]H[0xffffff86][0x12][0x1]k[0xffffff97][0x12][0xffffffce]jJ[0x4][0xffffffaf]][0xffffffba][0xfffffff2]d)[0xffffff91][0xffffffb7]v[0xffffffe9][0xffffffaa][0xffffff95][0xffffffa3]D[0xffffffca][0xffffffda][0xffffffa5][0x16][0xffffffef][0x6]%[0xffffffdc][0xffffffda][0xffffffe5]qb[0xffffffd7]y[\r]|[0xffffffed]r[0x4][0xffffffac]][0xe]3[0xffffffc9]V[0x18]pl[0xffffffed]r[0xffffffc8][0xffffffe8][0x1a]I[0xffffff89][0xffffff90][0xffffffb5]K[0x1b]H[0xffffff86][0x12][0x1]k[0xffffff97][0x12][0xffffffce]jJ[0x4][0xffffffaf]][0xffffffba][0xfffffff2]d)[0xffffff91][0xffffffb7]v[0xffffffe9][0xffffffaa][0xffffff95][0xffffffa3]D[0xffffffca][0xffffffda][0xffffffa5][0x16][0xffffffef][0x6]%[0xffffffdc][0xffffffda][0xffffffe5][0xfffffff1][0xc][0xffffffec][0xffffffb3]K|[0xffffffed]r[0x4][0xffffffac]][0xe]3[0xffffffc9]V[0x18]pl[0xffffffed]r[0xffffffc8][0xffffffe8][0x1a]I[0xffffff89][0xffffff90][0xffffffb5]K[0x1b]H[0xffffff86][0x12][0x1]k[0xffffff97][0x12][0xffffffce]jJ[0x4][0xffffffaf]][0xffffffba][0xfffffff2]d)[0xffffff91][0xffffffb7]v[0xffffffe9][0xffffffaa][0xffffff95][0xffffffa3]D[0xffffffca][0xffffffda][0xffffffa5][0x16][0xffffffef][0x16]%F[0x18]%[0x6]N[0xffffff89][0x11]@[0xffffff89][0xffffff81]Rb`[0xffffff94][0x18]I[0xffffff94]X[0xffffffa3]HQB[0x3]IQb[0xffffff8d]%A[0xffffff89][0x1]Sb[0x4]SB[0xffffffca][0xffffff93][0xffffffa6][0xffffff84][0xffffffe9]R[0xffffff9a][0x12]R[0xffffffad]$%F[\n]"
01:51:24.896 [main] DEBUG org.apache.hc.client5.http.wire -- http-outgoing-1 << "%[0xffffffc6][0x7f]@[0xffffff89][0x19]F[0xffffff89][0xffffff89]Sb[0x6]Pb[0xffffffa2][0xffffff94][0xffffff98][0x18]%f[0x12]%[0xffffffd6](R[0xffffff94][0xffffffd0]@R[0xffffff94]XcIPb[0xffffffc2][0xffffff94][0xffffff98][0xffffffc1][0xffffff94][0xffffff90][0xfffffff2][0xffffffa4])a[0xffffffba][0xffffff94][0xffffffa6][0xffffff84]T+I[0xffffff89][0xffffff99]B[0xffffff89][0xfffffff9][0x1f]P[0xffffffe2][0xffffffeb][0x13][0xffffffcb]$K[0xffffffb4][0xffffff8e]c[0xffffffe2][0xffffffe3][0x11]xM[0xfffffffc]x[0x8][0xffffff8a][0x13][0x1f]?Oy[0xffffffe2][0xfffffffb][0xffffffa7]S@!y[0xffffffa4]DaRI[0xffffff91]B[0xffffffb2]I[0xffffff98]bIh=*[0xffffff96][0xffffff9c]f[0xffffffa9]Bk[0xffffff94]f[0xffffff85]kU[0xffffffda][0x15]Z[0xffffffb2]$,[0xffffffd6][0xffffffce][0xffffffe5]d[0xffffffb1]V[0xfffffff0][0x16]-z[0x1a]-:O[0xffffff8b][0xffffff9e]@[0xffffff8b][0xffffffce][0xffffffd2][0xffffffa2]s[0xffffffb4][0xffffffe8]Q[0xffffffb4][0xffffff90]<R[0xffffffb4]0[0xffffffa9][0xffffffa4]h![0xffffffd9]$h[0xffffffd1]iZ[0xfffffff4]dZh[0xffffff8d][0xffffffd2][0xffffffb4]p[0xffffffad]J[0xffffffd3]BK[0xffffff96][0xffffffa4][0xffffffc5][0xffffffda][0xffffffb9][0x1c]-[0xffffffd6][\n]"
01:51:24.897 [main] DEBUG org.apache.hc.client5.http.wire -- http-outgoing-1 << "[0xffffffde][0xffffffa3]E[0xffffffda]_@:[0xffffffff]'[0xffffff90][0xffffff9e][0xfffffff0]7[0xffffff90][0xffffffce][0xfffffffe][0x11][0xffffffa4]s[0x7f][0x5][0xffffffe9]Q[0x7f][0x6][0xffffff91]<b[0xffffffb4][0xffffffc8][0xfffffff9]C[0xffffff88]d[0x13][0xffffffa1][0x5][0xfffffffd][0xffffffa7][0xffffff90][0xffffff9e][0xfffffffc][0xffffffb7][0x10][0xffffffad]Q[0xffffff9c][0x16][0xffffff81][0x7f][\r][0xffffffd1][0xffffff92]Ei[0x11][0xfffffff3][0xfffffff7][0xffffff90][0xffffffb5][0xffffff82][0xffffffb7]hq[0xffffffa6][0xffffffbd][0xffffffb5]8[0xfffffff9][0xffffffb7][0x16]g[0xffffffc2][[0xffffff8b][0xffffff93]}kqro-[0xffffffce][0xffffffa8][0xffffffb7][0x16][0xffffff92]G[0xffffff8a][0x16]&[0xffffff95][0x14]-$[0xffffff9b][0x4]-N[0xfffffffa][0xffffffad][0xffffffc5][0xffffff99][0xfffffffc][0xffffffd6]Bk[0xffffff94][0xffffffa6][0xffffff85]kU[0xffffff9a][0x16]Z[0xffffffb2]$-[0xffffffd6][0xffffffce][0xffffffe5]h[0xffffffb1]V[0xfffffff0][0x16]-[0xffffffae]'[0xffffff8c][0x16][0xffffffd7][0xffffff83][0xffffffd3][0xffffffe2][0xffffffe3][0x11]xZ[0xfffffffc]x[0x8][0xffffff8a][0x16][0x1f]?O[0xffffffd1][0xffffffe2][0xfffffffb][0xffffffa7]Sh!y[0xffffffa4]haRI[0xffffffd1]B[0xffffffb2]I[0xffffffd0]bIh=-[0xffffff96][0xffffff9c]f[0xffffffd1]Bk[0xffffff94][0xffffffa6][0xffffff85]kU[0xffffff9a][0x16]Z[0xffffffb2]$-[0xffffffd6][0xffffffce][0xffffffe5]h[0xffffffb1]V[0xfffffff0][0x16]-[0xffffffee][0xffffffb4][0xffffffa1][0xffffff8a][0xffffff9b]_[0xffffffaa][0xfffffff8]x[0x4][0xffffff9e][0x16]?[0x1e][0xffffff82][0xffffffa2][0xffffffc5][0xffffffcd][0xffffff8d]U[0xffffffdc]Qk[0x15][0xffffff92]G[0xffffff8a][0x16]&[0xffffff95][0x14]-$[0xffffff9b][0x4]-nz[0xffffffb1][0xffffffe2]N[0xffffff9e][0xffffffac][0xffffffd0][0x1a][0xffffffa5]i[0xffffffe1]Z[0xffffff95][0xffffffa6][0xffffff85][0xffffff96],I[0xffffff8b][0xffffffb5]s9Z[0xffffffac][0x15][0xffffffbc]G[0xffffff8b][0xffffff96]F[0xffffff8b][0xffffffc6][0xffffffd3][0xffffffa2]%[0xffffffd0][0xffffffa2][0xffffffb1][0xffffffb4]h[0x1c]-Z[0x14]-[0xffffffd6]<b[0xffffffb4][0xffffffd0]Tb[0xffffffb4]X[0xffffffb3][0xffffff89][0xffffffd0][0xffffffa2][0xffffffd1][0xffffffb4]h[0xffffffc9][0xffffffb4][0xffffff90][0x1a][0xffffffc5]iaZ[0x15][0xffffffa7][0xffffff85][0xffffff94],J[0xffffff8b][0x16]C[0xffffff8b][0xfffffff6][0x1f][0xffffffd0][0xffffffe2]I[0xfffffffb][0xffffff8c][0xfffffff3][0xffffffe1]?[0xffffffe3]|[0x12]>[0xffffffe3]|[0xffffffd8][0xffffffcf]8[0x1f][0xffffffee]3[0xffffffce]'[0xffffffea]3N[0xffffffc9]#E[0xb][0xffffff93]J[0xffffff8a][0x16][0xffffff92]M[0xffffff82][0x16][0xf][0xfffffffd][0x19][0xffffffe7][0xffffff93][0xfffffffc][0x19][0xffffffa7][0xffffffd6](M[0xb][0xffffffd7][0xffffffaa]4-[0xffffffb4]dIZ[0xffffffac][0xffffff9d][0xffffffcb][0xffffffd1]b[0xffffffad][0xffffffe0]-Z[0xffffffcc][0xffffffb4][0xffffffb7][0x16][0xffffff93][0x7f]k1[0x13][0xffffffde]ZL[0xfffffff6][0xffffffad][0xffffffc5][0xffffffe4][0xffffffde]Z[0xffffffcc][0xffffffa8][0xffffffb7][0x16][0xffffff92]G[0xffffff8a][0x16]&[0xffffff95][0x14]-$[0xffffff9b][0x4]-&[0xfffffffd][0xffffffd6]b&[0xffffffbf][0xffffffb5][0xffffffd0][0x1a][0xffffffa5]i[0xffffffe1]Z[0xffffff95][0xffffffa6][0xffffff85][0xffffff96],I[0xffffff8b][0xffffffb5]s9Z[0xffffffac][0x15][0xffffffbc]E[0xffffff8b][0xfffffff6]J[0xfffffffb][0xffffffd8][0xffffffe2][0xffffffe3][0xffffff89]p\|>[0x3][0xffffffaf][0xffffff8b][0xffffff9f]OA[0xfffffff1][0xffffffe2][0xfffffff3][0xfffffff7])_[0xfffffffc][0xfffffff8][0xffffffed][0x14]`h()a[0xffffffb8]hR[0xffffffc4][0xffffffd0][0xffffff80][0x12][0xffffffc6]XcZ[0xffffff8f][0xffffff8c]5[0xffffffac]Y[0xffffffca]0[0xffffff85]J3[0xffffffc3][0xfffffff6]+[0xffffffed][0xc]S[0xffffffb7]$4[0xffffffa4]}9iH[0x19][0xffffffff][0x1]5[0xffffff8e][0xffffffd7][0xfffffff7][0xffffffbf]2[0xffffffcd][0xfffffff5]c[0xffffffe7]u[0xffffffb6]jh[0xfffffffc][0xffffffe3]y f[0xfffffffc][0xfffffff3][0x9](d[0xffffffac][0xffffffcf]PK[0xffffff8c][0x7f][0xfffffffe]z-0[0xffffff96]_fy[0xfffffff1]>[0xffffff8a][0xffffffb5][0xffffffb8][0xfffffff8][0xffffffb7]@[0xffffffd6][0xffffffd2][0xffffffe2]},[0xffffffeb]`[0xfffffff1].[0xffffff9c]U[0xffffffac]x[0x17][0xffffffd1][0x4]T[0xfffffffc]Ky2[0xffffffa4][0xfffffff8][0xffffffd7].e@[0xfffffff1]/[0xffffffd5]Z[0xffffffcf][0xffffff89][0xffffffb7]M[[0xffffff8d][0xffffff89][0xffffffb7][0xffffffc5][0xffffffbb]E[0x9][0xffffff9d][0xffffffb5]`)A[0xffffffad]Z[0xfffffffc][0xfffffff3][0x9]xJ[0x10][0xffffff9b][0x16][0xffffffff][0xfffffffc]u[0xffffff8a][0x12][0x1][0xffffff8b][0x16][0xffffffef][0xffffffa3]HQ[0xffffff82][0xffffffde][0xffffffb3]x[0x1f]K[0xffffff82][0x12][0xffffffcc][0xffffff9a][0xffffffc5][0xffffffbb][0xffffff88]fQ"d[0xffffffcb][0xffffffe2]_[0xffffffbb][0xffffff94][0xffffffa6]D[0xffffffc0][0xffffff92][0xffffffc5][0xffffffdb][0xffffffa6][0xffffffe5]([0xffffffb1][0xffffffbf]c[0xfffffff1][0xffffffe3][0xffffffdf][0xffffffb8]_[0xffffffee][0xffffffad][0xffffffc4]}[0x1c][0x10]%>[0xffffff9f][0xffffff87][0xffffffa5][0xffffffc4][0xffffffd7][0x13][0xffffffc0][0xffffff94][0xfffffff8][0xfffffff5][0xc][0x8]%[0xffffffbe]~[0x1d][0xffffffa1][0xffffffc4][0xffffffcf]_[0xffffff8e][0xffffffa0][0xffffff84][0xffffff89]"B[0x9][0x1b]H[0xffffff84][0x12]&[0xffffff96][0xffffffe5][0xffffff94][0xffffff90]p[0x16]SB"[0x1a]D[0x9]W[0xffffff9e](%|[0xffffff97][0xffffffa2][0xffffff94]p[0xffffffd5][0xffffff8a]QB[0xffffff9b][0x16][0xffffffa2][0xffffff84][0x16][0xffffffef][0x6]%nC[0xffffff89]q|mY [0xffffff94][0xffffffb8]qJ[0xffffffdc][0x1][0xffffff94][0xffffffb8]5[0xffffffef][0xffffff85][0x1][0xffffffbf]1J[0xffffffdc]I[0xffffff94][0xffffffd0](2[0xffffff94]p[0xffffff81]d([0xffffffa1][0xffffffb1][0xffffffac][0xffffffa7][0xffffffc4][0x1a][0xffffffce]jJ[0xffffffac][0x11]M[0xffffffa2][0xffffff84])O[0xffffff96][0x12][0xffffffb6]KYJ[0xffffff98]j[0xffffffe5](!MKQB[0xffffff8a]w[0xffffff83][0x12][0xffffff8f][0xffffffa3][0xffffffc4][0xffffffd9]N[0xffffff8a][0x12][0xf]N[0xffffff89]'[0xffffff80][0x12][0xffffff8f][0xffffffe6][0xffffffbd]0[0xffffffe0][0xf]F[0xffffff89]'[0xffffff89][0x12][0x1a]E[0xffffff86][0x12].[0xffffff90][0xc]%4[0xffffff96][0xfffffff5][0xffffff94]X[0xffffffc3]YM[0xffffff89]5[0xffffffa2]I[0xffffff94]0[0xffffffe5][0xffffffc9]R[0xffffffc2]v)K[0x9]S[0xffffffad][0x1c]%[0xffffffa4]i)JH[0xfffffff1][0xfffffffe]9%[0xffffff9e][0xffffff97][0xffffffa3][0xffffffc4][0x18][0x1d][0xffffffa2][0xffffffc4][0xffffffe7][0xfffffff3][0xffffffb0][0xffffff94][0xfffffff8]z[0x2][0xffffff98][0x12][0xffffffbf][0xffffff9e][0x1][0xffffffa1][0xffffffc4][0xffffffd7][0xffffffaf]#[0xffffff94][0xfffffff8][0xfffffff9][0xffffffcb][0x11][0xffffff94]0QD(a[0x3][0xffffff89]P[0xffffffc2][0xffffffc4][0xffffffb2][0xffffff9c][0x12][0x12][0xffffffce]bJHD[0xffffff83]([0xffffffe1][0xffffffca][0x13][0xffffffa5][0xffffff84][0xffffffef]R[0xffffff94][0x12][0xffffffae]Z1Jh[0xffffffd3]B[0xffffff94][0xffffffd0][0xffffffe2][0xffffffdd][0xffffffa0]D3[0xffffff94][0xffffffb8]_sP[0xffffff94]h8%Z[0x0]%[0xffffff9a][0xffffffe6][0xffffffbd]0[0xffffffe0][\r][0xffffffa3]DK[0xffffffa2][0xffffff84]F[0xffffff91][0xffffffa1][0xffffff84][0xb]$C[0x9][0xffffff8d]e=%[0xffffffd6]pVSb[0xffffff8d]h[0x12]%Ly[0xffffffb2][0xffffff94][0xffffffb0]][0xffffffca]R[0xffffffc2]T+G[0x9]iZ[0xffffff8a][0x12]R[0xffffffbc][0x1b][0xffffff94][0xffffffe8][0xffffff8e][0x12]G[0xffffffa3][0xffffffbe][0xffffff95][0xfffffff8]|[0x1e][0xffffff98][0x12]=[0xffffff80][0x12]][0xfffffff3]^[0x18][0xfffffff0][0xffffff8e]Q[0xffffffa2]'QB[0xffffffa3][0xffffffc8]P[0xffffffc2][0x5][0xffffff92][0xffffffa1][0xffffff84][0xffffffc6][0xffffffb2][0xffffff9e][0x12]k8[0xffffffab])[0xffffffb1]F4[0xffffff89][0x12][0xffffffa6]<YJ[0xffffffd8].e)a[0xffffffaa][0xffffff95][0xffffffa3][0xffffff84]4-E[0x9])[0xffffffde]-J[0xffffffe8]aP[0xffffff96][0x12][0xfffffff0]a[0xffffffd0][0xffffffaf]'[0xffffffe0])[0x1][0x1e][0x6][0xfffffffd][0xfffffffa]u[0xffffff8a][0x12]9[0xffffff87]AM[0x14])J[0xffffff84][0x1c][0x6]5[0xffffffb1]$([0xffffff81][0x1e][0x6][0xffffff95][0xffffff88]fQ"[0xffffffeb]0[0xffffffa8][0xffffffef]R[0xffffff9a][0x12]9[0xffffff87]A[0xffffffb5]i9J[0xfffffffc][0xfffffff5]a[0xffffffd0][0xffffffe7]p[0xffffff94][0xffffffb8]:[0xfffffff6][0xffffffad][0xffffffc4][0xffffff81]S[0xffffffe2][0x8][0xffffffa0][0xffffffc4][0xffffffa1]y/[0xc][0xfffffff8][0xffffff81]Q[0xffffffe2]H[0xffffffa2][0xffffff84]F[0xffffff91][0xffffffa1][0xffffff84][0xb]$C[0x9][0xffffff8d]e=%[0xffffffd6]pVSb[0xffffff8d]h[0x12]%Ly[0xffffffb2][0xffffff94][0xffffffb0]][0xffffffca]R[0xffffffc2]T+G[0x9]iZ[0xffffff8a][0x12]R[0xffffffbc][0x1b][0xffffff94]8[0xffffffdd][0x1f]8[0xffffffe6][0xffffffa0]v%>[0xffffff9f][0x7][0xffffffa6][0xffffffc4][0x19][0xfffffff0][0x7][0xffffff8e]S[0xffffffdf][0xffffffc2][0x15][0x6][0xfffffffc][0xffffffc4][0xfffffffe][0xffffffc0]q&[0xfffffffd][0xffffff81]C[0xffffffa3][0xffffffc8]P[0xffffffc2][0x5][0xffffff92][0xffffffa1][0xffffff84][0xffffffc6][0xffffffb2][0xffffff9e][0x12]k8[0xffffffab])[0xffffffb1]F4[0xffffff89][0x12][0xffffffa6]<YJ[0xffffffd8].e)a[0xffffffaa][0xffffff95][0xffffffa3][0xffffff84]4-E[0x9])[0xffffffde][\r]J\[0xffffff86][0x12][0xffffffcf]11J\8%[0xffffffae][0x0]J\[0xffffff9a][0xfffffff7][0xffffffc2][0xffffff80]_[0x18]%[0xffffffae]$Jh[0x14][0x19]J[0xffffffb8]@2[0xffffff94][0xffffffd0]X[0xffffffd6]Sb[\r]g5%[0xffffffd6][0xffffff88]&Q[0xffffffc2][0xffffff94]'K[0x9][0xffffffdb][0xffffffa5],%L[0xffffffb5]r[0xffffff94][0xffffff90][0xffffffa6][0xffffffa5](![0xffffffc5][0xffffffbb]A[0xffffff89][0xfffffff1][0x7f][0xffffffa7]R[0xffffffe2][0xffffff9a][0xffffffd8][0x1f]8>[0xffffff9e][0x7][0xffffffa6][0xffffffc4][0xffffffe7][0x13][0xffffffd0][0xffffff94][0xfffffff8][0xfffffff9][0xc][0xc]%>[0x7f][0xffffff9d][0xffffffa1][0xffffffc4][0xffffff8f]_[0xffffffce][0xffffffa0][0xffffff84]F[0xffffff91][0xffffffa1][0xffffff84][0xb]$C[0x9][0xffffff8d]e=%[0xffffffd6]pVSb[0xffffff8d]h[0x12]%Ly[0xffffffb2][0xffffff94][0xffffffb0]][0xffffffca]R[0xffffffc2]T+G[0x9]iZ[0xffffff8a][0x12]R[0xffffffbc][0x1b][0xffffff94]pk[0xffffff97][0xfffffff3][0xffffff85]MT=[0xfffffff8][0xffffffda][0xffffffe5][0x13][0xffffffb0]v[0xfffffff9][0xffffff98]I[0xffffffb6][0xffffffc2][0xffffff80]ck[0xffffff97][0xffffff8f][0xffffff8c][0xffffffae][0xffffff91][0xffffff94][0x8]Y[0xffffffbb][0xffffffb4][0xffffff81]d([0x11][0xffffffb0]v)[0xffffffe1][0xffffffac][0xffffffa6]D[0xfffffff0][0xffffffda][0xffffffa5]+O[0xffffff96][0x12]yk[0xffffff97][0xffffffae]Z9J[0xffffffa4][0xffffffac]]j[0xfffffff1]nP[0xffffffc2][0xffffffad]][0xffffffce]vQ[0xffffffd7]y=[0xfffffff8][0xffffffda][0xffffffe5][0x13][0xffffffb0]v[0xfffffff9][0xffffff98]I[0xffffffb6][0xffffffc2][0xffffff80]ck[0xffffff97][0xffffff8f][0xffffff8c][0xffffffae][0xffffff91][0xffffff94][0x8]Y[0xffffffbb][0xffffffb4][0xffffff81]d([0x11][0xffffffb0]v)[0xffffffe1][0xffffffac][0xffffffa6]D[0xfffffff0][0xffffffda][0xffffffa5]+O[0xffffff96][0x12]yk[0xffffff97][0xffffffae]Z9J[0xffffffa4][0xffffffac]]j[0xfffffff1]nP[0xffffffc2]]2>[0xffffffaf][0x17][0xfffffff6]V[0x2][0xffffffbf]d[0xfffffffc][0x9][0xffffffb8]d[0xfffffffc]17[0xffffffe1][0x16][0x6][0x1c][0xffffffbb]d[0xfffffffc][0xffffff91][0xffffffbb]nIJ[0xffffff84]\2n[0x3][0xffffffc9]P"[0xffffffe0][0xffffff92]q[0x9]g5%[0xffffff82]/[0x19]w[0xffffffe5][0xffffffc9]R"[0xffffffef][0xffffff92]qW[0xffffffad][0x1c]%R.[0x19][0xffffffd7][0xffffffe2][0xfffffffd]sJ[0xffffffcc][0xffffff97][0xffffffa5][0xffffffc4][0xffffffa0][0xffffffd6].?[0xffffff9f][0xffffff87][0xffffffa5][0xffffffc4][0xffffffd7][0x13][0xffffffc0][0xffffff94][0xfffffff8][0xfffffff5][0xc][0x8]%[0xffffffbe]~[0x1d][0xffffffa1][0xffffffc4][0xffffffcf]_[0xffffff8e][0xffffffa0][0xffffff84][0xffffff89]"B[0x9][0x1b]H[0xffffff84][0x12]&[0xffffff96][0xffffffe5][0xffffff94][0xffffff90]p[0x16]SB"[0x1a]D[0x9]W[0xffffff9e](%|[0xffffff97][0xffffffa2][0xffffff94]p[0xffffffd5][0xffffff8a]QB[0xffffff9b][0x16][0xffffffa2][0xffffff84][0x16][0xffffffef][0x6]%[0xffffffdc][0xffffffda][0xffffffe5][0x1c][0xffffffc7]EQ[0x2]_[0xffffffbb][0xffffff9c][0x1]k[0xffffff97][0xffffffd3]L[0xffffffb2][0x15][0x6][0x1c][[0xffffffbb][0xffffff9c]2[0xffffffba]FR"d[0xffffffed][0xffffffd2][0x6][0xffffff92][0xffffffa1]D[0xffffffc0][0xffffffda][0xffffffa5][0xffffff84][0xffffffb3][0xffffff9a][0x12][0xffffffc1]k[0xffffff97][0xffffffae]<YJ[0xffffffe4][0xffffffad]][0xffffffba]j[0xffffffe5]([0xffffff91][0xffffffb2]v[0xffffffa9][0xffffffc5][0xffffffbb]A[0xffffff89][0xffffffc3]R[0xffffffe2][0xffffffc1][0xffffffde]J[0x1c]8%[0xffffff8e][0x0]J[0x1c][0xffffff9a][0xfffffff7][0xffffffc2][0xffffff80][0x1f][0x18]%[0xffffff8e]$Jh[0x14][0x19]J[0xffffffb8]@2[0xffffff94][0xffffffd0]X[0xffffffd6]Sb[\r]g5%[0xffffffd6][0xffffff88]&Q[0xffffffc2][0xffffff94]'K[0x9][0xffffffdb][0xffffffa5],%L[0xffffffb5]r[0xffffff94][0xffffff90][0xffffffa6][0xffffffa5](![0xffffffc5][0xffffffbb]A[0x9]7Q5[0xffffff9f][0xfffffffe]P[0xffffff94][0xffffffc0]'[0xffffffaa]f[0xffffffc0]D[0xffffffd5]4;*[0xffffff85][0x1][0xffffffc7]&[0xffffffaa][0xffffffa6],[0xffffffa5][0xffffff90][0xffffff94][0x8][0xffffff99][0xffffffa8][0xffffffb2][0xffffff81]d([0x11]0Q%[0xffffffe1][0xffffffac][0xffffffa6]D[0xfffffff0]D[0xffffff95]+O[0xffffff96][0x12]y[0x13]U[0xffffffae]Z9J[0xffffffa4]LTi[0xfffffff1]nP[0xffffffc2]MTMn[0xffffffed]r[0xffffffe2][0x13]U3`[0xffffffa2]j[0xffffff9a][0x1d][0xffffff95][0xffffffc2][0xffffff80]c[0x13]US[0xffffff96]RHJ[0xffffff84]LT[0xffffffd9]@2[0xffffff94][0x8][0xffffff98][0xffffffa8][0xffffff92]pVS"x[0xffffffa2][0xffffffca][0xffffff95]'K[0xffffff89][0xffffffbc][0xffffff89]*W[0xffffffad][0x1c]%R&[0xffffffaa][0xffffffb4]x7(1[0xffffff94][0x12][0xffffffd7][0xffffffab]u[0xffffffea]0[0xffffffe8][0xffffffe7][0xfffffff3][0xffffffc0][0xffffff94][0x18][0x1][0xffffff94][0x18][0xffffff9a][0xfffffff7][0xffffffc2][0xffffff80][0xf][0xffffff8c][0x12]#[0xffffff89][0x12][0x1a]E[0xffffff86][0x12].[0xffffff90][0xc]%4[0xffffff96][0xfffffff5][0xffffff94]X[0xffffffc3]YM[0xffffff89]5[0xffffffa2]I[0xffffff94]0[0xffffffe5][0xffffffc9]R[0xffffffc2]v)K[0x9]S[0xffffffad][0x1c]%[0xffffffa4]i)JH[0xfffffff1]nP[0xffffffc2]LT][0xffffffaf][0xffffffeb][0xffffff9c][0x14]%[0xfffffff0][0xffffff89][0xffffffaa][0x19]0Q5[0xffffffcd][0xffffff8e]Ja[0xffffffc0][0xffffffb1][0xffffff89][0xffffffaa])K)$%B&[0xffffffaa]l [0x19]J[0x4]LTI8[0xffffffab])[0x11]<Q[0xffffffe5][0xffffffca][0xffffff93][0xffffffa5]D[0xffffffde]D[0xffffff95][0xffffffab]V[0xffffff8e][0x12])[0x13]UZ[0xffffffbc][0x1b][0xffffff94]0[0x13]U[0xffffffd7][0xffffffeb][0xffffffee][0xffffffd8][0x9][0xe]|[0xffffffa2]j[0x6]LTM[0xffffffb3][0xffffffa3]R[0x18]pl[0xffffffa2]j[0xffffffca]R[\n]"
01:51:24.899 [main] DEBUG org.apache.hc.client5.http.wire -- http-outgoing-1 << "I[0xffffff89][0xffffff90][0xffffff89]*[0x1b]H[0xffffff86][0x12][0x1][0x13]U[0x12][0xffffffce]jJ[0x4]OT[0xffffffb9][0xfffffff2]d)[0xffffff91]7Q[0xffffffe5][0xffffffaa][0xffffff95][0xffffffa3]D[0xffffffca]D[0xffffff95][0x16][0xffffffef][0x6]%[0xffffffcc]D[0xffffffd5][0xffffffd5]Z[0xffffffbf])J[0xffffffe0][0x13]U3`[0xffffffa2]j[0xffffff9a][0x1d][0xffffff95][0xffffffc2][0xffffff80]c[0x13]US[0xffffff96]RHJ[0xffffff84]LT[0xffffffd9]@2[0xffffff94][0x8][0xffffff98][0xffffffa8][0xffffff92]pVS"x[0xffffffa2][0xffffffca][0xffffff95]'K[0xffffff89][0xffffffbc][0xffffff89]*W[0xffffffad][0x1c]%R&[0xffffffaa][0xffffffb4]x[0xffffffb7]([0xffffffd1][0xffffffc3]([0xffffffd1]qJ[0xfffffff4][0x0]Jt[0xffffff94][0x12][0x1d][0xffffffa3]DO[0xffffffa2][0xffffffc4][0x1a]E[0xffffff8a][0x12][0x1a]H[0xffffff8a][0x12]k,[0x9]Jt[0xffffff98][0x12]=[0xffffff98][0x12]R[0xffffff9e]4%L[0xffffff97][0xffffffd2][0xffffff94][0xffffff90]j%)[0xffffffd1]S([0xffffffd1][0xffffffff][0x3]J[0x1c]a[0xffffff94]8pJ[0x1c][0x1][0xffffff94]8PJ[0x1c][0x18]%[0xffffff8e]$J[0xffffffac]Q[0xffffffa4]([0xffffffa1][0xffffff81][0xffffffa4]([0xffffffb1][0xffffffc6][0xffffff92][0xffffffa0][0xffffffc4][0x1]S[0xffffffe2][0x8][0xffffffa6][0xffffff84][0xffffff94]'M[0x9][0xffffffd3][0xffffffa5]4%[0xffffffa4]ZIJ[0x1c])[0xffffff94]8[0xfffffffe][0xffffff92][0x12][0xfffffff7][0xffffffeb][0xffffffe5][0xfffffffe][0xffffffc0]q<[0xffffffd0][0x9][0xffffff8e][0xffffffaf][0xffffffe7]A)[0xfffffff1][0xfffffffd][0x4],%~?[0x3]A[0xffffff89][0xffffffef]_'([0xfffffff1][0xffffffeb][0xffffff97][0x13]([0xffffffe1][0xffffffa2]HP[0xffffffc2][0x7][0xffffff92][0xffffffa0][0xffffff84][0xffffff8b]e5%4[0xffffff9c][0xffffffb5][0xffffff94][0xffffffd0][0xffffff88][0xffffffe6]P[0xffffffc2][0xffffff96]'I[0xffffff89]7]JR[0xffffffc2]V+E[0x9][0xffffffd3][0xffffffb4][0xc]%L[0xfffffff1]nP[0xffffffa2]9J<[0xffffffd4]g[0xffffff97]_[0xffffffcf][0x3]S[0xffffffa2][0x5]P[0xffffffa2]i[0xffffffde][0xb][0x3][0xffffffde]0J[0xffffffb4]$Jh[0x14][0x19]J[0xffffffb8]@2[0xffffff94][0xffffffd0]X[0xffffffd6]Sb[\r]g5%[0xffffffd6][0xffffff88]&Q[0xffffffc2][0xffffff94]'K[0x9][0xffffffdb][0xffffffa5],%L[0xffffffb5]r[0xffffff94][0xffffff90][0xffffffa6][0xffffffa5](![0xffffffc5][0xffffffbb]A[0x9]s[0x7][0xffffffc7][0xffffffd5]&[0xffffffb5]v[0xfffffff9][0xfffffff5]<0%[0xfffffff8];8~?[0x3]C[0x9][0xffffffea][0xe][0xffffff8e]_[0xffffffbf][0xffffff9c]A[0xffffff89][0xffffff8c];8| [0x19]J[0xfffffff0]wph8[0xffffffab])[0xffffff91]{[0x7][0xffffff87]-O[0xffffff96][0x12]qwp[0xffffffd8]j[0xffffffe5]([0x11]r[0x7][0xffffff87])[0xffffffde][\r]J[0xffffff98];8[0xffffffae]~[0xffffffcc][0xffffff93][0xffffffa2][0x4]}[0x7][0xffffffc7][0xfffffff7][0x13][0xffffffd0][0xffffff94] [0xffffffef][0xffffffe0][0xfffffff8][0xfffffffe]u[0xffffff86][0x12]Awp[0xffffffb8](2[0xffffff94]H[0xffffffb9][0xffffff83][0xffffffc3][0xffffffc5][0xffffffb2][0xffffff9e][0x12][0xffffffec][0x1d][0x1c][0x1a][0xffffffd1]$J[0xffffff84][0xffffffdd][0xffffffc1][0xfffffff1][0xffffffa6]KYJ[0x4][0xffffffdd][0xffffffc1]a[0xffffff9a][0xffffff96][0xffffffa2][0xffffffc4][0xffffffdf][0xffffffdf][0xffffffc1]q[0xffffffbf][0xffffffcc][0x1d][0x1c]W?[0xf][0xffffffe8][0xffffffb3][0xffffffcb][0xffffffaf][0xffffffe7][0xffffff81])[0xffffffc1][0xffffffdf][0xffffffc1][0xfffffff1][0xfffffffb][0x19][0x18]JPwp[0xfffffffc][0xfffffffa][0xffffffe5][0xc]Jd[0xffffffdc][0xffffffc1][0xffffffe1][0x3][0xffffffc9]P[0xffffff82][0xffffffbf][0xffffff83]C[0xffffffc3]YM[0xffffff89][0xffffffdc];8ly[0xffffffb2][0xffffff94][0xffffff88][0xffffffbb][0xffffff83][0xffffffc3]V+G[0xffffff89][0xffffff90];8L[0xfffffff1]nP[0xffffffc2][0xffffffdc][0xffffffc1][0xfffffff1]A[0xffffff89][0x1b][0xfffffffb]V[0xffffff82][0xffffffbe][0xffffff83][0xffffffe3][0xfffffffb][0x9]hJ[0xffffff90]wp|[0xffffffff]:C[0xffffff89][0xffffffa0];8\[0x14][0x19]J[0xffffffa4][0xffffffdc][0xffffffc1][0xffffffe1]bYO[0x9][0xfffffff6][0xe][0xe][0xffffff8d]h[0x12]%[0xffffffc2][0xffffffee][0xffffffe0]x[0xffffffd3][0xffffffa5],%[0xffffff82][0xffffffee][0xffffffe0]0MKQ[0xffffffe2][0xffffffef][0xffffffef][0xffffffe0][0xffffffb8]_[0xffffffee][0xe][0xffffff8e]~N[0xffffffec][[0x9][0xfffffffa][0xe][0xffffff8e][0xffffffef]'[0xffffffa0])A[0xffffffde][0xffffffc1][0xfffffff1][0xfffffffd][0xffffffeb][0xc]%[0xffffff82][0xffffffee][0xffffffe0]pQd([0xffffff91]r[0x7][0xffffff87][0xffffff8b]e=%[0xffffffd8];84[0xffffffa2]I[0xffffff94][0x8][0xffffffbb][0xffffff83][0xffffffe3]M[0xffffff97][0xffffffb2][0xffffff94][0x8][0xffffffba][0xffffff83][0xffffffc3]4-E[0xffffff89][0xffffffbf][0xffffffbf][0xffffff83][0xffffffe3]~[0xffffffb9];8[0xfffffffa]uB7[0xffffff83]~=[0xf]L[0x9][0xfffffffe][0xe][0xffffff8e][0xffffffdf][0xffffffcf][0xffffffc0]P[0xffffff82][0xffffffba][0xffffff83][0xffffffe3][0xffffffd7]/gP"[0xffffffe3][0xe][0xe][0x1f]H[0xffffff86][0x12][0xfffffffc][0x1d][0x1c][0x1a][0xffffffce]jJ[0xffffffe4][0xffffffde][0xffffffc1]a[0xffffffcb][0xffffff93][0xffffffa5]D[0xffffffdc][0x1d][0x1c][0xffffffb6]Z9J[0xffffff84][0xffffffdc][0xffffffc1]a[0xffffff8a]w[0xffffff83][0x12][0xffffffee][0xe][0xffffff8e]>f[0xffffffa7](A[0xffffffdf][0xffffffc1][0xfffffff1][0xfffffffd][0x4]4%[0xffffffc8];8[0xffffffbe][0x7f][0xffffff9d][0xffffffa1]D[0xffffffd0][0x1d][0x1c].[0xffffff8a][0xc]%R[0xffffffee][0xffffffe0]p[0xffffffb1][0xffffffac][0xffffffa7][0x4]{[0x7][0xffffff87]F4[0xffffff89][0x12]awp[0xffffffbc][0xffffffe9]R[0xffffff96][0x12]Awp[0xffffff98][0xffffffa6][0xffffffa5]([0xfffffff1][0xfffffff7]wp[0xffffffdc]/w[0x7][0xffffffc7][0xfffffff1][0x1a][0xffffffd8]g[0xffffff97][0xfffffff4][0x1d][0x1c][0xffffffdf]O@S[0xffffff82][0xffffffbc][0xffffff83][0xffffffe3][0xfffffffb][0xffffffd7][0x19]J[0x4][0xffffffdd][0xffffffc1][0xffffffe1][0xffffffa2][0xffffffc8]P"[0xffffffe5][0xe][0xe][0x17][0xffffffcb]zJ[0xffffffb0]wphD[0xffffff93]([0x11]v[0x7][0xffffffc7][0xffffff9b].e)[0x11]t[0x7][0xffffff87]iZ[0xffffff8a][0x12][0x7f][0x7f][0x7][0xffffffc7][0xffffffdd]^[0xffffff8e][0x12][0xfffffffd]>!J|>[0xf]K[0xffffff89][0xffffffaf]'[0xffffff80])[0xfffffff1][0xffffffeb][0x19][0x10]J|[0xfffffffd]:B[0xffffff89][0xffffff9f][0xffffffbf][0x1c]A[0x9][0x13]E[0xffffff84][0x12]6[0xffffff90][0x8]%L,[0xffffffcb])![0xffffffe1],[0xffffffa6][0xffffff84]D4[0xffffff88][0x12][0xffffffae]<QJ[0xfffffff8].E)[0xffffffe1][0xffffffaa][0x15][0xffffffa3][0xffffff84]6-D[0x9]-[0xffffffde][\r]J[0xffffffb8]][0xffffff89][0xffffffb3][\r]j8[0xffffffbb][0xffffffe1][0xffffffbb][0x12]-`W[0xffffffa2][0xffffff99][0xffffffc3][0xffffffcf][0xffffff85][0x1][0xffffffc7]v%[0xffffff9a][0x1c]o&)[0x11][0xffffffb2]+a[0x3][0xffffffc9]P"`WB[0xffffffc2]YM[0xffffff89][0xffffffe0]][0x9]W[0xffffff9e],%[0xfffffff2]v%\[0xffffffb5]r[0xffffff94]H[0xffffffd9][0xffffff95][0xffffffd0][0xffffffe2][0xffffffdd][0xffffffa0][0xffffff84][0xffffffdb][0xffffff95]8[0xffffff8f][0xffffff87][0xfffffffa][0x3]G[0xffffffc3]w%Z[0xffffffc0][0xffffffae]D3[0xffffff87][0xffffff9f][0xb][0x3][0xffffff8e][0xffffffed]J49[0xffffffde]LR"dW[0xffffffc2][0x6][0xffffff92][0xffffffa1]D[0xffffffc0][0xffffffae][0xffffff84][0xffffff84][0xffffffb3][0xffffff9a][0x12][0xffffffc1][0xffffffbb][0x12][0xffffffae]<YJ[0xffffffe4][0xffffffed]J[0xffffffb8]j[0xffffffe5]([0xffffff91][0xffffffb2]+[0xffffffa1][0xffffffc5][0xffffffbb]A[0x9][0xffffffb7]+q[0xe][0xffffff8e][0x12][0xfffffff8][0xffffffae]D[0xb][0xffffffd8][0xffffff95]h[0xffffffe6][0xfffffff0]sa[0xffffffc0][0xffffffb1]][0xffffff89]&[0xffffffc7][0xffffff9b]IJ[0xffffff84][0xffffffec]J[0xffffffd8]@2[0xffffff94][0x8][0xffffffd8][0xffffff95][0xffffff90]pVS"xW[0xffffffc2][0xffffff95]'K[0xffffff89][0xffffffbc]][0x9]W[0xffffffad][0x1c]%Rv%[0xffffffb4]x7([0xffffffe1]>[0xffffffbb][0xffffffbc]F[0xffffffa7][0xe][0xffffff83]6[0xfffffffc][0xffffffb3][0xffffffcb][0x16][0xfffffff0][0xffffffd9]e3[0xffffffdf][0x6][0x15][0x6][0x1c][0xfffffffb][0xffffffec][0xffffffb2][0xffffffc9][0xffffffd7]?$%B>[0xffffffbb][0xffffffb4][0xffffff81]d([0x11][0xfffffff0][0xffffffd9][0xffffffa5][0xffffff84][0xffffffb3][0xffffff9a][0x12][0xffffffc1][0xffffff9f]][0xffffffba][0xfffffff2]d)[0xffffff91][0xfffffff7][0xffffffd9][0xffffffa5][0xffffffab]V[0xffffff8e][0x12])[0xffffff9f]]j[0xfffffff1][0xfffffffe]9%[0xfffffffa][0xffffffcb]R[0x2][0xffffffdb][0xffffff95][0xfffffff8]|[0x1e][0xffffff96][0x12]_O[0x0]S[0xffffffe2][0xffffffd7]3 [0xffffff94][0xfffffff8][0xfffffffa]u[0xffffff84][0x12]?[0x7f]9[0xffffff82][0x12]&[0xffffff8a][0x8]%l [0x11]J[0xffffff98]X[0xffffff96]SB[0xffffffc2]YL[0x9][0xffffff89]h[0x10]%\y[0xffffffa2][0xffffff94][0xfffffff0]][0xffffff8a]R[0xffffffc2]U+F[0x9]mZ[0xffffff88][0x12]Z[0xffffffbc][0x1b][0xffffff94]p7[0xffffff83]^O?)J[0xffffffe0]7[0xffffff83][0xfffffff6][0xffffff80]"
01:51:24.901 [main] DEBUG org.apache.hc.client5.http.wire -- http-outgoing-1 << "[0xffffff9b]A[0xffffffbb][0xffffffb9][0xffffffbe][0xffffffae]0[0xffffffe0][0xffffffd8][0xffffffcd][0xffffffa0]].[0xffffffa8]#)[0x11]r3[0xffffffa8][\r]$C[0xffffff89][0xffffff80][0xffffff9b]A%[0xffffff9c][0xffffffd5][0xffffff94][0x8][0xffffffbe][0x19][0xffffffd4][0xffffff95]'K[0xffffff89][0xffffffbc][0xffffff9b]A][0xffffffb5]r[0xffffff94]H[0xffffffb9][0x19]T[0xffffff8b]w[0xffffff83][0x12][0xffffffc7][0xffffffff][0xffffff9d]B[0xffffff89][0xfffffff1]j[0xffffffd8][[0xffffff89][0xffffff8f][0xffffffe7][0xffffff81])[0xfffffff1][0xfffffff9][0x4]4%~>[0x3]C[0xffffff89][0xffffffcf]_g([0xfffffff1][0xffffffe3][0xffffff97]3([0xffffffa1]Qd([0xffffffe1][0x2][0xffffffc9]PBcYO[0xffffff89]5[0xffffff9c][0xffffffd5][0xffffff94]X#[0xffffff9a]D[0x9]S[0xffffff9e],%l[0xffffff97][0xffffffb2][0xffffff94]0[0xffffffd5][0xffffffca]QB[0xffffff9a][0xffffff96][0xffffffa2][0xffffff84][0x14][0xffffffef][0x16]%F[0x18]%[0x6]N[0xffffff89][0x11]@[0xffffff89][0xffffff81]Rb`[0xffffff94][0x18]I[0xffffff94]X[0xffffffa3]HQB[0x3]IQb[0xffffff8d]%A[0xffffff89][0x1]Sb[0x4]SB[0xffffffca][0xffffff93][0xffffffa6][0xffffff84][0xffffffe9]R[0xffffff9a][0x12]R[0xffffffad]$%F[\n]"
01:51:24.901 [main] DEBUG org.apache.hc.client5.http.wire -- http-outgoing-1 << "%[0xffffffc6][0x7f]@[0xffffff89]6[0xffffffc3],[0xffffffd1]&[0xffffff8e][0xffffff89][0xffffff8f]G[0xffffffe0]5[0xfffffff1][0xffffffe3]!(N|[0xfffffffc]<[0xffffffe5][0xffffff89][0xffffffef][0xffffff9f]N[0x1][0xffffff85][0xffffffe4][0xffffff91][0x12][0xffffff85]I%E[\n]"
01:51:24.901 [main] DEBUG org.apache.hc.client5.http.wire -- http-outgoing-1 << "[0xffffffc9]&a[0xffffff8a]%[0xffffffa1][0xfffffff5][0xffffffa8]Xr[0xffffff9a][0xffffffa5][\n]"
01:51:24.902 [main] DEBUG org.apache.hc.client5.http.wire -- http-outgoing-1 << "[0xffffffad]Q[0xffffff9a][0x15][0xffffffae]UiWh[0xffffffc9][0xffffff92][0xffffffb0]X;[0xffffff97][0xffffff93][0xffffffc5]Z[0xffffffc1][[0xffffffb4]8Z[0x18]-[0xffffff8e][0xffffff86][0xffffffd3][0xffffffe2][0xffffffe3][0x11]xZ[0xfffffffc]x[0x8][0xffffff8a][0x16][0x1f]?O[0xffffffd1][0xffffffe2][0xfffffffb][0xffffffa7]Sh!y[0xffffffa4]haRI[0xffffffd1]B[0xffffffb2]I[0xffffffd0]bIh=-[0xffffff96][0xffffff9c]f[0xffffffd1]Bk[0xffffff94][0xffffffa6][0xffffff85]kU[0xffffff9a][0x16]Z[0xffffffb2]$-[0xffffffd6][0xffffffce][0xffffffe5]h[0xffffffb1]V[0xfffffff0][0x16]-[0xffffffce]3[0xffffff8c][0x16]g[0xffffffc0][0xffffffd7][0x14][0x11][0xffffff9f]S[0xffffffc0][0xffffffdf]S[0xffffff80][0x1f]Td}Q[0x11][0xfffffff3]IE[0xffffffd0]7[0x15][0x11][0x1f]U[0xffffffe0]_UD[0x7f]V[0xffffff91][0xfffffff7]]E[0xffffffe2][0xffffff87][0x15]Y_V[0xffffffe4]|Z[0xfffffff1]_|[q=a[0xffffffb4][0xffffffb8][0x1e][0xffffff9c][0x16][0x1f][0xffffff8f][0xffffffc0][0xffffffd3][0xffffffe2][0xffffffc7]CP[0xffffffb4][0xfffffff8][0xfffffff8]y[0xffffff8a][0x16][0xffffffdf]?[0xffffff9d]B[0xb][0xffffffc9]#E[0xb][0xffffff93]J[0xffffff8a][0x16][0xffffff92]M[0xffffff82][0x16]KB[0xffffffeb]i[0xffffffb1][0xffffffe4]4[0xffffff8b][0x16]Z[0xffffffa3]4-\[0xffffffab][0xffffffd2][0xffffffb4][0xffffffd0][0xffffff92]%i[0xffffffb1]v.G[0xffffff8b][0xffffffb5][0xffffff82][0xffffffb7]h1[0xffffffd2][0xffffffbe][0xffffffb5][0x18][0xfffffffc][0xffffffb7][0x16]#[0xffffffe1][[0xffffff8b][0xffffffc1]~k1[0xffffffb8]o-F[0xffffffd4][0xffffffb7][0x16][0xffffff92]G[0xffffff8a][0x16]&[0xffffff95][0x14]-$[0xffffff9b][0x4]-[0x6][0xfffffffd][0xffffffad][0xffffffc5]H[0xfffffffe][0xffffffd6]Bk[0xffffff94][0xffffffa6][0xffffff85]kU[0xffffff9a][0x16]Z[0xffffffb2]$-[0xffffffd6][0xffffffce][0xffffffe5]h[0xffffffb1]V[0xfffffff0][0x16]-f[0xffffffda][0xffffffb7][0x16][0xffffff93][0xffffffff][0xffffffd6]b&|k1[0xffffffd9]o-&[0xfffffff7][0xffffffad][0xffffffc5][0xffffff8c][0xfffffffa][0xffffffd6]B[0xfffffff2]H[0xffffffd1][0xffffffc2][0xffffffa4][0xffffff92][0xffffffa2][0xffffff85]d[0xffffff93][0xffffffa0][0xffffffc5][0xffffffa4][0xffffffbf][0xffffffb5][0xffffff98][0xffffffc9][0xffffffdf]Zh[0xffffff8d][0xffffffd2][0xffffffb4]p[0xffffffad]J[0xffffffd3]BK[0xffffff96][0xffffffa4][0xffffffc5][0xffffffda][0xffffffb9][0x1c]-[0xffffffd6][\n]"
01:51:24.902 [main] DEBUG org.apache.hc.client5.http.wire -- http-outgoing-1 << "[0xffffffde][0xffffffa3][0xffffffc5][0xffffff91]F[0xffffff8b][0xffffff83][0xffffffa7][0xffffffc5][0xffffff91]@[0xffffff8b][0xffffff83][0xffffffa5][0xffffffc5][0xffffffc1][0xffffffd1][0xffffffe2][0xffffff88][0xffffffa2][0xffffffc5][0xffffff9a]G[0xffffff8c][0x16][0xffffff9a]J[0xffffff8c][0x16]k6[0x11]Z[0x1c]4-[0xffffff8e]dZH[0xffffff8d][0xffffffe2][0xffffffb4]0[0xffffffad][0xffffff8a][0xffffffd3]BJ[0x16][0xffffffa5][0xffffffc5][0x11]C[0xffffff8b][0xffffffe3]?[0xffffffa0]EkiK[0x16][0x1f]O[0xffffff84][0xffffffe3][0xffffffe2][0xfffffff3][0x19]x][0xfffffffc]|[\n]"
01:51:24.902 [main] DEBUG org.apache.hc.client5.http.wire -- http-outgoing-1 << "[0xffffff8a][0x17][0xffffff9f][0xffffffbf]O[0xfffffff9][0xffffffe2][0xffffffc7]o[0xffffffa7][0x0]CCI[0x9][0xffffffc3]E[0xffffff93]"[0xffffff86][0x6][0xffffff94]0[0xffffffc6][0x1a][0xffffffd3]zd[0xffffffac]a[0xffffffcd]R[0xffffff86])T[0xffffff9a][0x19][0xffffffb6]_ig[0xffffff98][0xffffffba]%[0xffffffa1]![0xffffffed][0xffffffcb]IC[0xffffffca][0xfffffff8]O[0xffffffa8][0xffffffd1][0xffffffbe][0xffffffff][0x15]w[0xffffffe9][0xfffffff9][0xffffffb8]_[0xffffffbd][0x1c][0x1a][0xffffffbf][0xffffff9f][0xffffff87]b[0xffffffc6]?[0xffffff9e][0x0]C[0xffffffc6][0xfffffff2][0xc][0xffffffc5][0xffffffc4][0xfffffff8][0xffffffc7][0xffffffaf][0x17][0x3][0xffffffe3][0x7f][0x7f][0x19][0xffffffe6][0xffffffc5][0xffffffdb]([0x16][0xffffffe3][0xffffffe2]_[0x2]YL[0xffffff8b][0xffffffb7][0xffffffb1],[0xffffff84][0xffffffc5][0xffffff9b]p[0xffffff96][0xffffffb1][0xffffffe2]MD#P[0xfffffff1][0xffffffbe]<!R[0xfffffffc][[0xffffff97]B[0xffffffa0]x_[0xffffffad][0x0]'[0xffffffde]5m9&[0xffffffde][0x15][0xffffffef][0x6]%[0xffffffdc][0xffffffa5][0xffffffe7]c[0xffffffce][0xffffff87][0xffffffa2][0x4]x[0xffffffe9][0xfffffff9]?[0xffffff9e][0xffffff80][0xffffffa6][0x4]t[0xffffffe9][0xfffffff9]?~[0xffffff9d][0xffffffa1]D[0xffffffc6][0xffffffa5][0xffffffe7]o[0xffffffa3][0xffffffc8]P"[0xffffffe0][0xffffffd2][0xfffffff3][0xffffffb7][0xffffffb1][0xffffffac][0xffffffa7][0x4]v[0xffffffe9][0xfffffff9][0xffffff9b][0xffffff88]&Q"[0xffffffe7][0xffffffd2][0xfffffff3][0x7f][0xffffffeb]R[0xffffff96][0x12][0x19][0xffffff97][0xffffff9e][0xffffffbf]kZ[0xffffff8a][0x12][0x7f]u[0xffffffe9][0xfffffff9][0xffffff8f][0x7f]c[0x18]J[0xffffffdc][0xffffffc7][0xffffffd5](J[0xc][0xffffff9c][0x12]#[0xffffff80][0x12]C[0xfffffff3]^[0x18][0xfffffff0][0xffffff81]Qb$QB[0xffffffa3][0xffffffc8]P[0xffffffc2][0x5][0xffffff92][0xffffffa1][0xffffff84][0xffffffc6][0xffffffb2][0xffffff9e][0x12]k8[0xffffffab])[0xffffffb1]F4[0xffffff89][0x12][0xffffffa6]<YJ[0xffffffd8].e)a[0xffffffaa][0xffffff95][0xffffffa3][0xffffff84]4-E[0x9])[0xffffffde][\r]J[0xffffffdc][0xffffff8e][0x12]W[0x7f]Q[0xffffff94][0xffffffb8]qJ[0xffffffdc][0x1][0xffffff94][0xffffffb8]5[0xffffffef][0xffffff85][0x1][0xffffffbf]1J[0xffffffdc]I[0xffffff94][0xffffffd0](2[0xffffff94]p[0xffffff81]d([0xffffffa1][0xffffffb1][0xffffffac][0xffffffa7][0xffffffc4][0x1a][0xffffffce]jJ[0xffffffac][0x11]M[0xffffffa2][0xffffff84])O[0xffffff96][0x12][0xffffffb6]KYJ[0xffffff98]j[0xffffffe5](!MKQB[0xffffff8a]w[0xffffff83][0x12][0xffffff8f][0xffffffa3][0xffffffc4][0xffffffec][0xffffff93][0xffffffa2][0xffffffc4][0xffffff83]S[0xffffffe2][0x9][0xffffffa0][0xffffffc4][0xffffffa3]y/[0xc][0xfffffff8][0xffffff83]Q[0xffffffe2]I[0xffffffa2][0xffffff84]F[0xffffff91][0xffffffa1][0xffffff84][0xb]$C[0x9][0xffffff8d]e=%[0xffffffd6]pVSb[0xffffff8d]h[0x12]%Ly[0xffffffb2][0xffffff94][0xffffffb0]][0xffffffca]R[0xffffffc2]T+G[0x9]iZ[0xffffff8a][0x12]R[0xffffffbc][0x1b][0xffffff94][0xffffff98][0xffffff86][0x12]O;[0xffffffb0]?pL[0xffffff9c][0x12]3[0xffffff80][0x12]S[0xfffffff3]^[0x18][0xfffffff0][0xffffff89]Qb&QB[0xffffffa3][0xffffffc8]P[0xffffffc2][0x5][0xffffff92][0xffffffa1][0xffffff84][0xffffffc6][0xffffffb2][0xffffff9e][0x12]k8[0xffffffab])[0xffffffb1]F4[0xffffff89][0x12][0xffffffa6]<YJ[0xffffffd8].e)a[0xffffffaa][0xffffff95][0xffffffa3][0xffffff84]4-E[0x9])[0xffffffde]?[0xffffffa7][0xffffffc4][0xffffffe7]q[0x10][0xffffffa5][0xffffffc4]9[0xffffffa9]?p|>[0xf]K[0xffffff89][0xffffffaf]'[0xffffff80])[0xfffffff1][0xffffffeb][0x19][0x10]J|[0xfffffffd]:B[0xffffff89][0xffffff9f][0xffffffbf][0x1c]A[0x9][0x13]E[0xffffff84][0x12]6[0xffffff90][0x8]%L,[0xffffffcb])![0xffffffe1],[0xffffffa6][0xffffff84]D4[0xffffff88][0x12][0xffffffae]<QJ[0xfffffff8].E)[0xffffffe1][0xffffffaa][0x15][0xffffffa3][0xffffff84]6-D[0x9]-[0xffffffde][\r]J4G[0xffffff89][0xffffffeb]k[0xffffff8a][0x2][0xffffffa1]D[0xffffffc3])[0xffffffd1][0x2]([0xffffffd1]4[0xffffffef][0xffffff85][0x1]o[0x18]%Z[0x12]%4[0xffffff8a][0xc]%\ [0x19]Jh,[0xffffffeb])[0xffffffb1][0xffffff86][0xffffffb3][0xffffff9a][0x12]kD[0xffffff93](a[0xffffffca][0xffffff93][0xffffffa5][0xffffff84][0xffffffed]R[0xffffff96][0x12][0xffffffa6]Z9JH[0xffffffd3]R[0xffffff94][0xffffff90][0xffffffe2][0xffffffdd][0xffffffa0]D[0xffffffb7][0xffffff94]x0Jt[0xffffff9c][0x12]=[0xffffff80][0x12]][0xfffffff3]^[0x18][0xfffffff0][0xffffff8e]Q[0xffffffa2]'QB[0xffffffa3][0xffffffc8]P[0xffffffc2][0x5][0xffffff92][0xffffffa1][0xffffff84][0xffffffc6][0xffffffb2][0xffffff9e][0x12]k8[0xffffffab])[0xffffffb1]F4[0xffffff89][0x12][0xffffffa6]<YJ[0xffffffd8].e)a[0xffffffaa][0xffffff95][0xffffffa3][0xffffff84]4-E[0x9])[0xffffffde][\r]J[0x1c][0xffffff8e][0x12][0xffffffa3][0xffffffd7]oa[0xfffffffe]~[0x1e][0xffffff98][0x12]G[0x0]%[0xe][0xffffffcd]{a[0xffffffc0][0xf][0xffffff8c][0x12]G[0x12]%4[0xffffff8a][0xc]%\ [0x19]Jh,[0xffffffeb])[0xffffffb1][0xffffff86][0xffffffb3][0xffffff9a][0x12]kD[0xffffff93](a[0xffffffca][0xffffff93][0xffffffa5][0xffffff84][0xffffffed]R[0xffffff96][0x12][0xffffffa6]Z9JH[0xffffffd3]R[0xffffff94][0xffffff90][0xffffffe2][0xffffffdd][0xffffffa0][0xffffff84][[0xffffffbb]|[0xffffffc6][0xffffffa0][0xffffffd6].[0xf]|[0xffffffed][0xfffffff2][0x8]X[0xffffffbb]<[0xffffffcc]$[a[0xffffffc0][0xffffffb1][0xffffffb5][0xffffffcb]CF[0xffffffd7]HJ[0xffffff84][0xffffffac]][0xffffffda]@2[0xffffff94][0x8]X[0xffffffbb][0xffffff94]pVS"x[0xffffffed][0xffffffd2][0xffffff95]'K[0xffffff89][0xffffffbc][0xffffffb5]KW[0xffffffad][0x1c]%R[0xffffffd6].[0xffffffb5]x7([0xffffffe1][0xffffffd6].[0xffffff9f][0xffffffbb]c[0x7f][0xffffffe0][0xffffffc0][0xffffffd7].[0xffffff8f][0xffffff80][0xffffffb5][0xffffffcb][0xffffffc3]L[0xffffffb2][0x15][0x6][0x1c][[0xffffffbb]<dt[0xffffff8d][0xffffffa4]D[0xffffffc8][0xffffffda][0xffffffa5][\r]$C[0xffffff89][0xffffff80][0xffffffb5]K[0x9]g5%[0xffffff82][0xffffffd7].]y[0xffffffb2][0xffffff94][0xffffffc8][[0xffffffbb]t[0xffffffd5][0xffffffca]Q"e[0xffffffed]R[0xffffff8b]w[0xffffff83][0x12]n[0xffffffed][0xfffffff2]y[0x1e][0xffffffec][0xffffffad][0x4][0xffffffbe]vy[0x4][0xffffffac]][0x1e]f[0xffffff92][0xffffffad]0[0xffffffe0][0xffffffd8][0xffffffda][0xffffffe5]![0xffffffa3]k$%B[0xffffffd6].m [0x19]J[0x4][0xffffffac]]J8[0xffffffab])[0x11][0xffffffbc]v[0xffffffe9][0xffffffca][0xffffff93][0xffffffa5]D[0xffffffde][0xffffffda][0xffffffa5][0xffffffab]V[0xffffff8e][0x12])k[0xffffff97]Z[0xffffffbc][0x1b][0xffffff94]p[0x13]UsL[0xffffffec][0xffffffad][0x4]>Qu[0x4]LT[0x1d]fG[0xffffffa5]0[0xffffffe0][0xffffffd8]D[0xffffffd5]!K)$%B&[0xffffffaa]l [0x19]J[0x4]LTI8[0xffffffab])[0x11]<Q[0xffffffe5][0xffffffca][0xffffff93][0xffffffa5]D[0xffffffde]D[0xffffff95][0xffffffab]V[0xffffff8e][0x12])[0x13]UZ[0xffffffbc][0x1b][0xffffff94]p[0x13]Us[0xffffffbe][0xffffffa8][0xffffffeb][0xffffffbc][0xe]|[0xffffffa2][0xffffffea][0x8][0xffffff98][0xffffffa8]:[0xffffffcc][0xffffff8e]Ja[0xffffffc0][0xffffffb1][0xffffff89][0xffffffaa]C[0xffffff96]RHJ[0xffffff84]LT[0xffffffd9]@2[0xffffff94][0x8][0xffffff98][0xffffffa8][0xffffff92]pVS"x[0xffffffa2][0xffffffca][0xffffff95]'K[0xffffff89][0xffffffbc][0xffffff89]*W[0xffffffad][0x1c]%R&[0xffffffaa][0xffffffb4]x[0xffffffff][0xffffff9c][0x12][0xffffffa7][0xffffff99][0xffffffa8][0x1a][0xffffffaf]~Q'8N|[0xffffffa2][0xffffffea][0xc][0xffffff98][0xffffffa8]:[0xffffffcd][0xffffff8e]J][0xffffffc0]Ol[0xffffffa2][0xffffffea][0xffffff94][0xffffffa5][0x14][0xffffff90][0x12]&[0xffffff8a][0x8]%l [0x11]J[0xffffff98]X[0xffffff96]SB[0xffffffc2]YL[0x9][0xffffff89]h[0x10]%\y[0xffffffa2][0xffffff94][0xfffffff0]][0xffffff8a]R[0xffffffc2]U+F[0x9]mZ[0xffffff88][0x12]Z[0xffffffbc][0x1b][0xffffff94]h[0xffffff8e][0x12][0xffffffe7][0xffffffbc](J4[0xffffff9c][0x12]-[0xffffff80][0x12]M[0xfffffff3]^[0x18][0xfffffff0][0xffffff86]Q[0xffffffa2]%QB[0xffffffa3][0xffffffc8]P[0xffffffc2][0x5][0xffffff92][0xffffffa1][0xffffff84][0xffffffc6][0xffffffb2][0xffffff9e][0x12]k8[0xffffffab])[0xffffffb1]F4[0xffffff89][0x12][0xffffffa6]<YJ[0xffffffd8].e)a[0xffffffaa][0xffffff95][0xffffffa3][0xffffff84]4-E[0x9])[0xffffffde][\r]J[0xffffff98][0xffffff89][0xffffffaa][0xfffffff1][0xffffff9a]/[0xffffffea][0xffffffb3][0xffffffcb][0x13][0xffffff9f][0xffffffa8]:[0x3]&[0xffffffaa]N[0xffffffb3][0xffffffa3]R[0x18]pl[0xffffffa2][0xffffffea][0xffffff94][0xffffffa5][0x14][0xffffff92][0x12]![0x13]U6[0xffffff90][0xc]%[0x2]&[0xffffffaa]$[0xffffff9c][0xffffffd5][0xffffff94][0x8][0xffffff9e][0xffffffa8]r[0xffffffe5][0xffffffc9]R"o[0xffffffa2][0xffffffca]U+G[0xffffff89][0xffffff94][0xffffff89]*-[0xffffffde][\r]J[0xffffff98][0xffffff89][0xffffffaa][0xffffffd1]^[0xffffffd8][0x1d][0x1c]'>Qu[0x6]LT[0xffffff9d]fG[0xffffffa5]0[0xffffffe0][0xffffffd8]D[0xffffffd5])K)$%B&[0xffffffaa]l [0x19]J[0x4]LTI8[0xffffffab])[0x11]<Q[0xffffffe5][0xffffffca][0xffffff93][0xffffffa5]D[0xffffffde]D[0xffffff95][0xffffffab]V[0xffffff8e][0x12])[0x13]UZ[0xffffffbc][[0xffffff94][0xffffffe8]a[0xffffff94][0xffffffe8]8%z[0x0]%:J[0xffffff89][0xffffff8e]Q[0xffffffa2]'Qb[0xffffff8d]"E[0x9][\r]$E[0xffffff89]5[0xffffff96][0x4]%:L[0xffffff89][0x1e]L[0x9])O[0xffffff9a][0x12][0xffffffa6]KiJH[0xffffffb5][0xffffff92][0xffffff94][0xffffffe8])[0xffffff94][0xffffffe8][0x7f]M[0x9][0xffffffb3]v9[0xffffffda]y[0xffffffdd][0x14]%[0xfffffff0][0xffffffb5][0xffffffcb]3`[0xffffffed][0xfffffff2]4[0xffffff93]l[0xffffff85][0x1][0xffffffc7][0xffffffd6].O[0x19]]#)[0x11][0xffffffb2]vi[0x3][0xffffffc9]P"`[0xffffffed]R[0xffffffc2]YM[0xffffff89][0xffffffe0][0xffffffb5]KW[0xffffff9e],%[0xfffffff2][0xffffffd6].][0xffffffb5]r[0xffffff94]HY[0xffffffbb][0xffffffd4][0xffffffe2][0xffffffdd][0xffffffa0][0xffffff84]Y[0xffffffbb][0x1c][0xffffffed]j[0xffffffd8][[0x9]|[0xffffffed][0xfffffff2][0xc]X[0xffffffbb]<[0xffffffcd]$[a[0xffffffc0][0xffffffb1][0xffffffb5][0xffffffcb]SF[0xffffffd7]HJ[0xffffff84][0xffffffac]][0xffffffda]@2[0xffffff94][0x8]X[0xffffffbb][0xffffff94]pVS"x[0xffffffed][0xffffffd2][0xffffff95]'K[0xffffff89][0xffffffbc][0xffffffb5]KW[0xffffffad][0x1c]%R[0xffffffd6].[0xffffffb5]x7(a[0xffffffd6].?(qQ[0xffffffbb][0x12]'[0xffffffbe]vy[0x6][0xffffffac]][0xffffff9e]f[0xffffff92][0xffffffad]0[0xffffffe0][0xffffffd8][0xffffffda][0xffffffe5])[0xffffffa3]k$%B[0xffffffd6].m [0x19]J[0x4][0xffffffac]]J8[0xffffffab])[0x11][0xffffffbc]v[0xffffffe9][0xffffffca][0xffffff93][0xffffffa5]D[0xffffffde][0xffffffda][0xffffffa5][0xffffffab]V[0xffffff8e][0x12])k[0xffffff97]Z[0xffffffbc][0x1b][0xffffff94][0xffffffb8]-%[0x1e][0xffffff8c][0x12]7N[0xffffff89];[0xffffff80][0x12][0xffffffb7][0xffffffe6][0xffffffbd]0[0xffffffe0]7F[0xffffff89];[0xffffff89][0x12][0x1a]E[0xffffff86][0x12].[0xffffff90][0xc]%4[0xffffff96][0xfffffff5][0xffffff94]X[0xffffffc3]YM[0xffffff89]5[0xffffffa2]I[0xffffff94]0[0xffffffe5][0xffffffc9]R[0xffffffc2]v)K[0x9]S[0xffffffad][0x1c]%[0xffffffa4]i)JH[0xfffffff1]nP[0xffffffc2][0xc]g[0xffffff8f]6[0xfffffffa][0xffffffa4]([0xffffff81][0xf]g[0xffffff9f][0x1][0xffffffc3][0xffffffd9][0xffffffa7]Yw-[0xc]86[0xffffff9c]}[0xffffffca]~+I[0xffffff89][0xffffff90][0xffffffe1]l[0x1b]H[0xffffff86][0x12][0x1][0xffffffc3][0xffffffd9][0x12][0xffffffce]jJ[0x4][0xf]g[0xffffffbb][0xfffffff2]d)[0xffffff91]7[0xffffff9c][0xffffffed][0xffffffaa][0xffffff95][0xffffffa3]D[0xffffffca]p[0xffffffb6][0x16][0xffffffef][0x6]%[0xffffffcc]p[0xfffffff6]h[0xfffffff7][0xffffff81][0xffffffad]][0xffffffe2][0xffffffc3][0xffffffd9]g[0xffffffc0]p[0xfffffff6]i[0xffffffd6]][0xb][0x3][0xffffff8e][\r]g[0xffffff9f][0xffffffb2][0xffffffdf]JR"d8[0xffffffdb][0x6][0xffffff92][0xffffffa1]D[0xffffffc0]p[0xffffffb6][0xffffff84][0xffffffb3][0xffffff9a][0x12][0xffffffc1][0xffffffc3][0xffffffd9][0xffffffae]<YJ[0xffffffe4][\r]g[0xffffffbb]j[0xffffffe5]([0xffffff91]2[0xffffff9c][0xffffffad][0xffffffc5][0xfffffffb][0xffffffe7][0xffffff94][0xffffffb8][0xffffffdc]pvo[0xffffffed][0xffffff84](q[0xffffffe1][0xffffffc3][0xffffffd9]W[0xffffffc0]p[0xfffffff6]e[0xffffffd6]][0xffffffeb][0x2]~a[0xffffffc3][0xffffffd9][0xffffff97][0xffffffec][0xffffffb7][0xffffff82][0xffffff94]0QD(a[0x3][0xffffff89]P[0xffffffc2][0xffffffc4][0xffffffb2][0xffffff9c][0x12][0x12][0xffffffce]bJHD[0xffffff83]([0xffffffe1][0xffffffca][0x13][0xffffffa5][0xffffff84][0xffffffef]R[0xffffff94][0x12][0xffffffae]Z1Jh[0xffffffd3]B[0xffffff94][0xffffffd0][0xffffffe2][0xffffffdd][0xffffffa0]Ds[0xffffff94][0xffffffe8][0xffffff83]:[0xc][0xfffffffa][0xfffffff9]<0%Z[0x0]%[0xffffff9a][0xffffffe6][0xffffffbd]0[0xffffffe0][\r][0xffffffa3]DK[0xffffffa2][0xffffff84]F[0xffffff91][0xffffffa1][0xffffff84][0xb]$C[0x9][0xffffff8d]e=%[0xffffffd6]pVSb[0xffffff8d]h[0x12]%Ly[0xffffffb2][0xffffff94][0xffffffb0]][0xffffffca]R[0xffffffc2]T+G[0x9]iZ[0xffffff8a][0x12]R[0xffffffbc][0x1b][0xffffff94]p[0xffffffc3][0xffffffd9][0xfffffffd][0xffffffbe][0xffffffa9];8.|8[0xfffffffb][\n]"
01:51:24.902 [main] DEBUG org.apache.hc.client5.http.wire -- http-outgoing-1 << "[0x18][0xffffffce][0xffffffbe][0xffffffcc][0xffffffba]ka[0xffffffc0][0xffffffb1][0xffffffe1][0xffffffec]K[0xfffffff6][IJ[0xffffff84][0xc]g[0xffffffdb]@2[0xffffff94][0x8][0x18][0xffffffce][0xffffff96]pVS"x8[0xffffffdb][0xffffff95]'K[0xffffff89][0xffffffbc][0xffffffe1]lW[0xffffffad][0x1c]%R[0xffffff86][0xffffffb3][0xffffffb5]x7([0xffffffe1][0xffffff86][0xffffffb3][0xffffff8f][0xffffffd7][0xffffff8b][0xfffffffa][0xffffffec][0xfffffff2][0xffffffc2][0xffffff87][0xffffffb3][0xffffffaf][0xffffff80][0xffffffe1][0xffffffec][0xffffffcb][0xffffffac][0xffffffbb][0x16][0x6][0x1c][0x1b][0xffffffce][0xffffffbe]d[0xffffffbf][0xffffff95][0xffffffa4]D[0xffffffc8]p[0xffffffb6][\r]$C[0xffffff89][0xffffff80][0xffffffe1]l[0x9]g5%[0xffffff82][0xffffff87][0xffffffb3]]y[0xffffffb2][0xffffff94][0xffffffc8][0x1b][0xffffffce]v[0xffffffd5][0xffffffca]Q"e8[[0xffffff8b]w[0xffffff83][0x12]n[0xffffffed][0xfffffff2]8_[0xffffffd4]a[0xffffffd0][0xb]_[0xffffffbb][0xffffffbc][0x2][0xffffffd6]./3[0xffffffc9]V[0x18]pl[0xffffffed][0xfffffff2][0xffffff92][0xffffffd1]5[0xffffff92][0x12]!k[0xffffff97]6[0xffffff90][0xc]%[0x2][0xffffffd6].%[0xffffff9c][0xffffffd5][0xffffff94][0x8]^[0xffffffbb]t[0xffffffe5][0xffffffc9]R"o[0xffffffed][0xffffffd2]U+G[0xffffff89][0xffffff94][0xffffffb5]K-[0xffffffde][\r]J[0xffffffb8][0xffffffb5][0xffffffcb]cp[0xffffff94][0xffffffc0][0xffffffd7].[0xffffffaf][0xffffff80][0xffffffb5][0xffffffcb][0xffffffcb]L[0xffffffb2][0x15][0x6][0x1c][[0xffffffbb][0xffffffbc]dt[0xffffff8d][0xffffffa4]D[0xffffffc8][0xffffffda][0xffffffa5][\r]$C[0xffffff89][0xffffff80][0xffffffb5]K[0x9]g5%[0xffffff82][0xffffffd7].]y[0xffffffb2][0xffffff94][0xffffffc8][[0xffffffbb]t[0xffffffd5][0xffffffca]Q"e[0xffffffed]R[0xffffff8b]w[0xffffff83][0x12]n[0xffffffed][0xfffffff2][0xffffff98]7[0xfffffff6][0x7][0xe]|[0xffffffed][0xfffffff2][\n]"
01:51:24.903 [main] DEBUG org.apache.hc.client5.http.wire -- http-outgoing-1 << "X[0xffffffbb][0xffffffbc][0xffffffcc]$[a[0xffffffc0][0xffffffb1][0xffffffb5][0xffffffcb]KF[0xffffffd7]HJ[0xffffff84][0xffffffac]][0xffffffda]@2[0xffffff94][0x8]X[0xffffffbb][0xffffff94]pVS"x[0xffffffed][0xffffffd2][0xffffff95]'K[0xffffff89][0xffffffbc][0xffffffb5]KW[0xffffffad][0x1c]%R[0xffffffd6].[0xffffffb5]x7([0xffffffe1][0xffffffd6].[0xffffffcf]6;E[0x9]|[0xffffffed][0xfffffff2][\n]"
01:51:24.903 [main] DEBUG org.apache.hc.client5.http.wire -- http-outgoing-1 << "X[0xffffffbb][0xffffffbc][0xffffffcc]$[a[0xffffffc0][0xffffffb1][0xffffffb5][0xffffffcb]KF[0xffffffd7]HJ[0xffffff84][0xffffffac]][0xffffffda]@2[0xffffff94][0x8]X[0xffffffbb][0xffffff94]pVS"x[0xffffffed][0xffffffd2][0xffffff95]'K[0xffffff89][0xffffffbc][0xffffffb5]KW[0xffffffad][0x1c]%R[0xffffffd6].[0xffffffb5]x7([0xffffffe1][0xffffffd6].[0xffffffcf][0xfffffff3][0xffffffd5](J[0xffffffe0]k[0xffffff97]W[0xffffffc0][0xffffffda][0xffffffe5]e&[0xffffffd9][\n]"
01:51:24.903 [main] DEBUG org.apache.hc.client5.http.wire -- http-outgoing-1 << "[0x3][0xffffff8e][0xffffffad]]^2[0xffffffba]FR"d[0xffffffed][0xffffffd2][0x6][0xffffff92][0xffffffa1]D[0xffffffc0][0xffffffda][0xffffffa5][0xffffff84][0xffffffb3][0xffffff9a][0x12][0xffffffc1]k[0xffffff97][0xffffffae]<YJ[0xffffffe4][0xffffffad]][0xffffffba]j[0xffffffe5]([0xffffff91][0xffffffb2]v[0xffffffa9][0xffffffc5][0xffffffbb]A[0x9][0xffffffb7]vy^[0x13][0xffffffa3][0x4][0xffffffbe]vy[0x5][0xffffffac]]^f[0xffffff92][0xffffffad]0[0xffffffe0][0xffffffd8][0xffffffda][0xffffffe5]%[0xffffffa3]k$%B[0xffffffd6].m [0x19]J[0x4][0xffffffac]]J8[0xffffffab])[0x11][0xffffffbc]v[0xffffffe9][0xffffffca][0xffffff93][0xffffffa5]D[0xffffffde][0xffffffda][0xffffffa5][0xffffffab]V[0xffffff8e][0x12])k[0xffffff97]Z[0xffffffbc][0x7f]N[0xffffff89][0xffffffe1][0xffffffd6].[0xffffffcf]qR[0xffffffdf]J[0xc]|[0xffffffed]r[0x4][0xffffffac]][0xe]3[0xffffffc9]V[0x17][0xfffffff0][0xffffff81][0xffffffad]][0xe][0x19]][0x3])a[0xffffffa2][0xffffff88]P[0xffffffc2][0x6][0x12][0xffffffa1][0xffffff84][0xffffff89]e9%$[0xffffff9c][0xffffffc5][0xffffff94][0xffffff90][0xffffff88][0x6]Q[0xffffffc2][0xffffff95]'J[0x9][0xffffffdf][0xffffffa5](%\[0xffffffb5]b[0xffffff94][0xffffffd0][0xffffffa6][0xffffff85]([0xffffffa1][0xffffffc5][0xffffffbb]A[0xffffff89]f)[0xfffffff1]`[0xffffff94]h8%Z[0x0]%[0xffffff9a][0xffffffe6][0xffffffbd]0[0xffffffe0][\r][0xffffffa3]DK[0xffffffa2][0xffffff84]F[0xffffff91][0xffffffa1][0xffffff84][0xb]$C[0x9][0xffffff8d]e=%[0xffffffd6]pVSb[0xffffff8d]h[0x12]%Ly[0xffffffb2][0xffffff94][0xffffffb0]][0xffffffca]R[0xffffffc2]T+G[0x9]iZ[0xffffff8a][0x12]R[0xffffffbc][0x1b][0xffffff94]pk[0xffffff97][0xffffffe7]}P[0xffffffc3][0xffffffd9][0x3]_[0xffffffbb][0x1c][0x1]k[0xffffff97][0xffffffc3]L[0xffffffb2][0x15][0x6][0x1c][[0xffffffbb][0x1c]2[0xffffffba]FR"d[0xffffffed][0xffffffd2][0x6][0xffffff92][0xffffffa1]D[0xffffffc0][0xffffffda][0xffffffa5][0xffffff84][0xffffffb3][0xffffff9a][0x12][0xffffffc1]k[0xffffff97][0xffffffae]<YJ[0xffffffe4][0xffffffad]][0xffffffba]j[0xffffffe5]([0xffffff91][0xffffffb2]v[0xffffffa9][0xffffffc5][0xffffffbb]A[0x9][0xffffffb7]vy[0xffffffce][0xffffffd7]IQ[0x2]_[0xffffffbb][0x1c][0x1]k[0xffffff97][0xffffffc3]L[0xffffffb2][0x15][0x6][0x1c][[0xffffffbb][0x1c]2[0xffffffba]FR"d[0xffffffed][0xffffffd2][0x6][0xffffff92][0xffffffa1]D[0xffffffc0][0xffffffda][0xffffffa5][0xffffff84][0xffffffb3][0xffffff9a][0x12][0xffffffc1]k[0xffffff97][0xffffffae]<YJ[0xffffffe4][0xffffffad]][0xffffffba]j[0xffffffe5]([0xffffff91][0xffffffb2]v[0xffffffa9][0xffffffc5][0xffffffbb]A[0x9][0xffffffb7]vy[0xfffffff5][0xffffff87][0xfffffffa][0xffffffec]r[0xffffffe0]k[0xffffff97]#`[0xffffffed]r[0xffffff98]I[0xffffffb6][0xffffffc2][0xffffff80]ck[0xffffff97]CF[0xffffffd7]HJ[0xffffff84][0xffffffac]][0xffffffda]@2[0xffffff94][0x8]X[0xffffffbb][0xffffff94]pVS"x[0xffffffed][0xffffffd2][0xffffff95]'K[0xffffff89][0xffffffbc][0xffffffb5]KW[0xffffffad][0x1c]%R[0xffffffd6].[0xffffffb5]x7([0xffffffe1][0xffffffd6].[0xffffffaf][0xffffffab][0xffffffbf](J[0xffffffe0]k[0xffffff97]#`[0xffffffed]r[0xffffff98]I[0xffffffb6][0xffffffc2][0xffffff80]ck[0xffffff97]CF[0xffffffd7]HJ[0xffffff84][0xffffffac]][0xffffffda]@2[0xffffff94][0x8]X[0xffffffbb][0xffffff94]pVS"x[0xffffffed][0xffffffd2][0xffffff95]'K[0xffffff89][0xffffffbc][0xffffffb5]KW[0xffffffad][0x1c]%R[0xffffffd6].[0xffffffb5]x7([0xffffffe1][0xffffffd6].[0xffffffaf][0xffffffc9]Q[0x2]_[0xffffffbb][0x1c][0x1]k[0xffffff97][0xffffffc3]L[0xffffffb2][0x15][0x6][0x1c][[0xffffffbb][0x1c]2[0xffffffba]FR"d[0xffffffed][0xffffffd2][0x6][0xffffff92][0xffffffa1]D[0xffffffc0][0xffffffda][0xffffffa5][0xffffff84][0xffffffb3][0xffffff9a][0x12][0xffffffc1]k[0xffffff97][0xffffffae]<YJ[0xffffffe4][0xffffffad]][0xffffffba]j[0xffffffe5]([0xffffff91][0xffffffb2]v[0xffffffa9][0xffffffc5][0xffffffbb]A[0x9][0xffffffb7]v9[0x1a]G[0x9]|[0xffffffed]r[0x4][0xffffffac]][0xe]3[0xffffffc9]V[0x18]pl[0xffffffed]r[0xffffffc8][0xffffffe8][0x1a]I[0xffffff89][0xffffff90][0xffffffb5]K[0x1b]H[0xffffff86][0x12][0x1]k[0xffffff97][0x12][0xffffffce]jJ[0x4][0xffffffaf]][0xffffffba][0xfffffff2]d)[0xffffff91][0xffffffb7]v[0xffffffe9][0xffffffaa][0xffffff95][0xffffffa3]D[0xffffffca][0xffffffda][0xffffffa5][0x16][0xffffffef][0x6]%[0xffffffdc][0xffffffda][0xffffffe5][0xffffffb8][0xffffffee]AQ[0x2]_[0xffffffbb][0x1c][0x1]k[0xffffff97][0xffffffc3]L[0xffffffb2][0x15][0x6][0x1c][[0xffffffbb][0x1c]2[0xffffffba]FR"d[0xffffffed][0xffffffd2][0x6][0xffffff92][0xffffffa1]D[0xffffffc0][0xffffffda][0xffffffa5][0xffffff84][0xffffffb3][0xffffff9a][0x12][0xffffffc1]k[0xffffff97][0xffffffae]<YJ[0xffffffe4][0xffffffad]][0xffffffba]j[0xffffffe5]([0xffffff91][0xffffffb2]v[0xffffffa9][0xffffffc5][0xffffffbb]E[0xffffff89]3[0xffffff8c][0x12]'N[0xffffff89]3[0xffffff80][0x12]'J[0xffffff89][0x13][0xffffffa3][0xffffffc4][0xffffff99]D[0xffffff89]5[0xffffff8a][0x14]%4[0xffffff90][0x14]%[0xffffffd6]X[0x12][0xffffff94]8aJ[0xffffff9c][0xffffffc1][0xffffff94][0xffffff90][0xfffffff2][0xffffffa4])a[0xffffffba][0xffffff94][0xffffffa6][0xffffff84]T+I[0xffffff89]3[0xffffff85][0x12][0xffffffe7]_S[0xffffffc2][\r]g[0xffffff8f][0x1b][0xffffffbb][0x19]t[0xffffffe0][0xffffffc3][0xffffffd9]#`8{[0xffffff98]u[0xffffffd7][0xffffffc2][0xffffff80]c[0xffffffc3][0xffffffd9]C[0xfffffff6][IJ[0xffffff84][0xc]g[0xffffffdb]@2[0xffffff94][0x8][0x18][0xffffffce][0xffffff96]pVS"x8[0xffffffdb][0xffffff95]'K[0xffffff89][0xffffffbc][0xffffffe1]lW[0xffffffad][0x1c]%R[0xffffff86][0xffffffb3][0xffffffb5]x[0xffffffff][0xffffff9c][0x12][0xffffffb7][0x1b][0xffffffce][0xffffffbe][0xfffffffb]EQ[0xffffffe2][0xffffffc6][0xffffff87][0xffffffb3][0xffffffef][0xffffff80][0xffffffe1][0xffffffec][0xffffffdb][0xffffffac][0xffffffbb][0xffffffd6][0x5][0xfffffffc][0xffffffc6][0xffffff86][0xffffffb3]o[0xffffffd9]o[0x5])a[0xffffffa2][0xffffff88]P[0xffffffc2][0x6][0x12][0xffffffa1][0xffffff84][0xffffff89]e9%$[0xffffff9c][0xffffffc5][0xffffff94][0xffffff90][0xffffff88][0x6]Q[0xffffffc2][0xffffff95]'J[0x9][0xffffffdf][0xffffffa5](%\[0xffffffb5]b[0xffffff94][0xffffffd0][0xffffffa6][0xffffff85]([0xffffffa1][0xffffffc5][0xffffffbb]A[0x9][0xffffffb7]vy?[0xffffffd8][0xffffffae][0xffffffc4][0xffffff8d][0xffffffaf]][0xffffffde][0x1]k[0xffffff97][0xffffffb7][0xffffff99]d+[0xc]8[0xffffffb6]vy[0xffffffcb][0xffffffe8][0x1a]I[0xffffff89][0xffffff90][0xffffffb5]K[0x1b]H[0xffffff86][0x12][0x1]k[0xffffff97][0x12][0xffffffce]jJ[0x4][0xffffffaf]][0xffffffba][0xfffffff2]d)[0xffffff91][0xffffffb7]v[0xffffffe9][0xffffffaa][0xffffff95][0xffffffa3]D[0xffffffca][0xffffffda][0xffffffa5][0x16][0xffffffef][0x6]%[0xffffffdc]D[0xffffffd5]='u[0xffffff82][0xffffffe3][0xffffffc6]'[0xffffffaa][0xffffffee][0xffffff80][0xffffff89][0xffffffaa][0xffffffdb][0xffffffec][0xffffffa8][0x14][0x6][0x1c][0xffffff9b][0xffffffa8][0xffffffba]e)[0xffffff85][0xffffffa4]D[0xffffffc8]D[0xffffff95][\r]$C[0xffffff89][0xffffff80][0xffffff89]*[0x9]g5%[0xffffff82]'[0xffffffaa]\y[0xffffffb2][0xffffff94][0xffffffc8][0xffffff9b][0xffffffa8]r[0xffffffd5][0xffffffca]Q"e[0xffffffa2]J[0xffffff8b]w[0xffffff83][0x12]n[0xffffffa2][0xffffffea]y[0xffffff9d][0x7]E[0x9]|[0xffffffa2][0xffffffea][0xe][0xffffff98][0xffffffa8][0xffffffba][0xffffffcd][0xffffff8e]Ja[0xffffffc0][0xffffffb1][0xffffff89][0xffffffaa][[0xffffff96]RHJ[0xffffff84]LT[0xffffffd9]@2[0xffffff94][0x8][0xffffff98][0xffffffa8][0xffffff92]pVS"x[0xffffffa2][0xffffffca][0xffffff95]'K[0xffffff89][0xffffffbc][0xffffff89]*W[0xffffffad][0x1c]%R&[0xffffffaa][0xffffffb4]x7([0xffffffe1]&[0xffffffaa][0xffffff9e][0xffffffd7][0xffffffc4][0xfffffffe][0xffffffc0][0xffffff81]OT[0xffffffdd][0x1][0x13]U[0xffffffb7][0xffffffd9]Q)[0xc]86Qu[0xffffffcb]R[\n]"
01:51:24.904 [main] DEBUG org.apache.hc.client5.http.wire -- http-outgoing-1 << "I[0xffffff89][0xffffff90][0xffffff89]*[0x1b]H[0xffffff86][0x12][0x1][0x13]U[0x12][0xffffffce]jJ[0x4]OT[0xffffffb9][0xfffffff2]d)[0xffffff91]7Q[0xffffffe5][0xffffffaa][0xffffff95][0xffffffa3]D[0xffffffca]D[0xffffff95][0x16][0xffffffef][0x6]%[0xffffffdc]D[0xffffffd5][0xffffffd3][0xffffffdb]EQ[0x2][0xffffff9f][0xffffffa8][0xffffffba][0x3]&[0xffffffaa]n[0xffffffb3][0xffffffa3]R[0x18]pl[0xffffffa2][0xffffffea][0xffffff96][0xffffffa5][0x14][0xffffff92][0x12]![0x13]U6[0xffffff90][0xc]%[0x2]&[0xffffffaa]$[0xffffff9c][0xffffffd5][0xffffff94][0x8][0xffffff9e][0xffffffa8]r[0xffffffe5][0xffffffc9]R"o[0xffffffa2][0xffffffca]U+G[0xffffff89][0xffffff94][0xffffff89]*-[0xffffffde]-J[0xfffffff4]0Jt[0xffffff9c][0x12]=[0xffffff80][0x12][0x1d][0xffffffa5]D[0xffffffc7]([0xffffffd1][0xffffff93]([0xffffffb1]F[0xffffff91][0xffffffa2][0xffffff84][0x6][0xffffff92][0xffffffa2][0xffffffc4][0x1a]K[0xffffff82][0x12][0x1d][0xffffffa6]D[0xf][0xffffffa6][0xffffff84][0xffffff94]'M[0x9][0xffffffd3][0xffffffa5]4%[0xffffffa4]ZIJ[0xfffffff4][0x14]J[0xfffffff4][0xffffffbf][0xffffffa6][0xffffff84][[0xffffffbb]|[0xffffffae][0xffffff8e][0x1d][0x6][0xffffffc5][0xffffffd7].[0xffffffef][0xffffff80][0xffffffb5][0xffffffcb][0xffffffdb]L[0xffffffb2][0x15][0x6][0x1c][[0xffffffbb][0xffffffbc]et[0xffffff8d][0xffffffa4]D[0xffffffc8][0xffffffda][0xffffffa5][\r]$C[0xffffff89][0xffffff80][0xffffffb5]K[0x9]g5%[0xffffff82][0xffffffd7].]y[0xffffffb2][0xffffff94][0xffffffc8][[0xffffffbb]t[0xffffffd5][0xffffffca]Q"e[0xffffffed]R[0xffffff8b]w[0xffffff8b][0x12][0xffffffe6][0xffffffad][0x4]J[0x9][0xfffffffa][0xffffffad][0xffffffc4][0x13][0xfffffff0]V[0xffffffe2]Q:[0xffffff97][0x6][0xffffff9c]z+[0xfffffff1]$[0xffffffbd][0xffffff95][0xffffffd0](R[0xffffff94]Hy+[0xffffffa1][0xffffffb1]$([0xffffffc1][0xffffffbe][0xffffff95]X#[0xffffff9a]E[0xffffff89][0xffffffb0][0xffffffb7][0x12][0xffffffb6]KiJ[0x4][0xffffffbd][0xffffff95][0xffffff90][0xffffffa6][0xffffffe5]([0xfffffff1]_[0xffffffbc][0xffffff95]8[0xffffffc2](q[0xffffffe0][0xffffff94]8[0x2](q[0xffffffa0][0xffffff94]80J[0x1c]I[0xffffff94]X[0xffffffa3]HQB[0x3]IQb[0xffffff8d]%A[0xffffff89][0x3][0xffffffa6][0xffffffc4][0x11]L[0x9])O[0xffffff9a][0x12][0xffffffa6]KiJH[0xffffffb5][0xffffff92][0xffffff94]8R(q[0xfffffffc][0x7][0xffffff94]hi[0xffffff96]h<&Z[0xffffff82]&[0x1a][0xffffffcb][0xffffff89][0xffffffc6]y[0xffffffa2]E[0xffffff81]B[0xfffffff2]H[0xffffff89][0xffffffc2][0xffffffa4][0xffffff92]"[0xffffff85]d[0xffffff93]0E[0xffffffa3]Q[0xffffffd1][0xffffff92]U[0xffffffa1]5J[0xffffffb3][0xffffffc2][0xffffffb5]*[0xffffffed][\n]"
01:51:24.904 [main] DEBUG org.apache.hc.client5.http.wire -- http-outgoing-1 << "-Y[0x12][0x16]k[0xffffffe7]r[0xffffffb2]X+x[0xffffff8b][0x16][0xfffffffd][0xc][0xffffffa3]E[0xffffff87]/[0xfffffff8][0xfffffffa]~[0x4][0xffffff9e][0x16][0x1d][0xffffffbc][0xffffffe2][0xffffffeb][0xfffffffb][0xffffffe7])Z[0xfffffff4][0xffffff9c]K[0xffffffbe]\[0x1e])Z[0xffffff98]TR[0xffffffb4][0xffffff90]l[0x12][0xffffffb4][0xffffffe8][0xffffffe8]E_[0xffffff9a][0xffffffd3],Zh[0xffffff8d][0xffffffd2][0xffffffb4]p[0xffffffad]J[0xffffffd3]BK[0xffffff96][0xffffffa4][0xffffffc5][0xffffffda][0xffffffb9][0x1c]-[0xffffffd6][\n]"
01:51:24.904 [main] DEBUG org.apache.hc.client5.http.wire -- http-outgoing-1 << "[0xffffffde][0xffffffa2][0xffffffc5][0xffffff91][0xfffffff6][0xffffffd6][0xffffffe2][0xffffffe0][0xffffffdf]Z[0x1c][0x9]o-[0xe][0xfffffff6][0xffffffad][0xffffffc5][0xffffffc1][0xffffffbd][0xffffffb5]8[0xffffffa2][0xffffffde]ZH[0x1e])Z[0xffffff98]TR[0xffffffb4][0xffffff90]l[0x12][0xffffffb4]8[0xffffffe8][0xffffffb7][0x16]G[0xfffffff2][[0xb][0xffffffad]Q[0xffffff9a][0x16][0xffffffae]UiZh[0xffffffc9][0xffffff92][0xffffffb4]X;[0xffffff97][0xffffffa3][0xffffffc5]Z[0xffffffc1][[0xffffffb4][0x18]3[0xffffff8c][0x16]c[0xffffffe2][0xffffffb4][0xfffffff8]x[0x4][0xffffff9e][0x16]?[0x1e][0xffffff82][0xffffffa2][0xffffffc5][0xffffffc7][0xffffffcf]S[0xffffffb4][0xfffffff8][0xfffffffe][0xffffffe9][0x14]ZH[0x1e])Z[0xffffff98]TR[0xffffffb4][0xffffff90]l[0x12][0xffffffb4]X[0x12]ZO[0xffffff8b]%[0xffffffa7]Y[0xffffffb4][0xffffffd0][0x1a][0xffffffa5]i[0xffffffe1]Z[0xffffff95][0xffffffa6][0xffffff85][0xffffff96],I[0xffffff8b][0xffffffb5]s9Z[0xffffffac][0x15][0xffffffbc]E[0xffffff8b][0xffffffe7][\n]"
01:51:24.904 [main] DEBUG org.apache.hc.client5.http.wire -- http-outgoing-1 << "[0xffffffa3][0xffffffc5]s[0xffffffe1][0xffffffb4][0xfffffff8]x[0x4][0xffffff9e][0x16]?[0x1e][0xffffff82][0xffffffa2][0xffffffc5][0xffffffc7][0xffffffcf]S[0xffffffb4][0xfffffff8][0xfffffffe][0xffffffe9][0x14]ZH[0x1e])Z[0xffffff98]TR[0xffffffb4][0xffffff90]l[0x12][0xffffffb4]X[0x12]ZO[0xffffff8b]%[0xffffffa7]Y[0xffffffb4][0xffffffd0][0x1a][0xffffffa5]i[0xffffffe1]Z[0xffffff95][0xffffffa6][0xffffff85][0xffffff96],I[0xffffff8b][0xffffffb5]s9Z[0xffffffac][0x15][0xffffffbc]G[0xffffff8b];[0xffffff8d][0x16]7O[0xffffff8b];[0xffffff81][0x16]7K[0xffffff8b][0xffffff9b][0xffffffa3][0xffffffc5][0x1d]E[0xffffff8b]5[0xffffff8f][0x18]-4[0xffffff95][0x18]-[0xffffffd6]l"[0xffffffb4][0xffffffb8]iZ[0xffffffdc][0xffffffc9][0xffffffb4][0xffffff90][0x1a][0xffffffc5]iaZ[0x15][0xffffffa7][0xffffff85][0xffffff94],J[0xffffff8b];[0xffffff86][0x16][0xfffffff7][0x7f]@[0xffffff8b][0xfffffff6]z[0xffffffc2]l[0xfffffff1][0xfffffff1]D8.>[0xffffff9f][0xffffff81][0xffffffd7][0xffffffc5][0xffffffcf][0xffffffa7][0xffffffa0]x[0xfffffff1][0xfffffff9][0xfffffffb][0xffffff94]/~[0xfffffffc]v[\n]"
01:51:24.904 [main] DEBUG org.apache.hc.client5.http.wire -- http-outgoing-1 << "04[0xffffff94][0xffffff94]0\4)bh@[0x9]c[0xffffffac]1[0xffffffad]G[0xffffffc6][0x1a][0xffffffd6],e[0xffffff98]B[0xffffffa5][0xffffff99]a[0xfffffffb][0xffffff95]v[0xffffff86][0xffffffa9][[0x12][0x1a][0xffffffd2][0xffffffbe][0xffffff9c]4[0xffffffa4][0xffffff8c][0xffffffb7][0xffffffa8][0xffffffd1]_g[0x18]5>[0xffffff9e][0x8][0xffffffa7][0xffffffc6][0xffffffe7]3[0xfffffff0][0xffffffd4][0xfffffff8][0xfffffff9][0x14][0x14]5>[0x7f][0xffffff9f][0xffffffa2][0xffffffc6][0xffffff8f][0xffffffdf]N[0xffffffa1][0xffffff86][0xffffff86][0xffffff92][0xffffffa2][0xffffff86][0xffffff8b]&E[\r][\r](A[0xffffff8d]5[0xffffffa6][0xfffffff5][0xffffffd4]X[0xffffffc3][0xffffff9a]E[\r]S[0xffffffa8]45l[0xffffffbf][0xffffffd2][0xffffffd4]0uKRC[0xffffffda][0xffffff97][0xffffffa3][0xffffff86][0xffffff94][0xfffffff1][0x1e]5F[0x1c]5F[0x0]5F[0x4]5[0x6]L[0xffffff8d][0x1]RcdQCB[0xffffff89]Q[0xffffffc3]D[0x13][0xffffffa3][0xffffff86][0x4][0x14][0xffffffa1][0xffffffc6][0xffffffc0][0xffffffa9]1[0xffffffa2][0xffffffa9][0xffffffa1][0xffffff85][0xffffff8a]S[0xffffffc3][0xfffffff5]+N[\r][0xffffffad][[0xffffff94][0x1a]k[0xfffffffb][0xffffff82][0xffffffd4]X[0xffffffcb][0xfffffff8]O[0xffffffa8][0xffffffd1][0xffffffbf][0xffffffff][0xffffff95]i[0xffffffee][0x10][0xffffff99][0xffffffed]<[0xffffffca][0xffffffa1][0xfffffff1][0xfffffffb]y(f[0xfffffffc][0xffffffe3][0x9]0d,[0xffffffcf]PL[0xffffff8c][0x7f][0xfffffffc]z10[0xfffffffe][0xfffffff7][0xffffff97]a^[0xffffffbc][0xffffff8d]b1.[0xfffffffe]%[0xffffff90][0xffffffc5][0xffffffb4]x[0x1b][0xffffffcb]BX[0xffffffbc][0x9]g[0x19]+[0xffffffde]D4[0x2][0x15][0xffffffef][0xffffffcb][0x13]"[0xffffffc5][0xffffffbf]u)[0x4][0xffffff8a][0xfffffff7][0xffffffd5][\n]"
01:51:24.905 [main] DEBUG org.apache.hc.client5.http.wire -- http-outgoing-1 << "p[0xffffffe2]][0xffffffd3][0xffffff96]c[0xffffffe2]][0xfffffff1][0xfffffffe]9%[0xffffff9e][0xffffff97][0xffffffa3][0xffffffc4]q[0xffffffdc][0x10]%>[0xffffff9f][0xffffff87][0xffffffa5][0xffffffc4][0xffffffd7][0x13][0xffffffc0][0xffffff94][0xfffffff8][0xfffffff5][0xc][0x8]%[0xffffffbe]~[0x1d][0xffffffa1][0xffffffc4][0xffffffcf]_[0xffffff8e][0xffffffa0][0xffffff84][0xffffff89]"B[0x9][0x1b]H[0xffffff84][0x12]&[0xffffff96][0xffffffe5][0xffffff94][0xffffff90]p[0x16]SB"[0x1a]D[0x9]W[0xffffff9e](%|[0xffffff97][0xffffffa2][0xffffff94]p[0xffffffd5][0xffffff8a]QB[0xffffff9b][0x16][0xffffffa2][0xffffff84][0x16][0xffffffef][0x6]%[0xffffff9a][0xffffffa3][0xffffffc4]}b[0xffffff94]h8%Z[0x0]%[0xffffff9a][0xffffffe6][0xffffffbd]0[0xffffffe0][\r][0xffffffa3]DK[0xffffffa2][0xffffff84]F[0xffffff91][0xffffffa1][0xffffff84][0xb]$C[0x9][0xffffff8d]e=%[0xffffffd6]pVSb[0xffffff8d]h[0x12]%Ly[0xffffffb2][0xffffff94][0xffffffb0]][0xffffffca]R[0xffffffc2]T+G[0x9]iZ[0xffffff8a][0x12]R[0xffffffbc][0x1b][0xffffff94]8[0xffffff94][0x12][0xfffffff7][0xffffffeb][0xffffffb8][0xffffffa9]?p|>[0xf]L[0xffffff89]#[0xffffff80][0x12][0xffffff87][0xffffffe6][0xffffffbd]0[0xffffffe0][0x7]F[0xffffff89]#[0xffffff89][0x12][0x1a]E[0xffffff86][0x12].[0xffffff90][0xc]%4[0xffffff96][0xfffffff5][0xffffff94]X[0xffffffc3]YM[0xffffff89]5[0xffffffa2]I[0xffffff94]0[0xffffffe5][0xffffffc9]R[0xffffffc2]v)K[0x9]S[0xffffffad][0x1c]%[0xffffffa4]i)JH[0xfffffff1]nP[0xffffffe2]t[0xffffff94][0xffffffb8][0xffffffbe][0xfffffffe][0xfffffff7]B(q[0xffffffe2][0xffffff94]8[0x3](qj[0xffffffde][0xb][0x3]~b[0xffffff94]8[0xffffff93]([0xffffffa1]Qd([0xffffffe1][0x2][0xffffffc9]PBcYO[0xffffff89]5[0xffffff9c][0xffffffd5][0xffffff94]X#[0xffffff9a]D[0x9]S[0xffffff9e],%l[0xffffff97][0xffffffb2][0xffffff94]0[0xffffffd5][0xffffffca]QB[0xffffff9a][0xffffff96][0xffffffa2][0xffffff84][0x14][0xffffffef][0x6]%.G[0xffffff89]y[0xffffff9c][0x14]%.[0xffffff9c][0x12]W[0x0]%.[0xffffffcd]{a[0xffffffc0]/[0xffffff8c][0x12]W[0x12]%4[0xffffff8a][0xc]%\ [0x19]Jh,[0xffffffeb])[0xffffffb1][0xffffff86][0xffffffb3][0xffffff9a][0x12]kD[0xffffff93](a[0xffffffca][0xffffff93][0xffffffa5][0xffffff84][0xffffffed]R[0xffffff96][0x12][0xffffffa6]Z9JH[0xffffffd3]R[0xffffff94][0xffffff90][0xffffffe2][0xffffffdd][0xffffffa0][0xffffffc4][0xffffffb0][0xffffff94][0xffffff98][0x18]%[0x6]N[0xffffff89][0x11]@[0xffffff89][0xffffffa1]y/[0xc][0xfffffff8][0xffffffc0](1[0xffffff92]([0xffffffa1]Qd([0xffffffe1][0x2][0xffffffc9]PBcYO[0xffffff89]5[0xffffff9c][0xffffffd5][0xffffff94]X#[0xffffff9a]D[0x9]S[0xffffff9e],%l[0xffffff97][0xffffffb2][0xffffff94]0[0xffffffd5][0xffffffca]QB[0xffffff9a][0xffffff96][0xffffffa2][0xffffff84][0x14][0xffffffef][0x6]%nC[0xffffff89][0xfffffff6][0x1a][0xffffff83][0xffffffa2][0xffffffc4][0xffffff8d]S[0xffffffe2][0xe][0xffffffa0][0xffffffc4][0xffffffad]y/[0xc][0xfffffff8][0xffffff8d]Q[0xffffffe2]N[0xffffffa2][0xffffff84]F[0xffffff91][0xffffffa1][0xffffff84][0xb]$C[0x9][0xffffff8d]e=%[0xffffffd6]pVSb[0xffffff8d]h[0x12]%Ly[0xffffffb2][0xffffff94][0xffffffb0]][0xffffffca]R[0xffffffc2]T+G[0x9]iZ[0xffffff8a][0x12]R[0xffffffbc][0x1b][0xffffff94]x[0x1c]%Z[0xffffffc3][0xffffffbe][0xffffff95]xpJ<[0x1][0xffffff94]x4[0xffffffef][0xffffff85][0x1][0x7f]0J<I[0xffffff94][0xffffffd0](2[0xffffff94]p[0xffffff81]d([0xffffffa1][0xffffffb1][0xffffffac][0xffffffa7][0xffffffc4][0x1a][0xffffffce]jJ[0xffffffac][0x11]M[0xffffffa2][0xffffff84])O[0xffffff96][0x12][0xffffffb6]KYJ[0xffffff98]j[0xffffffe5](!MKQB[0xffffff8a]w[0xffffff83][0x12]f[0xffffffa2][0xffffffea][0xffffff83][0x12][0xffffffdc][[0x9]|[0xffffffa2][0xffffffea][0x9][0xffffff98][0xffffffa8]z[0xffffffcc][0xffffff8e]Ja[0xffffffc0][0xffffffb1][0xffffff89][0xffffffaa]G[0xffffff96]RHJ[0xffffff84]LT[0xffffffd9]@2[0xffffff94][0x8][0xffffff98][0xffffffa8][0xffffff92]pVS"x[0xffffffa2][0xffffffca][0xffffff95]'K[0xffffff89][0xffffffbc][0xffffff89]*W[0xffffffad][0x1c]%R&[0xffffffaa][0xffffffb4]x[0xffffffff][0xffffff9c][0x12][0xffffffd3]LT[0xffffffdd][0x1f][0xffffffff][0xffffffcf][0x13][0xffffffa2][0xffffffc4][0xffffffc4]'[0xffffffaa]f[0xffffffc0]D[0xffffffd5]4;*u[0x1][0xffffff9f][0xffffffd8]D[0xffffffd5][0xffffff94][0xffffffa5][0x14][0xffffff90][0x12]&[0xffffff8a][0x8]%l [0x11]J[0xffffff98]X[0xffffff96]SB[0xffffffc2]YL[0x9][0xffffff89]h[0x10]%\y[0xffffffa2][0xffffff94][0xfffffff0]][0xffffff8a]R[0xffffffc2]U+F[0x9]mZ[0xffffff88][0x12]Z[0xffffffbc][0x1b][0xffffff94]0[0x13]Uw[0xffffffbb][0x1f]j[0xffffffa2]j[0xffffffe2][0x13]U3`[0xffffffa2]j[0xffffff9a][0x1d][0xffffff95][0xffffffc2][0xffffff80]c[0x13]US[0xffffff96]RHJ[0xffffff84]LT[0xffffffd9]@2[0xffffff94][0x8][0xffffff98][0xffffffa8][0xffffff92]pVS"x[0xffffffa2][0xffffffca][0xffffff95]'K[0xffffff89][0xffffffbc][0xffffff89]*W[0xffffffad][0x1c]%R&[0xffffffaa][0xffffffb4]x7([0xffffffd1][0x1d]%[0xffffffe6][0xffffffd3](Jt[0xffffff9c][0x12]=[0xffffff80][0x12]][0xfffffff3]^[0x18][0xfffffff0][0xffffff8e]Q[0xffffffa2]'QB[0xffffffa3][0xffffffc8]P[0xffffffc2][0x5][0xffffff92][0xffffffa1][0xffffff84][0xffffffc6][0xffffffb2][0xffffff9e][0x12]k8[0xffffffab])[0xffffffb1]F4[0xffffff89][0x12][0xffffffa6]<YJ[0xffffffd8].e)a[0xffffffaa][0xffffff95][0xffffffa3][0xffffff84]4-E[0x9])[0xffffffde][\r]J[0xffffffb8][0xffffffb5][0xffffffcb]~[0xffffff9e]'E[0x9]|[0xffffffed]r[0x6][0xffffffac]]N3[0xffffffc9]V[0x18]pl[0xffffffed]r[0xffffffca][0xffffffe8][0x1a]I[0xffffff89][0xffffff90][0xffffffb5]K[0x1b]H[0xffffff86][0x12][0x1]k[0xffffff97][0x12][0xffffffce]jJ[0x4][0xffffffaf]][0xffffffba][0xfffffff2]d)[0xffffff91][0xffffffb7]v[0xffffffe9][0xffffffaa][0xffffff95][0xffffffa3]D[0xffffffca][0xffffffda][0xffffffa5][0x16][0xffffffef][0x16]%z[0x18]%:N[0xffffff89][0x1e]@[0xffffff89][0xffffff8e]R[0xffffffa2]c[0xffffff94][0xffffffe8]I[0xffffff94]X[0xffffffa3]HQB[0x3]IQb[0xffffff8d]%A[0xffffff89][0xe]S[0xffffffa2][0x7]SB[0xffffffca][0xffffff93][0xffffffa6][0xffffff84][0xffffffe9]R[0xffffff9a][0x12]R[0xffffffad]$%z[\n]"
01:51:24.905 [main] DEBUG org.apache.hc.client5.http.wire -- http-outgoing-1 << "%[0xfffffffa]_S[0xffffffc2][\r]g[0xfffffff7][0xffffffeb][0xffffffa2][0xe][0xffffff83]N|8{[0x6][0xc]gO[0xffffffb3][0xffffffee]Z[0x18]pl8{[0xffffffca]~+I[0xffffff89][0xffffff90][0xffffffe1]l[0x1b]H[0xffffff86][0x12][0x1][0xffffffc3][0xffffffd9][0x12][0xffffffce]jJ[0x4][0xf]g[0xffffffbb][0xfffffff2]d)[0xffffff91]7[0xffffff9c][0xffffffed][0xffffffaa][0xffffff95][0xffffffa3]D[0xffffffca]p[0xffffffb6][0x16][0xffffffef][0x16]%[0xffffffcc][[0x9][0xffffff94][0x12][0xfffffff4][[0xffffff89]3[0xffffffe0][0xffffffad][0xffffffc4][0xffffffa9]t.[\r]8[0xfffffff5]V[0xffffffe2]Lz+[0xffffffa1]Q[0xffffffa4]([0xffffff91][0xfffffff2]VBcIP[0xffffff82]}+[0xffffffb1]F4[0xffffff8b][0x12]ao%l[0xffffff97][0xffffffd2][0xffffff94][0x8]z+!M[0xffffffcb]Q[0xffffffe2][0xffffffef][0xffffffdf]J[0xffffffb8][0xffffffb5][0xffffffcb]c<[0xffffff93][0xffffffa2][0x4][0xffffffbe]v9[0x3][0xffffffd6].[0xffffffa7][0xffffff99]d+[0xc]8[0xffffffb6]v9et[0xffffff8d][0xffffffa4]D[0xffffffc8][0xffffffda][0xffffffa5][\r]$C[0xffffff89][0xffffff80][0xffffffb5]K[0x9]g5%[0xffffff82][0xffffffd7].]y[0xffffffb2][0xffffff94][0xffffffc8][[0xffffffbb]t[0xffffffd5][0xffffffca]Q"e[0xffffffed]R[0xffffff8b]w[0xffffff83][0x12]n[0xffffffed][0xfffffff2]x[0xffffffae][0xffffff8b][0xffffffa2][0x4][0xffffffbe]v9[0x3][0xffffffd6].[0xffffffa7][0xffffff99]d+[0xc]8[0xffffffb6]v9et[0xffffff8d][0xffffffa4]D[0xffffffc8][0xffffffda][0xffffffa5][\r]$C[0xffffff89][0xffffff80][0xffffffb5]K[0x9]g5%[0xffffff82][0xffffffd7].]y[0xffffffb2][0xffffff94][0xffffffc8][[0xffffffbb]t[0xffffffd5][0xffffffca]Q"e[0xffffffed]R[0xffffff8b]w[0xffffff83][0x12]n[0xffffffed][0xfffffff2][0xffffffec][0x7][0xffffffb5]v9[0xfffffff1][0xffffffb5][0xffffffcb][0x19][0xffffffb0]v9[0xffffffcd]$[a[0xffffffc0][0xffffffb1][0xffffffb5][0xffffffcb])[0xffffffa3]k$%B[0xffffffd6].m [0x19]J[0x4][0xffffffac]]J8[0xffffffab])[0x11][0xffffffbc]v[0xffffffe9][0xffffffca][0xffffff93][0xffffffa5]D[0xffffffde][0xffffffda][0xffffffa5][0xffffffab]V[0xffffff8e][0x12])k[0xffffff97]Z[0xffffffbc][0x7f]L[0xffffff89][0xffffffe7][0xffffffe5][0xffffffd6].[0xffffffcf]NMT}=[0xf]J[0xffffff89][0xffffffef]'`)[0xfffffff1][0xfffffffb][0x19][0x8]J|[0xffffffff]:A[0xffffff89]_[0xffffffbf][0xffffff9c]@[0x9][0x17]E[0xffffff82][0x12]>[0xffffff90][0x4]%\,[0xffffffab])[0xffffffa1][0xffffffe1][0xffffffac][0xffffffa5][0xffffff84]F4[0xffffff87][0x12][0xffffffb6]<IJ[0xffffffbc][0xffffffe9]R[0xffffff92][0x12][0xffffffb6]Z)J[0xffffff98][0xffffffa6]e(a[0xffffff8a]w[0xffffff83][0x12]n[0xffffffed][0xfffffff2]<N[0xffffffe8][0xffffffb3][0xffffffcb][0xffffffaf][0xffffffe7][0xffffff81])[0xffffffc1][0xffffffaf]][0xfffffffe]~[0x6][0xffffff86][0x12][0xffffffd4][0xffffffda][0xffffffe5][0xffffffaf]_[0xffffffce][0xffffffa0]D[0xffffffc6][0xffffffda][0xffffffa5][0xf]$C[0x9]~[0xffffffed]R[0xffffffc3]YM[0xffffff89][0xffffffdc][0xffffffb5]K[[0xffffff9e],%[0xffffffe2][0xffffffd6].m[0xffffffb5]r[0xffffff94][0x8]Y[0xffffffbb]4[0xffffffc5][0xffffffbb]A[0xffffff89]n)[0xffffffc1][0xffffffbd][0xffffff95][0xffffffe8]8%z[0x0]%[0xffffffba][0xffffffe6][0xffffffbd]0[0xffffffe0][0x1d][0xffffffa3]DO[0xffffffa2][0xffffff84]F[0xffffff91][0xffffffa1][0xffffff84][0xb]$C[0x9][0xffffff8d]e=%[0xffffffd6]pVSb[0xffffff8d]h[0x12]%Ly[0xffffffb2][0xffffff94][0xffffffb0]][0xffffffca]R[0xffffffc2]T+G[0x9]iZ[0xffffff8a][0x12]R[0xffffffbc][0x1b][0xffffff94]pk[0xffffff97][0xffffffe7]y@'8[0xffffffbe][0xffffff9e][0x7][0xffffffa6][0x4][0xffffffbf]v[0xfffffff9][0xfffffffb][0x19][0x18]JPk[0xffffff97][0xffffffbf]~9[0xffffff83][0x12][0x19]k[0xffffff97]>[0xffffff90][0xc]%[0xfffffff8][0xffffffb5]K[\r]g5%r[0xffffffd7].my[0xffffffb2][0xffffff94][0xffffff88][[0xffffffbb][0xffffffb4][0xffffffd5][0xffffffca]Q"d[0xffffffed][0xffffffd2][0x14][0xffffffef][0x16]%Z[0x18]%[0x1a]N[0xffffff89][0x16]@[0xffffff89][0xffffff86]R[0xffffffa2]a[0xffffff94]hI[0xffffff94]X[0xffffffa3]HQB[0x3]IQb[0xffffff8d]%A[0xffffff89][0x6]S[0xffffffa2][0x5]SB[0xffffffca][0xffffff93][0xffffffa6][0xffffff84][0xffffffe9]R[0xffffff9a][0x12]R[0xffffffad]$%Z[\n]"
01:51:24.906 [main] DEBUG org.apache.hc.client5.http.wire -- http-outgoing-1 << "%[0xffffffda]_S[0xffffffc2][0xffffffad]][0xffffff9e][0xffffffd7]sP[0xffffff94][0xffffffa0][0xffffffd7].[0xffffffbf][0xffffff9f][0xffffff80][0xffffffa6][0x4][0xffffffb9]v[0xfffffff9][0xfffffffd][0xffffffeb][0xc]%[0xffffff82][0xffffffd6].][0x14][0x19]J[0xffffffa4][0xffffffac]][0xffffffba]X[0xffffffd6]S[0xffffff82]][0xffffffbb][0xffffffd4][0xffffff88]&Q"l[0xffffffed][0xfffffff2]M[0xffffff97][0xffffffb2][0xffffff94][0x8]Z[0xffffffbb]4MKQ[0xffffffe2][0xffffffef][0xffffffd7].[0xffffff9f][0xffffffd7]e(q[0xffffffbd]^/[0xffffff8a][0x12][0x17]N[0xffffff89]+[0xffffff80][0x12][0xffffff97][0xffffffe6][0xffffffbd]0[0xffffffe0][0x17]F[0xffffff89]+[0xffffff89][0x12][0x1a]E[0xffffff86][0x12].[0xffffff90][0xc]%4[0xffffff96][0xfffffff5][0xffffff94]X[0xffffffc3]YM[0xffffff89]5[0xffffffa2]I[0xffffff94]0[0xffffffe5][0xffffffc9]R[0xffffffc2]v)K[0x9]S[0xffffffad][0x1c]%[0xffffffa4]i)JH[0xfffffff1]nPb8J[0xffffffb4][0xb][0xfffffffb][0xffffffec]r[0xffffffe0][0xffffff94][0x18][0x1][0xffffff94][0x18][0xffffff9a][0xfffffff7][0xffffffc2][0xffffff80][0xf][0xffffff8c][0x12]#[0xffffff89][0x12][0x1a]E[0xffffff86][0x12].[0xffffff90][0xc]%4[0xffffff96][0xfffffff5][0xffffff94]X[0xffffffc3]YM[0xffffff89]5[0xffffffa2]I[0xffffff94]0[0xffffffe5][0xffffffc9]R[0xffffffc2]v)K[0x9]S[0xffffffad][0x1c]%[0xffffffa4]i)JH[0xfffffff1]nP[0xffffffc2][\r]g_[0xffffffe3][0xffffffc0][0xe][0xffffff83][0xffffffd2][0xffffffc3][0xffffffd9][0xffffffdf]O@S[0xffffff82][0x1c][0xffffffce][0xfffffffe][0xfffffffe]u[0xffffff86][0x12]A[0xffffffc3][0xffffffd9].[0xffffff8a][0xc]%R[0xffffff86][0xffffffb3]],[0xffffffeb])[0xffffffc1][0xe]gkD[0xffffff93]([0x11]6[0xffffff9c][0xfffffffd][0xffffffa6]KYJ[0x4][\r]g[0xffffff9b][0xffffffa6][0xffffffa5]([0xfffffff1][0xfffffff7][0xffffffc3][0xffffffd9][0xffffffcf][0xffffffcb][\r]g_[0x1f][0xffffffff]4E[0x9]z8[0xfffffffb][0xfffffffb][0x9]hJ[0xffffff90][0xffffffc3][0xffffffd9][0xffffffdf][0xffffffbf][0xffffffce]P"h8[0xffffffdb]E[0xffffff91][0xffffffa1]D[0xffffffca]p[0xffffffb6][0xffffff8b]e=%[0xffffffd8][0xffffffe1]l[0xffffff8d]h[0x12]%[0xffffffc2][0xffffff86][0xffffffb3][0xffffffdf]t)K[0xffffff89][0xffffffa0][0xffffffe1]l[0xffffffd3][0xffffffb4][0x14]%[0xfffffffe]~8[0xfffffffb]y[0xffffffb9][0xffffffe1][0xffffffec][0xfffffff1][0xffffffea][0xf]E[0x9]z8[0xfffffffb][0xfffffffb][0x9]hJ[0xffffff90][0xffffffc3][0xffffffd9][0xffffffdf][0xffffffbf][0xffffffce]P"h8[0xffffffdb]E[0xffffff91][0xffffffa1]D[0xffffffca]p[0xffffffb6][0xffffff8b]e=%[0xffffffd8][0xffffffe1]l[0xffffff8d]h[0x12]%[0xffffffc2][0xffffff86][0xffffffb3][0xffffffdf]t)K[0xffffff89][0xffffffa0][0xffffffe1]l[0xffffffd3][0xffffffb4][0x14]%[0xfffffffe][0xffffff83][0xffffffe1][0xffffffec][0xffffffe6][0xffffff86][0xffffffb3]G[0x1f][\r][0xffffffa2]D[0xffffffc3][0xffffff87][0xffffffb3][[0xffffffc0]pv3[0xffffffeb][0xffffffae]u[0x1]o[0xffffffd8]pv[0xffffff93][0xfffffffd]V[0xffffff90][0x12]&[0xffffff8a][0x8]%l [0x11]J[0xffffff98]X[0xffffff96]SB[0xffffffc2]YL[0x9][0xffffff89]h[0x10]%\y[0xffffffa2][0xffffff94][0xfffffff0]][0xffffff8a]R[0xffffffc2]U+F[0x9]mZ[0xffffff88][0x12]Z[0xffffffbc][0x1b][0xffffff94]p[0xffffffc3][0xffffffd9][0xffffffe3]n[0xffffffd0]u^_[0xffffffcf][0x3]S"`8[0xffffffbb][0xffffff99]u[0xffffffd7][0xffffffc2][0xffffff80]c[0xffffffc3][0xffffffd9]M[0xfffffff6][IJ[0xffffff84][0xc]g[0xffffffdb]@2[0xffffff94][0x8][0x18][0xffffffce][0xffffff96]pVS"x8[0xffffffdb][0xffffff95]'K[0xffffff89][0xffffffbc][0xffffffe1]lW[0xffffffad][0x1c]%R[0xffffff86][0xffffffb3][0xffffffb5]x[0xffffffb7]([0xffffffd1][0xffffffc3]([0xffffffd1]qJ[0xfffffff4][0x0]Jt[0xffffff94][0x12][0x1d][0xffffffa3]DO[0xffffffa2][0xffffffc4][0x1a]E[0xffffff8a][0x12][0x1a]H[0xffffff8a][0x12]k,[0x9]Jt[0xffffff98][0x12]=[0xffffff98][0x12]R[0xffffff9e]4%L[0xffffff97][0xffffffd2][0xffffff94][0xffffff90]j%)[0xffffffd1]S([0xffffffd1][0xffffffff][0xffffff9a][0x12][0xffffffdd][0xffffffbd][0xffffff95]xN[0xffffff8c][0x12][0x1d][0x7f]+[0xffffffd1][0x3][0xffffffde]Jt[0xffffffa5]sa[0xffffffc0];[0xfffffff6]V[0xffffffa2]'[0xffffffbd][0xffffff95][0xffffffd0](2[0xffffff94]p[0xffffff81]d([0xffffffa1][0xffffffb1][0xffffffac][0xffffffa7][0xffffffc4][0x1a][0xffffffce]jJ[0xffffffac][0x11]M[0xffffffa2][0xffffff84])O[0xffffff96][0x12][0xffffffb6]KYJ[0xffffff98]j[0xffffffe5](!MKQB[0xffffff8a]w[0xffffff83][0x12][0xffffffee][0xe][0xffffff8e][0xffffffbb]7[0xffffffea]0h[0xffffffc3][0xffffffef][0xffffffe0]h[0x1]wp43[0x14]_[0x18]p[0xffffffec][0xe][0xffffff8e]&S[0xfffffff0]$%B[0xffffffee][0xffffffe0][0xffffffb0][0xffffff81]d([0x11]p[0x7][0xffffff87][0xffffff84][0xffffffb3][0xffffff9a][0x12][0xffffffc1]wp[0xffffffb8][0xfffffff2]d)[0xffffff91]w[0x7][0xffffff87][0xffffffab]V[0xffffff8e][0x12])wph[0xfffffff1]nP[0xffffffc2][\r]g[0xffffffdf][0xfffffffd][0xffffffc1][0xffffffde]J[0xffffffe0][0xffffffc3][0xffffffd9]-`8[0xffffffbb][0xffffff99]u[0xffffffd7][0xffffffc2][0xffffff80]c[0xffffffc3][0xffffffd9]M[0xfffffff6][IJ[0xffffff84][0xc]g[0xffffffdb]@2[0xffffff94][0x8][0x18][0xffffffce][0xffffff96]pVS"x8[0xffffffdb][0xffffff95]'K[0xffffff89][0xffffffbc][0xffffffe1]lW[0xffffffad][0x1c]%R[0xffffff86][0xffffffb3][0xffffffb5]x7([0xffffffe1][0xffffff86][0xffffffb3][0xffffffef][0xffffff83][0xfffffffb][0x3][0x7]>[0xffffff9c][0xffffffdd][0x2][0xffffff86][0xffffffb3][0xffffff9b]Yw-[0xc]86[0xffffff9c][0xffffffdd]d[0xffffffbf][0xffffff95][0xffffffa4]D[0xffffffc8]p[0xffffffb6][\r]$C[0xffffff89][0xffffff80][0xffffffe1]l[0x9]g5%[0xffffff82][0xffffff87][0xffffffb3]]y[0xffffffb2][0xffffff94][0xffffffc8][0x1b][0xffffffce]v[0xffffffd5][0xffffffca]Q"e8[[0xffffff8b]w[0xffffff83][0x12]n8[0xfffffffb]>&u[0xffffff9d]W[0xffffffc3][0xffffff87][0xffffffb3][[0xffffffc0]pv3[0xffffffeb][0xffffffae][0xffffff85][0x1][0xffffffc7][0xffffff86][0xffffffb3][0xffffff9b][0xffffffec][0xffffffb7][0xffffff92][0xffffff94][0x8][0x19][0xffffffce][0xffffffb6][0xffffff81]d([0x11]0[0xffffff9c]-[0xffffffe1][0xffffffac][0xffffffa6]D[0xfffffff0]p[0xffffffb6]+O[0xffffff96][0x12]y[0xffffffc3][0xffffffd9][0xffffffae]Z9J[0xffffffa4][0xc]gk[0xfffffff1]nP[0xffffffc2][\r]g[0xffffffdf][0xffffffe7]I][0xffffffe7][0xffffffd5][0xfffffff0][0xffffffe1][0xffffffec][0x16]0[0xffffff9c][0xffffffdd][0xffffffcc][0xffffffba]ka[0xffffffc0][0xffffffb1][0xffffffe1][0xffffffec]&[0xfffffffb][0xffffffad]$%B[0xffffff86][0xffffffb3]m [0x19]J[0x4][0xc]gK8[0xffffffab])[0x11]<[0xffffff9c][0xffffffed][0xffffffca][0xffffff93][0xffffffa5]D[0xffffffde]p[0xffffffb6][0xffffffab]V[0xffffff8e][0x12])[0xffffffc3][0xffffffd9]Z[0xffffffbc][0x7f]N[0xffffff89][0xffffffee]&[0xffffffaa][0xffffff9e][0xffffffd7]CMTu|[0xffffffa2][0xffffffaa][0x7]LTu[0xffffffb3][0xffffffa3]R[0x17][0xfffffff0][0xffffff8e]MTuYJ[0x1])a[0xffffffa2][0xffffff88]P[0xffffffc2][0x6][0x12][0xffffffa1][0xffffff84][0xffffff89]e9%$[0xffffff9c][0xffffffc5][0xffffff94][0xffffff90][0xffffff88][0x6]Q[0xffffffc2][0xffffff95]'J[0x9][0xffffffdf][0xffffffa5](%\[0xffffffb5]b[0xffffff94][0xffffffd0][0xffffffa6][0xffffff85]([0xffffffa1][0xffffffc5][0xffffffbb]A[0x9]7Q[0xfffffff5][0xfffffff4]9)J[0xffffffe0][0x13]U=`[0xffffffa2][0xffffffaa][0xffffff9b][0x1d][0xffffff95][0xffffffc2][0xffffff80]c[0x13]U][0xffffff96]RHJ[0xffffff84]LT[0xffffffd9]@2[0xffffff94][0x8][0xffffff98][0xffffffa8][0xffffff92]pVS"x[0xffffffa2][0xffffffca][0xffffff95]'K[0xffffff89][0xffffffbc][0xffffff89]*W[0xffffffad][0x1c]%R&[0xffffffaa][0xffffffb4]x[0xffffffb7]([0xffffffa1][0x13]U,%[0xffffffe0][0xffffff89][0xffffffaa][0x1e]0Q[0xffffffd5][0xffffffcd][0xffffff8e]Ji[0xffffffc0][0xffffffa1][0xffffff89][0xffffffaa].K),%"&[0xffffffaa]l )J[0xffffffe0][0x13]U[0x12][0xffffffce]zJ[0xffffffc4]NT[0xffffffb9][0xfffffff2][0xffffffa4])[0xffffff91]6Q[0xffffffe5][0xffffffaa][0xffffff95][0xffffffa4]D[0xffffffc6]D[0xffffff95][0x16][0xffffffef][0x6]%[0xffffffdc][0xffffffae][0xffffffc4]3[0xffffffb1][0xffffffc3][0xffffffa0][0x1d][0xffffffdf][0xffffff95][0xffffffe8][0x1][0xffffffbb][0x12][0xffffffdd][0x1c]~.[0xc]8[0xffffffb6]+[0xffffffd1][0xffffffe5]x3I[0xffffff89][0xffffff90]][0x9][0x1b]H[0xffffff86][0x12][0x1][0xffffffbb][0x12][0x12][0xffffffce]jJ[0x4][0xffffffef]J[0xffffffb8][0xfffffff2]d)[0xffffff91][0xffffffb7]+[0xffffffe1][0xffffffaa][0xffffff95][0xffffffa3]D[0xffffffca][0xffffffae][0xffffff84][0x16][0xffffffef][0x6]%[0xffffffdc][0xffffffae][0xffffffc4]<;[0xfffffff6]V[0x2][0xffffffdf][0xffffff95][0xffffffe8][0x1][0xffffffbb][0x12][0xffffffdd][0x1c]~.[0xc]8[0xffffffb6]+[0xffffffd1][0xffffffe5]x3I[0xffffff89][0xffffff90]][0x9][0x1b]H[0xffffff86][0x12][0x1][0xffffffbb][0x12][0x12][0xffffffce]jJ[0x4][0xffffffef]J[0xffffffb8][0xfffffff2]d)[0xffffff91][0xffffffb7]+[0xffffffe1][0xffffffaa][0xffffff95][0xffffffa3]D[0xffffffca][0xffffffae][0xffffff84][0x16][0xffffffef][0x6]%[0xffffffcc]a[0xffffffd0][0xffffffe7][0xffffffd5][0xffffffda]MQ[0x2]?[0xc][0xffffffda][0x3][0xe][0xffffff83]vsb[0xffffffa9]0[0xffffffe0][0xffffffd8]a[0xffffffd0].g[0xffffff92]HJ[0xffffff84][0x1c][0x6][0xffffffb5][0xffffff81]d([0x11]p[0x18]T[0xffffffc2]YM[0xffffff89][0xffffffe0][0xffffffc3][0xffffffa0][0xffffffae]<YJ[0xffffffe4][0x1d][0x6]u[0xffffffd5][0xffffffca]Q"[0xffffffe5]0[0xffffffa8][0x16][0xffffffef][0x6]%[0xffffffcc]a[0xffffffd0][0xffffffe7]u\[0xffffff9d][0xffffffa2][0x4]~[0x18][0xffffffb4][0x7][0x1c][0x6][0xffffffed][0xffffffe6][0xffffffc4]Ra[0xffffffc0][0xffffffb1][0xffffffc3][0xffffffa0]][0xffffffce]$[0xffffff91][0xffffff94][0x8]9[0xc]j[0x3][0xffffffc9]P"[0xffffffe0]0[0xffffffa8][0xffffff84][0xffffffb3][0xffffff9a][0x12][0xffffffc1][0xffffff87]A]y[0xffffffb2][0xffffff94][0xffffffc8];[0xc][0xffffffea][0xffffffaa][0xffffff95][0xffffffa3]D[0xffffffca]aP-[0xffffffde][\r]J<[0xffffff8e][0x12][0xfffffff7][0xfffffffd]P[0xffffff94]xpJ<[0x1][0xffffff94]x4[0xffffffef][0xffffff85][0x1][0x7f]0J<I[0xffffff94][0xffffffd0](2[0xffffff94]p[0xffffff81]d([0xffffffa1][0xffffffb1][0xffffffac][0xffffffa7][0xffffffc4][0x1a][0xffffffce]jJ[0xffffffac][0x11]M[0xffffffa2][0xffffff84])O[0xffffff96][0x12][0xffffffb6]KYJ[0xffffff98]j[0xffffffe5](!MKQB[0xffffff8a]w[0xffffff83][0x12][0xffffffd3]Q[0xffffffe2]9[0xffffffb1]][0xffffff89][0xffffff89]Sb[0x6]Pbj[0xffffffde][0xb][0x3]>1J[0xffffffcc]$Jh[0x14][0x19]J[0xffffffb8]@2[0xffffff94][0xffffffd0]X[0xffffffd6]Sb[\r]g"
01:51:24.923 [main] DEBUG org.apache.hc.client5.http.wire -- http-outgoing-1 << "5%[0xffffffd6][0xffffff88]&Q[0xffffffc2][0xffffff94]'K[0x9][0xffffffdb][0xffffffa5],%L[0xffffffb5]r[0xffffff94][0xffffff90][0xffffffa6][0xffffffa5](![0xffffffc5][0xfffffffb][0xffffffe7][0xffffff94]8[0xffffffcc]D[0xffffffd5][0x7]%&[0xffffffb5]vy[0xffffffe0][0x13]UG[0xffffffc0]D[0xffffffd5]avT[0xffffffea][0x2]~`[0x13]U[0xffffff87],[0xffffffa5][0xffffff80][0xffffff94]0QD(a[0x3][0xffffff89]P[0xffffffc2][0xffffffc4][0xffffffb2][0xffffff9c][0x12][0x12][0xffffffce]bJHD[0xffffff83]([0xffffffe1][0xffffffca][0x13][0xffffffa5][0xffffff84][0xffffffef]R[0xffffff94][0x12][0xffffffae]Z1Jh[0xffffffd3]B[0xffffff94][0xffffffd0][0xffffffe2][0xffffffdd][0xffffffa0]D7[0xffffff94]h[0xffffffaf][0xffffff86]Q[0xffffffa2][0xffffffe3][0xffffff94][0xffffffe8][0x1][0xffffff94][0xffffffe8][0xffffff9a][0xfffffff7][0xffffffc2][0xffffff80]w[0xffffff8c][0x12]=[0xffffff89][0x12][0x1a]E[0xffffff86][0x12].[0xffffff90][0xc]%4[0xffffff96][0xfffffff5][0xffffff94]X[0xffffffc3]YM[0xffffff89]5[0xffffffa2]I[0xffffff94]0[0xffffffe5][0xffffffc9]R[0xffffffc2]v)K[0x9]S[0xffffffad][0x1c]%[0xffffffa4]i)JH[0xfffffff1]nP[0xffffffc2][0xffffffec]J[0xfffffffc][0x7f]s[0xfffffff7][0xffffff96]"I[0xffffff92]-k[0xfffffff8][0xfffffffd][0xc]f[0xffffffe3]z[0xffffffb1][0xffffffdb]`[0xfffffff6]P[0xfffffff6][0xffffffdc]ODdve[0xffffffb6][0xffffff8a]xBj[0x14][0xffffffeb][0x17][0xffffffba][0xffffff9b]zh[0x8]3[\n]"
01:51:24.924 [main] DEBUG org.apache.hc.client5.http.wire -- http-outgoing-1 << "A[0xfffffff8]07[0x13][0xffffffbd][[0xfffffffb][0xffffffba]M[0xffffff84][0x12][0xfffffff8][0xffffffae][0xffffffc4][0x8][0xffffffd8][0xffffff95][0x18][0xffffffe6][0xffffffe3][0xffffffe7][0xffffffc2][0xffffff80]c[0xffffffbb][0x12]C>o&)[0x11][0xffffffb2]+a[0x3][0xffffffc9]P"`WB[0xffffffc2]YM[0xffffff89][0xffffffe0]][0x9]W[0xffffff9e],%[0xfffffff2]v%\[0xffffffb5]r[0xffffff94]H[0xffffffd9][0xffffff95][0xffffffd0][0xffffffe2][0xffffffdd][0xffffffa0][0xffffff84][0xffffffd9][0xffffff95][0xffffffb8][0xffffffdb]qR[0xffffffef]J[0xc]|Wb[0x4][0xffffffec]J[0xc][0xfffffff3][0xfffffff1]sa[0xffffffc0][0xffffffb1]][0xffffff89]![0xffffff9f]7[0xffffff93][0xffffff94][0x8][0xffffffd9][0xffffff95][0xffffffb0][0xffffff81]d([0x11][0xffffffb0]+![0xffffffe1][0xffffffac][0xffffffa6]D[0xfffffff0][0xffffffae][0xffffff84]+O[0xffffff96][0x12]y[0xffffffbb][0x12][0xffffffae]Z9J[0xffffffa4][0xffffffec]Jh[0xfffffff1]nQb[0xffffff84]Qb[0xffffffe0][0xffffff94][0x18][0x1][0xffffff94][0x18](%[0x6]F[0xffffff89][0xffffff91]D[0xffffff89]5[0xffffff8a][0x14]%4[0xffffff90][0x14]%[0xffffffd6]X[0x12][0xffffff94][0x18]0%F0%[0xffffffa4]<iJ[0xffffff98].[0xffffffa5])![0xffffffd5]JRb[0xffffffa4]Pb[0xfffffffc][0xb][0xffffff94]8[0xffffffc3](q[0xffffffe2][0xffffff94]8[0x3](q[0xffffffa2][0xffffff94]81J[0xffffff9c]I[0xffffff94]X[0xffffffa3]HQB[0x3]IQb[0xffffff8d]%A[0xffffff89][0x13][0xffffffa6][0xffffffc4][0x19]L[0x9])O[0xffffff9a][0x12][0xffffffa6]KiJH[0xffffffb5][0xffffff92][0xffffff94]8S(q[0xfffffffe][0xb][0xffffff94]hG[0xffffff98]%[0xffffffda][0xffffff81]c[0xffffffe2][0xffffffe3][0x16]xM[0xfffffffc][0xffffffbc][0x9][0xffffff8a][0x13][0x1f][0xffffff97][0xffffffa7]<[0xfffffff1][0xffffffe3][0xffffffd2])[0xffffffa0][0xffffff90]<R[0xffffffa2]0[0xffffffa9][0xffffffa4]H![0xffffffd9]$L[0xffffffb1]$[0xffffffb4][0x1e][0x15]KN[0xffffffb3]T[0xffffffa1]5J[0xffffffb3][0xffffffc2][0xffffffb5]*[0xffffffed][\n]"
01:51:24.924 [main] DEBUG org.apache.hc.client5.http.wire -- http-outgoing-1 << "-Y[0x12][0x16]k[0xffffffe7]r[0xffffffb2]X+x[0xffffff8b][0x16]_[0xffffffff]v[0xffffff92]h1[0xffffffe0][0xffffffb3]B[0x7f][0xffffffdc][0x2]O[0xffffff8b][0x1][0xffffff9e][0x16][0xfffffffa][0xffffffe3][0xfffffff2][0x14]-F[0xffffffce]y[0xffffffa1].[0xffffff8f][0x14]-L*)ZH6[0x9]Z[0xc][0xfffffff4][0xffffffcc]P[0xffffffcd]i[0x16]-[0xffffffb4]FiZ[0xffffffb8]V[0xffffffa5]i[0xffffffa1]%K[0xffffffd2]b[0xffffffed]\[0xffffff8e][0x16]k[0x5]o[0xffffffd1]b[0xffffffa6][0xfffffffd][0x2]2[0xfffffff9][0xffffff9f]@f[0xffffffc2]o [0xffffff93][0xfffffffd][0x11]dr[0xffffffbf][0xffffff82][0xffffffcc][0xffffffa8][0xffffff9f]A$[0xffffff8f][0x14]-L*)ZH6[0x9]ZL[0xfffffffa][0xffffffa7][0xffffff90][0xffffff99][0xfffffffc][[0xffffff88][0xffffffd6](M[0xb][0xffffffd7][0xffffffaa]4-[0xffffffb4]dIZ[0xffffffac][0xffffff9d][0xffffffcb][0xffffffd1]b[0xffffffad][0xffffffe0]-Z[0x1c]W[0x18]-[0xffffff8e][0xb][0xffffffa7][0xffffffc5][0xffffffc7]-[0xfffffff0][0xffffffb4][0xfffffff8]y[0x13][0x14]->.O[0xffffffd1][0xffffffe2][0xffffffc7][0xffffffa5]Sh!y[0xffffffa4]haRI[0xffffffd1]B[0xffffffb2]I[0xffffffd0]bIh=-[0xffffff96][0xffffff9c]f[0xffffffd1]Bk[0xffffff94][0xffffffa6][0xffffff85]kU[0xffffff9a][0x16]Z[0xffffffb2]$-[0xffffffd6][0xffffffce][0xffffffe5]h[0xffffffb1]V[0xfffffff0][0x16]-[0xffffffee][0xffffffb4]O@n[0xfffffffe][0x1b][0xffffff90];[0xffffffe1]#[0xffffff90][0xffffff9b][0xfffffffd][\n]"
01:51:24.930 [main] DEBUG org.apache.hc.client5.http.wire -- http-outgoing-1 << "[0xffffffe4][0xffffffe6]>[0x3][0xffffffb9][0xffffffa3][0xffffffbe][0x3][0xffffff91]<R[0xffffffb4]0[0xffffffa9][0xffffffa4]h![0xffffffd9]$hq[0xffffffd3][0xffffffdf][0xffffff82][0xffffffdc][0xffffffc9][0x1f][0xffffff83]h[0xffffff8d][0xffffffd2][0xffffffb4]p[0xffffffad]J[0xffffffd3]BK[0xffffff96][0xffffffa4][0xffffffc5][0xffffffda][0xffffffb9][0x1c]-[0xffffffd6][\n]"
01:51:24.931 [main] DEBUG org.apache.hc.client5.http.wire -- http-outgoing-1 << "[0xffffffde][0xffffffa2]EkiK[0x15][0x1f]w[0xffffff84][0xffffffe3][0xffffffe2][0xfffffff3][0x1e]x][0xfffffffc][0xffffffe7].(^|^[0xffffff9f][0xfffffff2][0xffffffc5][0xffffffcf]k[0xffffffa7][0x0]CCI[0x9][0xffffffc3]E[0xffffff93]"[0xffffff86][0x6][0xffffff94]0[0xffffffc6][0x1a][0xffffffd3]zd[0xffffffac]a[0xffffffcd]R[0xffffff86])T[0xffffff9a][0x19][0xffffffb6]_ig[0xffffff98][0xffffffba]%[0xffffffa1]![0xffffffed][0xffffffcb]IC[0xffffffca]x[0xffffff93][0x1a]-[0xffffff8e][0x1a]-[0xffffff80][0x1a]-[0xffffff82][0x1a][\r][0xffffffa6]F[0x3][0xffffffa9][0xffffffd1][0xffffffb2][0xffffffa8][0xffffffb1][0xffffff86][0xffffff92][0xffffffa3][0xffffff86]F[0xffffff93][0xffffffa3][0xffffffc6][0x1a]P[0xffffff86][0x1a][\r][0xffffffa7]F[0xffffff8b][0xffffffa6][0xffffff86][0x14]*O[\r][0xffffffd3][0xffffffaf]<5[0xffffffa4]nYj[0xffffffb4][0x1c]j[0xffffffb4][0x7f][0xffffff83][0x1a][0xffffffc7][0xffffff93]F[0xffffff8d][0xffffffe3][0xffffffe1][0xffffffa9][0xfffffff1]q[0xf][0x1][0xffffffd4][0xfffffff8]y[0x17][0x18]5>[0xffffffae][0xffffff8f]Q[0xffffffe3][0xffffffc7][0xffffffb5]c[0xffffffa8]![0xffffffa1][0xffffffc4][0xffffffa8]a[0xffffffa2][0xffffff89]QC[0x2][0xffffff8a]Pc[0xffffff89])@[0xffffff8d]%[0xffffffac]a[0xffffffd4][0xffffffd0]B[0xffffffc5][0xffffffa9][0xffffffe1][0xfffffffa][0x15][0xffffffa7][0xffffff86][0xffffffd6]-J[0xffffff8d][0xffffffb5]}Aj[0xffffffac]e[0xfffffffc]7[0xffffffd4][0x18]?[0xfffffffe][0xffffffca]a[0xffffff86][0xffffffbe]{{[0x1d][0xffffffe5][0xffffffd0][0xfffffff8]u?[0x14]3~[0xffffffbb][0x3][0xc][0x19][0xffffffcb]=[0x14][0x13][0xffffffe3][0xffffffb7][0xffffffab][0x17][0x3][0xffffffe3][0xffffffbf][0xffffffaf][0xc][0xfffffff3][0xffffffe2]m[0x14][0xffffff8b]q[0xfffffff1][0xffffff87]@[0x16][0xffffffd3][0xffffffe2]m,[0xb]a[0xfffffff1]&[0xffffff9c]e[0xffffffac]x[0x13][0xffffffd1][0x8]T[0xffffffbc]/O[0xffffff88][0x14][0x7f][0xffffffea]R[0x8][0x14][0xffffffef][0xffffffab][0x15][0xffffffe0][0xffffffc4][0xffffffbb][0xffffffa6]-[0xffffffc7][0xffffffc4][0xffffffbb][0xffffffe2][0xffffffdd][0xffffffa2][0xffffff84][0xffffffbe][0xffffffe5][0xffffffc9]R[0x2]{[0xffffffc9][0xfffffff3][0xffffffb7];[0xffffffe0])[0xffffff81][0xffffffbc][0xffffffe2][0xfffffff9][0xffffffdb][0xffffffd5])J$[0xffffffbc][0xffffffe0][0xfffffff9]6[0xffffff8a][0x14]%[0xfffffff0][0xffffffd7];[0xffffffdf][0xffffffc6][0xffffff92][0xffffffa0][0x4][0xfffffff4]r[0xffffffe7][0xffffff9b][0xffffff88]fQ"[0xffffffe5][0xffffffd5][0xffffffce]?u)M[0xffffff89][0xffffff84][0x17];[0xffffffdf]5-G[0xffffff89]o[0xffffffbc][0xffffffd6][0xfffffff9][0xfffffff3]o[0xffffff9c][0xffffffee][0xffffffa9][0xffffffc4]u[0xffffffde][0x14]%N[0xfffffffc][0xffffffa9][0xffffffc4][0x19][0xfffffff0]T[0xffffffe2]T:[0x17][0x6][0xfffffffc][0xffffffc4][0xffffff9e]J[0xffffff9c]IO%4[0xffffff8a][0xc]%\ [0x19]Jh,[0xffffffeb])[0xffffffb1][0xffffff86][0xffffffb3][0xffffff9a][0x12]kD[0xffffff93](a[0xffffffca][0xffffff93][0xffffffa5][0xffffff84][0xffffffed]R[0xffffff96][0x12][0xffffffa6]Z9JH[0xffffffd3]R[0xffffff94][0xffffff90][0xffffffe2][0xffffffdd][0xffffffa0][0xffffffc4][0xffffffe5]([0xfffffff1][0x0]oR[0xfffffffc][0xffffffba][0x1f][0xffffff98][0x12]W[0x0]%.[0xffffffcd]{a[0xffffffc0]/[0xffffff8c][0x12]W[0x12]%4[0xffffff8a][0xc]%\ [0x19]Jh,[0xffffffeb])[0xffffffb1][0xffffff86][0xffffffb3][0xffffff9a][0x12]kD[0xffffff93](a[0xffffffca][0xffffff93][0xffffffa5][0xffffff84][0xffffffed]R[0xffffff96][0x12][0xffffffa6]Z9JH[0xffffffd3]R[0xffffff94][0xffffff90][0xffffffe2][0xffffffdd][0xffffffa0][0xffffffc4]m(1[0xffffffc6][0xfffffffd]P[0xffffff94][0xffffffb8]qJ[0xffffffdc][0x1][0xffffff94][0xffffffb8]5[0xffffffef][0xffffff85][0x1][0xffffffbf]1J[0xffffffdc]I[0xffffff94][0xffffffd0](2[0xffffff94]p[0xffffff81]d([0xffffffa1][0xffffffb1][0xffffffac][0xffffffa7][0xffffffc4][0x1a][0xffffffce]jJ[0xffffffac][0x11]M[0xffffffa2][0xffffff84])O[0xffffff96][0x12][0xffffffb6]KYJ[0xffffff98]j[0xffffffe5](!MKQB[0xffffff8a][0xfffffff7][0xffffffef])1_[0xffffff8e][0x12][0xffffffcf]|A[0xffffff94][0xfffffff8][0xffffffbc][0x1f][0xffffff96][0x12]_w[0x0]S[0xffffffe2][0xffffff9f]{@([0xfffffff1]uu[0xffffff84][0x12][0xffffffff][0xffffffb9]r[0x4]%L[0x14][0x11]J[0xffffffd8]@"[0xffffff94]0[0xffffffb1],[0xffffffa7][0xffffff84][0xffffff84][0xffffffb3][0xffffff98][0x12][0x12][0xffffffd1] J[0xffffffb8][0xfffffff2]D)[0xffffffe1][0xffffffbb][0x14][0xffffffa5][0xffffff84][0xffffffab]V[0xffffff8c][0x12][0xffffffda][0xffffffb4][0x10]%[0xffffffb4]x7([0xffffffd1][0xc]%[0xffffffe6][0xffffffeb]5(J4[0xffffff9c][0x12]-[0xffffff80][0x12]M[0xfffffff3]^[0x18][0xfffffff0][0xffffff86]Q[0xffffffa2]%QB[0xffffffa3][0xffffffc8]P[0xffffffc2][0x5][0xffffff92][0xffffffa1][0xffffff84][0xffffffc6][0xffffffb2][0xffffff9e][0x12]k8[0xffffffab])[0xffffffb1]F4[0xffffff89][0x12][0xffffffa6]<YJ[0xffffffd8].e)a[0xffffffaa][0xffffff95][0xffffffa3][0xffffff84]4-E[0x9])[0xffffffde][\r]JtK[0xffffff89][0xffffffa3]S[0xffffff94][0xffffffe8]8%z[0x0]%[0xffffffba][0xffffffe6][0xffffffbd]0[0xffffffe0][0x1d][0xffffffa3]DO[0xffffffa2][0xffffff84]F[0xffffff91][0xffffffa1][0xffffff84][0xb]$C[0x9][0xffffff8d]e=%[0xffffffd6]pVSb[0xffffff8d]h[0x12]%Ly[0xffffffb2][0xffffff94][0xffffffb0]][0xffffffca]R[0xffffffc2]T+G[0x9]iZ[0xffffff8a][0x12]R[0xffffffbc][0x1b][0xffffff94][0x18][0xffffff96][0x12][0x17][0xfffffff5][0xffffffae][0xffffffc4][0xffffffe7][0xfffffffd][0xffffffc0][0xffffff94][0x18][0x1][0xffffff94][0x18][0xffffff9a][0xfffffff7][0xffffffc2][0xffffff80][0xf][0xffffff8c][0x12]#[0xffffff89][0x12][0x1a]E[0xffffff86][0x12].[0xffffff90][0xc]%4[0xffffff96][0xfffffff5][0xffffff94]X[0xffffffc3]YM[0xffffff89]5[0xffffffa2]I[0xffffff94]0[0xffffffe5][0xffffffc9]R[0xffffffc2]v)K[0x9]S[0xffffffad][0x1c]%[0xffffffa4]i)JH[0xfffffff1]nPb:J[0xffffffb4]yQ[0xffffff94][0xffffff98]8%f[0x0]%[0xffffffa6][0xffffffe6][0xffffffbd]0[0xffffffe0][0x13][0xffffffa3][0xffffffc4]L[0xffffffa2][0xffffff84]F[0xffffff91][0xffffffa1][0xffffff84][0xb]$C[0x9][0xffffff8d]e=%[0xffffffd6]pVSb[0xffffff8d]h[0x12]%Ly[0xffffffb2][0xffffff94][0xffffffb0]][0xffffffca]R[0xffffffc2]T+G[0x9]iZ[0xffffff8a][0x12]R[0xffffffbc][0x1b][0xffffff94]p[0x1f][0xffffff83][0xffffffce]g`[0xffffffaf]][0xffffffe2][0x1f][0xffffff83][0xffffffce][0xffffff80][0xffffff8f]A[0xffffffa7][0xfffffff9]b[0xffffffa9]0[0xffffffe0][0xffffffd8][0xffffffc7][0xffffffa0]S[0xffffffbe]I")[0x11][0xfffffff2]1[0xffffffa8][\r]$C[0xffffff89][0xffffff80][0xffffff8f]A%[0xffffff9c][0xffffffd5][0xffffff94][0x8][0xfffffffe][0x18][0xffffffd4][0xffffff95]'K[0xffffff89][0xffffffbc][0xffffff8f]A][0xffffffb5]r[0xffffff94]H[0xfffffff9][0x18]T[0xffffff8b]w[0xffffff8b][0x12]=[0xffffff8c][0x12][0x1d][0xffffffa7]D[0xf][0xffffffa0]DG)[0xffffffd1]1J[0xfffffff4]$J[0xffffffac]Q[0xffffffa4]([0xffffffa1][0xffffff81][0xffffffa4]([0xffffffb1][0xffffffc6][0xffffff92][0xffffffa0]D[0xffffff87])[0xffffffd1][0xffffff83])![0xffffffe5]IS[0xffffffc2]t)M[0x9][0xffffffa9]V[0xffffff92][0x12]=[0xffffff85][0x12][0xfffffffd][0xffffffdb][0xffffff94]p[0xffffffbb][0x12][0xffffffc7]h[0xffffffd4]p[0xfffffff6][0xffffffc4]w%f[0xffffffc0][0xffffffae][0xffffffc4]4[0x1f]?[0x17][0x6][0x1c][0xffffffdb][0xffffff95][0xffffff98][0xfffffff2]y3I[0xffffff89][0xffffff90]][0x9][0x1b]H[0xffffff86][0x12][0x1][0xffffffbb][0x12][0x12][0xffffffce]jJ[0x4][0xffffffef]J[0xffffffb8][0xfffffff2]d)[0xffffff91][0xffffffb7]+[0xffffffe1][0xffffffaa][0xffffff95][0xffffffa3]D[0xffffffca][0xffffffae][0xffffff84][0x16][0xffffffef][0xffffffdf]S[0xffffffe2]p[0xffffffbb][0x12][0xffffffe7][0xffffffab]S_p[0x1c][0xfffffff8][0xffffffae][0xffffffc4][0x11][0xffffffb0]+q[0xffffff98][0xffffff8f][0xffffff9f][0xffffffeb][0x2]~`[0xffffffbb][0x12][0xffffff87]|[0xffffffde][0xc]R[0xffffffc2]D[0x11][0xffffffa1][0xffffff84][\r]$B[0x9][0x13][0xffffffcb]rJH8[0xffffff8b])![0x11][\r][0xffffffa2][0xffffff84]+O[0xffffff94][0x12][0xffffffbe]KQJ[0xffffffb8]j[0xffffffc5]([0xffffffa1]M[0xb]QB[0xffffff8b]w[0xffffff83][0x12]nW[0xffffffe2][0xffffffec][0xffffff8d]z[0xffffffed][0xfffffff2][0xffffffc0]w%[0xffffff8e][0xffffff80]][0xffffff89][0xffffffc3]|[0xfffffffc]\[0x18]plW[0xffffffe2][0xffffff90][0xffffffcf][0xffffff9b]IJ[0xffffff84][0xffffffec]J[0xffffffd8]@2[0xffffff94][0x8][0xffffffd8][0xffffff95][0xffffff90]pVS"xW[0xffffffc2][0xffffff95]'K[0xffffff89][0xffffffbc]][0x9]W[0xffffffad][0x1c]%Rv%[0xffffffb4]x7([0xffffffe1]v%[0xffffffce][0xfffffff3][0xffffff85]=[0xffffff95][0xffffffc0]w%[0xffffff8e][0xffffff80]][0xffffff89][0xffffffc3]|[0xfffffffc]\[0x18]plW[0xffffffe2][0xffffff90][0xffffffcf][0xffffff9b]IJ[0xffffff84][0xffffffec]J[0xffffffd8]@2[0xffffff94][0x8][0xffffffd8][0xffffff95][0xffffff90]pVS"xW[0xffffffc2][0xffffff95]'K[0xffffff89][0xffffffbc]][0x9]W[0xffffffad][0x1c]%Rv%[0xffffffb4]x7(1[0x1c]%[0xffffffae]{R[0xffffff94][0x18]8%F[0x0]%[0xffffff86][0xffffffe6][0xffffffbd]0[0xffffffe0][0x3][0xffffffa3][0xffffffc4]H[0xffffffa2][0xffffff84]F[0xffffff91][0xffffffa1][0xffffff84][0xb]$C[0x9][0xffffff8d]e=%[0xffffffd6]pVSb[0xffffff8d]h[0x12]%Ly[0xffffffb2][0xffffff94][0xffffffb0]][0xffffffca]R[0xffffffc2]T+G[0x9]iZ[0xffffff8a][0x12]R[0xffffffbc][0x1b][0xffffff94]p[0xffffffbb][0x12]W[0x7f]Q[0xffffffaf]][0x1e][0xfffffff8][0xffffffae][0xffffffc4][0x11][0xffffffb0]+q[0xffffff98][0xffffff8f][0xffffff9f][0xb][0x3][0xffffff8e][0xffffffed]J[0x1c][0xfffffff2]y3I[0xffffff89][0xffffff90]][0x9][0x1b]H[0xffffff86][0x12][0x1][0xffffffbb][0x12][0x12][0xffffffce]jJ[0x4][0xffffffef]J[0xffffffb8][0xfffffff2]d)[0xffffff91][0xffffffb7]+[0xffffffe1][0xffffffaa][0xffffff95][0xffffffa3]D[0xffffffca][0xffffffae][0xffffff84][0x16][0xffffffef][0x6]%[0xe]K[0xffffff89][0x13]{*q[0xffffffe0][0xffffff94]8[0x2](qh[0xffffffde][0xb][0x3]~`[0xffffff94]8[0xffffff92]([0xffffffa1]Qd([0xffffffe1][0x2][0xffffffc9]PBcYO[0xffffff89]5[0xffffff9c][0xffffffd5][0xffffff94]X#[0xffffff9a]D[0x9]S[0xffffff9e],%l[0xffffff97][0xffffffb2][0xffffff94]0[0xffffffd5][0xffffffca]QB[0xffffff9a][0xffffff96][0xffffffa2][0xffffff84][0x14][0xffffffef][0x6]%NG[0xffffff89][0xfffffff1][0xffffffa2][0xffffff86][0xffffffb3]?[0xffffffef][0x7][0xffffffa6][0xffffffc4][0x19]@[0xffffff89]S[0xfffffff3]^[0x18][0xfffffff0][0x13][0xffffffa3][0xffffffc4][0xffffff99]D[0x9][0xffffff8d]"C[0x9][0x17]H[0xffffff86][0x12][0x1a][0xffffffcb]zJ[0xffffffac][0xffffffe1][0xffffffac][0xffffffa6][0xffffffc4][0x1a][0xffffffd1]$J[0xffffff98][0xfffffff2]d)a[0xffffffbb][0xffffff94][0xffffffa5][0xffffff84][0xffffffa9]V[0xffffff8e][0x12][0xffffffd2][0xffffffb4][0x14]%[0xffffffa4]x7([0xffffffe1][0xffffffd6].[0xffffffaf]q`_p[0xffffffe0]k[0xffffff97]G[0xffffffc0][0xffffffda][0xffffffe5]a&[0xffffffd9][\n]"
01:51:24.932 [main] DEBUG org.apache.hc.client5.http.wire -- http-outgoing-1 << "[0x3][0xffffff8e][0xffffffad]][0x1e]2[0xffffffba]FR"d[0xffffffed][0xffffffd2][0x6][0xffffff92][0xffffffa1]D[0xffffffc0][0xffffffda][0xffffffa5][0xffffff84][0xffffffb3][0xffffff9a][0x12][0xffffffc1]k[0xffffff97][0xffffffae]<YJ[0xffffffe4][0xffffffad]][0xffffffba]j[0xffffffe5]([0xffffff91][0xffffffb2]v[0xffffffa9][0xffffffc5][0xffffffbb]A[0x9]7QuMl[0xffffffa2][0xffffffea][0xffffffc0]'[0xffffffaa][0xffffff8e][0xffffff80][0xffffff89][0xffffffaa][0xffffffc3][0xffffffec][0xffffffa8][0x14][0x6][0x1c][0xffffff9b][0xffffffa8]:d)[0xffffff85][0xffffffa4]D[0xffffffc8]D[0xffffff95][\r]$C[0xffffff89][0xffffff80][0xffffff89]*[0x9]g5%[0xffffff82]'[0xffffffaa]\y[0xffffffb2][0xffffff94][0xffffffc8][0xffffff9b][0xffffffa8]r[0xffffffd5][0xffffffca]Q"e[0xffffffa2]J[0xffffff8b]w[0xffffff83][0x12][0xffffff8f][0xffffffa3][0xffffffc4][0xffffffc1]}[0xffffffc1][0xfffffff1][0xffffffe0][0xffffff94]x[0x2]([0xfffffff1]h[0xffffffde][0xb][0x3][0xfffffffe]`[0xffffff94]x[0xffffff92]([0xffffffa1]Qd([0xffffffe1][0x2][0xffffffc9]PBcYO[0xffffff89]5[0xffffff9c][0xffffffd5][0xffffff94]X#[0xffffff9a]D[0x9]S[0xffffff9e],%l[0xffffff97][0xffffffb2][0xffffff94]0[0xffffffd5][0xffffffca]QB[0xffffff9a][0xffffff96][0xffffffa2][0xffffff84][0x14][0xffffffef][0xffffffdf]S[0xffffffe2]tk[0xffffff97][0xffffffd7][0xfffffff3]4[0xffffff88][0x12]'[0xffffffbe]vy[0x6][0xffffffac]][0xffffff9e]f[0xffffff92][0xffffffad].[0xffffffe0]'[0xffffffb6]vy[0xffffffca][0xffffffe8][0x1a]H[0x9][0x13]E[0xffffff84][0x12]6[0xffffff90][0x8]%L,[0xffffffcb])![0xffffffe1],[0xffffffa6][0xffffff84]D4[0xffffff88][0x12][0xffffffae]<QJ[0xfffffff8].E)[0xffffffe1][0xffffffaa][0x15][0xffffffa3][0xffffff84]6-D[0x9]-[0xffffffde][\r]J[0xffffffb8][0xffffffb5][0xffffffcb][0xffffffbb]7j[0xffffffa2][0xffffffea][0xffffffc4][0xffffffd7].[0xffffffcf][0xffffff80][0xffffffb5][0xffffffcb][0xffffffd3]L[0xffffffb2][0x15][0x6][0x1c][[0xffffffbb]<et[0xffffff8d][0xffffffa4]D[0xffffffc8][0xffffffda][0xffffffa5][\r]$C[0xffffff89][0xffffff80][0xffffffb5]K[0x9]g5%[0xffffff82][0xffffffd7].]y[0xffffffb2][0xffffff94][0xffffffc8][[0xffffffbb]t[0xffffffd5][0xffffffca]Q"e[0xffffffed]R[0xffffff8b]w[0xffffff83][0x12]n[0xffffffed][0xfffffff2]>[0xffffffb8][0xffffffa7][0x12][0xfffffff8][0xffffffda][0xffffffe5][0x19][0xffffffb0]vy[0xffffff9a]I[0xffffffb6][0xffffffc2][0xffffff80]ck[0xffffff97][0xffffffa7][0xffffff8c][0xffffffae][0xffffff91][0xffffff94][0x8]Y[0xffffffbb][0xffffffb4][0xffffff81]d([0x11][0xffffffb0]v)[0xffffffe1][0xffffffac][0xffffffa6]D[0xfffffff0][0xffffffda][0xffffffa5]+O[0xffffff96][0x12]yk[0xffffff97][0xffffffae]Z9J[0xffffffa4][0xffffffac]]j[0xfffffff1]nPb8J[0xffffffdc][0xffffffaf][0xffffff9b][0xffffffa2][0xffffffc4][0xffffffc0])1[0x2](14[0xffffffef][0xffffff85][0x1][0x1f][0x18]%F[0x12]%4[0xffffff8a][0xc]%\ [0x19]Jh,[0xffffffeb])[0xffffffb1][0xffffff86][0xffffffb3][0xffffff9a][0x12]kD[0xffffff93](a[0xffffffca][0xffffff93][0xffffffa5][0xffffff84][0xffffffed]R[0xffffff96][0x12][0xffffffa6]Z9JH[0xffffffd3]R[0xffffff94][0xffffff90][0xffffffe2][0xffffffdd][0xffffffa0][0xffffff84][[0xffffffbb]|[0xffffffda]E}[0xffffffc1]q[0xffffffe2]k[0xffffff97]g[0xffffffc0][0xffffffda][0xffffffe5]i&[0xffffffd9][\n]"
01:51:24.932 [main] DEBUG org.apache.hc.client5.http.wire -- http-outgoing-1 << "[0x3][0xffffff8e][0xffffffad]][0xffffff9e]2[0xffffffba]FR"d[0xffffffed][0xffffffd2][0x6][0xffffff92][0xffffffa1]D[0xffffffc0][0xffffffda][0xffffffa5][0xffffff84][0xffffffb3][0xffffff9a][0x12][0xffffffc1]k[0xffffff97][0xffffffae]<YJ[0xffffffe4][0xffffffad]][0xffffffba]j[0xffffffe5]([0xffffff91][0xffffffb2]v[0xffffffa9][0xffffffc5][0xffffffbb]A[0x9][0xffffffb7]v[0xfffffff9][0xffffff8c][0x1b]{*[0xffffff81][0xffffffaf]][0xffffff9e][0x1]k[0xffffff97][0xffffffa7][0xffffff99]d+[0xc]8[0xffffffb6]vy[0xffffffca][0xffffffe8][0x1a]I[0xffffff89][0xffffff90][0xffffffb5]K[0x1b]H[0xffffff86][0x12][0x1]k[0xffffff97][0x12][0xffffffce]jJ[0x4][0xffffffaf]][0xffffffba][0xfffffff2]d)[0xffffff91][0xffffffb7]v[0xffffffe9][0xffffffaa][0xffffff95][0xffffffa3]D[0xffffffca][0xffffffda][0xffffffa5][0x16][0xffffffef][0x6]%[0xffffffdc][0xffffffda][0xffffffe5]s[0xffffffbe]&E[0x9]|[0xffffffed][0xfffffff2][0xc]X[0xffffffbb]<[0xffffffcd]$[a[0xffffffc0][0xffffffb1][0xffffffb5][0xffffffcb]SF[0xffffffd7]HJ[0xffffff84][0xffffffac]][0xffffffda]@2[0xffffff94][0x8]X[0xffffffbb][0xffffff94]pVS"x[0xffffffed][0xffffffd2][0xffffff95]'K[0xffffff89][0xffffffbc][0xffffffb5]KW[0xffffffad][0x1c]%R[0xffffffd6].[0xffffffb5]x7([0xffffffe1]&[0xffffffaa][0xffffff9e][0xfffffffb][0xffffffa6][0xffffffd6].O|[0xffffffa2][0xffffffea][0xc][0xffffff98][0xffffffa8]:[0xffffffcd][0xffffff8e]Ja[0xffffffc0][0xffffffb1][0xffffff89][0xffffffaa]S[0xffffff96]RHJ[0xffffff84]LT[0xffffffd9]@2[0xffffff94][0x8][0xffffff98][0xffffffa8][0xffffff92]pVS"x[0xffffffa2][0xffffffca][0xffffff95]'K[0xffffff89][0xffffffbc][0xffffff89]*W[0xffffffad][0x1c]%R&[0xffffffaa][0xffffffb4]x7([0xffffffe1]&[0xffffffaa][0xffffff9e][0xffffffe7][0xffffffc2]>[0x6][0xffffffc5]'[0xffffffaa][0xffffffce][0xffffff80][0xffffff89][0xffffffaa][0xffffffd3][0xffffffec][0xffffffa8][0x14][0x6][0x1c][0xffffff9b][0xffffffa8]:e)[0xffffff85][0xffffffa4]D[0xffffffc8]D[0xffffff95][\r]$C[0xffffff89][0xffffff80][0xffffff89]*[0x9]g5%[0xffffff82]'[0xffffffaa]\y[0xffffffb2][0xffffff94][0xffffffc8][0xffffff9b][0xffffffa8]r[0xffffffd5][0xffffffca]Q"e[0xffffffa2]J[0xffffff8b][0xfffffff7][0xffffffef])q[0xffffff99][0xffffff89][0xffffffaa][0xffffffe7][0xfffffff5][0x1a][0x14]%.|[0xffffffa2][0xffffffea][\n]"
01:51:24.933 [main] DEBUG org.apache.hc.client5.http.wire -- http-outgoing-1 << "[0xffffff98][0xffffffa8][0xffffffba][0xffffffcc][0xffffff8e]J][0xffffffc0]/l[0xffffffa2][0xffffffea][0xffffff92][0xffffffa5][0x14][0xffffff90][0x12]&[0xffffff8a][0x8]%l [0x11]J[0xffffff98]X[0xffffff96]SB[0xffffffc2]YL[0x9][0xffffff89]h[0x10]%\y[0xffffffa2][0xffffff94][0xfffffff0]][0xffffff8a]R[0xffffffc2]U+F[0x9]mZ[0xffffff88][0x12]Z[0xffffffbc][0x1b][0xffffff94]0[0x13]U[0x1f][0xffffff94][0xffffffb8][0xffffffa8][0xffffff93]A/|[0xffffffa2][0xffffffea][\n]"
01:51:24.933 [main] DEBUG org.apache.hc.client5.http.wire -- http-outgoing-1 << "[0xffffff98][0xffffffa8][0xffffffba][0xffffffcc][0xffffff8e]Ja[0xffffffc0][0xffffffb1][0xffffff89][0xffffffaa]K[0xffffff96]RHJ[0xffffff84]LT[0xffffffd9]@2[0xffffff94][0x8][0xffffff98][0xffffffa8][0xffffff92]pVS"x[0xffffffa2][0xffffffca][0xffffff95]'K[0xffffff89][0xffffffbc][0xffffff89]*W[0xffffffad][0x1c]%R&[0xffffffaa][0xffffffb4]x7(a&[0xffffffaa][0xffffff9e]W[0x1b][0xffffffd4]D[0xffffffd5][0xffffff85]OT][0x1][0x13]U[0xffffff97][0xffffffd9]Q)[0xc]86Qu[0xffffffc9]R[\n]"
01:51:24.933 [main] DEBUG org.apache.hc.client5.http.wire -- http-outgoing-1 << "I[0xffffff89][0xffffff90][0xffffff89]*[0x1b]H[0xffffff86][0x12][0x1][0x13]U[0x12][0xffffffce]jJ[0x4]OT[0xffffffb9][0xfffffff2]d)[0xffffff91]7Q[0xffffffe5][0xffffffaa][0xffffff95][0xffffffa3]D[0xffffffca]D[0xffffff95][0x16][0xffffffef][0x6]%[0xffffff86][0xffffffa3]D[0x7f][0xffffffb0][0xffffffa7][0x12][0x3][0xffffffa7][0xffffffc4][0x8][0xffffffa0][0xffffffc4][0xffffffd0][0xffffffbc][0x17][0x6]|`[0xffffff94][0x18]I[0xffffff94][0xffffffd0](2[0xffffff94]p[0xffffff81]d([0xffffffa1][0xffffffb1][0xffffffac][0xffffffa7][0xffffffc4][0x1a][0xffffffce]jJ[0xffffffac][0x11]M[0xffffffa2][0xffffff84])O[0xffffff96][0x12][0xffffffb6]KYJ[0xffffff98]j[0xffffffe5](!MKQB[0xffffff8a]w[0xffffff83][0x12]f[0xffffffa2][0xffffffea]y]'[0xfffffff6]T[0x2][0xffffff9f][0xffffffa8][0xffffffba][0x2]&[0xffffffaa].[0xffffffb3][0xffffffa3]R[0x18]pl[0xffffffa2][0xffffffea][0xffffff92][0xffffffa5][0x14][0xffffff92][0x12]![0x13]U6[0xffffff90][0xc]%[0x2]&[0xffffffaa]$[0xffffff9c][0xffffffd5][0xffffff94][0x8][0xffffff9e][0xffffffa8]r[0xffffffe5][0xffffffc9]R"o[0xffffffa2][0xffffffca]U+G[0xffffff89][0xffffff94][0xffffff89]*-[0xffffffde]-J[0xfffffff4]0Jt[0xffffff9c][0x12]=[0xffffff80][0x12][0x1d][0xffffffa5]D[0xffffffc7]([0xffffffd1][0xffffff93]([0xffffffb1]F[0xffffff91][0xffffffa2][0xffffff84][0x6][0xffffff92][0xffffffa2][0xffffffc4][0x1a]K[0xffffff82][0x12][0x1d][0xffffffa6]D[0xf][0xffffffa6][0xffffff84][0xffffff94]'M[0x9][0xffffffd3][0xffffffa5]4%[0xffffffa4]ZIJ[0xfffffff4][0x14]J[0xfffffff4]oS[0xffffffc2][0xffffffac]]]]><![CDATA[>/[0xffffffee]c[0xffffffd0][0xb]_[0xffffffbb][0xffffffbc][0x2][0xffffffd6]./3[0xffffffc9]V[0x18]pl[0xffffffed][0xfffffff2][0xffffff92][0xffffffd1]5[0xffffff92][0x12]!k[0xffffff97]6[0xffffff90][0xc]%[0x2][0xffffffd6].%[0xffffff9c][0xffffffd5][0xffffff94][0x8]^[0xffffffbb]t[0xffffffe5][0xffffffc9]R"o[0xffffffed][0xffffffd2]U+G[0xffffff89][0xffffff94][0xffffffb5]K-[0xffffffde][\r]J[0xffffff98][0xffffffb5][0xffffffcb][0xffffffa7][0xffffffcd][0xffffff8e]=[0xffffff95][0xffffffc0][0xffffffd7].[0xffffffaf][0xffffff80][0xffffffb5][0xffffffcb][0xffffffcb]L[0xffffffb2][0x15][0x6][0x1c][[0xffffffbb][0xffffffbc]dt[0xffffff8d][0xffffffa4]D[0xffffffc8][0xffffffda][0xffffffa5][\r]$C[0xffffff89][0xffffff80][0xffffffb5]K[0x9]g5%[0xffffff82][0xffffffd7].]y[0xffffffb2][0xffffff94][0xffffffc8][[0xffffffbb]t[0xffffffd5][0xffffffca]Q"e[0xffffffed]R[0xffffff8b]w[0xffffff8b][0x12]3[0xffffff8c][0x12][0x13][0xffffffa7][0xffffffc4][0xc][0xffffffa0][0xffffffc4]D)11J[0xffffffcc]$J[0xffffffac]Q[0xffffffa4]([0xffffffa1][0xffffff81][0xffffffa4]([0xffffffb1][0xffffffc6][0xffffff92][0xffffffa0][0xffffffc4][0xffffff84])1[0xffffff83])![0xffffffe5]IS[0xffffffc2]t)M[0x9][0xffffffa9]V[0xffffff92][0x12]3[0xffffff85][0x12][0xfffffff3][0xffffffdb][0xffffff94][0xffffffb8][0xffffffdc]S[0xffffff89]sL[0xffffff8a][0x12][0x17][0xfffffffe]T[0xffffffe2][\n]"
01:51:24.934 [main] DEBUG org.apache.hc.client5.http.wire -- http-outgoing-1 << "x*q)[0xffffff9d][0xb][0x3]~aO%[0xffffffae][0xffffffa4][0xffffffa7][0x12][0x1a]E[0xffffff86][0x12].[0xffffff90][0xc]%4[0xffffff96][0xfffffff5][0xffffff94]X[0xffffffc3]YM[0xffffff89]5[0xffffffa2]I[0xffffff94]0[0xffffffe5][0xffffffc9]R[0xffffffc2]v)K[0x9]S[0xffffffad][0x1c]%[0xffffffa4]i)JH[0xfffffff1]nP[0xffffffc2][0xffffff9c][0xffffffc1][0xfffffff1][0xfffffff4][0xffffffd7][0xffffffa0][0xe][0x19][0xffffffbf][0xfffffff0]38[0xffffffae][0xffffff80]38.3[0x14]_[0x18]p[0xffffffec][0xc][0xffffff8e]K[0xffffffa6][0xffffffe0]IJ[0xffffff84][0xffffff9c][0xffffffc1]a[0x3][0xffffffc9]P"[0xffffffe0][0xc][0xe][0x9]g5%[0xffffff82][0xffffffcf][0xffffffe0]p[0xffffffe5][0xffffffc9]R"[0xffffffef][0xc][0xe]W[0xffffffad][0x1c]%R[0xffffffce][0xffffffe0][0xffffffd0][0xffffffe2][0xffffffdd][0xffffffa0][0xffffff84]9[0xffffff83][0xffffffe3][0xffffffe9][0x1f][0xffffffff][0xffffffa3]([0xffffff81][0xffffff9f][0xffffffc1]q[0x5][0xffffff9c][0xffffffc1]q[0xffffff99][0xffffffa1][0xfffffff8][0xffffffc2][0xffffff80]cgp\2[0x5]OR"[0xffffffe4][0xc][0xe][0x1b]H[0xffffff86][0x12][0x1]gpH8[0xffffffab])[0x11]|[0x6][0xffffff87]+O[0xffffff96][0x12]ygp[0xffffffb8]j[0xffffffe5]([0xffffff91]r[0x6][0xffffff87][0x16][0xffffffef][0xffffffdf]S[0xffffffe2]vgp[0xfffffff4][0xfffffff3][0xffffffa1][0xffffffde][0xffffff95][0xffffffb8][0xfffffff1]38[0xffffffee][0xffffff80]38n3[0x14]_[0x17][0xfffffff0][0x1b];[0xffffff83][0xffffffe3][0xffffff96])x[0xffffff90][0x12]&[0xffffff8a][0x8]%l [0x11]J[0xffffff98]X[0xffffff96]SB[0xffffffc2]YL[0x9][0xffffff89]h[0x10]%\y[0xffffffa2][0xffffff94][0xfffffff0]][0xffffff8a]R[0xffffffc2]U+F[0x9]mZ[0xffffff88][0x12]Z[0xffffffbc][0x1b][0xffffff94]pgp[0xfffffff4][0xfffffffb][0xffffffa6]>[0x6][0xffffffbd][0xfffffff1]38[0xffffffee][0xffffff80]38n3[0x14]_[0x18]p[0xffffffec][0xc][0xffffff8e][[0xffffffa6][0xffffffe0]IJ[0xffffff84][0xffffff9c][0xffffffc1]a[0x3][0xffffffc9]P"[0xffffffe0][0xc][0xe][0x9]g5%[0xffffff82][0xffffffcf][0xffffffe0]p[0xffffffe5][0xffffffc9]R"[0xffffffef][0xc][0xe]W[0xffffffad][0x1c]%R[0xffffffce][0xffffffe0][0xffffffd0][0xffffffe2][0xffffffdd][0xffffffa0][0xffffff84];[0xffffff83]c[0xfffffff4]kR[0xffffff94][0xffffffc0][0xffffffcf][0xffffffe0][0xffffffb8][0x3][0xffffffce][0xffffffe0][0xffffffb8][0xffffffcd]P|a[0xffffffc0][0xffffffb1]38n[0xffffff99][0xffffff82]')[0x11]r[0x6][0xffffff87][\r]$C[0xffffff89][0xffffff80]38$[0xffffff9c][0xffffffd5][0xffffff94][0x8]>[0xffffff83][0xffffffc3][0xffffff95]'K[0xffffff89][0xffffffbc]38\[0xffffffb5]r[0xffffff94]H9[0xffffff83]C[0xffffff8b]w[0xffffff83][0x12]n8{[0xffffff8c][0x1b][0xfffffffb][0xffffff81][0x3][0x1f][0xffffffce][0xffffffbe][0x3][0xffffff86][0xffffffb3]o[0xffffffb3][0xffffffee]Z[0x18]pl8[0xfffffffb][0xffffff96][0xfffffffd]V[0xffffff92][0x12]![0xffffffc3][0xffffffd9]6[0xffffff90][0xc]%[0x2][0xffffff86][0xffffffb3]%[0xffffff9c][0xffffffd5][0xffffff94][0x8][0x1e][0xffffffce]v[0xffffffe5][0xffffffc9]R"o8[0xffffffdb]U+G[0xffffff89][0xffffff94][0xffffffe1]l-[0xffffffde][\r]J[0xffffffb8][0xffffffb5][0xffffffcb]1[0xffffffdb]MQ[0x2]_[0xffffffbb][0xffffffbc][0x3][0xffffffd6].o3[0xffffffc9]V[0x18]pl[0xffffffed][0xfffffff2][0xffffff96][0xffffffd1]5[0xffffff92][0x12]!k[0xffffff97]6[0xffffff90][0xc]%[0x2][0xffffffd6].%[0xffffff9c][0xffffffd5][0xffffff94][0x8]^[0xffffffbb]t[0xffffffe5][0xffffffc9]R"o[0xffffffed][0xffffffd2]U+G[0xffffff89][0xffffff94][0xffffffb5]K-[0xffffffde][\r]J[0xffffffb8][0xffffffb5][0xffffffcb]1[0xf][0xffffffec]][0x9]|[0xffffffed][0xfffffff2][0xe]X[0xffffffbb][0xffffffbc][0xffffffcd]$[a[0xffffffc0][0xffffffb1][0xffffffb5][0xffffffcb][F[0xffffffd7]HJ[0xffffff84][0xffffffac]][0xffffffda]@2[0xffffff94][0x8]X[0xffffffbb][0xffffff94]pVS"x[0xffffffed][0xffffffd2][0xffffff95]'K[0xffffff89][0xffffffbc][0xffffffb5]KW[0xffffffad][0x1c]%R[0xffffffd6].[0xffffffb5]x7([0xffffffe1]&[0xffffffaa][0xffffffc6][0xfffffff9][0xffffffc2]~[0xffffffe0][0xffffffc0]'[0xffffffaa][0xffffffee][0xffffff80][0xffffff89][0xffffffaa][0xffffffdb][0xffffffec][0xffffffa8][0x14][0x6][0x1c][0xffffff9b][0xffffffa8][0xffffffba]e)[0xffffff85][0xffffffa4]D[0xffffffc8]D[0xffffff95][\r]$C[0xffffff89][0xffffff80][0xffffff89]*[0x9]g5%[0xffffff82]'[0xffffffaa]\y[0xffffffb2][0xffffff94][0xffffffc8][0xffffff9b][0xffffffa8]r[0xffffffd5][0xffffffca]Q"e[0xffffffa2]J[0xffffff8b]w[0xffffff8b][0x12]3[0xffffff8c][0x12][0xfffffff0]p[0xfffffff6][0xffffffd7][0x1d][0xfffffff0][0xffffff94][0x0][0xffffff87][0xffffffb3][0xffffffbf][0xffffffae]NQ"g8[0xffffffdb]D[0xffffff91][0xffffffa2]D[0xffffffc8]p[0xffffffb6][0xffffff89]%A[0x9]t8["[0xffffff9a]E[0xffffff89][0xffffffac][0xffffffe1]l[0xffffffdf][0xffffffa5]4%r[0xffffff86][0xffffffb3][0xffffffb5]i9J|{8[0xfffffffb]vk[0xffffff97][0xfffffff3][0x18][0x17]E[0x9]|[0xffffffed][0xfffffff2][0xe]X[0xffffffbb][0xffffffbc][0xffffffcd]$[a[0xffffffc0][0xffffffb1][0xffffffb5][0xffffffcb][F[0xffffffd7]HJ[0xffffff84][0xffffffac]][0xffffffda]@2[0xffffff94][0x8]X[0xffffffbb][0xffffff94]pVS"x[0xffffffed][0xffffffd2][0xffffff95]'K[0xffffff89][0xffffffbc][0xffffffb5]KW[0xffffffad][0x1c]%R[0xffffffd6].[0xffffffb5]x[0xffffffb7]([0xffffffd1][0xffffffc3]([0xffffffd1]qJ[0xfffffff4][0x0]Jt[0xffffff94][0x12][0x1d][0xffffffa3]DO[0xffffffa2][0xffffffc4][0x1a]E[0xffffff8a][0x12][0x1a]H[0xffffff8a][0x12]k,[0x9]Jt[0xffffff98][0x12]=[0xffffff98][0x12]R[0xffffff9e]4%L[0xffffff97][0xffffffd2][0xffffff94][0xffffff90]j%)[0xffffffd1]S([0xffffffd1][0xffffffbf]K[0xffffff89][0xffffffc7]MT[0x1d][0xfffffffd]5 J<[0xfffffff8]D[0xffffffd5][0x13]0Q[0xfffffff5][0xffffff98][0x1d][0xffffff95][0xffffffba][0xffffff80]?[0xffffffd8]D[0xffffffd5]#K) %L[0x14][0x11]J[0xffffffd8]@"[0xffffff94]0[0xffffffb1],[0xffffffa7][0xffffff84][0xffffff84][0xffffffb3][0xffffff98][0x12][0x12][0xffffffd1] J[0xffffffb8][0xfffffff2]D)[0xffffffe1][0xffffffbb][0x14][0xffffffa5][0xffffff84][0xffffffab]V[0xffffff8c][0x12][0xffffffda][0xffffffb4][0x10]%[0xffffffb4]x7(1[0x1c]%[0xffffffae]>)J[0xc][0xffffff9c][0x12]#[0xffffff80][0x12]C[0xfffffff3]^[0x18][0xfffffff0][0xffffff81]Qb$QB[0xffffffa3][0xffffffc8]P[0xffffffc2][0x5][0xffffff92][0xffffffa1][0xffffff84][0xffffffc6][0xffffffb2][0xffffff9e][0x12]k8[0xffffffab])[0xffffffb1]F4[0xffffff89][0x12][0xffffffa6]<YJ[0xffffffd8].e)a[0xffffffaa][0xffffff95][0xffffffa3][0xffffff84]4-E[0x9])[0xffffffde][\r]J[0xffffffb8]][0xffffff89][0xffffffb3][0xffffffdf]'E[0x9]|W[0xffffffe2][0x9][0xffffffd8][0xffffff95]x[0xffffffcc][0xffffffc7][0xffffffcf][0xffffff85][0x1][0xffffffc7]v%[0x1e][0xfffffff9][0xffffffbc][0xffffff99][0xffffffa4]D[0xffffffc8][0xffffffae][0xffffff84][\r]$C[0xffffff89][0xffffff80]][0x9][0x9]g5%[0xffffff82]w%\y[0xffffffb2][0xffffff94][0xffffffc8][0xffffffdb][0xffffff95]p[0xffffffd5][0xffffffca]Q"eWB[0xffffff8b]w[0xffffff83][0x12]nW[0xffffffe2][0x1c][0x7][0xfffffff6]T[0x2][0xffffffdf][0xffffff95]x[0x2]v%[0x1e][0xfffffff3][0xfffffff1]sa[0xffffffc0][0xffffffb1]][0xffffff89]G>o&)[0x11][0xffffffb2]+a[0x3][0xffffffc9]P"`WB[0xffffffc2]YM[0xffffff89][0xffffffe0]][0x9]W[0xffffff9e],%[0xfffffff2]v%\[0xffffffb5]r[0xffffff94]H[0xffffffd9][0xffffff95][0xffffffd0][0xffffffe2][0xffffffdd][0xffffffa0][0xffffff84][0xffffffdb][0xffffff95]8g[0xffffffc3]([0xffffff81][0xffffffef]J<[0x1][0xffffffbb][0x12][0xffffff8f][0xfffffff9][0xfffffff8][0xffffffb9]0[0xffffffe0][0xffffffd8][0xffffffae][0xffffffc4]#[0xffffff9f]7[0xffffff93][0xffffff94][0x8][0xffffffd9][0xffffff95][0xffffffb0][0xffffff81]d([0x11][0xffffffb0]+![0xffffffe1][0xffffffac][0xffffffa6]D[0xfffffff0][0xffffffae][0xffffff84]+O[0xffffff96][0x12]y[0xffffffbb][0x12][0xffffffae]Z9J[0xffffffa4][0xffffffec]Jh[0xfffffff1]nP[0xffffffc2]}[0xc]z[0xffffffce][0xffffffe3][0xffffffa1]([0xffffff81][0x7f][0xc][0xfffffffa][0x4]|[0xc][0xfffffffa][0xffffff98]/[0xffffff96][\n]"
01:51:24.934 [main] DEBUG org.apache.hc.client5.http.wire -- http-outgoing-1 << "[0x3][0xffffff8e]}[0xc][0xfffffffa][0xffffffc8]7I$%B>[0x6][0xffffffb5][0xffffff81]d([0x11][0xfffffff0]1[0xffffffa8][0xffffff84][0xffffffb3][0xffffff9a][0x12][0xffffffc1][0x1f][0xffffff83][0xffffffba][0xfffffff2]d)[0xffffff91][0xfffffff7]1[0xffffffa8][0xffffffab]V[0xffffff8e][0x12])[0x1f][0xffffff83]j[0xfffffff1]nP[0xffffffe2]q[0xffffff94]8[0xffffffda][0xffffff8b][0xffffffa2][0xffffffc4][0xffffff83]S[0xffffffe2][0x9][0xffffffa0][0xffffffc4][0xffffffa3]y/[0xc][0xfffffff8][0xffffff83]Q[0xffffffe2]I[0xffffffa2][0xffffff84]F[0xffffff91][0xffffffa1][0xffffff84][0xb]$C[0x9][0xffffff8d]e=%[0xffffffd6]pVSb[0xffffff8d]h[0x12]%Ly[0xffffffb2][0xffffff94][0xffffffb0]][0xffffffca]R[0xffffffc2]T+G[0x9]iZ[0xffffff8a][0x12]R[0xffffffbc][0x7f]M[0xffffff89][0xffffffe7][0xfffffff5]r[0xffffff94]8[0xffffffa9][0xffffffa7][0x12]_[0xfffffff7][0xffffff83]R[0xffffffe2][0xffffffc7][0x1d][0xffffffb0][0xffffff94][0xfffffff8]u[0xf][0x4]%~\[0xffffff9d][0xffffffa0][0xffffffc4]?WN[0xffffffa0][0xffffff84][0xffffff8b]"A[0x9][0x1f]H[0xffffff82][0x12].[0xffffff96][0xffffffd5][0xffffff94][0xffffffd0]p[0xffffffd6]RB#[0xffffff9a]C[0x9][[0xffffff9e]$%[0xffffffde]t)I[0x9][[0xffffffad][0x14]%L[0xffffffd3]2[0xffffff94]0[0xffffffc5][0xffffffbb]A[0x9][0xffffffb7]+q>[0xffffffcf]AQ[0xffffff82][0xffffffde][0xffffff95][0xfffffff8]q[0x7]4%[0xffffffc8]][0xffffff89][0x1f]Wg([0x11][0xffffffb4]+[0xffffffe1][0xffffffa2][0xffffffc8]P"eW[0xffffffc2][0xffffffc5][0xffffffb2][0xffffff9e][0x12][0xffffffec][0xffffffae][0xffffff84]F4[0xffffff89][0x12]a[0xffffffbb][0x12]o[0xffffffba][0xffffff94][0xffffffa5]D[0xffffffd0][0xffffffae][0xffffff84]iZ[0xffffff8a][0x12][0xffffffdf][0xffffffdf][0xffffff95]x^[0xffffffdd]P[0xffffffe2][0xffffffea]'t[0x6][0xffffffc7][0xffffffd7][0xfffffffd][0xffffffc0][0xffffff94][0xffffffe8][0x1][0xffffff94][0xffffffe8][0xffffff9a][0xfffffff7][0xffffffc2][0xffffff80]w[0xffffff8c][0x12]=[0xffffff89][0x12][0x1a]E[0xffffff86][0x12].[0xffffff90][0xc]%4[0xffffff96][0xfffffff5][0xffffff94]X[0xffffffc3]YM[0xffffff89]5[0xffffffa2]I[0xffffff94]0[0xffffffe5][0xffffffc9]R[0xffffffc2]v)K[0x9]S[0xffffffad][0x1c]%[0xffffffa4]i)JH[0xfffffff1]nPb8J[0xffffff8c][0xffffffe3][0xffffffa6](1pJ[0xffffff8c][0x0]J[0xc][0xffffffcd]{a[0xffffffc0][0x7]F[0xffffff89][0xffffff91]D[0x9][0xffffff8d]"C[0x9][0x17]H[0xffffff86][0x12][0x1a][0xffffffcb]zJ[0xffffffac][0xffffffe1][0xffffffac][0xffffffa6][0xffffffc4][0x1a][0xffffffd1]$J[0xffffff98][0xfffffff2]d)a[0xffffffbb][0xffffff94][0xffffffa5][0xffffff84][0xffffffa9]V[0xffffff8e][0x12][0xffffffd2][0xffffffb4][0x14]%[0xffffffa4]x7(1[0x1d]%[0xffffff9e][0xffffffd6])JL[0xffffff9c][0x12]3[0xffffff80][0x12]S[0xfffffff3]^[0x18][0xfffffff0][0xffffff89]Qb&QB[0xffffffa3][0xffffffc8]P[0xffffffc2][0x5][0xffffff92][0xffffffa1][0xffffff84][0xffffffc6][0xffffffb2][0xffffff9e][0x12]k8[0xffffffab])[0xffffffb1]F4[0xffffff89][0x12][0xffffffa6]<YJ[0xffffffd8].e)a[0xffffffaa][0xffffff95][0xffffffa3][0xffffff84]4-E[0x9])[0xffffffde][\r]J[0xffffffb8][0xffffffb5][0xffffffcb][0xffffffbb]=[0xffffffd8][0xf][0x1c][0xfffffff4][0xffffffda][0xffffffe5][0xffffff8f];[0xffffffa0])A[0xffffffae]][0xfffffffe][0xffffffb8]:C[0xffffff89][0xffffffa0][0xffffffb5]K[0x17]E[0xffffff86][0x12])k[0xffffff97].[0xffffff96][0xfffffff5][0xffffff94]`[0xffffffd7].5[0xffffffa2]I[0xffffff94][0x8][[0xffffffbb]|[0xffffffd3][0xffffffa5],%[0xffffff82][0xffffffd6].M[0xffffffd3]R[0xffffff94][0xfffffff8][0xfffffffe][0xffffffda][0xffffffe5][0xfffffff3]rk[0xffffff97][0xfffffff7]1[0xffffffa1][0xffffff8f]A[0xffffffbf][0xffffffee][0x7][0xffffffa6][0x4][0xffffffbf]v[0xfffffff9][0xffffffeb][0x1e][0x18]JPk[0xffffff97][0xffffffff]\9[0xffffff83][0x12][0x19]k[0xffffff97]>[0xffffff90][0xc]%[0xfffffff8][0xffffffb5]K[\r]g5%r[0xffffffd7].my[0xffffffb2][0xffffff94][0xffffff88][[0xffffffbb][0xffffffb4][0xffffffd5][0xffffffca]Q"d[0xffffffed][0xffffffd2][0x14][0xffffffef][0x6]%[0xffffffdc][0xffffffda][0xffffffe5][0xfffffffd]<[0xffffff93][0xffffffa2][0x4][0xffffffbd]v[0xfffffff9][0xffffffe3][0xe]hJ[0xffffff90]k[0xffffff97]?[0xffffffae][0xffffffce]P"h[0xffffffed][0xffffffd2]E[0xffffff91][0xffffffa1]D[0xffffffca][0xffffffda][0xffffffa5][0xffffff8b]e=%[0xffffffd8][0xffffffb5]K[0xffffff8d]h[0x12]%[0xffffffc2][0xffffffd6].[0xffffffdf]t)K[0xffffff89][0xffffffa0][0xffffffb5]K[0xffffffd3][0xffffffb4][0x14]%[0xffffffbe][0xffffffbf]v[0xfffffff9][0xffffffbc][0xffffffdc]D[0xffffffd5]3n[0xffffffe8][0xffffff90][0xfffffff1][0xffffffaf][0xfffffffb][0xffffff81])[0xffffffc1]OT[0xfffffffd][0xffffffba][0x7][0xffffff86][0x12][0xffffffd4]D[0xffffffd5]?W[0xffffffce][0xffffffa0]D[0xffffffc6]D[0xffffff95][0xf]$C[0x9]~[0xffffffa2]J[0xffffffc3]YM[0xffffff89][0xffffffdc][0xffffff89]*[[0xffffff9e],%[0xffffffe2]&[0xffffffaa]l[0xffffffb5]r[0xffffff94][0x8][0xffffff99][0xffffffa8]2[0xffffffc5][0xfffffffb][0xfffffff7][0xffffff94]hnW[0xffffffe2]9.[0xffffffea][0x7][0xffffff8e][0xffffff86][0xffffffef]J[0xffffffb4][0xffffff80]][0xffffff89]f>~[0xffffffae][0xb]x[0xffffffc3]v%[0xffffff9a]|[0xffffffde][0xc]R[0xffffffc2]D[0x11][0xffffffa1][0xffffff84][\r]$B[0x9][0x13][0xffffffcb]rJH8[0xffffff8b])![0x11][\r][0xffffffa2][0xffffff84]+O[0xffffff94][0x12][0xffffffbe]KQJ[0xffffffb8]j[0xffffffc5]([0xffffffa1]M[0xb]QB[0xffffff8b]w[0xffffff83][0x12]nW[0xffffffe2]9[0xffffffa9][0xffffffe1][0xffffffec][0xffffffaf][0xfffffffb][0xffffff81])[0x11][0xffffffb0]+[0xffffffd1][0xffffffcc][0xffffffc7][0xffffffcf][0xffffff85][0x1][0xffffffc7]v%[0xffffff9a]|[0xffffffde]LR"dW[0xffffffc2][0x6][0xffffff92][0xffffffa1]D[0xffffffc0][0xffffffae][0xffffff84][0xffffff84][0xffffffb3][0xffffff9a][0x12][0xffffffc1][0xffffffbb][0x12][0xffffffae]<YJ[0xffffffe4][0xffffffed]J[0xffffffb8]j[0xffffffe5]([0xffffff91][0xffffffb2]+[0xffffffa1][0xffffffc5][0xffffffbb]A[0xffffff89]a)[0xffffff81][\r]g[0x7f][0xffffffde][0xf]L[0xffffff89][0x11]@[0xffffff89][0xffffffa1]y/[0xc][0xfffffff8][0xffffffc0](1[0xffffff92]([0xffffffa1]Qd([0xffffffe1][0x2][0xffffffc9]PBcYO[0xffffff89]5[0xffffff9c][0xffffffd5][0xffffff94]X#[0xffffff9a]D[0x9]S[0xffffff9e],%l[0xffffff97][0xffffffb2][0xffffff94]0[0xffffffd5][0xffffffca]QB[0xffffff9a][0xffffff96][0xffffffa2][0xffffff84][0x14][0xffffffef][0x6]%[0xffffffdc][0xffffffae][0xffffffc4]s[0x1d][0xffffffd8]S[0x9]|W[0xffffffa2][0x5][0xffffffec]J4[0xfffffff3][0xfffffff1]sa[0xffffffc0][0xffffffb1]][0xffffff89]&[0xffffff9f]7[0xffffff93][0xffffff94][0x8][0xffffffd9][0xffffff95][0xffffffb0][0xffffff81]d([0x11][0xffffffb0]+![0xffffffe1][0xffffffac][0xffffffa6]D[0xfffffff0][0xffffffae][0xffffff84]+O[0xffffff96][0x12]y[0xffffffbb][0x12][0xffffffae]Z9J[0xffffffa4][0xffffffec]Jh[0xfffffff1]nP[0xffffffc2][0xffffffed]J|[0xfffffffe][0xffffffc2]AQ[0x2][0xffffffdf][0xffffff95]h[0x1][0xffffffbb][0x12][0xffffffcd]|[0xfffffffc]\[0x18]plW[0xffffffa2][0xffffffc9][0xffffffe7][0xffffffcd]$%Bv%l [0x19]J[0x4][0xffffffec]JH8[0xffffffab])[0x11][0xffffffbc]+[0xffffffe1][0xffffffca][0xffffff93][0xffffffa5]D[0xffffffde][0xffffffae][0xffffff84][0xffffffab]V[0xffffff8e][0x12])[0xffffffbb][0x12]Z[0xffffffbc][0x1b][0xffffff94][0xffffffd0]][0xffffff89][0xfffffff9]z[0xffffffbd][0xe][0xffffffea][0xb][0xffffff8e][0xffffff86][0xffffffef]J[0xffffffb4][0xffffff80]][0xffffff89]f>~.[0xc]8[0xffffffb6]+[0xffffffd1][0xffffffe4][0xfffffff3]f[0xffffff92][0x12]![0xffffffbb][0x12]6[0xffffff90][0xc]%[0x2]v%$[0xffffff9c][0xffffffd5][0xffffff94][0x8][0xffffffde][0xffffff95]p[0xffffffe5][0xffffffc9]R"oW[0xffffffc2]U+G[0xffffff89][0xffffff94]][0x9]-[0xffffffde][\r]J[0xffffffe8][0xffffffae][0xffffffc4][0x7]%[0x1a][0xfffffff7][0xffffffda]%[0xffffffbe]+[0xffffffd1][0x2]v%[0xffffff9a][0xfffffff9][0xfffffff8][0xffffffb9]0[0xffffffe0][0xffffffd8][0xffffffae]D[0xffffff93][0xffffffcf][0xffffff9b]IJ[0xffffff84][0xffffffec]J[0xffffffd8]@2[0xffffff94][0x8][0xffffffd8][0xffffff95][0xffffff90]pVS"xW[0xffffffc2][0xffffff95]'K[0xffffff89][0xffffffbc]][0x9]W[0xffffffad][0x1c]%Rv%[0xffffffb4]x7(q[J[0xffffff9c][0xffffffd4]q^[0xffffff9f][0xfffffff7][0x3]S[0xffffffe2][0xe][0xffffffa0][0xffffffc4][0xffffffad]y/[0xc][0xfffffff8][0xffffff8d]Q[0xffffffe2]N[0xffffffa2][0xffffff84]F[0xffffff91][0xffffffa1][0xffffff84][0xb]$C[0x9][0xffffff8d]e=%[0xffffffd6]pVSb[0xffffff8d]h[0x12]%Ly[0xffffffb2][0xffffff94][0xffffffb0]][0xffffffca]R[0xffffffc2]T+G[0x9]iZ[0xffffff8a][0x12]R[0xffffffbc][0x1b][0xffffff94][0xffffffd0][0xffffff89][0xffffffaa][0xf]J[0xfffffff4][0xffffff8e][0xffffffbd]+[0xffffff81]OT[0xffffffb5][0xffffff80][0xffffff89][0xffffffaa]fvT[\n]"
01:51:24.934 [main] DEBUG org.apache.hc.client5.http.wire -- http-outgoing-1 << "[0x3][0xffffff8e]MT5YJ!)[0x11]2Qe[0x3][0xffffffc9]P"`[0xffffffa2]J[0xffffffc2]YM[0xffffff89][0xffffffe0][0xffffff89]*W[0xffffff9e],%[0xfffffff2]&[0xffffffaa]\[0xffffffb5]r[0xffffff94]H[0xffffff99][0xffffffa8][0xffffffd2][0xffffffe2][0xfffffffd]{J[0xfffffff4][0xffffff97][0xffffffa5][0xffffffc4]E}[0xc][0xfffffffa]y?,%[0xffffffbe][0xffffffee][0x0][0xffffffa6][0xffffffc4]?[0xfffffff7][0xffffff80]P[0xffffffe2][0xffffffeb][0xffffffea][0x8]%[0xfffffffe]s[0xffffffe5][0x8]J[0xffffff98]("[0xffffff94][0xffffffb0][0xffffff81]D(abYN[0x9][0x9]g1%$[0xffffffa2]A[0xffffff94]p[0xffffffe5][0xffffff89]R[0xffffffc2]w)J[0x9]W[0xffffffad][0x18]%[0xffffffb4]i!Jh[0xfffffff1]nPB[0xffffffd7].?(1[0xffffffb1]w%:[0xffffffbe]v[0xffffffd9][0x3][0xffffffd6].[0xffffffbb][0xffffff99]d+[0xc]8[0xffffffb6]v[0xffffffd9]et[0xffffff8d][0xffffffa4]D[0xffffffc8][0xffffffda][0xffffffa5][\r]$C[0xffffff89][0xffffff80][0xffffffb5]K[0x9]g5%[0xffffff82][0xffffffd7].]y[0xffffffb2][0xffffff94][0xffffffc8][[0xffffffbb]t[0xffffffd5][0xffffffca]Q"e[0xffffffed]R[0xffffff8b]w[0xffffff83][0x12][0xffffffba]v[0xfffffff9]I[0xffffff89][0xffffff9b]zW[0xffffffa2][0xffffffe3]k[0xffffff97]=`[0xffffffed][0xffffffb2][0xffffff9b]I[0xffffffb6][0xffffffc2][0xffffff80]ck[0xffffff97]]F[0xffffffd7]HJ[0xffffff84][0xffffffac]][0xffffffda]@2[0xffffff94][0x8]X[0xffffffbb][0xffffff94]pVS"x[0xffffffed][0xffffffd2][0xffffff95]'K[0xffffff89][0xffffffbc][0xffffffb5]KW[0xffffffad][0x1c]%R[0xffffffd6].[0xffffffb5]x7(1[0x1c]%[0xffffffce]N}[0xc][0xfffffffa]y?0%F[0x0]%[0xffffff86][0xffffffe6][0xffffffbd]0[0xffffffe0][0x3][0xffffffa3][0xffffffc4]H[0xffffffa2][0xffffff84]F[0xffffff91][0xffffffa1][0xffffff84][0xb]$C[0x9][0xffffff8d]e=%[0xffffffd6]pVSb[0xffffff8d]h[0x12]%Ly[0xffffffb2][0xffffff94][0xffffffb0]][0xffffffca]R[0xffffffc2]T+G[0x9]iZ[0xffffff8a][0x12]R[0xffffffbc][0x1b][0xffffff94][0xffffffd0][0xffffff89][0xffffffaa][0xf]J\[0x3]{*[0xffffff81]OT[0xfffffff5][0xffffff80][0xffffff89][0xffffffaa]nvT[\n]"
01:51:24.934 [main] DEBUG org.apache.hc.client5.http.wire -- http-outgoing-1 << "[0x3][0xffffff8e]MTuYJ!)[0x11]2Qe[0x3][0xffffffc9]P"`[0xffffffa2]J[0xffffffc2]YM[0xffffff89][0xffffffe0][0xffffff89]*W[0xffffff9e],%[0xfffffff2]&[0xffffffaa]\[0xffffffb5]r[0xffffff94]H[0xffffff99][0xffffffa8][0xffffffd2][0xffffffe2][0xffffffdd][0xffffffa0][0xffffff84][0xffffff9d][0xffffffa8][0xffffffba][0xffffffee][0xffffff93][0xffffffa2][0x4]>Q[0xffffffd5][0x3]&[0xffffffaa][0xffffffba][0xffffffd9]Q)[0xc]86Q[0xffffffd5]e)[0xffffff85][0xffffffa4]D[0xffffffc8]D[0xffffff95][\r]$C[0xffffff89][0xffffff80][0xffffff89]*[0x9]g5%[0xffffff82]'[0xffffffaa]\y[0xffffffb2][0xffffff94][0xffffffc8][0xffffff9b][0xffffffa8]r[0xffffffd5][0xffffffca]Q"e[0xffffffa2]J[0xffffff8b]w[0xffffff83][0x12]v[0xffffffa2][0xffffffea][0x1e][0xffffffd4][0xffffffc7][0xffffffa0][0x1d][0xffffff9f][0xffffffa8][0xffffffea][0x1][0x13]U[0xffffffdd][0xffffffec][0xffffffa8][0x14][0x6][0x1c][0xffffff9b][0xffffffa8][0xffffffea][0xffffffb2][0xffffff94]BR"d[0xffffffa2][0xffffffca][0x6][0xffffff92][0xffffffa1]D[0xffffffc0]D[0xffffff95][0xffffff84][0xffffffb3][0xffffff9a][0x12][0xffffffc1][0x13]U[0xffffffae]<YJ[0xffffffe4]MT[0xffffffb9]j[0xffffffe5]([0xffffff91]2Q[0xffffffa5][0xffffffc5][0xffffffbb]A[0x9];Q[0xfffffff5]4[0xffffffec][0xffffffa9][0x4]>Q[0xffffffd5][0x3]&[0xffffffaa][0xffffffba][0xffffffd9]Q)[0xc]86Q[0xffffffd5]e)[0xffffff85][0xffffffa4]D[0xffffffc8]D[0xffffff95][\r]$C[0xffffff89][0xffffff80][0xffffff89]*[0x9]g5%[0xffffff82]'[0xffffffaa]\y[0xffffffb2][0xffffff94][0xffffffc8][0xffffff9b][0xffffffa8]r[0xffffffd5][0xffffffca]Q"e[0xffffffa2]J[0xffffff8b]w[0xffffff83][0x12]n[0xffffffa2][0xffffffaa][0xffffffbd][0xffffffb8][0xffffff8f]A[0xfffffff1][0xffffff89][0xffffffaa][0x1e]0Q[0xffffffd5][0xffffffcd][0xffffff8e]Ja[0xffffffc0][0xffffffb1][0xffffff89][0xffffffaa].K)$%B&[0xffffffaa]l [0x19]J[0x4]LTI8[0xffffffab])[0x11]<Q[0xffffffe5][0xffffffca][0xffffff93][0xffffffa5]D[0xffffffde]D[0xffffff95][0xffffffab]V[0xffffff8e][0x12])[0x13]UZ[0xffffffbc][0x7f]O[0xffffff89][0xffffffe1]&[0xffffffaa]Z[0xffffffeb][0xffffffd4]S[0xffffff89][0xffffff81]OT[0xffffff8d][0xffffff80][0xffffff89][0xffffffaa]avT[0xffffffea][0x2]>[0xffffffb0][0xffffff89][0xffffffaa]!K) %L[0x14][0x11]J[0xffffffd8]@"[0xffffff94]0[0xffffffb1],[0xffffffa7][0xffffff84][0xffffff84][0xffffffb3][0xffffff98][0x12][0x12][0xffffffd1] J[0xffffffb8][0xfffffff2]D)[0xffffffe1][0xffffffbb][0x14][0xffffffa5][0xffffff84][0xffffffab]V[0xffffff8c][0x12][0xffffffda][0xffffffb4][0x10]%[0xffffffb4]x7([0xffffffe1]&[0xffffffaa]Z[0xffffffbb][0xf][0xffffff8a][0x12][0xfffffff8]D[0xffffffd5][0x8][0xffffff98][0xffffffa8][0x1a]fG[0xffffffa5]0[0xffffffe0][0xffffffd8]D[0xffffffd5][0xffffff90][0xffffffa5][0x14][0xffffff92][0x12]![0x13]U6[0xffffff90][0xc]%[0x2]&[0xffffffaa]$[0xffffff9c][0xffffffd5][0xffffff94][0x8][0xffffff9e][0xffffffa8]r[0xffffffe5][0xffffffc9]R"o[0xffffffa2][0xffffffca]U+G[0xffffff89][0xffffff94][0xffffff89]*-[0xffffffde][\r]J[0xffffffb8][0xffffff89][0xffffffaa][0xffffffd6]g[0xffffffa7]([0xffffff81]OT[0xffffff8d][0xffffff80][0xffffff89][0xffffffaa]avT[\n]"
01:51:24.935 [main] DEBUG org.apache.hc.client5.http.wire -- http-outgoing-1 << "[0x3][0xffffff8e]MT[\r]YJ!)[0x11]2Qe[0x3][0xffffffc9]P"`[0xffffffa2]J[0xffffffc2]YM[0xffffff89][0xffffffe0][0xffffff89]*W[0xffffff9e],%[0xfffffff2]&[0xffffffaa]\[0xffffffb5]r[0xffffff94]H[0xffffff99][0xffffffa8][0xffffffd2][0xffffffe2][0xffffffdd][0xffffffa0][0xffffffc4][0xffffffb0][0xffffff94]x[0xffffffa8][0xffffff89][0xffffffaa][0xffffffcf][0x7f][0xffffffc0][0xffffff94][0x18][0x1][0xffffff94][0x18][0xffffff9a][0xfffffff7][0xffffffc2][0xffffff80][0xf][0xffffff8c][0x12]#[0xffffff89][0x12][0x1a]E[0xffffff86][0x12].[0xffffff90][0xc]%4[0xffffff96][0xfffffff5][0xffffff94]X[0xffffffc3]YM[0xffffff89]5[0xffffffa2]I[0xffffff94]0[0xffffffe5][0xffffffc9]R[0xffffffc2]v)K[0x9]S[0xffffffad][0x1c]%[0xffffffa4]i)JH[0xfffffff1]nP[0xffffffc2]MT[0xffffffb5][0xfffffff3][0xffffffa4]>[0x6][0x1d][0xfffffff8]D[0xffffffd5][0x8][0xffffff98][0xffffffa8][0x1a]fG[0xffffffa5]0[0xffffffe0][0xffffffd8]D[0xffffffd5][0xffffff90][0xffffffa5][0x14][0xffffff92][0x12]![0x13]U6[0xffffff90][0xc]%[0x2]&[0xffffffaa]$[0xffffff9c][0xffffffd5][0xffffff94][0x8][0xffffff9e][0xffffffa8]r[0xffffffe5][0xffffffc9]R"o[0xffffffa2][0xffffffca]U+G[0xffffff89][0xffffff94][0xffffff89]*-[0xffffffde][\r]J[0xffffffb8][0xffffff89][0xffffffaa]v[0xffffffbf]0J[0xffffffe0][0x13]U#`[0xffffffa2]j[0xffffff98][0x1d][0xffffff95][0xffffffc2][0xffffff80]c[0x13]UC[0xffffff96]RHJ[0xffffff84]LT[0xffffffd9]@2[0xffffff94][0x8][0xffffff98][0xffffffa8][0xffffff92]pVS"x[0xffffffa2][0xffffffca][0xffffff95]'K[0xffffff89][0xffffffbc][0xffffff89]*W[0xffffffad][0x1c]%R&[0xffffffaa][0xffffffb4]x7([0xffffffe1]&[0xffffffaa][0xfffffffa][0xffffffab]c[0xffffffaf]][0xffffffe2][0x13]U#`[0xffffffa2]j[0xffffff98][0x1d][0xffffff95][0xffffffc2][0xffffff80]c[0x13]UC[0xffffff96]RHJ[0xffffff84]LT[0xffffffd9]@2[0xffffff94][0x8][0xffffff98][0xffffffa8][0xffffff92]pVS"x[0xffffffa2][0xffffffca][0xffffff95]'K[0xffffff89][0xffffffbc][0xffffff89]*W[0xffffffad][0x1c]%R&[0xffffffaa][0xffffffb4]x7([0xffffffe1]&[0xffffffaa][0xfffffffa][0xffffffeb]~(J[0xffffffe0][0x13]U#`[0xffffffa2]j[0xffffff98][0x1d][0xffffff95][0xffffffc2][0xffffff80]c[0x13]UC[0xffffff96]RHJ[0xffffff84]LT[0xffffffd9]@2[0xffffff94][0x8][0xffffff98][0xffffffa8][0xffffff92]pVS"x[0xffffffa2][0xffffffca][0xffffff95]'K[0xffffff89][0xffffffbc][0xffffff89]*W[0xffffffad][0x1c]%R&[0xffffffaa][0xffffffb4]x7([0xffffffe1]&[0xffffffaa]z[0xffffff9b][0x18]%[0xfffffff0][0xffffff89][0xffffffaa][0x11]0Q5[0xffffffcc][0xffffff8e]Ja[0xffffffc0][0xffffffb1][0xffffff89][0xffffffaa]!K)$%B&[0xffffffaa]l [0x19]J[0x4]LTI8[0xffffffab])[0x11]<Q[0xffffffe5][0xffffffca][0xffffff93][0xffffffa5]D[0xffffffde]D[0xffffff95][0xffffffab]V[0xffffff8e][0x12])[0x13]UZ[0xffffffbc][0x7f]O[0xffffff89][0xffffffe9]&[0xffffffaa]z{[0xffffffa8][0xffffff89][0xffffffaa][0xffffff89]OT[0xffffffcd][0xffffff80][0xffffff89][0xffffffaa]ivT[0xffffffea][0x2]>[0xffffffb1][0xffffff89][0xffffffaa])K) %L[0x14][0x11]J[0xffffffd8]@"[0xffffff94]0[0xffffffb1],[0xffffffa7][0xffffff84][0xffffff84][0xffffffb3][0xffffff98][0x12][0x12][0xffffffd1] J[0xffffffb8][0xfffffff2]D)[0xffffffe1][0xffffffbb][0x14][0xffffffa5][0xffffff84][0xffffffab]V[0xffffff8c][0x12][0xffffffda][0xffffffb4][0x10]%[0xffffffb4]x7([0xffffffe1]&[0xffffffaa]z[0xffffffc7][0xffffff9e]JL|[0xffffffa2]j[0x6]LTM[0xffffffb3][0xffffffa3]R[0x18]pl[0xffffffa2]j[0xffffffca]R[\n]"
01:51:24.935 [main] DEBUG org.apache.hc.client5.http.wire -- http-outgoing-1 << "I[0xffffff89][0xffffff90][0xffffff89]*[0x1b]H[0xffffff86][0x12][0x1][0x13]U[0x12][0xffffffce]jJ[0x4]OT[0xffffffb9][0xfffffff2]d)[0xffffff91]7Q[0xffffffe5][0xffffffaa][0xffffff95][0xffffffa3]D[0xffffffca]D[0xffffff95][0x16][0xffffffef][0x6]%[0xffffffdc]DU[0x1f][0x7][0xffffffb5]+1[0xfffffff1][0xffffff89][0xffffffaa][0x19]0Q5[0xffffffcd][0xffffff8e]Ja[0xffffffc0][0xffffffb1][0xffffff89][0xffffffaa])K)$%B&[0xffffffaa]l [0x19]J[0x4]LTI8[0xffffffab])[0x11]<Q[0xffffffe5][0xffffffca][0xffffff93][0xffffffa5]D[0xffffffde]D[0xffffff95][0xffffffab]V[0xffffff8e][0x12])[0x13]UZ[0xffffffbc][0x1b][0xffffff94][0x18][0xffffff8e][0x12][0xffffffd7]yS[0xffffff94][0x18]8%F[0x0]%[0xffffff86][0xffffffe6][0xffffffbd]0[0xffffffe0][0x3][0xffffffa3][0xffffffc4]H[0xffffffa2][0xffffff84]F[0xffffff91][0xffffffa1][0xffffff84][0xb]$C[0x9][0xffffff8d]e=%[0xffffffd6]pVSb[0xffffff8d]h[0x12]%Ly[0xffffffb2][0xffffff94][0xffffffb0]][0xffffffca]R[0xffffffc2]T+G[0x9]iZ[0xffffff8a][0x12]R[0xffffffbc][[0xffffff94][0xffffffe8]a[0xffffff94][0xffffffe8]8%z[0x0]%:J[0xffffff89][0xffffff8e]Q[0xffffffa2]'Qb[0xffffff8d]"E[0x9][\r]$E[0xffffff89]5[0xffffff96][0x4]%:L[0xffffff89][0x1e]L[0x9])O[0xffffff9a][0x12][0xffffffa6]KiJH[0xffffffb5][0xffffff92][0xffffff94][0xffffffe8])[0xffffff94][0xffffffe8][0xffffffff][0x2]%[0xffffffce]0J[0xffffff9c]8%[0xffffffce][0x0]J[0xffffff9c](%N[0xffffff8c][0x12]g[0x12]%[0xffffffd6](R[0xffffff94][0xffffffd0]@R[0xffffff94]XcIP[0xffffffe2][0xffffff84])q[0x6]SB[0xffffffca][0xffffff93][0xffffffa6][0xffffff84][0xffffffe9]R[0xffffff9a][0x12]R[0xffffffad]$%[0xffffffce][0x14]J[0xffffff9c][0xffffffff][0x2]%Z[0xffffff9a]%[0x1a][0xffffff8f][0xffffff89][0xffffff96][0xffffffa0][0xffffff89][0xffffffc6]r[0xffffffa2]q[0xffffff9e]hQ[0xffffffa0][0xffffff90]<R[0xffffffa2]0[0xffffffa9][0xffffffa4]H![0xffffffd9]$L[0xffffffd1]hT[0xffffffb4]dUh[0xffffff8d][0xffffffd2][0xffffffac]p[0xffffffad]J[0xffffffbb]BK[0xffffff96][0xffffff84][0xffffffc5][0xffffffda][0xffffffb9][0xffffff9c],[0xffffffd6][\n]"
01:51:24.935 [main] DEBUG org.apache.hc.client5.http.wire -- http-outgoing-1 << "[0xffffffde][0xffffffa2]E[0xffffffbf][0xffffffc2]h[0xffffffd1]/[0xffffff9c][0x16][0x1f][0xffffffb7][0xffffffc0][0xffffffd3][0xffffffe2][0xffffffe7]MP[0xffffffb4][0xfffffff8][0xffffffb8]<E[0xffffff8b][0x1f][0xffffff97]N[0xffffffa1][0xffffff85][0xffffffe4][0xffffff91][0xffffffa2][0xffffff85]I%E[0xb][0xffffffc9]&A[0xffffff8b]%[0xffffffa1][0xfffffff5][0xffffffb4]Xr[0xffffff9a]E[0xb][0xffffffad]Q[0xffffff9a][0x16][0xffffffae]UiZh[0xffffffc9][0xffffff92][0xffffffb4]X;[0xffffff97][0xffffffa3][0xffffffc5]Z[0xffffffc1][[0xffffffb4][0x18]G[0x18]-[0xffffffc6][0xffffff81][0xffffffd3][0xffffffe2][0xffffffe3][0x16]xZ[0xfffffffc][0xffffffbc][0x9][0xffffff8a][0x16][0x1f][0xffffff97][0xffffffa7]h[0xfffffff1][0xffffffe3][0xffffffd2])[0xffffffb4][0xffffff90]<R[0xffffffb4]0[0xffffffa9][0xffffffa4]h![0xffffffd9]$h[0xffffffb1]$[0xffffffb4][0xffffff9e][0x16]KN[0xffffffb3]h[0xffffffa1]5J[0xffffffd3][0xffffffc2][0xffffffb5]*M[0xb]-Y[0xffffff92][0x16]k[0xffffffe7]r[0xffffffb4]X+x[0xffffff8b][0x16]_[0x1f][0xffffff8a]&[0xffffffd1][0xffffffe2][0x18]8->n[0xffffff81][0xffffffa7][0xffffffc5][0xffffffcf][0xffffff9b][0xffffffa0]h[0xfffffff1]qy[0xffffff8a][0x16]?.[0xffffff9d]B[0xb][0xffffffc9]#E[0xb][0xffffff93]J[0xffffff8a][0x16][0xffffff92]M[0xffffff82][0x16]KB[0xffffffeb]i[0xffffffb1][0xffffffe4]4[0xffffff8b][0x16]Z[0xffffffa3]4-\[0xffffffab][0xffffffd2][0xffffffb4][0xffffffd0][0xffffff92]%i[0xffffffb1]v.G[0xffffff8b][0xffffffb5][0xffffff82][0xffffffb7]h[0xfffffff1][0xffffffdc]a[0xffffffb4]xn[0xffffff9c][0x16][0x1f][0xffffffb7][0xffffffc0][0xffffffd3][0xffffffe2][0xffffffe7]MP[0xffffffb4][0xfffffff8][0xffffffb8]<E[0xffffff8b][0x1f][0xffffff97]N[0xffffffa1][0xffffff85][0xffffffe4][0xffffff91][0xffffffa2][0xffffff85]I%E[0xb][0xffffffc9]&A[0xffffff8b]%[0xffffffa1][0xfffffff5][0xffffffb4]Xr[0xffffff9a]E[0xb][0xffffffad]Q[0xffffff9a][0x16][0xffffffae]UiZh[0xffffffc9][0xffffff92][0xffffffb4]X;[0xffffff97][0xffffffa3][0xffffffc5]Z[0xffffffc1][[0xffffffb4]h=[0xffffffee]=[0xffffffce][0x1e][0xfffffff0]"g[0xffffff8f]x[0xffffff93][0xffffffb3][0xffffffc3][0xffffffaf]rv[0xfffffff0]][0xffffffce][0xffffff9e][0xfffffff5]2[0xffffffa7][0xffffff84][0xffffff92][0x12][0xffffff86][0xffffff8b]&E[0xc][\r](a[0xffffff8c]5[0xffffffa6][0xfffffff5][0xffffffc8]X[0xffffffc3][0xffffff9a][0xffffffa5][0xc]S[0xffffffa8]43l[0xffffffbf][0xffffffd2][0xffffffce]0uKBC[0xffffffda][0xffffff97][0xffffff93][0xffffff86][0xffffff94][0xfffffff1]&5[0xffffffd2][0xffffffde][0xffffffeb]l[0x1]/v[0xffffffb6][0xffffff88]7;[0xffffff9b][0xffffffbe]uT[0x1c]v[0xffffffee][0xffffffdd][0xffffffce][0xffffff96][0xfffffff5]r[0xffffffa7][0xffffff86][0xffffff92][0xffffffa3]F[0xffffffce][0xffffffeb][0xffffff9d][0x1a]P[0xffffff86]"
01:51:24.946 [main] DEBUG org.apache.hc.client5.http.wire -- http-outgoing-1 << "[0x1a][0xfffffff4][0xb][0xffffff9e]kX[0xffffffd3][0xffffffa8][0x11][0xfffffff7][0xffffff8a][0xffffffa7][0xffffffed]W[0xffffff9e][0x1a]Q/yJ[0xfffffffb][0xffffff92][0xffffffd4][0xfffffff8]7^[0xfffffff3]l[0xffffffb3][0xffffffa5]Qc6[0xffffff9e][0x1a][0x1f][0xfffffff7][0x10]@[0xffffff8d][0xffffff9f]w[0xffffff81]Q[0xffffffe3][0xffffffe3][0xfffffffa][0x18]5~\;[0xffffff86][0x1a][0x12]J[0xffffff8c][0x1a]&[0xffffff9a][0x18]5$[0xffffffa0][0x8]5[0xffffff96][0xffffff98][0x2][0xffffffd4]X[0xffffffc2][0x1a]F[\r]-T[0xffffff9c][0x1a][0xffffffae]_qjh[0xffffffdd][0xffffffa2][0xffffffd4]X[0xffffffdb][0x17][0xffffffa4][0xffffffc6]Z[0xffffffc6][0x7f]C[0xffffff8d][0xfffffff9][0xffffffe3][0xffffffaf]L3[0xfffffff4]=[0xfffffffa]U[0x7f]f[0xffffffc8][0xffffffaf][0xfffffffb][0xffffffa1][0xffffff98][0xfffffff1][0xffffffdb][0x1d]`[0xffffffc8]X[0xffffffee][0xffffffa1][0xffffff98][0x18][0xffffffbf]][0xffffffbd][0x18][0x18][0xffffffff]}e[0xffffff98][0x17]o[0xffffffa3]X[0xffffff8c][0xffffff8b]?[0x4][0xffffffb2][0xffffff98][0x16]ocY[0x8][0xffffff8b]7[0xffffffe1],c[0xffffffc5][0xffffff9b][0xffffff88]F[0xffffffa0][0xffffffe2]}yB[0xffffffa4][0xfffffff8]S[0xffffff97]B[0xffffffa0]x_[0xffffffad][0x0]'[0xffffffde]5m9&[0xffffffde][0x15][0xffffffef][0x16]%z[0x18]%[0xffffffb0][0xffffffa1][0xffffffef][0xffffffdf][0xffffffee][0xffffff80][0xffffffa7][0x4]2[0xfffffff4][0xfffffffd][0xffffffdb][0xffffffd5])J$[0xc]}[0xffffffbf][0xffffff8d]"E[0x9]|[0xffffffe8][0xfffffffb]m,[0x9]J@C[0xffffffdf]o"[0xffffff9a]E[0xffffff89][0xffffff94][0xffffffa1][0xffffffef]?u)M[0xffffff89][0xffffff84][0xffffffa1][0xffffffef]wM[0xffffffcb]Q[0xffffffe2][0x1b]C[0xffffffdf]?[0xffffffff][0xffffffc6][0xffffffe1][0xffffff9e]J[0x1c][0xffffffad][0xfffffffe]P[0xfffffff4]_[0xfffffff7][0x3]S[0xffffffe2][0x8]x*q([0xffffff9d][0xb][0x3]~`O%[0xffffff8e][0xffffffa4][0xffffffa7][0x12][0x1a]E[0xffffff86][0x12].[0xffffff90][0xc]%4[0xffffff96][0xfffffff5][0xffffff94]X[0xffffffc3]YM[0xffffff89]5[0xffffffa2]I[0xffffff94]0[0xffffffe5][0xffffffc9]R[0xffffffc2]v)K[0x9]S[0xffffffad][0x1c]%[0xffffffa4]i)JH[0xfffffff1]nQ[0xffffffc2]<[0xffffff95]@)A?[0xffffff95]8[0x2][0xffffff9e]J[0x1c]J[0xffffffe7][0xffffffd2][0xffffff80]SO%[0xffffff8e][0xffffffa4][0xffffffa7][0x12][0x1a]E[0xffffff8a][0x12])O%4[0xffffff96][0x4]%[0xffffffd8][0xffffffa7][0x12]kD[0xffffffb3]([0x11][0xfffffff6]T[0xffffffc2]v)M[0xffffff89][0xffffffa0][0xffffffa7][0x12][0xffffffd2][0xffffffb4][0x1c]%[0xffffffbe][0xffffffff]T[0xffffffe2]tO%[0xffffff9e][0xfffffff3][0xffffffa0](q[0xffffffe2]O%[0xffffffce][0xffffff80][0xffffffa7][0x12][0xffffffa7][0xffffffd2][0xffffffb9]0[0xffffffe0]'[0xfffffff6]T[0xffffffe2]Lz*[0xffffffa1]Qd([0xffffffe1][0x2][0xffffffc9]PBcYO[0xffffff89]5[0xffffff9c][0xffffffd5][0xffffff94]X#[0xffffff9a]D[0x9]S[0xffffff9e],%l[0xffffff97][0xffffffb2][0xffffff94]0[0xffffffd5][0xffffffca]QB[0xffffff9a][0xffffff96][0xffffffa2][0xffffff84][0x14][0xffffffef][0x6]%.C[0xffffff89][0xffffffd9]z[0xffffffa3](q[0xffffffe1][0xffffff94][0xffffffb8][0x2](qi[0xffffffde][0xb][0x3]~a[0xffffff94][0xffffffb8][0xffffff92]([0xffffffa1]Qd([0xffffffe1][0x2][0xffffffc9]PBcYO[0xffffff89]5[0xffffff9c][0xffffffd5][0xffffff94]X#[0xffffff9a]D[0x9]S[0xffffff9e],%l[0xffffff97][0xffffffb2][0xffffff94]0[0xffffffd5][0xffffffca]QB[0xffffff9a][0xffffff96][0xffffffa2][0xffffff84][0x14][0xffffffef][0x6]%nG[0xffffff89][0xffffffe3][0xffffffc0]~[0xffffffe0][0xffffffb8]qJ[0xffffffdc][0x1][0xffffff94][0xffffffb8]5[0xffffffef][0xffffff85][0x1][0xffffffbf]1J[0xffffffdc]I[0xffffff94][0xffffffd0](2[0xffffff94]p[0xffffff81]d([0xffffffa1][0xffffffb1][0xffffffac][0xffffffa7][0xffffffc4][0x1a][0xffffffce]jJ[0xffffffac][0x11]M[0xffffffa2][0xffffff84])O[0xffffff96][0x12][0xffffffb6]KYJ[0xffffff98]j[0xffffffe5](!MKQB[0xffffff8a]w[0xffffff83][0x12][0xffffff8f][0xffffffa3][0xffffffc4]5'E[0xffffff89][0x7][0xffffffa7][0xffffffc4][0x13]@[0xffffff89]G[0xfffffff3]^[0x18][0xfffffff0][0x7][0xffffffa3][0xffffffc4][0xffffff93]D[0x9][0xffffff8d]"C[0x9][0x17]H[0xffffff86][0x12][0x1a][0xffffffcb]zJ[0xffffffac][0xffffffe1][0xffffffac][0xffffffa6][0xffffffc4][0x1a][0xffffffd1]$J[0xffffff98][0xfffffff2]d)a[0xffffffbb][0xffffff94][0xffffffa5][0xffffff84][0xffffffa9]V[0xffffff8e][0x12][0xffffffd2][0xffffffb4][0x14]%[0xffffffa4]x[0xffffffff][0xffffff9e][0x12][0xffffffc7][0xffffffcb]P[0xffffffe2]x[0x1d][0x17]D[0xffffff89][0xffffffcf][0xfffffffb]a)[0xfffffff1]u[0x7]0%[0xfffffffe][0xffffffb9][0x7][0xffffff84][0x12]_WG([0xfffffff1][0xffffff9f]+GP[0xffffffc2]D[0x11][0xffffffa1][0xffffff84][\r]$B[0x9][0x13][0xffffffcb]rJH8[0xffffff8b])![0x11][\r][0xffffffa2][0xffffff84]+O[0xffffff94][0x12][0xffffffbe]KQJ[0xffffffb8]j[0xffffffc5]([0xffffffa1]M[0xb]QB[0xffffff8b]w[0xffffff83][0x12][0xffffffdd]Q[0xffffffa2][0xfffffff7][0xfffffffa]-[0xffffffcc]_[0xfffffff7][0x3]S[0xffffffa2][0x7]P[0xffffffa2]k[0xffffffde][0xb][0x3][0xffffffde]1J[0xfffffff4]$Jh[0x14][0x19]J[0xffffffb8]@2[0xffffff94][0xffffffd0]X[0xffffffd6]Sb[\r]g5%[0xffffffd6][0xffffff88]&Q[0xffffffc2][0xffffff94]'K[0x9][0xffffffdb][0xffffffa5],%L[0xffffffb5]r[0xffffff94][0xffffff90][0xffffffa6][0xffffffa5](![0xffffffc5][0xffffffbb]A[0xffffff89]a)[0x1][0xffffffcc]j[0xffffffff][0xffffffba][0x1f][0xffffff98][0x12]#[0xffffff80][0x12]C[0xfffffff3]^[0x18][0xfffffff0][0xffffff81]Qb$QB[0xffffffa3][0xffffffc8]P[0xffffffc2][0x5][0xffffff92][0xffffffa1][0xffffff84][0xffffffc6][0xffffffb2][0xffffff9e][0x12]k8[0xffffffab])[0xffffffb1]F4[0xffffff89][0x12][0xffffffa6]<YJ[0xffffffd8].e)a[0xffffffaa][0xffffff95][0xffffffa3][0xffffff84]4-E[0x9])[0xffffffde][\r]JLG[0xffffff89]q[0xffffffbc](JL[0xffffff9c][0x12]3[0xffffff80][0x12]S[0xfffffff3]^[0x18][0xfffffff0][0xffffff89]Qb&QB[0xffffffa3][0xffffffc8]P[0xffffffc2][0x5][0xffffff92][0xffffffa1][0xffffff84][0xffffffc6][0xffffffb2][0xffffff9e][0x12]k8[0xffffffab])[0xffffffb1]F4[0xffffff89][0x12][0xffffffa6]<YJ[0xffffffd8].e)a[0xffffffaa][0xffffff95][0xffffffa3][0xffffff84]4-E[0x9])[0xffffffde][\r]J[0xffffffb8][0xffffffb5][0xffffffcb]c[0xffffffde][0xffffffd8][0xffffffbb][0x12][0xfffffff8][0xffffffda][0xffffffe5][0x11][0xffffffb0]vy[0xffffff98]I[0xffffffb6][0xffffffc2][0xffffff80]ck[0xffffff97][0xffffff87][0xffffff8c][0xffffffae][0xffffff91][0xffffff94][0x8]Y[0xffffffbb][0xffffffb4][0xffffff81]d([0x11][0xffffffb0]v)[0xffffffe1][0xffffffac][0xffffffa6]D[0xfffffff0][0xffffffda][0xffffffa5]+O[0xffffff96][0x12]yk[0xffffff97][0xffffffae]Z9J[0xffffffa4][0xffffffac]]j[0xfffffff1]nP[0xffffffc2]MT[0x1d]7[0xfffffff7][0xffffffda]%>Qu[0x4]LT[0x1d]fG[0xffffffa5]0[0xffffffe0][0xffffffd8]D[0xffffffd5]!K)$%B&[0xffffffaa]l [0x19]J[0x4]LTI8[0xffffffab])[0x11]<Q[0xffffffe5][0xffffffca][0xffffff93][0xffffffa5]D[0xffffffde]D[0xffffff95][0xffffffab]V[0xffffff8e][0x12])[0x13]UZ[0xffffffbc][0x1b][0xffffff94]p[0x13]U[0xffffffe7][0xffffffeb]<)J[0xffffffe0][0x13]UG[0xffffffc0]D[0xffffffd5]avT[\n]"
01:51:24.949 [main] DEBUG org.apache.hc.client5.http.wire -- http-outgoing-1 << "[0x3][0xffffff8e]MT[0x1d][0xffffffb2][0xffffff94]BR"d[0xffffffa2][0xffffffca][0x6][0xffffff92][0xffffffa1]D[0xffffffc0]D[0xffffff95][0xffffff84][0xffffffb3][0xffffff9a][0x12][0xffffffc1][0x13]U[0xffffffae]<YJ[0xffffffe4]MT[0xffffffb9]j[0xffffffe5]([0xffffff91]2Q[0xffffffa5][0xffffffc5][0xffffffbb]A[0x9]7Qu[0xffffffce][0xb]{*[0xffffff81]OT[0x1d][0x1][0x13]U[0xffffff87][0xffffffd9]Q)[0xc]86Qu[0xffffffc8]R[\n]"
01:51:24.949 [main] DEBUG org.apache.hc.client5.http.wire -- http-outgoing-1 << "I[0xffffff89][0xffffff90][0xffffff89]*[0x1b]H[0xffffff86][0x12][0x1][0x13]U[0x12][0xffffffce]jJ[0x4]OT[0xffffffb9][0xfffffff2]d)[0xffffff91]7Q[0xffffffe5][0xffffffaa][0xffffff95][0xffffffa3]D[0xffffffca]D[0xffffff95][0x16][0xffffffef][0x16]%z[0x18]%[0xffffffe0][0xffffffe3][0xffffffbc][0xffffffbe][0xffffffee][0xffffff80][0xffffffa7][0x4]x[0xffffff9c][0xffffffd7][0xffffffd7][0xffffffd5])J[0xffffffe4][0x1c][0xffffffe7]e[0xffffffa2]HQ"[0xffffffe4]8/[0x13]K[0xffffff82][0x12][0xffffffe8]q^[0x12][0xffffffd1],Jd[0x1d][0xffffffe7][0xffffffe5][0xffffffbb][0xffffff94][0xffffffa6]D[0xffffffce]q^[0xffffffda][0xffffffb4][0x1c]%[0xffffffbe]}[0xffffff9c][0xffffffd7][0xffffffe9]&[0xffffffaa][0xffffffae][0xffffffd7][0xffffffdd]!J[0xffffff9c][0xfffffff8]D[0xffffffd5][0x19]0Qu[0xffffff9a][0x1d][0xffffff95][0xffffffba][0xffffff80][0xffffff9f][0xffffffd8]D[0xffffffd5])K) %L[0x14][0x11]J[0xffffffd8]@"[0xffffff94]0[0xffffffb1],[0xffffffa7][0xffffff84][0xffffff84][0xffffffb3][0xffffff98][0x12][0x12][0xffffffd1] J[0xffffffb8][0xfffffff2]D)[0xffffffe1][0xffffffbb][0x14][0xffffffa5][0xffffff84][0xffffffab]V[0xffffff8c][0x12][0xffffffda][0xffffffb4][0x10]%[0xffffffb4]x7([0xffffffd1][0x1c]%[0xfffffffa]E[0xffffff9d][0xc][0xfffffffa]y?0%Z[0x0]%[0xffffff9a][0xffffffe6][0xffffffbd]0[0xffffffe0][\r][0xffffffa3]DK[0xffffffa2][0xffffff84]F[0xffffff91][0xffffffa1][0xffffff84][0xb]$C[0x9][0xffffff8d]e=%[0xffffffd6]pVSb[0xffffff8d]h[0x12]%Ly[0xffffffb2][0xffffff94][0xffffffb0]][0xffffffca]R[0xffffffc2]T+G[0x9]iZ[0xffffff8a][0x12]R[0xffffffbc][0x1b][0xffffff94]pk[0xffffff97][0xffffffd7][0xfffffff9]`O%[0xfffffff0][0xffffffb5][0xffffffcb]3`[0xffffffed][0xfffffff2]4[0xffffff93]l[0xffffff85][0x1][0xffffffc7][0xffffffd6].O[0x19]]#)[0x11][0xffffffb2]vi[0x3][0xffffffc9]P"`[0xffffffed]R[0xffffffc2]YM[0xffffff89][0xffffffe0][0xffffffb5]KW[0xffffff9e],%[0xfffffff2][0xffffffd6].][0xffffffb5]r[0xffffff94]HY[0xffffffbb][0xffffffd4][0xffffffe2][0xffffffdd][0xffffffa0][0xffffff84][[0xffffffbb][0xffffffbc][0xffffffee][0x1b]{*[0xffffff81][0xffffffaf]][0xffffff9e][0x1]k[0xffffff97][0xffffffa7][0xffffff99]d+[0xc]8[0xffffffb6]vy[0xffffffca][0xffffffe8][0x1a]I[0xffffff89][0xffffff90][0xffffffb5]K[0x1b]H[0xffffff86][0x12][0x1]k[0xffffff97][0x12][0xffffffce]jJ[0x4][0xffffffaf]][0xffffffba][0xfffffff2]d)[0xffffff91][0xffffffb7]v[0xffffffe9][0xffffffaa][0xffffff95][0xffffffa3]D[0xffffffca][0xffffffda][0xffffffa5][0x16][0xffffffef][0x6]%[0xffffffa6][0xffffffa1][0xffffffc4][0xffffffdd]/[0xffffffea]c[0xffffffd0][0xffffffcf][0xfffffffb][0xffffff81])1[0x3](15[0xffffffef][0xffffff85][0x1][0xffffff9f][0x18]%f[0x12]%4[0xffffff8a][0xc]%\ [0x19]Jh,[0xffffffeb])[0xffffffb1][0xffffff86][0xffffffb3][0xffffff9a][0x12]kD[0xffffff93](a[0xffffffca][0xffffff93][0xffffffa5][0xffffff84][0xffffffed]R[0xffffff96][0x12][0xffffffa6]Z9JH[0xffffffd3]R[0xffffff94][0xffffff90][0xffffffe2][0xffffffdd][0xffffffa0][0xffffff84][0xffffff9b][0xffffffa8][0xffffffba][0x7][0xfffffff7][0x3][0x7]>Qu[0x6]LT[0xffffff9d]fG[0xffffffa5]0[0xffffffe0][0xffffffd8]D[0xffffffd5])K)$%B&[0xffffffaa]l [0x19]J[0x4]LTI8[0xffffffab])[0x11]<Q[0xffffffe5][0xffffffca][0xffffff93][0xffffffa5]D[0xffffffde]D[0xffffff95][0xffffffab]V[0xffffff8e][0x12])[0x13]UZ[0xffffffbc][0x1b][0xffffff94]p[0x13]U[0xfffffff7][0x1c][0xffffffd8][0xf][0x1c][0xfffffff8]D[0xffffffd5][0x19]0Qu[0xffffff9a][0x1d][0xffffff95][0xffffffc2][0xffffff80]c[0x13]U[0xffffffa7],[0xffffffa5][0xffffff90][0xffffff94][0x8][0xffffff99][0xffffffa8][0xffffffb2][0xffffff81]d([0x11]0Q%[0xffffffe1][0xffffffac][0xffffffa6]D[0xfffffff0]D[0xffffff95]+O[0xffffff96][0x12]y[0x13]U[0xffffffae]Z9J[0xffffffa4]LTi[0xfffffff1]nP[0xffffffc2]MT[0xffffffdd][0xfffffff3]i[0x14]%[0xfffffff0][0xffffff89][0xffffffaa]3`[0xffffffa2][0xffffffea]4;*[0xffffff85][0x1][0xffffffc7]&[0xffffffaa]NYJ!)[0x11]2Qe[0x3][0xffffffc9]P"`[0xffffffa2]J[0xffffffc2]YM[0xffffff89][0xffffffe0][0xffffff89]*W[0xffffff9e],%[0xfffffff2]&[0xffffffaa]\[0xffffffb5]r[0xffffff94]H[0xffffff99][0xffffffa8][0xffffffd2][0xffffffe2][0xfffffffd]{J\nW[0xffffffe2][0xffffffbe][0x7]E[0xffffff89][0xb][0xffffffdf][0xffffff95][0xffffffb8][0x2]v%.[0xfffffff3][0xfffffff1]s][0xffffffc0]/lW[0xffffffe2][0xffffff92][0xffffffcf][0xffffff9b]AJ[0xffffff98]("[0xffffff94][0xffffffb0][0xffffff81]D(abYN[0x9][0x9]g1%$[0xffffffa2]A[0xffffff94]p[0xffffffe5][0xffffff89]R[0xffffffc2]w)J[0x9]W[0xffffffad][0x18]%[0xffffffb4]i!Jh[0xfffffff1]nQ[0xffffffa2][0xffffff87]Q[0x2]^[0xffffffbb][0xfffffffc][0xffffffba][0x3][0xffffff9e][0x12][0xffffffe0][0xffffffda][0xffffffe5][0xffffffd7][0xffffffd5])J[0xffffffe4][0xffffffac]][0xffffff9a](R[0xffffff94][0x8]Y[0xffffffbb]4[0xffffffb1]$([0xffffff81][0xffffffae]]JD[0xffffffb3]([0xffffff91][0xffffffb5]v[0xffffffe9][0xffffffbb][0xffffff94][0xffffffa6]D[0xffffffce][0xffffffda][0xffffffa5]6-G[0xffffff89]o[0xffffffaf]]^[0xffffffcd]Q[0xffffffe2]9o[0xffffff8a][0x12][\r][0xffffffa7]D[0xb][0xffffffa0]D[0xffffffd3][0xffffffbc][0x17][0x6][0xffffffbc]a[0xffffff94]hI[0xffffff94][0xffffffd0](2[0xffffff94]p[0xffffff81]d([0xffffffa1][0xffffffb1][0xffffffac][0xffffffa7][0xffffffc4][0x1a][0xffffffce]jJ[0xffffffac][0x11]M[0xffffffa2][0xffffff84])O[0xffffff96][0x12][0xffffffb6]KYJ[0xffffff98]j[0xffffffe5](!MKQB[0xffffff8a]w[0xffffff83][0x12][0xffffffd3][0xfffffffc][0xffffffc0][0xfffffff1][0xffffffdc]mP[0xffffff94][0xffffff98][0xfffffff8][0xf][0x1c]3[0xffffffe0][0x7][0xffffff8e][0xffffffa9]O[0xffffffe1][\n]"
01:51:24.949 [main] DEBUG org.apache.hc.client5.http.wire -- http-outgoing-1 << "[0x3]>[0xffffffb1][0x1f]8f[0xffffffd2][0xf][0x1c][0x1a]E[0xffffff86][0x12].[0xffffff90][0xc]%4[0xffffff96][0xfffffff5][0xffffff94]X[0xffffffc3]YM[0xffffff89]5[0xffffffa2]I[0xffffff94]0[0xffffffe5][0xffffffc9]R[0xffffffc2]v)K[0x9]S[0xffffffad][0x1c]%[0xffffffa4]i)JH[0xfffffff1]nQb[0xffffff84]Qb[0xffffffe0][0xffffff94][0x18][0x1][0xffffff94][0x18](%[0x6]F[0xffffff89][0xffffff91]D[0xffffff89]5[0xffffff8a][0x14]%4[0xffffff90][0x14]%[0xffffffd6]X[0x12][0xffffff94][0x18]0%F0%[0xffffffa4]<iJ[0xffffff98].[0xffffffa5])![0xffffffd5]JRb[0xffffffa4]Pb|[0xffffff9b][0x12][0xffffff87]>[0xffffff95]h[0xffffffaf][0xffffff86][0xffffffad]]~[0xffffffde][0xf]L[0xffffff89]#[0xffffffe0][0xffffffa9][0xffffffc4][0xffffffa1]t.[0xc][0xfffffff8][0xffffff81]=[0xffffff95]8[0xffffff92][0xffffff9e]Jh[0x14][0x19]J[0xffffffb8]@2[0xffffff94][0xffffffd0]X[0xffffffd6]Sb[\r]g5%[0xffffffd6][0xffffff88]&Q[0xffffffc2][0xffffff94]'K[0x9][0xffffffdb][0xffffffa5],%L[0xffffffb5]r[0xffffff94][0xffffff90][0xffffffa6][0xffffffa5](![0xffffffc5][0xffffffbb]A[0x9]3Q[0xffffffd5]^[0xffffffe7]EMT][0xfffffff8]D[0xffffffd5][0x15]0Qu[0xffffff99][0x1d][0xffffff95][0xffffffc2][0xffffff80]c[0x13]U[0xffffff97],[0xffffffa5][0xffffff90][0xffffff94][0x8][0xffffff99][0xffffffa8][0xffffffb2][0xffffff81]d([0x11]0Q%[0xffffffe1][0xffffffac][0xffffffa6]D[0xfffffff0]D[0xffffff95]+O[0xffffff96][0x12]y[0x13]U[0xffffffae]Z9J[0xffffffa4]LTi[0xfffffff1]nP[0xffffffc2]LT[0xffffffb5][0xffffffd7][0xffffff8d][0xffffffed]J\[0xfffffff8]D[0xffffffd5][0x15]0Qu[0xffffff99][0x1d][0xffffff95][0xffffffc2][0xffffff80]c[0x13]U[0xffffff97],[0xffffffa5][0xffffff90][0xffffff94][0x8][0xffffff99][0xffffffa8][0xffffffb2][0xffffff81]d([0x11]0Q%[0xffffffe1][0xffffffac][0xffffffa6]D[0xfffffff0]D[0xffffff95]+O[0xffffff96][0x12]y[0x13]U[0xffffffae]Z9J[0xffffffa4]LTi[0xfffffff1]nP[0xffffffc2]LT[0xffffffb5][0xffffffd6]'F[0x9]|[0xffffffa2][0xffffffea][\n]"
01:51:24.949 [main] DEBUG org.apache.hc.client5.http.wire -- http-outgoing-1 << "[0xffffff98][0xffffffa8][0xffffffba][0xffffffcc][0xffffff8e]Ja[0xffffffc0][0xffffffb1][0xffffff89][0xffffffaa]K[0xffffff96]RHJ[0xffffff84]LT[0xffffffd9]@2[0xffffff94][0x8][0xffffff98][0xffffffa8][0xffffff92]pVS"x[0xffffffa2][0xffffffca][0xffffff95]'K[0xffffff89][0xffffffbc][0xffffff89]*W[0xffffffad][0x1c]%R&[0xffffffaa][0xffffffb4]x7([0xfffffff1]8J[0xffffff8c][0xfffffffe]P[0xffffff94]xpJ<[0x1][0xffffff94]x4[0xffffffef][0xffffff85][0x1][0x7f]0J<I[0xffffff94][0xffffffd0](2[0xffffff94]p[0xffffff81]d([0xffffffa1][0xffffffb1][0xffffffac][0xffffffa7][0xffffffc4][0x1a][0xffffffce]jJ[0xffffffac][0x11]M[0xffffffa2][0xffffff84])O[0xffffff96][0x12][0xffffffb6]KYJ[0xffffff98]j[0xffffffe5](!MKQB[0xffffff8a][0xfffffff7][0xffffffef])q[0xffffff9b][0xffffffb5][0xffffffcb][0xf]J\[0xffffffd4][0x17][0x1c]7[0xffffffbe]vy[0x7][0xffffffac]][0xffffffde]f[0xffffff92][0xffffffad].[0xffffffe0]7[0xffffffb6]vy[0xffffffcb][0xffffffe8][0x1a]H[0x9][0x13]E[0xffffff84][0x12]6[0xffffff90][0x8]%L,[0xffffffcb])![0xffffffe1],[0xffffffa6][0xffffff84]D4[0xffffff88][0x12][0xffffffae]<QJ[0xfffffff8].E)[0xffffffe1][0xffffffaa][0x15][0xffffffa3][0xffffff84]6-D[0x9]-[0xffffffde][\r]J4G[0xffffff89][0xffffffd9]^[0x14]%[0x1a]N[0xffffff89][0x16]@[0xffffff89][0xffffffa6]y/[0xc]x[0xffffffc3]([0xffffffd1][0xffffff92]([0xffffffa1]Qd([0xffffffe1][0x2][0xffffffc9]PBcYO[0xffffff89]5[0xffffff9c][0xffffffd5][0xffffff94]X#[0xffffff9a]D[0x9]S[0xffffff9e],%l[0xffffff97][0xffffffb2][0xffffff94]0[0xffffffd5][0xffffffca]QB[0xffffff9a][0xffffff96][0xffffffa2][0xffffff84][0x14][0xffffffef][0x6]%[0xffffffba][0xffffffa5][0x4][0xffffffb6]v[0xfffffff9]y?0%z[0x0]%[0xffffffba][0xffffffe6][0xffffffbd]0[0xffffffe0][0x1d][0xffffffa3]DO[0xffffffa2][0xffffff84]F[0xffffff91][0xffffffa1][0xffffff84][0xb]$C[0x9][0xffffff8d]e=%[0xffffffd6]pVSb[0xffffff8d]h[0x12]%Ly[0xffffffb2][0xffffff94][0xffffffb0]][0xffffffca]R[0xffffffc2]T+G[0x9]iZ[0xffffff8a][0x12]R[0xffffffbc][0x1b][0xffffff94][0x18][0xffffff8e][0x12][0xffffffe7][0xffffff8b]z[0xffffffed][0xfffffff2][0xfffffff3]~`J[0xffffff8c][0x0]J[0xc][0xffffffcd]{a[0xffffffc0][0x7]F[0xffffff89][0xffffff91]D[0x9][0xffffff8d]"C[0x9][0x17]H[0xffffff86][0x12][0x1a][0xffffffcb]zJ[0xffffffac][0xffffffe1][0xffffffac][0xffffffa6][0xffffffc4][0x1a][0xffffffd1]$J[0xffffff98][0xfffffff2]d)a[0xffffffbb][0xffffff94][0xffffffa5][0xffffff84][0xffffffa9]V[0xffffff8e][0x12][0xffffffd2][0xffffffb4][0x14]%[0xffffffa4]x7(1-%.[0xffffffec][0x7][0xffffff8e][0xffffff89]Sb[0x6]Pbj[0xffffffde][0xb][0x3]>1J[0xffffffcc]$Jh[0x14][0x19]J[0xffffffb8]@2[0xffffff94][0xffffffd0]X[0xffffffd6]Sb[\r]g5%[0xffffffd6][0xffffff88]&Q[0xffffffc2][0xffffff94]'K[0x9][0xffffffdb][0xffffffa5],%L[0xffffffb5]r[0xffffff94][0xffffff90][0xffffffa6][0xffffffa5](![0xffffffc5][0xffffffbb]A[0x9][0xffffffb7]v[0xffffffd9][0xffffffdb]M}[0xffffffc1]q[0xffffffe3]k[0xffffff97]w[0xffffffc0][0xffffffda][0xffffffe5]m&[0xffffffd9][\n]"
01:51:24.949 [main] DEBUG org.apache.hc.client5.http.wire -- http-outgoing-1 << "[0x3][0xffffff8e][0xffffffad]][0xffffffde]2[0xffffffba]FR"d[0xffffffed][0xffffffd2][0x6][0xffffff92][0xffffffa1]D[0xffffffc0][0xffffffda][0xffffffa5][0xffffff84][0xffffffb3][0xffffff9a][0x12][0xffffffc1]k[0xffffff97][0xffffffae]<YJ[0xffffffe4][0xffffffad]][0xffffffba]j[0xffffffe5]([0xffffff91][0xffffffb2]v[0xffffffa9][0xffffffc5][0xffffffbb]A[0x9]7Q[0xffffffd5][0xffffffef][0xb][0xffffffa3][0x4]>Qu[0x7]LT[0xffffffdd]fG[0xffffffa5]0[0xffffffe0][0xffffffd8]D[0xffffffd5]-K)$%B&[0xffffffaa]l [0x19]J[0x4]LTI8[0xffffffab])[0x11]<Q[0xffffffe5][0xffffffca][0xffffff93][0xffffffa5]D[0xffffffde]D[0xffffff95][0xffffffab]V[0xffffff8e][0x12])[0x13]UZ[0xffffffbc][0x1b][0xffffff94]p[0x13]U[0xffffffa3]_[0xffffffd8][0xffffffbb][0x12][0xfffffff8]D[0xffffffd5][0x1d]0Qu[0xffffff9b][0x1d][0xffffff95][0xffffffc2][0xffffff80]c[0x13]U[0xffffffb7],[0xffffffa5][0xffffff90][0xffffff94][0x8][0xffffff99][0xffffffa8][0xffffffb2][0xffffff81]d([0x11]0Q%[0xffffffe1][0xffffffac][0xffffffa6]D[0xfffffff0]D[0xffffff95]+O[0xffffff96][0x12]y[0x13]U[0xffffffae]Z9J[0xffffffa4]LTi[0xfffffff1]nQ[0xffffffa2][0xffffff87]Q[0xffffffa2][0xffffffe3][0xffffff94][0xffffffe8][0x1][0xffffff94][0xffffffe8](%:F[0xffffff89][0xffffff9e]D[0xffffff89]5[0xffffff8a][0x14]%4[0xffffff90][0x14]%[0xffffffd6]X[0x12][0xffffff94][0xffffffe8]0%z0%[0xffffffa4]<iJ[0xffffff98].[0xffffffa5])![0xffffffd5]JR[0xffffffa2][0xffffffa7]P[0xffffffa2][0x7f][0xffffff9b][0x12]n[0xffffffed]r[0xffffffcc]I[0xffffff9d][0xc]z[0xffffffe3]k[0xffffff97]w[0xffffffc0][0xffffffda][0xffffffe5]m&[0xffffffd9][\n]"
01:51:24.952 [main] DEBUG org.apache.hc.client5.http.wire -- http-outgoing-1 << "[0x3][0xffffff8e][0xffffffad]][0xffffffde]2[0xffffffba]FR"d[0xffffffed][0xffffffd2][0x6][0xffffff92][0xffffffa1]D[0xffffffc0][0xffffffda][0xffffffa5][0xffffff84][0xffffffb3][0xffffff9a][0x12][0xffffffc1]k[0xffffff97][0xffffffae]<YJ[0xffffffe4][0xffffffad]][0xffffffba]j[0xffffffe5]([0xffffff91][0xffffffb2]v[0xffffffa9][0xffffffc5][0xfffffffb][0xfffffff7][0xffffff94]x[0xffffffdc][0xffffffda][0xffffffe5][0xffffffb8]o[0xffffffea][0xb][0xffffff8e][0x7]_[0xffffffbb]|[0x2][0xffffffd6].[0x1f]3[0xffffffc9]V[0x17][0xfffffff0][0x7][[0xffffffbb]|dt[\r][0xffffffa4][0xffffff84][0xffffff89]"B[0x9][0x1b]H[0xffffff84][0x12]&[0xffffff96][0xffffffe5][0xffffff94][0xffffff90]p[0x16]SB"[0x1a]D[0x9]W[0xffffff9e](%|[0xffffff97][0xffffffa2][0xffffff94]p[0xffffffd5][0xffffff8a]QB[0xffffff9b][0x16][0xffffffa2][0xffffff84][0x16][0xffffffef][0x16]%[0xffffffcc][0xf][0x1c](%[0xffffffe0][0x1f]8[0xffffffbe][0xffffffee][0xffffff80][0xffffffa7][0x4][0xfffffff8][0x3][0xffffffc7][0xffffffd7][0xffffffd5])J[0xffffffe4][0xfffffffc][0xffffffc0]a[0xffffffa2]HQ"[0xffffffe4][0x7][0xe][0x13]K[0xffffff82][0x12][0xffffffe8][0xf][0x1c][0x12][0xffffffd1],Jd[0xfffffffd][0xffffffc0][0xffffffe1][0xffffffbb][0xffffff94][0xffffffa6]D[0xffffffce][0xf][0x1c][0xffffffda][0xffffffb4][0x1c]%[0xffffffbe][0xfffffffd][0x3][0xffffffc7][0xffffffe3][0xffffff86][0xffffffb3][0xffffffe7][0xffffffeb][0xffffffe8][0x14]%[0xfffffff0][0xffffffe1][0xffffffec]'`8[0xfffffffb]1[0xffffffeb][0xffffffae][0xffffff85][0x1][0xffffffc7][0xffffff86][0xffffffb3][0x1f][0xffffffd9]o%)[0x11]2[0xffffff9c]m[0x3][0xffffffc9]P"`8[[0xffffffc2]YM[0xffffff89][0xffffffe0][0xffffffe1]lW[0xffffff9e],%[0xfffffff2][0xffffff86][0xffffffb3]][0xffffffb5]r[0xffffff94]H[0x19][0xffffffce][0xffffffd6][0xffffffe2][0xffffffdd][0xffffffa0][0xffffff84][0x1b][0xffffffce][0xffffff9e][0x1f][0xffffffff][0xffffffa5]([0xffffff81][0xf]g?[0x1][0xffffffc3][0xffffffd9][0xffffff8f]Yw-[0xc]86[0xffffff9c][0xfffffffd][0xffffffc8]~+I[0xffffff89][0xffffff90][0xffffffe1]l[0x1b]H[0xffffff86][0x12][0x1][0xffffffc3][0xffffffd9][0x12][0xffffffce]jJ[0x4][0xf]g[0xffffffbb][0xfffffff2]d)[0xffffff91]7[0xffffff9c][0xffffffed][0xffffffaa][0xffffff95][0xffffffa3]D[0xffffffca]p[0xffffffb6][0x16][0xffffffef][0x6]%[0xffffffdc]p[0xfffffff6]<.[0xffffffec][0xffffffa9][0x4]>[0xffffff9c][0xfffffffd][0x4][0xc]g?f[0xffffffdd][0xffffffb5]0[0xffffffe0][0xffffffd8]p[0xfffffff6]#[0xfffffffb][0xffffffad]$%B[0xffffff86][0xffffffb3]m [0x19]J[0x4][0xc]gK8[0xffffffab])[0x11]<[0xffffff9c][0xffffffed][0xffffffca][0xffffff93][0xffffffa5]D[0xffffffde]p[0xffffffb6][0xffffffab]V[0xffffff8e][0x12])[0xffffffc3][0xffffffd9]Z[0xffffffbc][0x1b][0xffffff94][0xffffff98][0xffffff8e][0x12]'[0xfffffff7]Tb[0xffffffe2][0xffffff94][0xffffff98][0x1][0xffffff94][0xffffff98][0xffffff9a][0xfffffff7][0xffffffc2][0xffffff80]O[0xffffff8c][0x12]3[0xffffff89][0x12][0x1a]E[0xffffff86][0x12].[0xffffff90][0xc]%4[0xffffff96][0xfffffff5][0xffffff94]X[0xffffffc3]YM[0xffffff89]5[0xffffffa2]I[0xffffff94]0[0xffffffe5][0xffffffc9]R[0xffffffc2]v)K[0x9]S[0xffffffad][0x1c]%[0xffffffa4]i)JH[0xfffffff1]nP[0xffffffc2][\r]g[0xffffffcf][0xfffffff3][0xffffffc4]^[0xffffffbb][0xffffffc4][0xffffff87][0xffffffb3][0xffffff9f][0xffffff80][0xffffffe1][0xffffffec][0xffffffc7][0xffffffac][0xffffffbb][0x16][0x6][0x1c][0x1b][0xffffffce]~d[0xffffffbf][0xffffff95][0xffffffa4]D[0xffffffc8]p[0xffffffb6][\r]$C[0xffffff89][0xffffff80][0xffffffe1]l[0x9]g5%[0xffffff82][0xffffff87][0xffffffb3]]y[0xffffffb2][0xffffff94][0xffffffc8][0x1b][0xffffffce]v[0xffffffd5][0xffffffca]Q"e8[[0xffffff8b]w[0xffffff83][0x12][0xffffffa7][0xffffffa3][0xffffffc4][0xfffffff5][0xffffffa2][0xffffff86][0xffffffb3]?[0xffffffef][0x7][0xffffffa6][0xffffffc4][0x19]@[0xffffff89]S[0xfffffff3]^[0x18][0xfffffff0][0x13][0xffffffa3][0xffffffc4][0xffffff99]D[0x9][0xffffff8d]"C[0x9][0x17]H[0xffffff86][0x12][0x1a][0xffffffcb]zJ[0xffffffac][0xffffffe1][0xffffffac][0xffffffa6][0xffffffc4][0x1a][0xffffffd1]$J[0xffffff98][0xfffffff2]d)a[0xffffffbb][0xffffff94][0xffffffa5][0xffffff84][0xffffffa9]V[0xffffff8e][0x12][0xffffffd2][0xffffffb4][0x14]%[0xffffffa4]x7([0xffffffe1][0xffffffce][0xffffffe0][0xffffff98]w[0xffffffa3]&[0xffffffaa][0x1e][0xfffffffc][0xc][0xffffff8e]'[0xffffffe0][0xc][0xffffff8e][0xffffffc7][0xc][0xffffffc5][0x17][0x6][0x1c];[0xffffff83][0xffffffe3][0xffffff91])x[0xffffff92][0x12]!gp[0xffffffd8]@2[0xffffff94][0x8]8[0xffffff83]C[0xffffffc2]YM[0xffffff89][0xffffffe0]38\y[0xffffffb2][0xffffff94][0xffffffc8];[0xffffff83][0xffffffc3]U+G[0xffffff89][0xffffff94]38[0xffffffb4]x7([0xffffffe1][0xffffffce][0xffffffe0]8[0xffffffc6][0xffffffb8](J[0xffffffe0]gp<[0x1]gp<f([0xffffffbe]0[0xffffffe0][0xffffffd8][0x19][0x1c][0xffffff8f]L[0xffffffc1][0xffffff93][0xffffff94][0x8]9[0xffffff83][0xffffffc3][0x6][0xffffff92][0xffffffa1]D[0xffffffc0][0x19][0x1c][0x12][0xffffffce]jJ[0x4][0xffffff9f][0xffffffc1][0xffffffe1][0xffffffca][0xffffff93][0xffffffa5]D[0xffffffde][0x19][0x1c][0xffffffae]Z9J[0xffffffa4][0xffffff9c][0xffffffc1][0xffffffa1][0xffffffc5][0xffffffbb]E[0x9][0xffffff9d][0xffffffa8]b)AOT[0x5][0xffffff9c][0xffffffc1][0xfffffff1][0xffffff98][0xffffffa1][0xfffffff8][0xffffffd2][0xffffff80]S[0x13]UIgp[0xffffff98](R[0xffffff94]H[0xffffff99][0xffffffa8][\n]"
01:51:24.953 [main] DEBUG org.apache.hc.client5.http.wire -- http-outgoing-1 << "8[0xffffff83]C[0xffffffc2]YO[0xffffff89][0xffffffdc][0xffffff89][0xffffffaa][0xffffffb4]38|[0xffffff97][0xffffffd2][0xffffff94][0x8][0xffffff9a][0xffffffa8]J9[0xffffff83]C[0xffffff8b]w[0xffffff8b][0x12]#[0xffffff8c][0x12][0x3][0xffffffa7][0xffffffc4][0x8][0xffffffa0][0xffffffc4]@)10J[0xffffff8c]$J[0xffffffac]Q[0xffffffa4]([0xffffffa1][0xffffff81][0xffffffa4]([0xffffffb1][0xffffffc6][0xffffff92][0xffffffa0][0xffffffc4][0xffffff80])1[0xffffff82])![0xffffffe5]IS[0xffffffc2]t)M[0x9][0xffffffa9]V[0xffffff92][0x12]#[0xffffff85][0x12][0xffffffe3]_[0xffffffa0][0xffffffc4][0x11]F[0xffffff89][0x3][0xffffffa7][0xffffffc4][0x11]@[0xffffff89][0x3][0xffffffa5][0xffffffc4][0xffffff81]Q[0xffffffe2]H[0xffffffa2][0xffffffc4][0x1a]E[0xffffff8a][0x12][0x1a]H[0xffffff8a][0x12]k,[0x9]J[0x1c]0%[0xffffff8e]`JHy[0xffffffd2][0xffffff94]0]JSB[0xffffffaa][0xffffff95][0xffffffa4][0xffffffc4][0xffffff91]B[0xffffff89][0xffffffe3]_[0xffffffa0]DK[0xffffffb3]D[0xffffffe3]1[0xffffffd1][0x12]4[0xffffffd1]XN4[0xffffffce][0x13]-[\n]"
01:51:24.955 [main] DEBUG org.apache.hc.client5.http.wire -- http-outgoing-1 << "[0x14][0xffffff92]GJ[0x14]&[0xffffff95][0x14])$[0xffffff9b][0xffffff84])[0x1a][0xffffff8d][0xffffff8a][0xffffff96][0xffffffac][\n]"
01:51:24.955 [main] DEBUG org.apache.hc.client5.http.wire -- http-outgoing-1 << "[0xffffffad]Q[0xffffff9a][0x15][0xffffffae]UiWh[0xffffffc9][0xffffff92][0xffffffb0]X;[0xffffff97][0xffffff93][0xffffffc5]Z[0xffffffc1][[0xffffffb4][0xffffffe8]i[0xffffffbf]xt[0xfffffffe]'[0xffffff8f][0xffffff9e][0xfffffff0][0xffffff9b]Gg[0x7f][0xfffffff4][0xffffffe8][0xffffffdc][0xffffffaf][0x1e]=[0xffffffea]g[0xf][0xffffffc9]#E[0xb][0xffffff93]J[0xffffff8a][0x16][0xffffff92]M[0xffffff82][0x16][0xffffff9d][0xfffffffe][0xffffffe9][0xffffffa3]'[0xffffffff][0xfffffff6][0xffffffa1]5J[0xffffffd3][0xffffffc2][0xffffffb5]*M[0xb]-Y[0xffffff92][0x16]k[0xffffffe7]r[0xffffffb4]X+x[0xffffff8b][0x16]#[0xffffffed][0xffffffa9][0xffffffc5][0xffffffe0][0xffffff9f]Z[0xffffff8c][0xffffff84][0xffffffa7][0x16][0xffffff83]}j1[0xffffffb8][0xffffffa7][0x16]#[0xffffffea][0xffffffa9][0xffffff85][0xffffffe4][0xffffff91][0xffffffa2][0xffffff85]I%E[0xb][0xffffffc9]&A[0xffffff8b]A?[0xffffffb5][0x18][0xffffffc9]O-[0xffffffb4]FiZ[0xffffffb8]V[0xffffffa5]i[0xffffffa1]%K[0xffffffd2]b[0xffffffed]\[0xffffff8e][0x16]k[0x5][0xffffffff][\r]-[0xffffff8e][0x1f][0x7f][0xffffffe4]q[0x1f][0xffffff8f][0xffffffde][0xffffffc0][0xffffffd0][0xfffffff6][0xffffffaf][0xfffffffb][0xffffffa1]`[0xfffffff1][0xffffffdb][0x1d]`[0xffffffae]X[0xffffffee][0xffffffa1][0xffffff98][0x15][0xffffffbf]][0xffffffbd]X[0x15][0xffffffff]}e[0x18][0x15]o[0xffffffa3]Xl[0xffffff8a]?[0x4][0xffffffb2][0xffffff98][0x14]ocY([0xffffff8a]7[0xffffffe1],[0x3][0xffffffc5][0xffffff9b][0xffffff88]Fx[0xffffffe2]}yB[0xffffff9c][0xfffffff8]S[0xffffff97]B[0xffffff9a]x_[0xffffffad][0x0]&[0xffffffde]5m[0xffffffb9]%[0xffffffde][0x15][0xffffffef][0x16]%[0xffffffcc][0xffffffc7][0xffffffa3](%[0xffffffb0][0xffffff8f]G[0x7f][0xffffffbb][0x3][0xffffff9e][0x12][0xffffffc8][0xffffffc7][0xffffffa3][0xffffffbf]][0xffffff9d][0xffffffa2]D[0xffffffc2][0xffffffc7][0xffffffa3]o[0xffffffa3]HQ[0x2][0xffffffff]x[0xfffffff4]m,[0x9]J@[0x1f][0xffffff8f][0xffffffbe][0xffffff89]h[0x16]%R>[0x1e][0xfffffffd]S[0xffffff97][0xffffffd2][0xffffff94]H[0xfffffff8]x[0xfffffff4]][0xffffffd3]r[0xffffff94][0xfffffff8][0xffffffc6][0xffffffc7][0xffffffa3][0xffffff9f][0x7f][0xffffffe3]z[0xffffffbd]^[0xffffffe6][0xffffffa9][0xffffffc4][0xffffffd9]F[0xfffffffd][0xffffff99][0x1d][0xffffffbf][0xffffffee][0xffffff87][0xffffffa4][0xffffffc4][0xffffffcf];@)[0xfffffff1][0xffffffdb]=[0x0][0xffffff94][0xfffffff8]yu[0xffffff80][0x12][0xffffffbf][0xffffffae][0x1c]@[0x9][0x1b]E[0xffffff80][0x12]o[0x2][0x9]P[0xffffffc2][0xffffffc6][0xffffffb2][0xffffff98][0x12]&[0xffffff9c][0xffffffa5][0xffffff94]0[0x11][0xffffff8d][0xffffffa1][0xffffff84]/O[0xffffff90][0x12][0xffffffef][0xffffffba][0x14][0xffffffa4][0xffffff84][0xffffffaf]V[0xffffff88][0x12][0xffffffae]i[0x11]J[0xffffffb8][0xffffffe2][0xffffffdd][0xffffffa0]Dw[0xffffff94][0xfffffff8]`[\n]"
01:51:24.955 [main] DEBUG org.apache.hc.client5.http.wire -- http-outgoing-1 << "E[0xffffff89][0xffffff8e]S[0xffffffa2][0x7]P[0xffffffa2]k[0xffffffde][0xb][0x3][0xffffffde]1J[0xfffffff4]$Jh[0x14][0x19]J[0xffffffb8]@2[0xffffff94][0xffffffd0]X[0xffffffd6]Sb[\r]g5%[0xffffffd6][0xffffff88]&Q[0xffffffc2][0xffffff94]'K[0x9][0xffffffdb][0xffffffa5],%L[0xffffffb5]r[0xffffff94][0xffffff90][0xffffffa6][0xffffffa5](![0xffffffc5][0xffffffbb]A[0xffffff89]a(q[0xffffffb5]W[0xfffffffd][[0xffffff98][0xffffffbf][0xffffffee][0x7][0xffffffa6][0xffffffc4][0x8][0xffffffa0][0xffffffc4][0xffffffd0][0xffffffbc][0x17][0x6]|`[0xffffff94][0x18]I[0xffffff94][0xffffffd0](2[0xffffff94]p[0xffffff81]d([0xffffffa1][0xffffffb1][0xffffffac][0xffffffa7][0xffffffc4][0x1a][0xffffffce]jJ[0xffffffac][0x11]M[0xffffffa2][0xffffff84])O[0xffffff96][0x12][0xffffffb6]KYJ[0xffffff98]j[0xffffffe5](!MKQB[0xffffff8a]w[0xffffff83][0x12][0xffffffd3]Q[0xffffffa2]?[0x18]%&N[0xffffff89][0x19]@[0xffffff89][0xffffffa9]y/[0xc][0xfffffff8][0xffffffc4](1[0xffffff93]([0xffffffa1]Qd([0xffffffe1][0x2][0xffffffc9]PBcYO[0xffffff89]5[0xffffff9c][0xffffffd5][0xffffff94]X#[0xffffff9a]D[0x9]S[0xffffff9e],%l[0xffffff97][0xffffffb2][0xffffff94]0[0xffffffd5][0xffffffca]QB[0xffffff9a][0xffffff96][0xffffffa2][0xffffff84][0x14][0xffffffef][0x6]%[0xe]G[0xffffff89][0xfffffff3]n[0x14]%[0xe][0xffffff9c][0x12]G[0x0]%[0xe][0xffffffcd]{a[0xffffffc0][0xf][0xffffff8c][0x12]G[0x12]%4[0xffffff8a][0xc]%\ [0x19]Jh,[0xffffffeb])[0xffffffb1][0xffffff86][0xffffffb3][0xffffff9a][0x12]kD[0xffffff93](a[0xffffffca][0xffffff93][0xffffffa5][0xffffff84][0xffffffed]R[0xffffff96][0x12][0xffffffa6]Z9JH[0xffffffd3]R[0xffffff94][0xffffff90][0xffffffe2][0xffffffdd][0xffffffa0][0xffffffc4][0xffffffe9]([0xfffffff1]a[0x9][0xffffff8a][0x12]'N[0xffffff89]3[0xffffff80][0x12][0xffffffa7][0xffffffe6][0xffffffbd]0[0xffffffe0]'F[0xffffff89]3[0xffffff89][0x12][0x1a]E[0xffffff86][0x12].[0xffffff90][0xc]%4[0xffffff96][0xfffffff5][0xffffff94]X[0xffffffc3]YM[0xffffff89]5[0xffffffa2]I[0xffffff94]0[0xffffffe5][0xffffffc9]R[0xffffffc2]v)K[0x9]S[0xffffffad][0x1c]%[0xffffffa4]i)JH[0xfffffff1]nP[0xffffffe2]r[0xffffff94][0xffffffb8][0xfffffffb]IQ[0xffffffe2][0xffffffc2])q[0x5]P[0xffffffe2][0xffffffd2][0xffffffbc][0x17][0x6][0xfffffffc][0xffffffc2](q%QB[0xffffffa3][0xffffffc8]P[0xffffffc2][0x5][0xffffff92][0xffffffa1][0xffffff84][0xffffffc6][0xffffffb2][0xffffff9e][0x12]k8[0xffffffab])[0xffffffb1]F4[0xffffff89][0x12][0xffffffa6]<YJ[0xffffffd8].e)a[0xffffffaa][0xffffff95][0xffffffa3][0xffffff84]4-E[0x9])[0xffffffde][\r]J[0xffffffdc][0xffffff96][0x12]w[0xffffffa7](q[0xffffffe3][0xffffff94][0xffffffb8][0x3](qk[0xffffffde][0xb][0x3]~c[0xffffff94][0xffffffb8][0xffffff93]([0xffffffa1]Qd([0xffffffe1][0x2][0xffffffc9]PBcYO[0xffffff89]5[0xffffff9c][0xffffffd5][0xffffff94]X#[0xffffff9a]D[0x9]S[0xffffff9e],%l[0xffffff97][0xffffffb2][0xffffff94]0[0xffffffd5][0xffffffca]QB[0xffffff9a][0xffffff96][0xffffffa2][0xffffff84][0x14][0xffffffef][0x6]%[0xffffffdc][0xffffffda][0xffffffe5][0xfffffff5]L[0xffffffec][0xffffffa9][0x4][0xffffffbc]v[0xfffffff9][0xfffffff3][0xe]hJ[0xffffff80]k[0xffffff97]?[0xffffffaf][0xffffffce]P"g[0xffffffed][0xffffffd2]F[0xffffff91][0xffffffa1]D[0xffffffc8][0xffffffda][0xffffffa5][0xffffff8d]e=%[0xffffffd0][0xffffffb5]K[0x13][0xffffffd1]$Jd[0xffffffad]][0xffffffbe][0xffffffeb]R[0xffffff96][0x12]9k[0xffffff97][0xffffffae]i)J|{[0xffffffed][0xfffffff2]z57Qu[0xffffffbf]nj[0xffffffa2][0xffffffaa][0xffffffe1][0x13]U-`[0xffffffa2][0xffffffaa][0xffffff99][0x1d][0xffffff95][0xffffffba][0xffffff80]7l[0xffffffa2][0xffffffaa][0xffffffc9]R[\n]"
01:51:24.956 [main] DEBUG org.apache.hc.client5.http.wire -- http-outgoing-1 << "H[0x9][0x13]E[0xffffff84][0x12]6[0xffffff90][0x8]%L,[0xffffffcb])![0xffffffe1],[0xffffffa6][0xffffff84]D4[0xffffff88][0x12][0xffffffae]<QJ[0xfffffff8].E)[0xffffffe1][0xffffffaa][0x15][0xffffffa3][0xffffff84]6-D[0x9]-[0xffffffde]-J[0xfffffff4]0J[0xffffffa0][0xffffffc3][0xffffffd9]?[0xffffffef][0xffffff80][0xffffffa7][0x4]6[0xffffff9c][0xfffffffd][0xfffffff3][0xffffffea][0x14]%R[0xffffff86][0xffffffb3]m[0x14])JD[0xc]g[0xffffffdb]X[0x12][0xffffff94][0x0][0xffffff87][0xffffffb3]MD[0xffffffb3]([0xffffff91]4[0xffffff9c][0xfffffffd][0xffffffae]KiJ[0xffffffa4][0xc]g[0xffffffbb][0xffffffa6][0xffffffe5]([0xfffffff1][0xffffffed][0xffffffe1][0xffffffec][0xffffffd6][0xffffffdc]S[0xffffff89]9[0x6]E[0xffffff89][0xffffff86]?[0xffffff95]h[0x1]O%[0xffffff9a][0xffffffd2][0xffffffb9]0[0xffffffe0][\r]{*[0xffffffd1][0xffffff92][0xffffff9e]Jh[0x14][0x19]J[0xffffffb8]@2[0xffffff94][0xffffffd0]X[0xffffffd6]Sb[\r]g5%[0xffffffd6][0xffffff88]&Q[0xffffffc2][0xffffff94]'K[0x9][0xffffffdb][0xffffffa5],%L[0xffffffb5]r[0xffffff94][0xffffff90][0xffffffa6][0xffffffa5](![0xffffffc5][0xffffffbb]A[0x9]7[0xffffff9c]}[0xffffff9f]/[0xffffff8c][0x12][0xfffffff8]pv[0xb][0x18][0xffffffce]nf[0xffffffdd][0xffffffb5]0[0xffffffe0][0xffffffd8]pv[0xffffff93][0xfffffffd]V[0xffffff92][0x12]![0xffffffc3][0xffffffd9]6[0xffffff90][0xc]%[0x2][0xffffff86][0xffffffb3]%[0xffffff9c][0xffffffd5][0xffffff94][0x8][0x1e][0xffffffce]v[0xffffffe5][0xffffffc9]R"o8[0xffffffdb]U+G[0xffffff89][0xffffff94][0xffffffe1]l-[0xffffffde]-J[0xffffffcc]0JL[0xffffff9c][0x12]3[0xffffff80][0x12][0x13][0xffffffa5][0xffffffc4][0xffffffc4](1[0xffffff93]([0xffffffb1]F[0xffffff91][0xffffffa2][0xffffff84][0x6][0xffffff92][0xffffffa2][0xffffffc4][0x1a]K[0xffffff82][0x12][0x13][0xffffffa6][0xffffffc4][0xc][0xffffffa6][0xffffff84][0xffffff94]'M[0x9][0xffffffd3][0xffffffa5]4%[0xffffffa4]ZIJ[0xffffffcc][0x14]J[0xffffffcc]oS[0xffffffc2][0xffffff9d][0xffffffc1][0xfffffff1][0xffffffbc]&F[0x9][0xfffffffc][0xc][0xffffff8e][0x16]p[0x6]G3C[0xfffffff1][0xffffff85][0x1][0xffffffc7][0xffffffce][0xffffffe0]h2[0x5]OR"[0xffffffe4][0xc][0xe][0x1b]H[0xffffff86][0x12][0x1]gpH8[0xffffffab])[0x11]|[0x6][0xffffff87]+O[0xffffff96][0x12]ygp[0xffffffb8]j[0xffffffe5]([0xffffff91]r[0x6][0xffffff87][0x16][0xffffffef][0x16]%[0xfffffff4][0xffffffb5]K[0xffffff96][0x12][0xfffffff4]k[0xffffff97]#[0xffffffe0][0xffffffb5][0xffffffcb][0xffffffa1][0xffffffef][0x6][0xffffff95][0x6][0xffffff9c]z[0xffffffed]r$[0xffffffbd]v[0xffffffa9]Q[0xffffffa4]([0xffffff91][0xfffffff2][0xffffffda][0xffffffa5][0xffffffc6][0xffffff92][0xffffffa0][0x4][0xfffffffb][0xffffffda][0xffffffe5][0x1a][0xffffffd1],J[0xffffff84][0xffffffbd]vi[0xffffffbb][0xffffff94][0xffffffa6]D[0xffffffd0]k[0xffffff97][0xffffffd2][0xffffffb4][0x1c]%[0xffffffbe][0xffffffff][0xffffffda][0xffffffa5];[0xffffffce][0xffffffeb][0xffffffe9][0x1c]%[0xfffffff0][0xffffffe3][0xffffffbc]Z[0xffffffc0]q^[0xffffffcd][0xffffff9c]9S[0x18]p[0xffffffec]8[0xffffffaf]&[0xffffffa7][0xffffffca][0xffffff90][0xffffff94][0x8]9[0xffffffce][0xffffffcb][0x6][0xffffff92][0xffffffa1]D[0xffffffc0]q^[0x12][0xffffffce]jJ[0x4][0x1f][0xffffffe7][0xffffffe5][0xffffffca][0xffffff93][0xffffffa5]D[0xffffffde]q^[0xffffffae]Z9J[0xffffffa4][0x1c][0xffffffe7][0xffffffa5][0xffffffc5][0xffffffbb]A[0xffffff89][0xffffffc3]Qb`gp|[0xffffffde][0xf]L[0xffffff89]#[0xffffff80][0x12][0xffffff87][0xffffffe6][0xffffffbd]0[0xffffffe0][0x7]F[0xffffff89]#[0xffffff89][0x12][0x1a]E[0xffffff86][0x12].[0xffffff90][0xc]%4[0xffffff96][0xfffffff5][0xffffff94]X[0xffffffc3]YM[0xffffff89]5[0xffffffa2]I[0xffffff94]0[0xffffffe5][0xffffffc9]R[0xffffffc2]v)K[0x9]S[0xffffffad][0x1c]%[0xffffffa4]i)JH[0xfffffff1]nP[0xffffffc2][0x1d][0xffffffe7][0xfffffff5]\[0xffffffe7]CQ[0x2]?[0xffffffce][0xffffffab][0x5][0x1c][0xffffffe7][0xffffffd5][0xffffffcc][0xffffff99]3[0xffffff85][0x1][0xffffffc7][0xffffff8e][0xfffffff3]jr[0xffffffaa][0xc]I[0xffffff89][0xffffff90][0xffffffe3][0xffffffbc]l [0x19]J[0x4][0x1c][0xffffffe7]%[0xffffffe1][0xffffffac][0xffffffa6]D[0xfffffff0]q^[0xffffffae]<YJ[0xffffffe4][0x1d][0xffffffe7][0xffffffe5][0xffffffaa][0xffffff95][0xffffffa3]D[0xffffffca]q^Z[0xffffffbc][0x1b][0xffffff94]0[0xffffffc7]y[0xfffffff5][0xf][0xffffffa4]\[0x14]%[0xfffffff0][0xffffffe3][0xffffffbc]Z[0xffffffc0]q^[0xffffffcd][0xffffff9c]9S[0x18]p[0xffffffec]8[0xffffffaf]&[0xffffffa7][0xffffffca][0xffffff90][0xffffff94][0x8]9[0xffffffce][0xffffffcb][0x6][0xffffff92][0xffffffa1]D[0xffffffc0]q^[0x12][0xffffffce]jJ[0x4][0x1f][0xffffffe7][0xffffffe5][0xffffffca][0xffffff93][0xffffffa5]D[0xffffffde]q^[0xffffffae]Z9J[0xffffffa4][0x1c][0xffffffe7][0xffffffa5][0xffffffc5][0xffffffbb]A[0x9]s[0xffffff9c]W[0x7f][0xffffffcd][0x3]{*[0xffffff81][0x1f][0xffffffe7][0xffffffd5][0x2][0xffffff8e][0xfffffff3]j[0xffffffe6][0xffffffcc][0xffffff99][0xffffffc2][0xffffff80]c[0xffffffc7]y59U[0xffffff86][0xffffffa4]D[0xffffffc8]q^6[0xffffff90][0xc]%[0x2][0xffffff8e][0xfffffff3][0xffffff92]pVS"[0xfffffff8]8/W[0xffffff9e],%[0xfffffff2][0xffffff8e][0xfffffff3]r[0xffffffd5][0xffffffca]Q"[0xffffffe5]8/-[0xffffffde][\r]J[0xffffff98][0xffffffe3][0xffffffbc][0xfffffffa][0xffffffeb][0xffffffba]&E[0x9][0xfffffffc]8[0xffffffaf][0x16]p[0xffffff9c]W3g[0xffffffce][0x14][0x6][0x1c];[0xffffffce][0xffffffab][0xffffffc9][0xffffffa9]2$%B[0xffffff8e][0xfffffff3][0xffffffb2][0xffffff81]d([0x11]p[0xffffff9c][0xffffff97][0xffffff84][0xffffffb3][0xffffff9a][0x12][0xffffffc1][0xffffffc7]y[0xffffffb9][0xfffffff2]d)[0xffffff91]w[0xffffff9c][0xffffff97][0xffffffab]V[0xffffff8e][0x12])[0xffffffc7]yi[0xfffffff1][0xfffffffe]=%[0xffffffba]9[0xffffffce][0xffffffab][0xffffffbf][0xffffffee]A[0xffffffbd]v[0xffffffd9][0xfffffff1][0xffffffe3][0xffffffbc]z[0xffffffc0]q^[0xffffffdd][0xffffff9c]9S[0x17][0xfffffff0][0xffffff8e][0x1d][0xffffffe7][0xffffffd5][0xffffffe5]T[0x19][0xffffff90][0x12]&[0xffffff8a][0x8]%l [0x11]J[0xffffff98]X[0xffffff96]SB[0xffffffc2]YL[0x9][0xffffff89]h[0x10]%\y[0xffffffa2][0xffffff94][0xfffffff0]][0xffffff8a]R[0xffffffc2]U+F[0x9]mZ[0xffffff88][0x12]Z[0xffffffbc][0x1b][0xffffff94]0gp[0xfffffff4][0xffffffd6]:[0xfffffff5][0x3]G[0xffffffc7][0xffffffcf][0xffffffe0][0xffffffe8][0x1]gpt3[0x14]_[0x18]p[0xffffffec][0xc][0xffffff8e].S[0xfffffff0]$%B[0xffffffce][0xffffffe0][0xffffffb0][0xffffff81]d([0x11]p[0x6][0xffffff87][0xffffff84][0xffffffb3][0xffffff9a][0x12][0xffffffc1]gp[0xffffffb8][0xfffffff2]d)[0xffffff91]w[0x6][0xffffff87][0xffffffab]V[0xffffff8e][0x12])gph[0xfffffff1]nP[0xffffffc2][0xffffff9c][0xffffffc1][0xffffffd1]?[0xfffffffe][0xffffffcf][0xffffff83][0xffffffa2][0x4]~[0x6]G[0xf]8[0xffffff83][0xffffffa3][0xffffff9b][0xffffffa1][0xfffffff8][0xffffffc2][0xffffff80]cgpt[0xffffff99][0xffffff82]')[0x11]r[0x6][0xffffff87][\r]$C[0xffffff89][0xffffff80]38$[0xffffff9c][0xffffffd5][0xffffff94][0x8]>[0xffffff83][0xffffffc3][0xffffff95]'K[0xffffff89][0xffffffbc]38\[0xffffffb5]r[0xffffff94]H9[0xffffff83]C[0xffffff8b]w[0xffffff83][0x12]f8[0xffffffbb][0xffffffb7]k`[0xffffff94][0xffffffc0][0xffffff87][0xffffffb3]{[0xffffffc0]pv7[0xffffffeb][0xffffffae][0xffffff85][0x1][0xffffffc7][0xffffff86][0xffffffb3][0xffffffbb][0xffffffec][0xffffffb7][0xffffff92][0xffffff94][0x8][0x19][0xffffffce][0xffffffb6][0xffffff81]d([0x11]0[0xffffff9c]-[0xffffffe1][0xffffffac][0xffffffa6]D[0xfffffff0]p[0xffffffb6]+O[0xffffff96][0x12]y[0xffffffc3][0xffffffd9][0xffffffae]Z9J[0xffffffa4][0xc]gk[0xfffffff1]nP[0xffffffc2][0xffffffac]][0xfffffff6][0xfffffff6][0xffffffbc][0xffffffb0][0x1f]8[0xfffffff0][0xffffffb5][0xffffffcb][0x1e][0xffffffb0]v[0xffffffd9][0xffffffcd]$[a[0xffffffc0][0xffffffb1][0xffffffb5][0xffffffcb].[0xffffffa3]k$%B[0xffffffd6].m [0x19]J[0x4][0xffffffac]]J8[0xffffffab])[0x11][0xffffffbc]v[0xffffffe9][0xffffffca][0xffffff93][0xffffffa5]D[0xffffffde][0xffffffda][0xffffffa5][0xffffffab]V[0xffffff8e][0x12])k[0xffffff97]Z[0xffffffbc][0x1b][0xffffff94]8[0xc]%[0xfffffffa][0xffffffc0]N[0x6][0xfffffffd][0xffffffbc][0x1f][0xffffff98][0x12]G[0x0]%[0xe][0xffffffcd]{a[0xffffffc0][0xf][0xffffff8c][0x12]G[0x12]%4[0xffffff8a][0xc]%\ [0x19]Jh,[0xffffffeb])[0xffffffb1][0xffffff86][0xffffffb3][0xffffff9a][0x12]kD[0xffffff93](a[0xffffffca][0xffffff93][0xffffffa5][0xffffff84][0xffffffed]R[0xffffff96][0x12][0xffffffa6]Z9JH[0xffffffd3]R[0xffffff94][0xffffff90][0xffffffe2][0xffffffdd][0xffffffa0][0xffffff84]Y[0xffffffbb][0xffffffec]}[0xffffffde][0xffffff9d][0xffffffa2][0x4][0xffffffbe]v[0xffffffd9][0x3][0xffffffd6].[0xffffffbb][0xffffff99]d+[0xc]8[0xffffffb6]v[0xffffffd9]et[0xffffff8d][0xffffffa4]D[0xffffffc8][0xffffffda][0xffffffa5][\r]$C[0xffffff89][0xffffff80][0xffffffb5]K[0x9]g5%[0xffffff82][0xffffffd7].]y[0xffffffb2][0xffffff94][0xffffffc8][[0xffffffbb]t[0xffffffd5][0xffffffca]Q"e[0xffffffed]R[0xffffff8b]w[0xffffff83][0x12]n[0xffffffa2]j[0xffffffbc][0xffffff9e][0x17]E[0x9]|[0xffffffa2][0xffffffaa][0x7]LTu[0xffffffb3][0xffffffa3]R[0x18]pl[0xffffffa2][0xffffffaa][0xffffffcb]R[\n]"
01:51:24.966 [main] DEBUG org.apache.hc.client5.http.wire -- http-outgoing-1 << "I[0xffffff89][0xffffff90][0xffffff89]*[0x1b]H[0xffffff86][0x12][0x1][0x13]U[0x12][0xffffffce]jJ[0x4]OT[0xffffffb9][0xfffffff2]d)[0xffffff91]7Q[0xffffffe5][0xffffffaa][0xffffff95][0xffffffa3]D[0xffffffca]D[0xffffff95][0x16][0xffffffef][0x6]%[0xffffffdc]D[0xffffffd5][0xffffff98][0xffffffcf]IQ[0x2][0xffffff9f][0xffffffa8][0xffffffea][0x1][0x13]U[0xffffffdd][0xffffffec][0xffffffa8][0x14][0x6][0x1c][0xffffff9b][0xffffffa8][0xffffffea][0xffffffb2][0xffffff94]BR"d[0xffffffa2][0xffffffca][0x6][0xffffff92][0xffffffa1]D[0xffffffc0]D[0xffffff95][0xffffff84][0xffffffb3][0xffffff9a][0x12][0xffffffc1][0x13]U[0xffffffae]<YJ[0xffffffe4]MT[0xffffffb9]j[0xffffffe5]([0xffffff91]2Q[0xffffffa5][0xffffffc5][0xfffffffb][0xfffffff7][0xffffff94][0x18]n[0xffffffa2]j[0x1c]W[0xffffff83](1[0xfffffff0][0xffffff89][0xffffffaa][0x11]0Q5[0xffffffcc][0xffffff8e]J][0xffffffc0][0x7]6Q5d)[0x5][0xffffffa4][0xffffff84][0xffffff89]"B[0x9][0x1b]H[0xffffff84][0x12]&[0xffffff96][0xffffffe5][0xffffff94][0xffffff90]p[0x16]SB"[0x1a]D[0x9]W[0xffffff9e](%|[0xffffff97][0xffffffa2][0xffffff94]p[0xffffffd5][0xffffff8a]QB[0xffffff9b][0x16][0xffffffa2][0xffffff84][0x16][0xffffffef][0x6]%[0xffffffdc]D[0xffffffd5]8[0x7][0xfffffff5][0x3][0xffffffc7][0xffffffc0]'[0xffffffaa]F[0xffffffc0]D[0xffffffd5]0;*[0xffffff85][0x1][0xffffffc7]&[0xffffffaa][0xffffff86],[0xffffffa5][0xffffff90][0xffffff94][0x8][0xffffff99][0xffffffa8][0xffffffb2][0xffffff81]d([0x11]0Q%[0xffffffe1][0xffffffac][0xffffffa6]D[0xfffffff0]D[0xffffff95]+O[0xffffff96][0x12]y[0x13]U[0xffffffae]Z9J[0xffffffa4]LTi[0xfffffff1]nP[0xffffffc2]MT[0xffffff8d][0xfffffff3][0xffffffa2]>[0x6][0x1d][0xfffffff8]D[0xffffffd5][0x8][0xffffff98][0xffffffa8][0x1a]fG[0xffffffa5]0[0xffffffe0][0xffffffd8]D[0xffffffd5][0xffffff90][0xffffffa5][0x14][0xffffff92][0x12]![0x13]U6[0xffffff90][0xc]%[0x2]&[0xffffffaa]$[0xffffff9c][0xffffffd5][0xffffff94][0x8][0xffffff9e][0xffffffa8]r[0xffffffe5][0xffffffc9]R"o[0xffffffa2][0xffffffca]U+G[0xffffff89][0xffffff94][0xffffff89]*-[0xffffffde][\r]J[0xffffffb8][0xffffff89][0xffffffaa]q[\r][0xffffffea]][0xffffff89][0xffffff81]OT[0xffffff8d][0xffffff80][0xffffff89][0xffffffaa]avT[\n]"
01:51:24.968 [main] DEBUG org.apache.hc.client5.http.wire -- http-outgoing-1 << "[0x3][0xffffff8e]MT[\r]YJ!)[0x11]2Qe[0x3][0xffffffc9]P"`[0xffffffa2]J[0xffffffc2]YM[0xffffff89][0xffffffe0][0xffffff89]*W[0xffffff9e],%[0xfffffff2]&[0xffffffaa]\[0xffffffb5]r[0xffffff94]H[0xffffff99][0xffffffa8][0xffffffd2][0xffffffe2][0xffffffdd][0xffffffa0][0xffffff84][0xffffff9b][0xffffffa8][0x1a][0xfffffff7][0xffffff81][0xfffffffd][0xffffffc0][0xffffff81]OT[0xffffff8d][0xffffff80][0xffffff89][0xffffffaa]avT[\n]"
01:51:24.969 [main] DEBUG org.apache.hc.client5.http.wire -- http-outgoing-1 << "[0x3][0xffffff8e]MT[\r]YJ!)[0x11]2Qe[0x3][0xffffffc9]P"`[0xffffffa2]J[0xffffffc2]YM[0xffffff89][0xffffffe0][0xffffff89]*W[0xffffff9e],%[0xfffffff2]&[0xffffffaa]\[0xffffffb5]r[0xffffff94]H[0xffffff99][0xffffffa8][0xffffffd2][0xffffffe2][0xffffffdd][0xffffffa0][0xffffffc4]a([0xfffffff1][0xfffffff1][0x1f][0xffffffec][0xffffffa9][0xffffffc4][0xffffff81]S[0xffffffe2][0x8][0xffffffa0][0xffffffc4][0xffffffa1]y/[0xc][0xfffffff8][0xffffff81]Q[0xffffffe2]H[0xffffffa2][0xffffff84]F[0xffffff91][0xffffffa1][0xffffff84][0xb]$C[0x9][0xffffff8d]e=%[0xffffffd6]pVSb[0xffffff8d]h[0x12]%Ly[0xffffffb2][0xffffff94][0xffffffb0]][0xffffffca]R[0xffffffc2]T+G[0x9]iZ[0xffffff8a][0x12]R[0xffffffbc][0x1b][0xffffff94]p[0x13]UsN[0xffffffec][0xb][0xe]|[0xffffffa2]j[0x4]LT[\r][0xffffffb3][0xffffffa3]R[0x18]pl[0xffffffa2]j[0xffffffc8]R[\n]"
01:51:24.970 [main] DEBUG org.apache.hc.client5.http.wire -- http-outgoing-1 << "I[0xffffff89][0xffffff90][0xffffff89]*[0x1b]H[0xffffff86][0x12][0x1][0x13]U[0x12][0xffffffce]jJ[0x4]OT[0xffffffb9][0xfffffff2]d)[0xffffff91]7Q[0xffffffe5][0xffffffaa][0xffffff95][0xffffffa3]D[0xffffffca]D[0xffffff95][0x16][0xffffffef][0x6]%.G[0xffffff89][0xffffffa7]M[0xffffff8a][0x12][0x17]N[0xffffff89]+[0xffffff80][0x12][0xffffff97][0xffffffe6][0xffffffbd]0[0xffffffe0][0x17]F[0xffffff89]+[0xffffff89][0x12][0x1a]E[0xffffff86][0x12].[0xffffff90][0xc]%4[0xffffff96][0xfffffff5][0xffffff94]X[0xffffffc3]YM[0xffffff89]5[0xffffffa2]I[0xffffff94]0[0xffffffe5][0xffffffc9]R[0xffffffc2]v)K[0x9]S[0xffffffad][0x1c]%[0xffffffa4]i)JH[0xfffffff1]nP[0xffffffc2][0xffffffad]][0x1e][0xffffffed][0xffffff85]Q[0x2]_[0xffffffbb][0x1c][0x1]k[0xffffff97][0xffffffc3]L[0xffffffb2][0x15][0x6][0x1c][[0xffffffbb][0x1c]2[0xffffffba]FR"d[0xffffffed][0xffffffd2][0x6][0xffffff92][0xffffffa1]D[0xffffffc0][0xffffffda][0xffffffa5][0xffffff84][0xffffffb3][0xffffff9a][0x12][0xffffffc1]k[0xffffff97][0xffffffae]<YJ[0xffffffe4][0xffffffad]][0xffffffba]j[0xffffffe5]([0xffffff91][0xffffffb2]v[0xffffffa9][0xffffffc5][0xffffffbb]A[0x9][0xffffffb7]vy[0x1c]/[0xffffffec]][0x9]|[0xffffffed]r[0x4][0xffffffac]][0xe]3[0xffffffc9]V[0x18]pl[0xffffffed]r[0xffffffc8][0xffffffe8][0x1a]I[0xffffff89][0xffffff90][0xffffffb5]K[0x1b]H[0xffffff86][0x12][0x1]k[0xffffff97][0x12][0xffffffce]jJ[0x4][0xffffffaf]][0xffffffba][0xfffffff2]d)[0xffffff91][0xffffffb7]v[0xffffffe9][0xffffffaa][0xffffff95][0xffffffa3]D[0xffffffca][0xffffffda][0xffffffa5][0x16][0xffffffef][0xffffffdf]Sb[0xffffffba][0xffffffb5][0xffffffcb][0xffffffe3]|n[0xffffff88][0x12][0x13]_[0xffffffbb][0xffffff9c][0x1]k[0xffffff97][0xffffffd3]L[0xffffffb2][0xffffffd5][0x5]|bk[0xffffff97]SF[0xffffffd7]@J[0xffffff98]("[0xffffff94][0xffffffb0][0xffffff81]D(abYN[0x9][0x9]g1%$[0xffffffa2]A[0xffffff94]p[0xffffffe5][0xffffff89]R[0xffffffc2]w)J[0x9]W[0xffffffad][0x18]%[0xffffffb4]i!Jh[0xfffffff1]nP[0xffffffa2][0xfffffffd]O[0x17]J[0xffffff9c][0xffffffaf][0xffffff93]:d[0xfffffffc][0xfffffff3]~`J|[0xffffffde][0x1]M[0xffffff89][0xffffffff][0xffffffdc][0x3]C[0xffffff89][0xffffffcf][0xffffffab]3[0xffffff94][0xfffffff8]y[0xffffffe5][0xc]Jh[0x14][0x19]J[0xffffffb8]@2[0xffffff94][0xffffffd0]X[0xffffffd6]Sb[\r]g5%[0xffffffd6][0xffffff88]&Q[0xffffffc2][0xffffff94]'K[0x9][0xffffffdb][0xffffffa5],%L[0xffffffb5]r[0xffffff94][0xffffff90][0xffffffa6][0xffffffa5](![0xffffffc5][0xffffffbb]A[0x9][0xffffffb7]vy[0xfffffff6][0xffffff9b][0xfffffffa][0xffffff82]c[0xffffffe2]k[0xffffff97]3`[0xffffffed]r[0xffffff9a]I[0xffffffb6][0xffffffc2][0xffffff80]ck[0xffffff97]SF[0xffffffd7]HJ[0xffffff84][0xffffffac]][0xffffffda]@2[0xffffff94][0x8]X[0xffffffbb][0xffffff94]pVS"x[0xffffffed][0xffffffd2][0xffffff95]'K[0xffffff89][0xffffffbc][0xffffffb5]KW[0xffffffad][0x1c]%R[0xffffffd6].[0xffffffb5]x7([0xffffffe1][0xffffffd6].[0xffffffcf][0xfffffff3][0xffffffc0][0xffffff9e]J[0xffffffe0]k[0xffffff97]3`[0xffffffed]r[0xffffff9a]I[0xffffffb6][0xffffffc2][0xffffff80]ck[0xffffff97]SF[0xffffffd7]HJ[0xffffff84][0xffffffac]][0xffffffda]@2[0xffffff94][0x8]X[0xffffffbb][0xffffff94]pVS"x[0xffffffed][0xffffffd2][0xffffff95]'K[0xffffff89][0xffffffbc][0xffffffb5]KW[0xffffffad][0x1c]%R[0xffffffd6].[0xffffffb5]x7([0xffffffe1][0xffffffd6].[0xffffffcf]kPgpL|[0xffffffed]r[0x6][0xffffffac]]N3[0xffffffc9]V[0x18]pl[0xffffffed]r[0xffffffca][0xffffffe8][0x1a]I[0xffffff89][0xffffff90][0xffffffb5]K[0x1b]H[0xffffff86][0x12][0x1]k[0xffffff97][0x12][0xffffffce]jJ[0x4][0xffffffaf]][0xffffffba][0xfffffff2]d)[0xffffff91][0xffffffb7]v[0xffffffe9][0xffffffaa][0xffffff95][0xffffffa3]D[0xffffffca][0xffffffda][0xffffffa5][0x16][0xffffffef][0x6]%[0xe]K[0xffffff89]{R[0xffffff94]8pJ[0x1c][0x1][0xffffff94]84[0xffffffef][0xffffff85][0x1]?0J[0x1c]I[0xffffff94][0xffffffd0](2[0xffffff94]p[0xffffff81]d([0xffffffa1][0xffffffb1][0xffffffac][0xffffffa7][0xffffffc4][0x1a][0xffffffce]jJ[0xffffffac][0x11]M[0xffffffa2][0xffffff84])O[0xffffff96][0x12][0xffffffb6]KYJ[0xffffff98]j[0xffffffe5](!MKQB[0xffffff8a]w[0xffffff83][0x12]n[0xffffffed][0xfffffff2][0xffffffbc][0xffffffbf][0xfffffffe]}![0xffffff94][0xffffffc0][0xffffffd7].g[0xffffffc0][0xffffffda][0xffffffe5]4[0xffffff93]l[0xffffff85][0x1][0xffffffc7][0xffffffd6].[0xffffffa7][0xffffff8c][0xffffffae][0xffffff91][0xffffff94][0x8]Y[0xffffffbb][0xffffffb4][0xffffff81]d([0x11][0xffffffb0]v)[0xffffffe1][0xffffffac][0xffffffa6]D[0xfffffff0][0xffffffda][0xffffffa5]+O[0xffffff96][0x12]yk[0xffffff97][0xffffffae]Z9J[0xffffffa4][0xffffffac]]j[0xfffffff1]nP[0xffffffc2][0xffffffad]][0xffffff9e][0xffffffcf][0xb][0xffffffa3][0x4][0xffffffbe]v9[0x3][0xffffffd6].[0xffffffa7][0xffffff99]d+[0xc]8[0xffffffb6]v9et[0xffffff8d][0xffffffa4]D[0xffffffc8][0xffffffda][0xffffffa5][\r]$C[0xffffff89][0xffffff80][0xffffffb5]K[0x9]g5%[0xffffff82][0xffffffd7].]y[0xffffffb2][0xffffff94][0xffffffc8][[0xffffffbb]t[0xffffffd5][0xffffffca]Q"e[0xffffffed]R[0xffffff8b]w[0xffffff83][0x12]n[0xffffffed][0xfffffff2]z[0xffffffdd][0xffffffd8][0xffffffae][0x4][0xffffffbe]v9[0x3][0xffffffd6].[0xffffffa7][0xffffff99]d+[0xc]8[0xffffffb6]v9et[0xffffff8d][0xffffffa4]D[0xffffffc8][0xffffffda][0xffffffa5][\r]$C[0xffffff89][0xffffff80][0xffffffb5]K[0x9]g5%[0xffffff82][0xffffffd7].]y[0xffffffb2][0xffffff94][0xffffffc8][[0xffffffbb]t[0xffffffd5][0xffffffca]Q"e[0xffffffed]R[0xffffff8b][0xfffffff7][0xffffff8f][0xffffff94][0xfffffff8][0xffffffdf][0xffffffff][0xfffffffb][0x7f][0xffffffff][0x1f][0xffffffa4][0xfffffffb]:[0xfffffffd]S[0xb]'[0x0]"
01:51:25.265 [main] DEBUG org.apache.hc.client5.http.impl.classic.InternalHttpClient -- ep-0000000002 releasing valid endpoint
01:51:25.265 [main] DEBUG org.apache.hc.client5.http.impl.io.PoolingHttpClientConnectionManager -- ep-0000000002 releasing endpoint
01:51:25.266 [main] DEBUG org.apache.hc.client5.http.impl.io.PoolingHttpClientConnectionManager -- ep-0000000002 connection http-outgoing-1 can be kept alive for 3 MINUTES
01:51:25.269 [main] DEBUG org.apache.hc.client5.http.impl.io.PoolingHttpClientConnectionManager -- ep-0000000002 connection released [route: {s}->https://googlechromelabs.github.io:443][total available: 2; route allocated: 1 of 5; total allocated: 2 of 25]
01:51:25.272 [main] INFO io.github.bonigarcia.wdm.WebDriverManager -- Using chromedriver 133.0.6943.141 (resolved driver for Chrome 133)
01:51:25.278 [main] DEBUG io.github.bonigarcia.wdm.cache.ResolutionCache -- Storing resolution chrome=133 in cache (valid until 02:51:25 05/03/2025 IST)
01:51:25.280 [main] DEBUG io.github.bonigarcia.wdm.cache.ResolutionCache -- Storing resolution chrome133=133.0.6943.141 in cache (valid until 01:51:25 06/03/2025 IST)
01:51:25.327 [main] DEBUG io.github.bonigarcia.wdm.WebDriverManager -- Driver chromedriver 133.0.6943.141 found in cache
01:51:25.329 [main] INFO io.github.bonigarcia.wdm.WebDriverManager -- Exporting webdriver.chrome.driver as C:\Users\Dell\.cache\selenium\chromedriver\win64\133.0.6943.141\chromedriver.exe
Browser setup completed.
]]></system-out>
    <system-err><![CDATA[Mar 05, 2025 1:51:27 AM org.openqa.selenium.devtools.CdpVersionFinder findNearestMatch
WARNING: Unable to find CDP implementation matching 133
Mar 05, 2025 1:51:27 AM org.openqa.selenium.chromium.ChromiumDriver lambda$new$5
WARNING: Unable to find version of CDP to use for 133.0.6943.142. You may need to include a dependency on a specific version of the CDP using something similar to `org.seleniumhq.selenium:selenium-devtools-v86:4.14.1` where the version ("v86") matches the version of the chromium-based browser you're using and the version number of the artifact is the same as Selenium's.
]]></system-err>
  </testcase>
  <testcase name="testUserLogin[wronguser@example.com, wrongpass, User not found. Please register.&#10;OK](2)" classname="com.fraud.test.UserModuleTesting" time="0.75">
    <system-out><![CDATA[POSITIVE: All tests passed successfully!
]]></system-out>
  </testcase>
</testsuite>