<?xml version="1.0" encoding="UTF-8"?>
<!-- Generated by org.testng.reporters.JUnitReportReporter -->
<testsuite hostname="DESKTOP-U2CD0F9" failures="0" tests="2" name="com.fraud.test.UserModuleTesting" time="5.036" errors="0" timestamp="2025-03-05T11:03:05 IST" skipped="0">
  <testcase classname="com.fraud.test.UserModuleTesting" name="testUserLogin" time="4.288"/>
  <system-out/>
  <testcase classname="com.fraud.test.UserModuleTesting" name="testUserLogin" time="0.748"/>
  <system-out/>
</testsuite> <!-- com.fraud.test.UserModuleTesting -->
